[0.032s] Invoking command in 'src/controller_2023_a': AMENT_PREFIX_PATH=/home/ubuntu/git/daniel_ws/2023_controller_a/install/drobo_interfaces:${AMENT_PREFIX_PATH} CMAKE_PREFIX_PATH=/home/ubuntu/git/daniel_ws/2023_controller_a/install/drobo_interfaces LD_LIBRARY_PATH=/home/ubuntu/git/daniel_ws/2023_controller_a/install/drobo_interfaces/lib:${LD_LIBRARY_PATH} PYTHONPATH=/home/ubuntu/git/daniel_ws/2023_controller_a/install/drobo_interfaces/local/lib/python3.10/dist-packages:${PYTHONPATH} /home/ubuntu/.cargo/bin/cargo ament-build --install-base /home/ubuntu/git/daniel_ws/2023_controller_a/install/controller_2023_a -- --manifest-path /home/ubuntu/git/daniel_ws/2023_controller_a/src/controller_2023_a/Cargo.toml --target-dir /home/ubuntu/git/daniel_ws/2023_controller_a/build/controller_2023_a --quiet --release
[6.416s] [0m[1m[33mwarning[0m[0m[1m: unused imports: `RecvResult`, `pr_fatal`, `service::client::Client`[0m
[6.416s] [0m  [0m[0m[1m[38;5;12m--> [0m[0msrc/main.rs:10:5[0m
[6.417s] [0m   [0m[0m[1m[38;5;12m|[0m
[6.417s] [0m[1m[38;5;12m10[0m[0m [0m[0m[1m[38;5;12m|[0m[0m [0m[0m    pr_fatal, pr_info,[0m
[6.417s] [0m   [0m[0m[1m[38;5;12m| [0m[0m    [0m[0m[1m[33m^^^^^^^^[0m
[6.417s] [0m[1m[38;5;12m11[0m[0m [0m[0m[1m[38;5;12m|[0m[0m [0m[0m    selector::Selector,[0m
[6.418s] [0m[1m[38;5;12m12[0m[0m [0m[0m[1m[38;5;12m|[0m[0m [0m[0m    service::client::Client,[0m
[6.418s] [0m   [0m[0m[1m[38;5;12m| [0m[0m    [0m[0m[1m[33m^^^^^^^^^^^^^^^^^^^^^^^[0m
[6.418s] [0m[1m[38;5;12m13[0m[0m [0m[0m[1m[38;5;12m|[0m[0m [0m[0m    topic::{publisher::Publisher, subscriber::Subscriber},[0m
[6.418s] [0m[1m[38;5;12m14[0m[0m [0m[0m[1m[38;5;12m|[0m[0m [0m[0m    RecvResult,[0m
[6.419s] [0m   [0m[0m[1m[38;5;12m| [0m[0m    [0m[0m[1m[33m^^^^^^^^^^[0m
[6.419s] [0m   [0m[0m[1m[38;5;12m|[0m
[6.419s] [0m   [0m[0m[1m[38;5;12m= [0m[0m[1mnote[0m[0m: `#[warn(unused_imports)]` on by default[0m
[6.420s] 
[6.420s] [0m[1m[33mwarning[0m[0m[1m: unused import: `time::Duration`[0m
[6.420s] [0m  [0m[0m[1m[38;5;12m--> [0m[0msrc/main.rs:16:19[0m
[6.420s] [0m   [0m[0m[1m[38;5;12m|[0m
[6.421s] [0m[1m[38;5;12m16[0m[0m [0m[0m[1m[38;5;12m|[0m[0m [0m[0muse std::{rc::Rc, time::Duration};[0m
[6.421s] [0m   [0m[0m[1m[38;5;12m| [0m[0m                  [0m[0m[1m[33m^^^^^^^^^^^^^^[0m
[6.421s] 
[6.427s] [0m[1m[33mwarning[0m[0m[1m: unused variable: `logger2`[0m
[6.427s] [0m  [0m[0m[1m[38;5;12m--> [0m[0msrc/main.rs:77:9[0m
[6.427s] [0m   [0m[0m[1m[38;5;12m|[0m
[6.427s] [0m[1m[38;5;12m77[0m[0m [0m[0m[1m[38;5;12m|[0m[0m [0m[0m    let logger2 = logger.clone();[0m
[6.428s] [0m   [0m[0m[1m[38;5;12m| [0m[0m        [0m[0m[1m[33m^^^^^^^[0m[0m [0m[0m[1m[33mhelp: if this is intentional, prefix it with an underscore: `_logger2`[0m
[6.428s] [0m   [0m[0m[1m[38;5;12m|[0m
[6.428s] [0m   [0m[0m[1m[38;5;12m= [0m[0m[1mnote[0m[0m: `#[warn(unused_variables)]` on by default[0m
[6.428s] 
[6.428s] [0m[1m[33mwarning[0m[0m[1m: unused variable: `support_wheel_prioritize`[0m
[6.428s] [0m  [0m[0m[1m[38;5;12m--> [0m[0msrc/main.rs:80:13[0m
[6.428s] [0m   [0m[0m[1m[38;5;12m|[0m
[6.428s] [0m[1m[38;5;12m80[0m[0m [0m[0m[1m[38;5;12m|[0m[0m [0m[0m    let mut support_wheel_prioritize = 0; // 1: å‰, -1: å¾Œã‚[0m
[6.429s] [0m   [0m[0m[1m[38;5;12m| [0m[0m            [0m[0m[1m[33m^^^^^^^^^^^^^^^^^^^^^^^^[0m[0m [0m[0m[1m[33mhelp: if this is intentional, prefix it with an underscore: `_support_wheel_prioritize`[0m
[6.429s] 
[6.429s] [0m[1m[33mwarning[0m[0m[1m: unused variable: `selector_client`[0m
[6.429s] [0m  [0m[0m[1m[38;5;12m--> [0m[0msrc/main.rs:67:9[0m
[6.429s] [0m   [0m[0m[1m[38;5;12m|[0m
[6.429s] [0m[1m[38;5;12m67[0m[0m [0m[0m[1m[38;5;12m|[0m[0m [0m[0m    mut selector_client: Selector,[0m
[6.430s] [0m   [0m[0m[1m[38;5;12m| [0m[0m        [0m[0m[1m[33m^^^^^^^^^^^^^^^[0m[0m [0m[0m[1m[33mhelp: if this is intentional, prefix it with an underscore: `_selector_client`[0m
[6.430s] 
[6.430s] [0m[1m[33mwarning[0m[0m[1m: unused variable: `demeter_publisher`[0m
[6.430s] [0m  [0m[0m[1m[38;5;12m--> [0m[0msrc/main.rs:69:5[0m
[6.430s] [0m   [0m[0m[1m[38;5;12m|[0m
[6.430s] [0m[1m[38;5;12m69[0m[0m [0m[0m[1m[38;5;12m|[0m[0m [0m[0m    demeter_publisher: Publisher<std_msgs::msg::Int8>,[0m
[6.430s] [0m   [0m[0m[1m[38;5;12m| [0m[0m    [0m[0m[1m[33m^^^^^^^^^^^^^^^^^[0m[0m [0m[0m[1m[33mhelp: if this is intentional, prefix it with an underscore: `_demeter_publisher`[0m
[6.430s] 
[6.430s] [0m[1m[33mwarning[0m[0m[1m: unused variable: `support_wheel_publisher`[0m
[6.431s] [0m  [0m[0m[1m[38;5;12m--> [0m[0msrc/main.rs:70:5[0m
[6.431s] [0m   [0m[0m[1m[38;5;12m|[0m
[6.431s] [0m[1m[38;5;12m70[0m[0m [0m[0m[1m[38;5;12m|[0m[0m [0m[0m    support_wheel_publisher: Publisher<std_msgs::msg::Int32>,[0m
[6.431s] [0m   [0m[0m[1m[38;5;12m| [0m[0m    [0m[0m[1m[33m^^^^^^^^^^^^^^^^^^^^^^^[0m[0m [0m[0m[1m[33mhelp: if this is intentional, prefix it with an underscore: `_support_wheel_publisher`[0m
[6.431s] 
[6.432s] [0m[1m[33mwarning[0m[0m[1m: variable does not need to be mutable[0m
[6.432s] [0m  [0m[0m[1m[38;5;12m--> [0m[0msrc/main.rs:67:5[0m
[6.432s] [0m   [0m[0m[1m[38;5;12m|[0m
[6.432s] [0m[1m[38;5;12m67[0m[0m [0m[0m[1m[38;5;12m|[0m[0m [0m[0m    mut selector_client: Selector,[0m
[6.432s] [0m   [0m[0m[1m[38;5;12m| [0m[0m    [0m[0m[1m[38;5;12m----[0m[0m[1m[33m^^^^^^^^^^^^^^^[0m
[6.432s] [0m   [0m[0m[1m[38;5;12m| [0m[0m    [0m[0m[1m[38;5;12m|[0m
[6.433s] [0m   [0m[0m[1m[38;5;12m| [0m[0m    [0m[0m[1m[38;5;12mhelp: remove this `mut`[0m
[6.433s] [0m   [0m[0m[1m[38;5;12m|[0m
[6.433s] [0m   [0m[0m[1m[38;5;12m= [0m[0m[1mnote[0m[0m: `#[warn(unused_mut)]` on by default[0m
[6.433s] 
[6.433s] [0m[1m[33mwarning[0m[0m[1m: variable does not need to be mutable[0m
[6.433s] [0m  [0m[0m[1m[38;5;12m--> [0m[0msrc/main.rs:80:9[0m
[6.433s] [0m   [0m[0m[1m[38;5;12m|[0m
[6.434s] [0m[1m[38;5;12m80[0m[0m [0m[0m[1m[38;5;12m|[0m[0m [0m[0m    let mut support_wheel_prioritize = 0; // 1: å‰, -1: å¾Œã‚[0m
[6.434s] [0m   [0m[0m[1m[38;5;12m| [0m[0m        [0m[0m[1m[38;5;12m----[0m[0m[1m[33m^^^^^^^^^^^^^^^^^^^^^^^^[0m
[6.434s] [0m   [0m[0m[1m[38;5;12m| [0m[0m        [0m[0m[1m[38;5;12m|[0m
[6.434s] [0m   [0m[0m[1m[38;5;12m| [0m[0m        [0m[0m[1m[38;5;12mhelp: remove this `mut`[0m
[6.434s] 
[6.434s] [0m[1m[33mwarning[0m[0m[1m: multiple methods are never used[0m
[6.434s] [0m  [0m[0m[1m[38;5;12m--> [0m[0msrc/p9n_interface.rs:25:12[0m
[6.434s] [0m   [0m[0m[1m[38;5;12m|[0m
[6.434s] [0m[1m[38;5;12m9[0m[0m  [0m[0m[1m[38;5;12m|[0m[0m [0m[0mimpl PlaystationInterface {[0m
[6.435s] [0m   [0m[0m[1m[38;5;12m| [0m[0m[1m[38;5;12m-------------------------[0m[0m [0m[0m[1m[38;5;12mmethods in this implementation[0m
[6.435s] [0m[1m[38;5;12m...[0m
[6.435s] [0m[1m[38;5;12m25[0m[0m [0m[0m[1m[38;5;12m|[0m[0m [0m[0m    pub fn pressed_l2(&self) -> bool {[0m
[6.435s] [0m   [0m[0m[1m[38;5;12m| [0m[0m           [0m[0m[1m[33m^^^^^^^^^^[0m
[6.435s] [0m[1m[38;5;12m...[0m
[6.435s] [0m[1m[38;5;12m28[0m[0m [0m[0m[1m[38;5;12m|[0m[0m [0m[0m    pub fn pressed_r2(&self) -> bool {[0m
[6.435s] [0m   [0m[0m[1m[38;5;12m| [0m[0m           [0m[0m[1m[33m^^^^^^^^^^[0m
[6.435s] [0m[1m[38;5;12m...[0m
[6.436s] [0m[1m[38;5;12m31[0m[0m [0m[0m[1m[38;5;12m|[0m[0m [0m[0m    pub fn pressed_dpad_left(&self) -> bool {[0m
[6.436s] [0m   [0m[0m[1m[38;5;12m| [0m[0m           [0m[0m[1m[33m^^^^^^^^^^^^^^^^^[0m
[6.436s] [0m[1m[38;5;12m...[0m
[6.436s] [0m[1m[38;5;12m34[0m[0m [0m[0m[1m[38;5;12m|[0m[0m [0m[0m    pub fn pressed_dpad_up(&self) -> bool {[0m
[6.436s] [0m   [0m[0m[1m[38;5;12m| [0m[0m           [0m[0m[1m[33m^^^^^^^^^^^^^^^[0m
[6.436s] [0m[1m[38;5;12m...[0m
[6.436s] [0m[1m[38;5;12m37[0m[0m [0m[0m[1m[38;5;12m|[0m[0m [0m[0m    pub fn pressed_dpad_right(&self) -> bool {[0m
[6.436s] [0m   [0m[0m[1m[38;5;12m| [0m[0m           [0m[0m[1m[33m^^^^^^^^^^^^^^^^^^[0m
[6.436s] [0m[1m[38;5;12m...[0m
[6.437s] [0m[1m[38;5;12m40[0m[0m [0m[0m[1m[38;5;12m|[0m[0m [0m[0m    pub fn pressed_l2_analog(&self) -> f32 {[0m
[6.437s] [0m   [0m[0m[1m[38;5;12m| [0m[0m           [0m[0m[1m[33m^^^^^^^^^^^^^^^^^[0m
[6.437s] [0m[1m[38;5;12m...[0m
[6.437s] [0m[1m[38;5;12m43[0m[0m [0m[0m[1m[38;5;12m|[0m[0m [0m[0m    pub fn pressed_r2_analog(&self) -> f32 {[0m
[6.437s] [0m   [0m[0m[1m[38;5;12m| [0m[0m           [0m[0m[1m[33m^^^^^^^^^^^^^^^^^[0m
[6.437s] [0m   [0m[0m[1m[38;5;12m|[0m
[6.437s] [0m   [0m[0m[1m[38;5;12m= [0m[0m[1mnote[0m[0m: `#[warn(dead_code)]` on by default[0m
[6.437s] 
[6.438s] [0m[1m[33mwarning[0m[0m[1m: constant `STICK_LX` is never used[0m
[6.438s] [0m [0m[0m[1m[38;5;12m--> [0m[0msrc/ps5_dualsense.rs:3:15[0m
[6.438s] [0m  [0m[0m[1m[38;5;12m|[0m
[6.438s] [0m[1m[38;5;12m3[0m[0m [0m[0m[1m[38;5;12m|[0m[0m [0m[0m    pub const STICK_LX: usize = 0;[0m
[6.438s] [0m  [0m[0m[1m[38;5;12m| [0m[0m              [0m[0m[1m[33m^^^^^^^^[0m
[6.438s] 
[6.438s] [0m[1m[33mwarning[0m[0m[1m: constant `STICK_LY` is never used[0m
[6.438s] [0m [0m[0m[1m[38;5;12m--> [0m[0msrc/ps5_dualsense.rs:4:15[0m
[6.438s] [0m  [0m[0m[1m[38;5;12m|[0m
[6.438s] [0m[1m[38;5;12m4[0m[0m [0m[0m[1m[38;5;12m|[0m[0m [0m[0m    pub const STICK_LY: usize = 1;[0m
[6.439s] [0m  [0m[0m[1m[38;5;12m| [0m[0m              [0m[0m[1m[33m^^^^^^^^[0m
[6.439s] 
[6.439s] [0m[1m[33mwarning[0m[0m[1m: constant `L2` is never used[0m
[6.439s] [0m [0m[0m[1m[38;5;12m--> [0m[0msrc/ps5_dualsense.rs:5:15[0m
[6.439s] [0m  [0m[0m[1m[38;5;12m|[0m
[6.439s] [0m[1m[38;5;12m5[0m[0m [0m[0m[1m[38;5;12m|[0m[0m [0m[0m    pub const L2: usize = 2;[0m
[6.439s] [0m  [0m[0m[1m[38;5;12m| [0m[0m              [0m[0m[1m[33m^^[0m
[6.439s] 
[6.439s] [0m[1m[33mwarning[0m[0m[1m: constant `STICK_RX` is never used[0m
[6.439s] [0m [0m[0m[1m[38;5;12m--> [0m[0msrc/ps5_dualsense.rs:6:15[0m
[6.439s] [0m  [0m[0m[1m[38;5;12m|[0m
[6.440s] [0m[1m[38;5;12m6[0m[0m [0m[0m[1m[38;5;12m|[0m[0m [0m[0m    pub const STICK_RX: usize = 3;[0m
[6.440s] [0m  [0m[0m[1m[38;5;12m| [0m[0m              [0m[0m[1m[33m^^^^^^^^[0m
[6.440s] 
[6.440s] [0m[1m[33mwarning[0m[0m[1m: constant `STICK_RY` is never used[0m
[6.440s] [0m [0m[0m[1m[38;5;12m--> [0m[0msrc/ps5_dualsense.rs:7:15[0m
[6.440s] [0m  [0m[0m[1m[38;5;12m|[0m
[6.440s] [0m[1m[38;5;12m7[0m[0m [0m[0m[1m[38;5;12m|[0m[0m [0m[0m    pub const STICK_RY: usize = 4;[0m
[6.440s] [0m  [0m[0m[1m[38;5;12m| [0m[0m              [0m[0m[1m[33m^^^^^^^^[0m
[6.440s] 
[6.440s] [0m[1m[33mwarning[0m[0m[1m: constant `R2` is never used[0m
[6.440s] [0m [0m[0m[1m[38;5;12m--> [0m[0msrc/ps5_dualsense.rs:8:15[0m
[6.441s] [0m  [0m[0m[1m[38;5;12m|[0m
[6.441s] [0m[1m[38;5;12m8[0m[0m [0m[0m[1m[38;5;12m|[0m[0m [0m[0m    pub const R2: usize = 5;[0m
[6.441s] [0m  [0m[0m[1m[38;5;12m| [0m[0m              [0m[0m[1m[33m^^[0m
[6.441s] 
[6.441s] [0m[1m[33mwarning[0m[0m[1m: constant `DPAD_X` is never used[0m
[6.441s] [0m [0m[0m[1m[38;5;12m--> [0m[0msrc/ps5_dualsense.rs:9:15[0m
[6.441s] [0m  [0m[0m[1m[38;5;12m|[0m
[6.441s] [0m[1m[38;5;12m9[0m[0m [0m[0m[1m[38;5;12m|[0m[0m [0m[0m    pub const DPAD_X: usize = 6;[0m
[6.441s] [0m  [0m[0m[1m[38;5;12m| [0m[0m              [0m[0m[1m[33m^^^^^^[0m
[6.441s] 
[6.441s] [0m[1m[33mwarning[0m[0m[1m: constant `DPAD_Y` is never used[0m
[6.441s] [0m  [0m[0m[1m[38;5;12m--> [0m[0msrc/ps5_dualsense.rs:10:15[0m
[6.442s] [0m   [0m[0m[1m[38;5;12m|[0m
[6.442s] [0m[1m[38;5;12m10[0m[0m [0m[0m[1m[38;5;12m|[0m[0m [0m[0m    pub const DPAD_Y: usize = 7;[0m
[6.442s] [0m   [0m[0m[1m[38;5;12m| [0m[0m              [0m[0m[1m[33m^^^^^^[0m
[6.442s] 
[6.442s] [0m[1m[33mwarning[0m[0m[1m: constant `CROSS` is never used[0m
[6.442s] [0m  [0m[0m[1m[38;5;12m--> [0m[0msrc/ps5_dualsense.rs:13:15[0m
[6.442s] [0m   [0m[0m[1m[38;5;12m|[0m
[6.442s] [0m[1m[38;5;12m13[0m[0m [0m[0m[1m[38;5;12m|[0m[0m [0m[0m    pub const CROSS: usize = 0;[0m
[6.442s] [0m   [0m[0m[1m[38;5;12m| [0m[0m              [0m[0m[1m[33m^^^^^[0m
[6.442s] 
[6.442s] [0m[1m[33mwarning[0m[0m[1m: constant `CIRCLE` is never used[0m
[6.443s] [0m  [0m[0m[1m[38;5;12m--> [0m[0msrc/ps5_dualsense.rs:14:15[0m
[6.443s] [0m   [0m[0m[1m[38;5;12m|[0m
[6.443s] [0m[1m[38;5;12m14[0m[0m [0m[0m[1m[38;5;12m|[0m[0m [0m[0m    pub const CIRCLE: usize = 1;[0m
[6.443s] [0m   [0m[0m[1m[38;5;12m| [0m[0m              [0m[0m[1m[33m^^^^^^[0m
[6.443s] 
[6.443s] [0m[1m[33mwarning[0m[0m[1m: constant `TRIANGLE` is never used[0m
[6.443s] [0m  [0m[0m[1m[38;5;12m--> [0m[0msrc/ps5_dualsense.rs:15:15[0m
[6.443s] [0m   [0m[0m[1m[38;5;12m|[0m
[6.443s] [0m[1m[38;5;12m15[0m[0m [0m[0m[1m[38;5;12m|[0m[0m [0m[0m    pub const TRIANGLE: usize = 2;[0m
[6.443s] [0m   [0m[0m[1m[38;5;12m| [0m[0m              [0m[0m[1m[33m^^^^^^^^[0m
[6.443s] 
[6.444s] [0m[1m[33mwarning[0m[0m[1m: constant `SQUARE` is never used[0m
[6.444s] [0m  [0m[0m[1m[38;5;12m--> [0m[0msrc/ps5_dualsense.rs:16:15[0m
[6.444s] [0m   [0m[0m[1m[38;5;12m|[0m
[6.444s] [0m[1m[38;5;12m16[0m[0m [0m[0m[1m[38;5;12m|[0m[0m [0m[0m    pub const SQUARE: usize = 3;[0m
[6.444s] [0m   [0m[0m[1m[38;5;12m| [0m[0m              [0m[0m[1m[33m^^^^^^[0m
[6.444s] 
[6.444s] [0m[1m[33mwarning[0m[0m[1m: constant `L2` is never used[0m
[6.444s] [0m  [0m[0m[1m[38;5;12m--> [0m[0msrc/ps5_dualsense.rs:19:15[0m
[6.444s] [0m   [0m[0m[1m[38;5;12m|[0m
[6.444s] [0m[1m[38;5;12m19[0m[0m [0m[0m[1m[38;5;12m|[0m[0m [0m[0m    pub const L2: usize = 6;[0m
[6.444s] [0m   [0m[0m[1m[38;5;12m| [0m[0m              [0m[0m[1m[33m^^[0m
[6.445s] 
[6.445s] [0m[1m[33mwarning[0m[0m[1m: constant `R2` is never used[0m
[6.445s] [0m  [0m[0m[1m[38;5;12m--> [0m[0msrc/ps5_dualsense.rs:20:15[0m
[6.445s] [0m   [0m[0m[1m[38;5;12m|[0m
[6.445s] [0m[1m[38;5;12m20[0m[0m [0m[0m[1m[38;5;12m|[0m[0m [0m[0m    pub const R2: usize = 7;[0m
[6.445s] [0m   [0m[0m[1m[38;5;12m| [0m[0m              [0m[0m[1m[33m^^[0m
[6.445s] 
[6.445s] [0m[1m[33mwarning[0m[0m[1m: constant `SELECT` is never used[0m
[6.445s] [0m  [0m[0m[1m[38;5;12m--> [0m[0msrc/ps5_dualsense.rs:21:15[0m
[6.445s] [0m   [0m[0m[1m[38;5;12m|[0m
[6.445s] [0m[1m[38;5;12m21[0m[0m [0m[0m[1m[38;5;12m|[0m[0m [0m[0m    pub const SELECT: usize = 8;[0m
[6.446s] [0m   [0m[0m[1m[38;5;12m| [0m[0m              [0m[0m[1m[33m^^^^^^[0m
[6.446s] 
[6.446s] [0m[1m[33mwarning[0m[0m[1m: constant `PS` is never used[0m
[6.446s] [0m  [0m[0m[1m[38;5;12m--> [0m[0msrc/ps5_dualsense.rs:23:15[0m
[6.446s] [0m   [0m[0m[1m[38;5;12m|[0m
[6.446s] [0m[1m[38;5;12m23[0m[0m [0m[0m[1m[38;5;12m|[0m[0m [0m[0m    pub const PS: usize = 10;[0m
[6.446s] [0m   [0m[0m[1m[38;5;12m| [0m[0m              [0m[0m[1m[33m^^[0m
[6.446s] 
[6.446s] [0m[1m[33mwarning[0m[0m[1m: constant `STICK_L_PUSH` is never used[0m
[6.446s] [0m  [0m[0m[1m[38;5;12m--> [0m[0msrc/ps5_dualsense.rs:24:15[0m
[6.446s] [0m   [0m[0m[1m[38;5;12m|[0m
[6.447s] [0m[1m[38;5;12m24[0m[0m [0m[0m[1m[38;5;12m|[0m[0m [0m[0m    pub const STICK_L_PUSH: usize = 11;[0m
[6.447s] [0m   [0m[0m[1m[38;5;12m| [0m[0m              [0m[0m[1m[33m^^^^^^^^^^^^[0m
[6.447s] 
[6.447s] [0m[1m[33mwarning[0m[0m[1m: constant `STICK_R_PUSH` is never used[0m
[6.447s] [0m  [0m[0m[1m[38;5;12m--> [0m[0msrc/ps5_dualsense.rs:25:15[0m
[6.447s] [0m   [0m[0m[1m[38;5;12m|[0m
[6.447s] [0m[1m[38;5;12m25[0m[0m [0m[0m[1m[38;5;12m|[0m[0m [0m[0m    pub const STICK_R_PUSH: usize = 12;[0m
[6.447s] [0m   [0m[0m[1m[38;5;12m| [0m[0m              [0m[0m[1m[33m^^^^^^^^^^^^[0m
[6.447s] 
[6.447s] [0m[1m[33mwarning[0m[0m[1m: module `DualsenseState` should have a snake case name[0m
[6.447s] [0m  [0m[0m[1m[38;5;12m--> [0m[0msrc/main.rs:18:9[0m
[6.448s] [0m   [0m[0m[1m[38;5;12m|[0m
[6.448s] [0m[1m[38;5;12m18[0m[0m [0m[0m[1m[38;5;12m|[0m[0m [0m[0mpub mod DualsenseState {[0m
[6.448s] [0m   [0m[0m[1m[38;5;12m| [0m[0m        [0m[0m[1m[33m^^^^^^^^^^^^^^[0m[0m [0m[0m[1m[33mhelp: convert the identifier to snake case: `dualsense_state`[0m
[6.448s] [0m   [0m[0m[1m[38;5;12m|[0m
[6.448s] [0m   [0m[0m[1m[38;5;12m= [0m[0m[1mnote[0m[0m: `#[warn(non_snake_case)]` on by default[0m
[6.448s] 
[6.448s] [0m[1m[33mwarning[0m[0m[1m: module `BUTTONS_DUALSENSE` should have a snake case name[0m
[6.448s] [0m  [0m[0m[1m[38;5;12m--> [0m[0msrc/ps5_dualsense.rs:12:9[0m
[6.448s] [0m   [0m[0m[1m[38;5;12m|[0m
[6.448s] [0m[1m[38;5;12m12[0m[0m [0m[0m[1m[38;5;12m|[0m[0m [0m[0mpub mod BUTTONS_DUALSENSE {[0m
[6.448s] [0m   [0m[0m[1m[38;5;12m| [0m[0m        [0m[0m[1m[33m^^^^^^^^^^^^^^^^^[0m[0m [0m[0m[1m[33mhelp: convert the identifier to snake case: `buttons_dualsense`[0m
[6.449s] 
[6.800s] Invoked command in 'src/controller_2023_a' returned '0': AMENT_PREFIX_PATH=/home/ubuntu/git/daniel_ws/2023_controller_a/install/drobo_interfaces:${AMENT_PREFIX_PATH} CMAKE_PREFIX_PATH=/home/ubuntu/git/daniel_ws/2023_controller_a/install/drobo_interfaces LD_LIBRARY_PATH=/home/ubuntu/git/daniel_ws/2023_controller_a/install/drobo_interfaces/lib:${LD_LIBRARY_PATH} PYTHONPATH=/home/ubuntu/git/daniel_ws/2023_controller_a/install/drobo_interfaces/local/lib/python3.10/dist-packages:${PYTHONPATH} /home/ubuntu/.cargo/bin/cargo ament-build --install-base /home/ubuntu/git/daniel_ws/2023_controller_a/install/controller_2023_a -- --manifest-path /home/ubuntu/git/daniel_ws/2023_controller_a/src/controller_2023_a/Cargo.toml --target-dir /home/ubuntu/git/daniel_ws/2023_controller_a/build/controller_2023_a --quiet --release
