[0.031s] Invoking command in '/home/ubuntu/git/daniel_ws/2023_controller_a/build/controller_2023_launch_a': CMAKE_PREFIX_PATH=${CMAKE_PREFIX_PATH}:/home/ubuntu/git/daniel_ws/2023_controller_a/install/omni_control:/home/ubuntu/git/daniel_ws/2023_controller_a/install/controller_2023_a:/opt/ros/humble /usr/bin/cmake --build /home/ubuntu/git/daniel_ws/2023_controller_a/build/controller_2023_launch_a -- -j8 -l8
[0.062s] Invoked command in '/home/ubuntu/git/daniel_ws/2023_controller_a/build/controller_2023_launch_a' returned '0': CMAKE_PREFIX_PATH=${CMAKE_PREFIX_PATH}:/home/ubuntu/git/daniel_ws/2023_controller_a/install/omni_control:/home/ubuntu/git/daniel_ws/2023_controller_a/install/controller_2023_a:/opt/ros/humble /usr/bin/cmake --build /home/ubuntu/git/daniel_ws/2023_controller_a/build/controller_2023_launch_a -- -j8 -l8
[0.080s] Invoking command in '/home/ubuntu/git/daniel_ws/2023_controller_a/build/controller_2023_launch_a': CMAKE_PREFIX_PATH=${CMAKE_PREFIX_PATH}:/home/ubuntu/git/daniel_ws/2023_controller_a/install/omni_control:/home/ubuntu/git/daniel_ws/2023_controller_a/install/controller_2023_a:/opt/ros/humble /usr/bin/cmake --install /home/ubuntu/git/daniel_ws/2023_controller_a/build/controller_2023_launch_a
[0.087s] -- Install configuration: ""
[0.087s] -- Up-to-date: /home/ubuntu/git/daniel_ws/2023_controller_a/install/controller_2023_launch_a/share/controller_2023_launch_a//launch
[0.087s] -- Up-to-date: /home/ubuntu/git/daniel_ws/2023_controller_a/install/controller_2023_launch_a/share/controller_2023_launch_a//launch/controller_2023_launch_a.launch.xml
[0.087s] -- Up-to-date: /home/ubuntu/git/daniel_ws/2023_controller_a/install/controller_2023_launch_a/share/ament_index/resource_index/package_run_dependencies/controller_2023_launch_a
[0.087s] -- Up-to-date: /home/ubuntu/git/daniel_ws/2023_controller_a/install/controller_2023_launch_a/share/ament_index/resource_index/parent_prefix_path/controller_2023_launch_a
[0.087s] -- Up-to-date: /home/ubuntu/git/daniel_ws/2023_controller_a/install/controller_2023_launch_a/share/controller_2023_launch_a/environment/ament_prefix_path.sh
[0.087s] -- Up-to-date: /home/ubuntu/git/daniel_ws/2023_controller_a/install/controller_2023_launch_a/share/controller_2023_launch_a/environment/ament_prefix_path.dsv
[0.087s] -- Up-to-date: /home/ubuntu/git/daniel_ws/2023_controller_a/install/controller_2023_launch_a/share/controller_2023_launch_a/environment/path.sh
[0.087s] -- Up-to-date: /home/ubuntu/git/daniel_ws/2023_controller_a/install/controller_2023_launch_a/share/controller_2023_launch_a/environment/path.dsv
[0.087s] -- Up-to-date: /home/ubuntu/git/daniel_ws/2023_controller_a/install/controller_2023_launch_a/share/controller_2023_launch_a/local_setup.bash
[0.087s] -- Up-to-date: /home/ubuntu/git/daniel_ws/2023_controller_a/install/controller_2023_launch_a/share/controller_2023_launch_a/local_setup.sh
[0.087s] -- Up-to-date: /home/ubuntu/git/daniel_ws/2023_controller_a/install/controller_2023_launch_a/share/controller_2023_launch_a/local_setup.zsh
[0.087s] -- Up-to-date: /home/ubuntu/git/daniel_ws/2023_controller_a/install/controller_2023_launch_a/share/controller_2023_launch_a/local_setup.dsv
[0.087s] -- Installing: /home/ubuntu/git/daniel_ws/2023_controller_a/install/controller_2023_launch_a/share/controller_2023_launch_a/package.dsv
[0.088s] -- Up-to-date: /home/ubuntu/git/daniel_ws/2023_controller_a/install/controller_2023_launch_a/share/ament_index/resource_index/packages/controller_2023_launch_a
[0.088s] -- Up-to-date: /home/ubuntu/git/daniel_ws/2023_controller_a/install/controller_2023_launch_a/share/controller_2023_launch_a/cmake/controller_2023_launch_aConfig.cmake
[0.088s] -- Up-to-date: /home/ubuntu/git/daniel_ws/2023_controller_a/install/controller_2023_launch_a/share/controller_2023_launch_a/cmake/controller_2023_launch_aConfig-version.cmake
[0.088s] -- Up-to-date: /home/ubuntu/git/daniel_ws/2023_controller_a/install/controller_2023_launch_a/share/controller_2023_launch_a/package.xml
[0.089s] Invoked command in '/home/ubuntu/git/daniel_ws/2023_controller_a/build/controller_2023_launch_a' returned '0': CMAKE_PREFIX_PATH=${CMAKE_PREFIX_PATH}:/home/ubuntu/git/daniel_ws/2023_controller_a/install/omni_control:/home/ubuntu/git/daniel_ws/2023_controller_a/install/controller_2023_a:/opt/ros/humble /usr/bin/cmake --install /home/ubuntu/git/daniel_ws/2023_controller_a/build/controller_2023_launch_a
