[0.000000] (-) TimerEvent: {}
[0.000577] (controller_2023_launch_a) JobQueued: {'identifier': 'controller_2023_launch_a', 'dependencies': OrderedDict()}
[0.000712] (drobo_interfaces) JobQueued: {'identifier': 'drobo_interfaces', 'dependencies': OrderedDict()}
[0.000817] (controller_2023_a) JobQueued: {'identifier': 'controller_2023_a', 'dependencies': OrderedDict([('drobo_interfaces', '/home/ubuntu/git/daniel_ws/2023_controller_a/install/drobo_interfaces')])}
[0.001315] (omni_control) JobQueued: {'identifier': 'omni_control', 'dependencies': OrderedDict([('drobo_interfaces', '/home/ubuntu/git/daniel_ws/2023_controller_a/install/drobo_interfaces')])}
[0.001496] (drobo_interfaces) JobStarted: {'identifier': 'drobo_interfaces'}
[0.027157] (controller_2023_launch_a) JobStarted: {'identifier': 'controller_2023_launch_a'}
[0.053044] (drobo_interfaces) JobProgress: {'identifier': 'drobo_interfaces', 'progress': 'cmake'}
[0.053777] (drobo_interfaces) JobProgress: {'identifier': 'drobo_interfaces', 'progress': 'build'}
[0.053818] (drobo_interfaces) Command: {'cmd': ['/usr/bin/cmake', '--build', '/home/ubuntu/git/daniel_ws/2023_controller_a/build/drobo_interfaces', '--', '-j8', '-l8'], 'cwd': '/home/ubuntu/git/daniel_ws/2023_controller_a/build/drobo_interfaces', 'env': OrderedDict([('USER', 'daniel_ezomo'), ('XDG_SESSION_TYPE', 'wayland'), ('SHLVL', '1'), ('LD_LIBRARY_PATH', '/home/ubuntu/git/daniel_ws/2023_controller_a/install/drobo_interfaces/lib:/opt/ros/humble/opt/rviz_ogre_vendor/lib:/opt/ros/humble/lib/aarch64-linux-gnu:/opt/ros/humble/lib'), ('OLDPWD', '/home/ubuntu/git/daniel_ws'), ('HOME', '/home/ubuntu'), ('DESKTOP_SESSION', 'ubuntu'), ('GTK_MODULES', 'gail:atk-bridge'), ('GNOME_SHELL_SESSION_MODE', 'ubuntu'), ('ROS_PYTHON_VERSION', '3'), ('SYSTEMD_EXEC_PID', '1927'), ('DBUS_SESSION_BUS_ADDRESS', 'unix:path=/run/user/1000/bus'), ('P9K_TTY', 'old'), ('COLORTERM', 'truecolor'), ('ZPFX', '/home/ubuntu/.local/share/zinit/polaris'), ('WAYLAND_DISPLAY', 'wayland-0'), ('ROS_DISTRO', 'humble'), ('COLCON_PREFIX_PATH', '/home/ubuntu/git/daniel_ws/2023_controller_a/install'), ('LOGNAME', 'daniel_ezomo'), ('_', '/usr/bin/colcon'), ('_P9K_SSH_TTY', '/dev/pts/0'), ('XDG_SESSION_CLASS', 'user'), ('ROS_VERSION', '2'), ('USERNAME', 'daniel_ezomo'), ('TERM', 'xterm-256color'), ('GNOME_DESKTOP_SESSION_ID', 'this-is-deprecated'), ('ROS_LOCALHOST_ONLY', '0'), ('ZSH_CACHE_DIR', '/home/ubuntu/.cache/zinit'), ('PMSPEC', '0uUpiPsf'), ('PATH', '/opt/ros/humble/bin:/home/ubuntu/.local/share/zinit/polaris/bin:/home/ubuntu/.cargo/bin:/usr/local/sbin:/usr/local/bin:/usr/sbin:/usr/bin:/sbin:/bin:/usr/games:/usr/local/games:/snap/bin:/snap/bin'), ('SESSION_MANAGER', 'local/ezomo:@/tmp/.ICE-unix/1909,unix/ezomo:/tmp/.ICE-unix/1909'), ('GNOME_TERMINAL_SCREEN', '/org/gnome/Terminal/screen/48a602dd_19c0_4514_9e12_2f5b92e85767'), ('XDG_MENU_PREFIX', 'gnome-'), ('GNOME_SETUP_DISPLAY', ':1'), ('XDG_RUNTIME_DIR', '/run/user/1000'), ('DISPLAY', ':0'), ('XDG_CURRENT_DESKTOP', 'ubuntu:GNOME'), ('LANG', 'en_US.UTF-8'), ('XDG_SESSION_DESKTOP', 'ubuntu'), ('GNOME_TERMINAL_SERVICE', ':1.123'), ('XMODIFIERS', '@im=ibus'), ('XAUTHORITY', '/run/user/1000/.mutter-Xwaylandauth.D5AUI2'), ('SSH_AUTH_SOCK', '/run/user/1000/keyring/ssh'), ('SSH_AGENT_LAUNCHER', 'gnome-keyring'), ('AMENT_PREFIX_PATH', '/home/ubuntu/git/daniel_ws/2023_controller_a/install/omni_control:/home/ubuntu/git/daniel_ws/2023_controller_a/install/controller_2023_a:/home/ubuntu/git/daniel_ws/2023_controller_a/install/drobo_interfaces:/home/ubuntu/git/daniel_ws/2023_controller_a/install/controller_2023_launch_a:/opt/ros/humble'), ('SHELL', '/usr/bin/zsh'), ('QT_ACCESSIBILITY', '1'), ('GDMSESSION', 'ubuntu'), ('P9K_SSH', '0'), ('QT_IM_MODULE', 'ibus'), ('LC_ALL', 'en_US.UTF-8'), ('PWD', '/home/ubuntu/git/daniel_ws/2023_controller_a/build/drobo_interfaces'), ('XDG_DATA_DIRS', '/usr/local/share/:/usr/share/:/var/lib/snapd/desktop'), ('_P9K_TTY', '/dev/pts/0'), ('PYTHONPATH', '/home/ubuntu/git/daniel_ws/2023_controller_a/install/drobo_interfaces/local/lib/python3.10/dist-packages:/opt/ros/humble/lib/python3.10/site-packages:/opt/ros/humble/local/lib/python3.10/dist-packages'), ('COLCON', '1'), ('VTE_VERSION', '6800'), ('CMAKE_PREFIX_PATH', '/home/ubuntu/git/daniel_ws/2023_controller_a/install/drobo_interfaces:/home/ubuntu/git/daniel_ws/2023_controller_a/install/controller_2023_launch_a:/home/ubuntu/git/daniel_ws/2023_controller_a/install/omni_control:/home/ubuntu/git/daniel_ws/2023_controller_a/install/controller_2023_a:/opt/ros/humble')]), 'shell': False}
[0.055480] (controller_2023_launch_a) JobProgress: {'identifier': 'controller_2023_launch_a', 'progress': 'cmake'}
[0.055705] (controller_2023_launch_a) JobProgress: {'identifier': 'controller_2023_launch_a', 'progress': 'build'}
[0.055847] (controller_2023_launch_a) Command: {'cmd': ['/usr/bin/cmake', '--build', '/home/ubuntu/git/daniel_ws/2023_controller_a/build/controller_2023_launch_a', '--', '-j8', '-l8'], 'cwd': '/home/ubuntu/git/daniel_ws/2023_controller_a/build/controller_2023_launch_a', 'env': OrderedDict([('USER', 'daniel_ezomo'), ('XDG_SESSION_TYPE', 'wayland'), ('SHLVL', '1'), ('LD_LIBRARY_PATH', '/home/ubuntu/git/daniel_ws/2023_controller_a/install/drobo_interfaces/lib:/opt/ros/humble/opt/rviz_ogre_vendor/lib:/opt/ros/humble/lib/aarch64-linux-gnu:/opt/ros/humble/lib'), ('OLDPWD', '/home/ubuntu/git/daniel_ws'), ('HOME', '/home/ubuntu'), ('DESKTOP_SESSION', 'ubuntu'), ('GTK_MODULES', 'gail:atk-bridge'), ('GNOME_SHELL_SESSION_MODE', 'ubuntu'), ('ROS_PYTHON_VERSION', '3'), ('SYSTEMD_EXEC_PID', '1927'), ('DBUS_SESSION_BUS_ADDRESS', 'unix:path=/run/user/1000/bus'), ('P9K_TTY', 'old'), ('COLORTERM', 'truecolor'), ('ZPFX', '/home/ubuntu/.local/share/zinit/polaris'), ('WAYLAND_DISPLAY', 'wayland-0'), ('ROS_DISTRO', 'humble'), ('COLCON_PREFIX_PATH', '/home/ubuntu/git/daniel_ws/2023_controller_a/install'), ('LOGNAME', 'daniel_ezomo'), ('_', '/usr/bin/colcon'), ('_P9K_SSH_TTY', '/dev/pts/0'), ('XDG_SESSION_CLASS', 'user'), ('ROS_VERSION', '2'), ('USERNAME', 'daniel_ezomo'), ('TERM', 'xterm-256color'), ('GNOME_DESKTOP_SESSION_ID', 'this-is-deprecated'), ('ROS_LOCALHOST_ONLY', '0'), ('ZSH_CACHE_DIR', '/home/ubuntu/.cache/zinit'), ('PMSPEC', '0uUpiPsf'), ('PATH', '/opt/ros/humble/bin:/home/ubuntu/.local/share/zinit/polaris/bin:/home/ubuntu/.cargo/bin:/usr/local/sbin:/usr/local/bin:/usr/sbin:/usr/bin:/sbin:/bin:/usr/games:/usr/local/games:/snap/bin:/snap/bin'), ('SESSION_MANAGER', 'local/ezomo:@/tmp/.ICE-unix/1909,unix/ezomo:/tmp/.ICE-unix/1909'), ('GNOME_TERMINAL_SCREEN', '/org/gnome/Terminal/screen/48a602dd_19c0_4514_9e12_2f5b92e85767'), ('XDG_MENU_PREFIX', 'gnome-'), ('GNOME_SETUP_DISPLAY', ':1'), ('XDG_RUNTIME_DIR', '/run/user/1000'), ('DISPLAY', ':0'), ('XDG_CURRENT_DESKTOP', 'ubuntu:GNOME'), ('LANG', 'en_US.UTF-8'), ('XDG_SESSION_DESKTOP', 'ubuntu'), ('GNOME_TERMINAL_SERVICE', ':1.123'), ('XMODIFIERS', '@im=ibus'), ('XAUTHORITY', '/run/user/1000/.mutter-Xwaylandauth.D5AUI2'), ('SSH_AUTH_SOCK', '/run/user/1000/keyring/ssh'), ('SSH_AGENT_LAUNCHER', 'gnome-keyring'), ('AMENT_PREFIX_PATH', '/home/ubuntu/git/daniel_ws/2023_controller_a/install/omni_control:/home/ubuntu/git/daniel_ws/2023_controller_a/install/controller_2023_a:/home/ubuntu/git/daniel_ws/2023_controller_a/install/drobo_interfaces:/home/ubuntu/git/daniel_ws/2023_controller_a/install/controller_2023_launch_a:/opt/ros/humble'), ('SHELL', '/usr/bin/zsh'), ('QT_ACCESSIBILITY', '1'), ('GDMSESSION', 'ubuntu'), ('P9K_SSH', '0'), ('QT_IM_MODULE', 'ibus'), ('LC_ALL', 'en_US.UTF-8'), ('PWD', '/home/ubuntu/git/daniel_ws/2023_controller_a/build/controller_2023_launch_a'), ('XDG_DATA_DIRS', '/usr/local/share/:/usr/share/:/var/lib/snapd/desktop'), ('_P9K_TTY', '/dev/pts/0'), ('PYTHONPATH', '/home/ubuntu/git/daniel_ws/2023_controller_a/install/drobo_interfaces/local/lib/python3.10/dist-packages:/opt/ros/humble/lib/python3.10/site-packages:/opt/ros/humble/local/lib/python3.10/dist-packages'), ('COLCON', '1'), ('VTE_VERSION', '6800'), ('CMAKE_PREFIX_PATH', '/home/ubuntu/git/daniel_ws/2023_controller_a/install/drobo_interfaces:/home/ubuntu/git/daniel_ws/2023_controller_a/install/controller_2023_launch_a:/home/ubuntu/git/daniel_ws/2023_controller_a/install/omni_control:/home/ubuntu/git/daniel_ws/2023_controller_a/install/controller_2023_a:/opt/ros/humble')]), 'shell': False}
[0.074800] (controller_2023_launch_a) CommandEnded: {'returncode': 0}
[0.085594] (controller_2023_launch_a) JobProgress: {'identifier': 'controller_2023_launch_a', 'progress': 'install'}
[0.090579] (controller_2023_launch_a) Command: {'cmd': ['/usr/bin/cmake', '--install', '/home/ubuntu/git/daniel_ws/2023_controller_a/build/controller_2023_launch_a'], 'cwd': '/home/ubuntu/git/daniel_ws/2023_controller_a/build/controller_2023_launch_a', 'env': OrderedDict([('USER', 'daniel_ezomo'), ('XDG_SESSION_TYPE', 'wayland'), ('SHLVL', '1'), ('LD_LIBRARY_PATH', '/home/ubuntu/git/daniel_ws/2023_controller_a/install/drobo_interfaces/lib:/opt/ros/humble/opt/rviz_ogre_vendor/lib:/opt/ros/humble/lib/aarch64-linux-gnu:/opt/ros/humble/lib'), ('OLDPWD', '/home/ubuntu/git/daniel_ws'), ('HOME', '/home/ubuntu'), ('DESKTOP_SESSION', 'ubuntu'), ('GTK_MODULES', 'gail:atk-bridge'), ('GNOME_SHELL_SESSION_MODE', 'ubuntu'), ('ROS_PYTHON_VERSION', '3'), ('SYSTEMD_EXEC_PID', '1927'), ('DBUS_SESSION_BUS_ADDRESS', 'unix:path=/run/user/1000/bus'), ('P9K_TTY', 'old'), ('COLORTERM', 'truecolor'), ('ZPFX', '/home/ubuntu/.local/share/zinit/polaris'), ('WAYLAND_DISPLAY', 'wayland-0'), ('ROS_DISTRO', 'humble'), ('COLCON_PREFIX_PATH', '/home/ubuntu/git/daniel_ws/2023_controller_a/install'), ('LOGNAME', 'daniel_ezomo'), ('_', '/usr/bin/colcon'), ('_P9K_SSH_TTY', '/dev/pts/0'), ('XDG_SESSION_CLASS', 'user'), ('ROS_VERSION', '2'), ('USERNAME', 'daniel_ezomo'), ('TERM', 'xterm-256color'), ('GNOME_DESKTOP_SESSION_ID', 'this-is-deprecated'), ('ROS_LOCALHOST_ONLY', '0'), ('ZSH_CACHE_DIR', '/home/ubuntu/.cache/zinit'), ('PMSPEC', '0uUpiPsf'), ('PATH', '/opt/ros/humble/bin:/home/ubuntu/.local/share/zinit/polaris/bin:/home/ubuntu/.cargo/bin:/usr/local/sbin:/usr/local/bin:/usr/sbin:/usr/bin:/sbin:/bin:/usr/games:/usr/local/games:/snap/bin:/snap/bin'), ('SESSION_MANAGER', 'local/ezomo:@/tmp/.ICE-unix/1909,unix/ezomo:/tmp/.ICE-unix/1909'), ('GNOME_TERMINAL_SCREEN', '/org/gnome/Terminal/screen/48a602dd_19c0_4514_9e12_2f5b92e85767'), ('XDG_MENU_PREFIX', 'gnome-'), ('GNOME_SETUP_DISPLAY', ':1'), ('XDG_RUNTIME_DIR', '/run/user/1000'), ('DISPLAY', ':0'), ('XDG_CURRENT_DESKTOP', 'ubuntu:GNOME'), ('LANG', 'en_US.UTF-8'), ('XDG_SESSION_DESKTOP', 'ubuntu'), ('GNOME_TERMINAL_SERVICE', ':1.123'), ('XMODIFIERS', '@im=ibus'), ('XAUTHORITY', '/run/user/1000/.mutter-Xwaylandauth.D5AUI2'), ('SSH_AUTH_SOCK', '/run/user/1000/keyring/ssh'), ('SSH_AGENT_LAUNCHER', 'gnome-keyring'), ('AMENT_PREFIX_PATH', '/home/ubuntu/git/daniel_ws/2023_controller_a/install/omni_control:/home/ubuntu/git/daniel_ws/2023_controller_a/install/controller_2023_a:/home/ubuntu/git/daniel_ws/2023_controller_a/install/drobo_interfaces:/home/ubuntu/git/daniel_ws/2023_controller_a/install/controller_2023_launch_a:/opt/ros/humble'), ('SHELL', '/usr/bin/zsh'), ('QT_ACCESSIBILITY', '1'), ('GDMSESSION', 'ubuntu'), ('P9K_SSH', '0'), ('QT_IM_MODULE', 'ibus'), ('LC_ALL', 'en_US.UTF-8'), ('PWD', '/home/ubuntu/git/daniel_ws/2023_controller_a/build/controller_2023_launch_a'), ('XDG_DATA_DIRS', '/usr/local/share/:/usr/share/:/var/lib/snapd/desktop'), ('_P9K_TTY', '/dev/pts/0'), ('PYTHONPATH', '/home/ubuntu/git/daniel_ws/2023_controller_a/install/drobo_interfaces/local/lib/python3.10/dist-packages:/opt/ros/humble/lib/python3.10/site-packages:/opt/ros/humble/local/lib/python3.10/dist-packages'), ('COLCON', '1'), ('VTE_VERSION', '6800'), ('CMAKE_PREFIX_PATH', '/home/ubuntu/git/daniel_ws/2023_controller_a/install/drobo_interfaces:/home/ubuntu/git/daniel_ws/2023_controller_a/install/controller_2023_launch_a:/home/ubuntu/git/daniel_ws/2023_controller_a/install/omni_control:/home/ubuntu/git/daniel_ws/2023_controller_a/install/controller_2023_a:/opt/ros/humble')]), 'shell': False}
[0.095256] (controller_2023_launch_a) StdoutLine: {'line': b'-- Install configuration: ""\n'}
[0.095809] (controller_2023_launch_a) StdoutLine: {'line': b'-- Up-to-date: /home/ubuntu/git/daniel_ws/2023_controller_a/install/controller_2023_launch_a/share/controller_2023_launch_a//launch\n'}
[0.095934] (controller_2023_launch_a) StdoutLine: {'line': b'-- Up-to-date: /home/ubuntu/git/daniel_ws/2023_controller_a/install/controller_2023_launch_a/share/controller_2023_launch_a//launch/controller_2023_launch_a.launch.xml\n'}
[0.096021] (controller_2023_launch_a) StdoutLine: {'line': b'-- Up-to-date: /home/ubuntu/git/daniel_ws/2023_controller_a/install/controller_2023_launch_a/share/ament_index/resource_index/package_run_dependencies/controller_2023_launch_a\n'}
[0.096102] (controller_2023_launch_a) StdoutLine: {'line': b'-- Up-to-date: /home/ubuntu/git/daniel_ws/2023_controller_a/install/controller_2023_launch_a/share/ament_index/resource_index/parent_prefix_path/controller_2023_launch_a\n'}
[0.096180] (controller_2023_launch_a) StdoutLine: {'line': b'-- Up-to-date: /home/ubuntu/git/daniel_ws/2023_controller_a/install/controller_2023_launch_a/share/controller_2023_launch_a/environment/ament_prefix_path.sh\n'}
[0.096263] (controller_2023_launch_a) StdoutLine: {'line': b'-- Up-to-date: /home/ubuntu/git/daniel_ws/2023_controller_a/install/controller_2023_launch_a/share/controller_2023_launch_a/environment/ament_prefix_path.dsv\n'}
[0.096485] (controller_2023_launch_a) StdoutLine: {'line': b'-- Up-to-date: /home/ubuntu/git/daniel_ws/2023_controller_a/install/controller_2023_launch_a/share/controller_2023_launch_a/environment/path.sh\n'}
[0.096607] (controller_2023_launch_a) StdoutLine: {'line': b'-- Up-to-date: /home/ubuntu/git/daniel_ws/2023_controller_a/install/controller_2023_launch_a/share/controller_2023_launch_a/environment/path.dsv\n'}
[0.096654] (controller_2023_launch_a) StdoutLine: {'line': b'-- Up-to-date: /home/ubuntu/git/daniel_ws/2023_controller_a/install/controller_2023_launch_a/share/controller_2023_launch_a/local_setup.bash\n'}
[0.096697] (controller_2023_launch_a) StdoutLine: {'line': b'-- Up-to-date: /home/ubuntu/git/daniel_ws/2023_controller_a/install/controller_2023_launch_a/share/controller_2023_launch_a/local_setup.sh\n'}
[0.096738] (controller_2023_launch_a) StdoutLine: {'line': b'-- Up-to-date: /home/ubuntu/git/daniel_ws/2023_controller_a/install/controller_2023_launch_a/share/controller_2023_launch_a/local_setup.zsh\n'}
[0.096780] (controller_2023_launch_a) StdoutLine: {'line': b'-- Up-to-date: /home/ubuntu/git/daniel_ws/2023_controller_a/install/controller_2023_launch_a/share/controller_2023_launch_a/local_setup.dsv\n'}
[0.096822] (controller_2023_launch_a) StdoutLine: {'line': b'-- Installing: /home/ubuntu/git/daniel_ws/2023_controller_a/install/controller_2023_launch_a/share/controller_2023_launch_a/package.dsv\n'}
[0.096862] (controller_2023_launch_a) StdoutLine: {'line': b'-- Up-to-date: /home/ubuntu/git/daniel_ws/2023_controller_a/install/controller_2023_launch_a/share/ament_index/resource_index/packages/controller_2023_launch_a\n'}
[0.096904] (controller_2023_launch_a) StdoutLine: {'line': b'-- Up-to-date: /home/ubuntu/git/daniel_ws/2023_controller_a/install/controller_2023_launch_a/share/controller_2023_launch_a/cmake/controller_2023_launch_aConfig.cmake\n'}
[0.096945] (controller_2023_launch_a) StdoutLine: {'line': b'-- Up-to-date: /home/ubuntu/git/daniel_ws/2023_controller_a/install/controller_2023_launch_a/share/controller_2023_launch_a/cmake/controller_2023_launch_aConfig-version.cmake\n'}
[0.096986] (controller_2023_launch_a) StdoutLine: {'line': b'-- Up-to-date: /home/ubuntu/git/daniel_ws/2023_controller_a/install/controller_2023_launch_a/share/controller_2023_launch_a/package.xml\n'}
[0.097346] (controller_2023_launch_a) CommandEnded: {'returncode': 0}
[0.099293] (-) TimerEvent: {}
[0.101042] (drobo_interfaces) StdoutLine: {'line': b'[ 10%] Built target drobo_interfaces__rosidl_generator_c\n'}
[0.104580] (drobo_interfaces) StdoutLine: {'line': b'[ 12%] Built target drobo_interfaces__cpp\n'}
[0.111357] (drobo_interfaces) StdoutLine: {'line': b'[ 23%] Built target drobo_interfaces__rosidl_typesupport_fastrtps_c\n'}
[0.111902] (drobo_interfaces) StdoutLine: {'line': b'[ 34%] Built target drobo_interfaces__rosidl_typesupport_c\n'}
[0.114277] (drobo_interfaces) StdoutLine: {'line': b'[ 34%] Built target ament_cmake_python_copy_drobo_interfaces\n'}
[0.116832] (drobo_interfaces) StdoutLine: {'line': b'[ 44%] Built target drobo_interfaces__rosidl_typesupport_introspection_cpp\n'}
[0.117404] (drobo_interfaces) StdoutLine: {'line': b'[ 55%] Built target drobo_interfaces__rosidl_typesupport_introspection_c\n'}
[0.122308] (drobo_interfaces) StdoutLine: {'line': b'[ 65%] Built target drobo_interfaces__rosidl_typesupport_cpp\n'}
[0.127148] (drobo_interfaces) StdoutLine: {'line': b'[ 76%] Built target drobo_interfaces__rosidl_typesupport_fastrtps_cpp\n'}
[0.137511] (drobo_interfaces) StdoutLine: {'line': b'[ 76%] Built target drobo_interfaces\n'}
[0.157006] (drobo_interfaces) StdoutLine: {'line': b'[ 78%] Built target drobo_interfaces__py\n'}
[0.164236] (controller_2023_launch_a) JobEnded: {'identifier': 'controller_2023_launch_a', 'rc': 0}
[0.172689] (drobo_interfaces) StdoutLine: {'line': b'[ 87%] Built target drobo_interfaces__rosidl_generator_py\n'}
[0.188377] (drobo_interfaces) StdoutLine: {'line': b'[ 91%] Built target drobo_interfaces__rosidl_typesupport_c__pyext\n'}
[0.194056] (drobo_interfaces) StdoutLine: {'line': b'[100%] Built target drobo_interfaces__rosidl_typesupport_introspection_c__pyext\n'}
[0.194171] (drobo_interfaces) StdoutLine: {'line': b'[100%] Built target drobo_interfaces__rosidl_typesupport_fastrtps_c__pyext\n'}
[0.199351] (-) TimerEvent: {}
[0.265138] (drobo_interfaces) StdoutLine: {'line': b'running egg_info\n'}
[0.265370] (drobo_interfaces) StdoutLine: {'line': b'writing drobo_interfaces.egg-info/PKG-INFO\n'}
[0.265481] (drobo_interfaces) StdoutLine: {'line': b'writing dependency_links to drobo_interfaces.egg-info/dependency_links.txt\n'}
[0.265590] (drobo_interfaces) StdoutLine: {'line': b'writing top-level names to drobo_interfaces.egg-info/top_level.txt\n'}
[0.266477] (drobo_interfaces) StdoutLine: {'line': b"reading manifest file 'drobo_interfaces.egg-info/SOURCES.txt'\n"}
[0.266826] (drobo_interfaces) StdoutLine: {'line': b"writing manifest file 'drobo_interfaces.egg-info/SOURCES.txt'\n"}
[0.280550] (drobo_interfaces) StdoutLine: {'line': b'[100%] Built target ament_cmake_python_build_drobo_interfaces_egg\n'}
[0.297126] (drobo_interfaces) CommandEnded: {'returncode': 0}
[0.299452] (-) TimerEvent: {}
[0.359755] (drobo_interfaces) JobProgress: {'identifier': 'drobo_interfaces', 'progress': 'install'}
[0.360140] (drobo_interfaces) Command: {'cmd': ['/usr/bin/cmake', '--install', '/home/ubuntu/git/daniel_ws/2023_controller_a/build/drobo_interfaces'], 'cwd': '/home/ubuntu/git/daniel_ws/2023_controller_a/build/drobo_interfaces', 'env': OrderedDict([('USER', 'daniel_ezomo'), ('XDG_SESSION_TYPE', 'wayland'), ('SHLVL', '1'), ('LD_LIBRARY_PATH', '/home/ubuntu/git/daniel_ws/2023_controller_a/install/drobo_interfaces/lib:/opt/ros/humble/opt/rviz_ogre_vendor/lib:/opt/ros/humble/lib/aarch64-linux-gnu:/opt/ros/humble/lib'), ('OLDPWD', '/home/ubuntu/git/daniel_ws'), ('HOME', '/home/ubuntu'), ('DESKTOP_SESSION', 'ubuntu'), ('GTK_MODULES', 'gail:atk-bridge'), ('GNOME_SHELL_SESSION_MODE', 'ubuntu'), ('ROS_PYTHON_VERSION', '3'), ('SYSTEMD_EXEC_PID', '1927'), ('DBUS_SESSION_BUS_ADDRESS', 'unix:path=/run/user/1000/bus'), ('P9K_TTY', 'old'), ('COLORTERM', 'truecolor'), ('ZPFX', '/home/ubuntu/.local/share/zinit/polaris'), ('WAYLAND_DISPLAY', 'wayland-0'), ('ROS_DISTRO', 'humble'), ('COLCON_PREFIX_PATH', '/home/ubuntu/git/daniel_ws/2023_controller_a/install'), ('LOGNAME', 'daniel_ezomo'), ('_', '/usr/bin/colcon'), ('_P9K_SSH_TTY', '/dev/pts/0'), ('XDG_SESSION_CLASS', 'user'), ('ROS_VERSION', '2'), ('USERNAME', 'daniel_ezomo'), ('TERM', 'xterm-256color'), ('GNOME_DESKTOP_SESSION_ID', 'this-is-deprecated'), ('ROS_LOCALHOST_ONLY', '0'), ('ZSH_CACHE_DIR', '/home/ubuntu/.cache/zinit'), ('PMSPEC', '0uUpiPsf'), ('PATH', '/opt/ros/humble/bin:/home/ubuntu/.local/share/zinit/polaris/bin:/home/ubuntu/.cargo/bin:/usr/local/sbin:/usr/local/bin:/usr/sbin:/usr/bin:/sbin:/bin:/usr/games:/usr/local/games:/snap/bin:/snap/bin'), ('SESSION_MANAGER', 'local/ezomo:@/tmp/.ICE-unix/1909,unix/ezomo:/tmp/.ICE-unix/1909'), ('GNOME_TERMINAL_SCREEN', '/org/gnome/Terminal/screen/48a602dd_19c0_4514_9e12_2f5b92e85767'), ('XDG_MENU_PREFIX', 'gnome-'), ('GNOME_SETUP_DISPLAY', ':1'), ('XDG_RUNTIME_DIR', '/run/user/1000'), ('DISPLAY', ':0'), ('XDG_CURRENT_DESKTOP', 'ubuntu:GNOME'), ('LANG', 'en_US.UTF-8'), ('XDG_SESSION_DESKTOP', 'ubuntu'), ('GNOME_TERMINAL_SERVICE', ':1.123'), ('XMODIFIERS', '@im=ibus'), ('XAUTHORITY', '/run/user/1000/.mutter-Xwaylandauth.D5AUI2'), ('SSH_AUTH_SOCK', '/run/user/1000/keyring/ssh'), ('SSH_AGENT_LAUNCHER', 'gnome-keyring'), ('AMENT_PREFIX_PATH', '/home/ubuntu/git/daniel_ws/2023_controller_a/install/omni_control:/home/ubuntu/git/daniel_ws/2023_controller_a/install/controller_2023_a:/home/ubuntu/git/daniel_ws/2023_controller_a/install/drobo_interfaces:/home/ubuntu/git/daniel_ws/2023_controller_a/install/controller_2023_launch_a:/opt/ros/humble'), ('SHELL', '/usr/bin/zsh'), ('QT_ACCESSIBILITY', '1'), ('GDMSESSION', 'ubuntu'), ('P9K_SSH', '0'), ('QT_IM_MODULE', 'ibus'), ('LC_ALL', 'en_US.UTF-8'), ('PWD', '/home/ubuntu/git/daniel_ws/2023_controller_a/build/drobo_interfaces'), ('XDG_DATA_DIRS', '/usr/local/share/:/usr/share/:/var/lib/snapd/desktop'), ('_P9K_TTY', '/dev/pts/0'), ('PYTHONPATH', '/home/ubuntu/git/daniel_ws/2023_controller_a/install/drobo_interfaces/local/lib/python3.10/dist-packages:/opt/ros/humble/lib/python3.10/site-packages:/opt/ros/humble/local/lib/python3.10/dist-packages'), ('COLCON', '1'), ('VTE_VERSION', '6800'), ('CMAKE_PREFIX_PATH', '/home/ubuntu/git/daniel_ws/2023_controller_a/install/drobo_interfaces:/home/ubuntu/git/daniel_ws/2023_controller_a/install/controller_2023_launch_a:/home/ubuntu/git/daniel_ws/2023_controller_a/install/omni_control:/home/ubuntu/git/daniel_ws/2023_controller_a/install/controller_2023_a:/opt/ros/humble')]), 'shell': False}
[0.373300] (drobo_interfaces) StdoutLine: {'line': b'-- Install configuration: ""\n'}
[0.373587] (drobo_interfaces) StdoutLine: {'line': b'-- Up-to-date: /home/ubuntu/git/daniel_ws/2023_controller_a/install/drobo_interfaces/share/ament_index/resource_index/rosidl_interfaces/drobo_interfaces\n'}
[0.373684] (drobo_interfaces) StdoutLine: {'line': b'-- Up-to-date: /home/ubuntu/git/daniel_ws/2023_controller_a/install/drobo_interfaces/include/drobo_interfaces/drobo_interfaces\n'}
[0.373777] (drobo_interfaces) StdoutLine: {'line': b'-- Up-to-date: /home/ubuntu/git/daniel_ws/2023_controller_a/install/drobo_interfaces/include/drobo_interfaces/drobo_interfaces/msg\n'}
[0.373867] (drobo_interfaces) StdoutLine: {'line': b'-- Up-to-date: /home/ubuntu/git/daniel_ws/2023_controller_a/install/drobo_interfaces/include/drobo_interfaces/drobo_interfaces/msg/rosidl_generator_c__visibility_control.h\n'}
[0.374003] (drobo_interfaces) StdoutLine: {'line': b'-- Up-to-date: /home/ubuntu/git/daniel_ws/2023_controller_a/install/drobo_interfaces/include/drobo_interfaces/drobo_interfaces/msg/sd_lib_msg.h\n'}
[0.374226] (drobo_interfaces) StdoutLine: {'line': b'-- Up-to-date: /home/ubuntu/git/daniel_ws/2023_controller_a/install/drobo_interfaces/include/drobo_interfaces/drobo_interfaces/msg/detail\n'}
[0.374313] (drobo_interfaces) StdoutLine: {'line': b'-- Up-to-date: /home/ubuntu/git/daniel_ws/2023_controller_a/install/drobo_interfaces/include/drobo_interfaces/drobo_interfaces/msg/detail/sd_lib_msg__functions.c\n'}
[0.374426] (drobo_interfaces) StdoutLine: {'line': b'-- Up-to-date: /home/ubuntu/git/daniel_ws/2023_controller_a/install/drobo_interfaces/include/drobo_interfaces/drobo_interfaces/msg/detail/sd_lib_msg__functions.h\n'}
[0.374518] (drobo_interfaces) StdoutLine: {'line': b'-- Up-to-date: /home/ubuntu/git/daniel_ws/2023_controller_a/install/drobo_interfaces/include/drobo_interfaces/drobo_interfaces/msg/detail/md_lib_msg__struct.h\n'}
[0.374681] (drobo_interfaces) StdoutLine: {'line': b'-- Up-to-date: /home/ubuntu/git/daniel_ws/2023_controller_a/install/drobo_interfaces/include/drobo_interfaces/drobo_interfaces/msg/detail/md_lib_msg__type_support.h\n'}
[0.374763] (drobo_interfaces) StdoutLine: {'line': b'-- Up-to-date: /home/ubuntu/git/daniel_ws/2023_controller_a/install/drobo_interfaces/include/drobo_interfaces/drobo_interfaces/msg/detail/md_lib_msg__functions.h\n'}
[0.374854] (drobo_interfaces) StdoutLine: {'line': b'-- Up-to-date: /home/ubuntu/git/daniel_ws/2023_controller_a/install/drobo_interfaces/include/drobo_interfaces/drobo_interfaces/msg/detail/sd_lib_msg__type_support.h\n'}
[0.374943] (drobo_interfaces) StdoutLine: {'line': b'-- Up-to-date: /home/ubuntu/git/daniel_ws/2023_controller_a/install/drobo_interfaces/include/drobo_interfaces/drobo_interfaces/msg/detail/sd_lib_msg__struct.h\n'}
[0.375033] (drobo_interfaces) StdoutLine: {'line': b'-- Up-to-date: /home/ubuntu/git/daniel_ws/2023_controller_a/install/drobo_interfaces/include/drobo_interfaces/drobo_interfaces/msg/detail/md_lib_msg__functions.c\n'}
[0.375127] (drobo_interfaces) StdoutLine: {'line': b'-- Up-to-date: /home/ubuntu/git/daniel_ws/2023_controller_a/install/drobo_interfaces/include/drobo_interfaces/drobo_interfaces/msg/md_lib_msg.h\n'}
[0.375220] (drobo_interfaces) StdoutLine: {'line': b'-- Up-to-date: /home/ubuntu/git/daniel_ws/2023_controller_a/install/drobo_interfaces/include/drobo_interfaces/drobo_interfaces/srv\n'}
[0.375308] (drobo_interfaces) StdoutLine: {'line': b'-- Up-to-date: /home/ubuntu/git/daniel_ws/2023_controller_a/install/drobo_interfaces/include/drobo_interfaces/drobo_interfaces/srv/solenoid_state_srv.h\n'}
[0.375398] (drobo_interfaces) StdoutLine: {'line': b'-- Up-to-date: /home/ubuntu/git/daniel_ws/2023_controller_a/install/drobo_interfaces/include/drobo_interfaces/drobo_interfaces/srv/detail\n'}
[0.375487] (drobo_interfaces) StdoutLine: {'line': b'-- Up-to-date: /home/ubuntu/git/daniel_ws/2023_controller_a/install/drobo_interfaces/include/drobo_interfaces/drobo_interfaces/srv/detail/solenoid_state_srv__functions.c\n'}
[0.375579] (drobo_interfaces) StdoutLine: {'line': b'-- Up-to-date: /home/ubuntu/git/daniel_ws/2023_controller_a/install/drobo_interfaces/include/drobo_interfaces/drobo_interfaces/srv/detail/solenoid_state_srv__struct.h\n'}
[0.375667] (drobo_interfaces) StdoutLine: {'line': b'-- Up-to-date: /home/ubuntu/git/daniel_ws/2023_controller_a/install/drobo_interfaces/include/drobo_interfaces/drobo_interfaces/srv/detail/solenoid_state_srv__functions.h\n'}
[0.375756] (drobo_interfaces) StdoutLine: {'line': b'-- Up-to-date: /home/ubuntu/git/daniel_ws/2023_controller_a/install/drobo_interfaces/include/drobo_interfaces/drobo_interfaces/srv/detail/solenoid_state_srv__type_support.h\n'}
[0.375844] (drobo_interfaces) StdoutLine: {'line': b'-- Up-to-date: /home/ubuntu/git/daniel_ws/2023_controller_a/install/drobo_interfaces/share/drobo_interfaces/environment/library_path.sh\n'}
[0.375934] (drobo_interfaces) StdoutLine: {'line': b'-- Up-to-date: /home/ubuntu/git/daniel_ws/2023_controller_a/install/drobo_interfaces/share/drobo_interfaces/environment/library_path.dsv\n'}
[0.376022] (drobo_interfaces) StdoutLine: {'line': b'-- Up-to-date: /home/ubuntu/git/daniel_ws/2023_controller_a/install/drobo_interfaces/lib/libdrobo_interfaces__rosidl_generator_c.so\n'}
[0.376111] (drobo_interfaces) StdoutLine: {'line': b'-- Up-to-date: /home/ubuntu/git/daniel_ws/2023_controller_a/install/drobo_interfaces/include/drobo_interfaces/drobo_interfaces\n'}
[0.376200] (drobo_interfaces) StdoutLine: {'line': b'-- Up-to-date: /home/ubuntu/git/daniel_ws/2023_controller_a/install/drobo_interfaces/include/drobo_interfaces/drobo_interfaces/msg\n'}
[0.376288] (drobo_interfaces) StdoutLine: {'line': b'-- Up-to-date: /home/ubuntu/git/daniel_ws/2023_controller_a/install/drobo_interfaces/include/drobo_interfaces/drobo_interfaces/msg/rosidl_typesupport_fastrtps_c__visibility_control.h\n'}
[0.376379] (drobo_interfaces) StdoutLine: {'line': b'-- Up-to-date: /home/ubuntu/git/daniel_ws/2023_controller_a/install/drobo_interfaces/include/drobo_interfaces/drobo_interfaces/msg/detail\n'}
[0.376466] (drobo_interfaces) StdoutLine: {'line': b'-- Up-to-date: /home/ubuntu/git/daniel_ws/2023_controller_a/install/drobo_interfaces/include/drobo_interfaces/drobo_interfaces/msg/detail/md_lib_msg__rosidl_typesupport_fastrtps_c.h\n'}
[0.376557] (drobo_interfaces) StdoutLine: {'line': b'-- Up-to-date: /home/ubuntu/git/daniel_ws/2023_controller_a/install/drobo_interfaces/include/drobo_interfaces/drobo_interfaces/msg/detail/sd_lib_msg__rosidl_typesupport_fastrtps_c.h\n'}
[0.376646] (drobo_interfaces) StdoutLine: {'line': b'-- Up-to-date: /home/ubuntu/git/daniel_ws/2023_controller_a/install/drobo_interfaces/include/drobo_interfaces/drobo_interfaces/srv\n'}
[0.376733] (drobo_interfaces) StdoutLine: {'line': b'-- Up-to-date: /home/ubuntu/git/daniel_ws/2023_controller_a/install/drobo_interfaces/include/drobo_interfaces/drobo_interfaces/srv/detail\n'}
[0.376822] (drobo_interfaces) StdoutLine: {'line': b'-- Up-to-date: /home/ubuntu/git/daniel_ws/2023_controller_a/install/drobo_interfaces/include/drobo_interfaces/drobo_interfaces/srv/detail/solenoid_state_srv__rosidl_typesupport_fastrtps_c.h\n'}
[0.376955] (drobo_interfaces) StdoutLine: {'line': b'-- Up-to-date: /home/ubuntu/git/daniel_ws/2023_controller_a/install/drobo_interfaces/lib/libdrobo_interfaces__rosidl_typesupport_fastrtps_c.so\n'}
[0.377199] (drobo_interfaces) StdoutLine: {'line': b'-- Up-to-date: /home/ubuntu/git/daniel_ws/2023_controller_a/install/drobo_interfaces/include/drobo_interfaces/drobo_interfaces\n'}
[0.377294] (drobo_interfaces) StdoutLine: {'line': b'-- Up-to-date: /home/ubuntu/git/daniel_ws/2023_controller_a/install/drobo_interfaces/include/drobo_interfaces/drobo_interfaces/msg\n'}
[0.377399] (drobo_interfaces) StdoutLine: {'line': b'-- Up-to-date: /home/ubuntu/git/daniel_ws/2023_controller_a/install/drobo_interfaces/include/drobo_interfaces/drobo_interfaces/msg/rosidl_typesupport_introspection_c__visibility_control.h\n'}
[0.377489] (drobo_interfaces) StdoutLine: {'line': b'-- Up-to-date: /home/ubuntu/git/daniel_ws/2023_controller_a/install/drobo_interfaces/include/drobo_interfaces/drobo_interfaces/msg/detail\n'}
[0.377579] (drobo_interfaces) StdoutLine: {'line': b'-- Up-to-date: /home/ubuntu/git/daniel_ws/2023_controller_a/install/drobo_interfaces/include/drobo_interfaces/drobo_interfaces/msg/detail/md_lib_msg__rosidl_typesupport_introspection_c.h\n'}
[0.377668] (drobo_interfaces) StdoutLine: {'line': b'-- Up-to-date: /home/ubuntu/git/daniel_ws/2023_controller_a/install/drobo_interfaces/include/drobo_interfaces/drobo_interfaces/msg/detail/sd_lib_msg__type_support.c\n'}
[0.377757] (drobo_interfaces) StdoutLine: {'line': b'-- Up-to-date: /home/ubuntu/git/daniel_ws/2023_controller_a/install/drobo_interfaces/include/drobo_interfaces/drobo_interfaces/msg/detail/md_lib_msg__type_support.c\n'}
[0.377845] (drobo_interfaces) StdoutLine: {'line': b'-- Up-to-date: /home/ubuntu/git/daniel_ws/2023_controller_a/install/drobo_interfaces/include/drobo_interfaces/drobo_interfaces/msg/detail/sd_lib_msg__rosidl_typesupport_introspection_c.h\n'}
[0.377936] (drobo_interfaces) StdoutLine: {'line': b'-- Up-to-date: /home/ubuntu/git/daniel_ws/2023_controller_a/install/drobo_interfaces/include/drobo_interfaces/drobo_interfaces/srv\n'}
[0.378026] (drobo_interfaces) StdoutLine: {'line': b'-- Up-to-date: /home/ubuntu/git/daniel_ws/2023_controller_a/install/drobo_interfaces/include/drobo_interfaces/drobo_interfaces/srv/detail\n'}
[0.378118] (drobo_interfaces) StdoutLine: {'line': b'-- Up-to-date: /home/ubuntu/git/daniel_ws/2023_controller_a/install/drobo_interfaces/include/drobo_interfaces/drobo_interfaces/srv/detail/solenoid_state_srv__type_support.c\n'}
[0.378206] (drobo_interfaces) StdoutLine: {'line': b'-- Up-to-date: /home/ubuntu/git/daniel_ws/2023_controller_a/install/drobo_interfaces/include/drobo_interfaces/drobo_interfaces/srv/detail/solenoid_state_srv__rosidl_typesupport_introspection_c.h\n'}
[0.378296] (drobo_interfaces) StdoutLine: {'line': b'-- Up-to-date: /home/ubuntu/git/daniel_ws/2023_controller_a/install/drobo_interfaces/lib/libdrobo_interfaces__rosidl_typesupport_introspection_c.so\n'}
[0.378384] (drobo_interfaces) StdoutLine: {'line': b'-- Up-to-date: /home/ubuntu/git/daniel_ws/2023_controller_a/install/drobo_interfaces/lib/libdrobo_interfaces__rosidl_typesupport_c.so\n'}
[0.378702] (drobo_interfaces) StdoutLine: {'line': b'-- Up-to-date: /home/ubuntu/git/daniel_ws/2023_controller_a/install/drobo_interfaces/include/drobo_interfaces/drobo_interfaces\n'}
[0.378791] (drobo_interfaces) StdoutLine: {'line': b'-- Up-to-date: /home/ubuntu/git/daniel_ws/2023_controller_a/install/drobo_interfaces/include/drobo_interfaces/drobo_interfaces/msg\n'}
[0.378880] (drobo_interfaces) StdoutLine: {'line': b'-- Up-to-date: /home/ubuntu/git/daniel_ws/2023_controller_a/install/drobo_interfaces/include/drobo_interfaces/drobo_interfaces/msg/detail\n'}
[0.378969] (drobo_interfaces) StdoutLine: {'line': b'-- Up-to-date: /home/ubuntu/git/daniel_ws/2023_controller_a/install/drobo_interfaces/include/drobo_interfaces/drobo_interfaces/msg/detail/md_lib_msg__struct.hpp\n'}
[0.379058] (drobo_interfaces) StdoutLine: {'line': b'-- Up-to-date: /home/ubuntu/git/daniel_ws/2023_controller_a/install/drobo_interfaces/include/drobo_interfaces/drobo_interfaces/msg/detail/md_lib_msg__traits.hpp\n'}
[0.379152] (drobo_interfaces) StdoutLine: {'line': b'-- Up-to-date: /home/ubuntu/git/daniel_ws/2023_controller_a/install/drobo_interfaces/include/drobo_interfaces/drobo_interfaces/msg/detail/sd_lib_msg__builder.hpp\n'}
[0.379233] (drobo_interfaces) StdoutLine: {'line': b'-- Up-to-date: /home/ubuntu/git/daniel_ws/2023_controller_a/install/drobo_interfaces/include/drobo_interfaces/drobo_interfaces/msg/detail/sd_lib_msg__traits.hpp\n'}
[0.379314] (drobo_interfaces) StdoutLine: {'line': b'-- Up-to-date: /home/ubuntu/git/daniel_ws/2023_controller_a/install/drobo_interfaces/include/drobo_interfaces/drobo_interfaces/msg/detail/sd_lib_msg__struct.hpp\n'}
[0.379440] (drobo_interfaces) StdoutLine: {'line': b'-- Up-to-date: /home/ubuntu/git/daniel_ws/2023_controller_a/install/drobo_interfaces/include/drobo_interfaces/drobo_interfaces/msg/detail/md_lib_msg__builder.hpp\n'}
[0.379522] (drobo_interfaces) StdoutLine: {'line': b'-- Up-to-date: /home/ubuntu/git/daniel_ws/2023_controller_a/install/drobo_interfaces/include/drobo_interfaces/drobo_interfaces/msg/md_lib_msg.hpp\n'}
[0.379659] (drobo_interfaces) StdoutLine: {'line': b'-- Up-to-date: /home/ubuntu/git/daniel_ws/2023_controller_a/install/drobo_interfaces/include/drobo_interfaces/drobo_interfaces/msg/sd_lib_msg.hpp\n'}
[0.379737] (drobo_interfaces) StdoutLine: {'line': b'-- Up-to-date: /home/ubuntu/git/daniel_ws/2023_controller_a/install/drobo_interfaces/include/drobo_interfaces/drobo_interfaces/srv\n'}
[0.379817] (drobo_interfaces) StdoutLine: {'line': b'-- Up-to-date: /home/ubuntu/git/daniel_ws/2023_controller_a/install/drobo_interfaces/include/drobo_interfaces/drobo_interfaces/srv/solenoid_state_srv.hpp\n'}
[0.379895] (drobo_interfaces) StdoutLine: {'line': b'-- Up-to-date: /home/ubuntu/git/daniel_ws/2023_controller_a/install/drobo_interfaces/include/drobo_interfaces/drobo_interfaces/srv/detail\n'}
[0.379975] (drobo_interfaces) StdoutLine: {'line': b'-- Up-to-date: /home/ubuntu/git/daniel_ws/2023_controller_a/install/drobo_interfaces/include/drobo_interfaces/drobo_interfaces/srv/detail/solenoid_state_srv__builder.hpp\n'}
[0.380054] (drobo_interfaces) StdoutLine: {'line': b'-- Up-to-date: /home/ubuntu/git/daniel_ws/2023_controller_a/install/drobo_interfaces/include/drobo_interfaces/drobo_interfaces/srv/detail/solenoid_state_srv__traits.hpp\n'}
[0.380131] (drobo_interfaces) StdoutLine: {'line': b'-- Up-to-date: /home/ubuntu/git/daniel_ws/2023_controller_a/install/drobo_interfaces/include/drobo_interfaces/drobo_interfaces/srv/detail/solenoid_state_srv__struct.hpp\n'}
[0.380211] (drobo_interfaces) StdoutLine: {'line': b'-- Up-to-date: /home/ubuntu/git/daniel_ws/2023_controller_a/install/drobo_interfaces/include/drobo_interfaces/drobo_interfaces\n'}
[0.380289] (drobo_interfaces) StdoutLine: {'line': b'-- Up-to-date: /home/ubuntu/git/daniel_ws/2023_controller_a/install/drobo_interfaces/include/drobo_interfaces/drobo_interfaces/msg\n'}
[0.380367] (drobo_interfaces) StdoutLine: {'line': b'-- Up-to-date: /home/ubuntu/git/daniel_ws/2023_controller_a/install/drobo_interfaces/include/drobo_interfaces/drobo_interfaces/msg/rosidl_typesupport_fastrtps_cpp__visibility_control.h\n'}
[0.380446] (drobo_interfaces) StdoutLine: {'line': b'-- Up-to-date: /home/ubuntu/git/daniel_ws/2023_controller_a/install/drobo_interfaces/include/drobo_interfaces/drobo_interfaces/msg/detail\n'}
[0.380522] (drobo_interfaces) StdoutLine: {'line': b'-- Up-to-date: /home/ubuntu/git/daniel_ws/2023_controller_a/install/drobo_interfaces/include/drobo_interfaces/drobo_interfaces/msg/detail/sd_lib_msg__rosidl_typesupport_fastrtps_cpp.hpp\n'}
[0.380602] (drobo_interfaces) StdoutLine: {'line': b'-- Up-to-date: /home/ubuntu/git/daniel_ws/2023_controller_a/install/drobo_interfaces/include/drobo_interfaces/drobo_interfaces/msg/detail/dds_fastrtps\n'}
[0.380681] (drobo_interfaces) StdoutLine: {'line': b'-- Up-to-date: /home/ubuntu/git/daniel_ws/2023_controller_a/install/drobo_interfaces/include/drobo_interfaces/drobo_interfaces/msg/detail/md_lib_msg__rosidl_typesupport_fastrtps_cpp.hpp\n'}
[0.380760] (drobo_interfaces) StdoutLine: {'line': b'-- Up-to-date: /home/ubuntu/git/daniel_ws/2023_controller_a/install/drobo_interfaces/include/drobo_interfaces/drobo_interfaces/srv\n'}
[0.380838] (drobo_interfaces) StdoutLine: {'line': b'-- Up-to-date: /home/ubuntu/git/daniel_ws/2023_controller_a/install/drobo_interfaces/include/drobo_interfaces/drobo_interfaces/srv/detail\n'}
[0.380914] (drobo_interfaces) StdoutLine: {'line': b'-- Up-to-date: /home/ubuntu/git/daniel_ws/2023_controller_a/install/drobo_interfaces/include/drobo_interfaces/drobo_interfaces/srv/detail/solenoid_state_srv__rosidl_typesupport_fastrtps_cpp.hpp\n'}
[0.380993] (drobo_interfaces) StdoutLine: {'line': b'-- Up-to-date: /home/ubuntu/git/daniel_ws/2023_controller_a/install/drobo_interfaces/include/drobo_interfaces/drobo_interfaces/srv/detail/dds_fastrtps\n'}
[0.381071] (drobo_interfaces) StdoutLine: {'line': b'-- Up-to-date: /home/ubuntu/git/daniel_ws/2023_controller_a/install/drobo_interfaces/lib/libdrobo_interfaces__rosidl_typesupport_fastrtps_cpp.so\n'}
[0.381148] (drobo_interfaces) StdoutLine: {'line': b'-- Up-to-date: /home/ubuntu/git/daniel_ws/2023_controller_a/install/drobo_interfaces/include/drobo_interfaces/drobo_interfaces\n'}
[0.381228] (drobo_interfaces) StdoutLine: {'line': b'-- Up-to-date: /home/ubuntu/git/daniel_ws/2023_controller_a/install/drobo_interfaces/include/drobo_interfaces/drobo_interfaces/msg\n'}
[0.381306] (drobo_interfaces) StdoutLine: {'line': b'-- Up-to-date: /home/ubuntu/git/daniel_ws/2023_controller_a/install/drobo_interfaces/include/drobo_interfaces/drobo_interfaces/msg/detail\n'}
[0.381401] (drobo_interfaces) StdoutLine: {'line': b'-- Up-to-date: /home/ubuntu/git/daniel_ws/2023_controller_a/install/drobo_interfaces/include/drobo_interfaces/drobo_interfaces/msg/detail/md_lib_msg__type_support.cpp\n'}
[0.381480] (drobo_interfaces) StdoutLine: {'line': b'-- Up-to-date: /home/ubuntu/git/daniel_ws/2023_controller_a/install/drobo_interfaces/include/drobo_interfaces/drobo_interfaces/msg/detail/sd_lib_msg__type_support.cpp\n'}
[0.381557] (drobo_interfaces) StdoutLine: {'line': b'-- Up-to-date: /home/ubuntu/git/daniel_ws/2023_controller_a/install/drobo_interfaces/include/drobo_interfaces/drobo_interfaces/msg/detail/sd_lib_msg__rosidl_typesupport_introspection_cpp.hpp\n'}
[0.381642] (drobo_interfaces) StdoutLine: {'line': b'-- Up-to-date: /home/ubuntu/git/daniel_ws/2023_controller_a/install/drobo_interfaces/include/drobo_interfaces/drobo_interfaces/msg/detail/md_lib_msg__rosidl_typesupport_introspection_cpp.hpp\n'}
[0.381722] (drobo_interfaces) StdoutLine: {'line': b'-- Up-to-date: /home/ubuntu/git/daniel_ws/2023_controller_a/install/drobo_interfaces/include/drobo_interfaces/drobo_interfaces/srv\n'}
[0.381800] (drobo_interfaces) StdoutLine: {'line': b'-- Up-to-date: /home/ubuntu/git/daniel_ws/2023_controller_a/install/drobo_interfaces/include/drobo_interfaces/drobo_interfaces/srv/detail\n'}
[0.381878] (drobo_interfaces) StdoutLine: {'line': b'-- Up-to-date: /home/ubuntu/git/daniel_ws/2023_controller_a/install/drobo_interfaces/include/drobo_interfaces/drobo_interfaces/srv/detail/solenoid_state_srv__rosidl_typesupport_introspection_cpp.hpp\n'}
[0.381957] (drobo_interfaces) StdoutLine: {'line': b'-- Up-to-date: /home/ubuntu/git/daniel_ws/2023_controller_a/install/drobo_interfaces/include/drobo_interfaces/drobo_interfaces/srv/detail/solenoid_state_srv__type_support.cpp\n'}
[0.382034] (drobo_interfaces) StdoutLine: {'line': b'-- Up-to-date: /home/ubuntu/git/daniel_ws/2023_controller_a/install/drobo_interfaces/lib/libdrobo_interfaces__rosidl_typesupport_introspection_cpp.so\n'}
[0.382112] (drobo_interfaces) StdoutLine: {'line': b'-- Up-to-date: /home/ubuntu/git/daniel_ws/2023_controller_a/install/drobo_interfaces/lib/libdrobo_interfaces__rosidl_typesupport_cpp.so\n'}
[0.382189] (drobo_interfaces) StdoutLine: {'line': b'-- Up-to-date: /home/ubuntu/git/daniel_ws/2023_controller_a/install/drobo_interfaces/share/drobo_interfaces/environment/pythonpath.sh\n'}
[0.382267] (drobo_interfaces) StdoutLine: {'line': b'-- Up-to-date: /home/ubuntu/git/daniel_ws/2023_controller_a/install/drobo_interfaces/share/drobo_interfaces/environment/pythonpath.dsv\n'}
[0.382345] (drobo_interfaces) StdoutLine: {'line': b'-- Up-to-date: /home/ubuntu/git/daniel_ws/2023_controller_a/install/drobo_interfaces/local/lib/python3.10/dist-packages/drobo_interfaces-0.0.0-py3.10.egg-info\n'}
[0.382424] (drobo_interfaces) StdoutLine: {'line': b'-- Installing: /home/ubuntu/git/daniel_ws/2023_controller_a/install/drobo_interfaces/local/lib/python3.10/dist-packages/drobo_interfaces-0.0.0-py3.10.egg-info/PKG-INFO\n'}
[0.382501] (drobo_interfaces) StdoutLine: {'line': b'-- Installing: /home/ubuntu/git/daniel_ws/2023_controller_a/install/drobo_interfaces/local/lib/python3.10/dist-packages/drobo_interfaces-0.0.0-py3.10.egg-info/SOURCES.txt\n'}
[0.382580] (drobo_interfaces) StdoutLine: {'line': b'-- Installing: /home/ubuntu/git/daniel_ws/2023_controller_a/install/drobo_interfaces/local/lib/python3.10/dist-packages/drobo_interfaces-0.0.0-py3.10.egg-info/top_level.txt\n'}
[0.382657] (drobo_interfaces) StdoutLine: {'line': b'-- Installing: /home/ubuntu/git/daniel_ws/2023_controller_a/install/drobo_interfaces/local/lib/python3.10/dist-packages/drobo_interfaces-0.0.0-py3.10.egg-info/dependency_links.txt\n'}
[0.382746] (drobo_interfaces) StdoutLine: {'line': b'-- Up-to-date: /home/ubuntu/git/daniel_ws/2023_controller_a/install/drobo_interfaces/local/lib/python3.10/dist-packages/drobo_interfaces\n'}
[0.382824] (drobo_interfaces) StdoutLine: {'line': b'-- Up-to-date: /home/ubuntu/git/daniel_ws/2023_controller_a/install/drobo_interfaces/local/lib/python3.10/dist-packages/drobo_interfaces/drobo_interfaces_s__rosidl_typesupport_c.cpython-310-aarch64-linux-gnu.so\n'}
[0.382904] (drobo_interfaces) StdoutLine: {'line': b'-- Up-to-date: /home/ubuntu/git/daniel_ws/2023_controller_a/install/drobo_interfaces/local/lib/python3.10/dist-packages/drobo_interfaces/drobo_interfaces_s__rosidl_typesupport_fastrtps_c.cpython-310-aarch64-linux-gnu.so\n'}
[0.382982] (drobo_interfaces) StdoutLine: {'line': b'-- Up-to-date: /home/ubuntu/git/daniel_ws/2023_controller_a/install/drobo_interfaces/local/lib/python3.10/dist-packages/drobo_interfaces/_drobo_interfaces_s.ep.rosidl_typesupport_introspection_c.c\n'}
[0.383061] (drobo_interfaces) StdoutLine: {'line': b'-- Up-to-date: /home/ubuntu/git/daniel_ws/2023_controller_a/install/drobo_interfaces/local/lib/python3.10/dist-packages/drobo_interfaces/drobo_interfaces_s__rosidl_typesupport_introspection_c.cpython-310-aarch64-linux-gnu.so\n'}
[0.383249] (drobo_interfaces) StdoutLine: {'line': b'-- Up-to-date: /home/ubuntu/git/daniel_ws/2023_controller_a/install/drobo_interfaces/local/lib/python3.10/dist-packages/drobo_interfaces/_drobo_interfaces_s.ep.rosidl_typesupport_c.c\n'}
[0.383333] (drobo_interfaces) StdoutLine: {'line': b'-- Up-to-date: /home/ubuntu/git/daniel_ws/2023_controller_a/install/drobo_interfaces/local/lib/python3.10/dist-packages/drobo_interfaces/msg\n'}
[0.383409] (drobo_interfaces) StdoutLine: {'line': b'-- Up-to-date: /home/ubuntu/git/daniel_ws/2023_controller_a/install/drobo_interfaces/local/lib/python3.10/dist-packages/drobo_interfaces/msg/_sd_lib_msg.py\n'}
[0.383488] (drobo_interfaces) StdoutLine: {'line': b'-- Up-to-date: /home/ubuntu/git/daniel_ws/2023_controller_a/install/drobo_interfaces/local/lib/python3.10/dist-packages/drobo_interfaces/msg/_md_lib_msg.py\n'}
[0.383566] (drobo_interfaces) StdoutLine: {'line': b'-- Up-to-date: /home/ubuntu/git/daniel_ws/2023_controller_a/install/drobo_interfaces/local/lib/python3.10/dist-packages/drobo_interfaces/msg/__init__.py\n'}
[0.383644] (drobo_interfaces) StdoutLine: {'line': b'-- Up-to-date: /home/ubuntu/git/daniel_ws/2023_controller_a/install/drobo_interfaces/local/lib/python3.10/dist-packages/drobo_interfaces/msg/_md_lib_msg_s.c\n'}
[0.383720] (drobo_interfaces) StdoutLine: {'line': b'-- Up-to-date: /home/ubuntu/git/daniel_ws/2023_controller_a/install/drobo_interfaces/local/lib/python3.10/dist-packages/drobo_interfaces/msg/_sd_lib_msg_s.c\n'}
[0.383797] (drobo_interfaces) StdoutLine: {'line': b'-- Up-to-date: /home/ubuntu/git/daniel_ws/2023_controller_a/install/drobo_interfaces/local/lib/python3.10/dist-packages/drobo_interfaces/__init__.py\n'}
[0.383875] (drobo_interfaces) StdoutLine: {'line': b'-- Up-to-date: /home/ubuntu/git/daniel_ws/2023_controller_a/install/drobo_interfaces/local/lib/python3.10/dist-packages/drobo_interfaces/libdrobo_interfaces__rosidl_generator_py.so\n'}
[0.383952] (drobo_interfaces) StdoutLine: {'line': b'-- Up-to-date: /home/ubuntu/git/daniel_ws/2023_controller_a/install/drobo_interfaces/local/lib/python3.10/dist-packages/drobo_interfaces/_drobo_interfaces_s.ep.rosidl_typesupport_fastrtps_c.c\n'}
[0.384029] (drobo_interfaces) StdoutLine: {'line': b'-- Up-to-date: /home/ubuntu/git/daniel_ws/2023_controller_a/install/drobo_interfaces/local/lib/python3.10/dist-packages/drobo_interfaces/srv\n'}
[0.384107] (drobo_interfaces) StdoutLine: {'line': b'-- Up-to-date: /home/ubuntu/git/daniel_ws/2023_controller_a/install/drobo_interfaces/local/lib/python3.10/dist-packages/drobo_interfaces/srv/_solenoid_state_srv_s.c\n'}
[0.384184] (drobo_interfaces) StdoutLine: {'line': b'-- Up-to-date: /home/ubuntu/git/daniel_ws/2023_controller_a/install/drobo_interfaces/local/lib/python3.10/dist-packages/drobo_interfaces/srv/__init__.py\n'}
[0.384260] (drobo_interfaces) StdoutLine: {'line': b'-- Up-to-date: /home/ubuntu/git/daniel_ws/2023_controller_a/install/drobo_interfaces/local/lib/python3.10/dist-packages/drobo_interfaces/srv/_solenoid_state_srv.py\n'}
[0.399544] (-) TimerEvent: {}
[0.400323] (drobo_interfaces) StdoutLine: {'line': b"Listing '/home/ubuntu/git/daniel_ws/2023_controller_a/install/drobo_interfaces/local/lib/python3.10/dist-packages/drobo_interfaces'...\n"}
[0.400620] (drobo_interfaces) StdoutLine: {'line': b"Listing '/home/ubuntu/git/daniel_ws/2023_controller_a/install/drobo_interfaces/local/lib/python3.10/dist-packages/drobo_interfaces/msg'...\n"}
[0.400892] (drobo_interfaces) StdoutLine: {'line': b"Listing '/home/ubuntu/git/daniel_ws/2023_controller_a/install/drobo_interfaces/local/lib/python3.10/dist-packages/drobo_interfaces/srv'...\n"}
[0.402538] (drobo_interfaces) StdoutLine: {'line': b'-- Up-to-date: /home/ubuntu/git/daniel_ws/2023_controller_a/install/drobo_interfaces/local/lib/python3.10/dist-packages/drobo_interfaces/drobo_interfaces_s__rosidl_typesupport_fastrtps_c.cpython-310-aarch64-linux-gnu.so\n'}
[0.402951] (drobo_interfaces) StdoutLine: {'line': b'-- Up-to-date: /home/ubuntu/git/daniel_ws/2023_controller_a/install/drobo_interfaces/local/lib/python3.10/dist-packages/drobo_interfaces/drobo_interfaces_s__rosidl_typesupport_introspection_c.cpython-310-aarch64-linux-gnu.so\n'}
[0.404298] (drobo_interfaces) StdoutLine: {'line': b'-- Up-to-date: /home/ubuntu/git/daniel_ws/2023_controller_a/install/drobo_interfaces/local/lib/python3.10/dist-packages/drobo_interfaces/drobo_interfaces_s__rosidl_typesupport_c.cpython-310-aarch64-linux-gnu.so\n'}
[0.404602] (drobo_interfaces) StdoutLine: {'line': b'-- Up-to-date: /home/ubuntu/git/daniel_ws/2023_controller_a/install/drobo_interfaces/lib/libdrobo_interfaces__rosidl_generator_py.so\n'}
[0.405177] (drobo_interfaces) StdoutLine: {'line': b'-- Up-to-date: /home/ubuntu/git/daniel_ws/2023_controller_a/install/drobo_interfaces/share/drobo_interfaces/msg/MdLibMsg.idl\n'}
[0.405993] (drobo_interfaces) StdoutLine: {'line': b'-- Up-to-date: /home/ubuntu/git/daniel_ws/2023_controller_a/install/drobo_interfaces/share/drobo_interfaces/msg/SdLibMsg.idl\n'}
[0.406396] (drobo_interfaces) StdoutLine: {'line': b'-- Up-to-date: /home/ubuntu/git/daniel_ws/2023_controller_a/install/drobo_interfaces/share/drobo_interfaces/srv/SolenoidStateSrv.idl\n'}
[0.406773] (drobo_interfaces) StdoutLine: {'line': b'-- Up-to-date: /home/ubuntu/git/daniel_ws/2023_controller_a/install/drobo_interfaces/share/drobo_interfaces/msg/MdLibMsg.msg\n'}
[0.407163] (drobo_interfaces) StdoutLine: {'line': b'-- Up-to-date: /home/ubuntu/git/daniel_ws/2023_controller_a/install/drobo_interfaces/share/drobo_interfaces/msg/SdLibMsg.msg\n'}
[0.407561] (drobo_interfaces) StdoutLine: {'line': b'-- Up-to-date: /home/ubuntu/git/daniel_ws/2023_controller_a/install/drobo_interfaces/share/drobo_interfaces/srv/SolenoidStateSrv.srv\n'}
[0.407976] (drobo_interfaces) StdoutLine: {'line': b'-- Up-to-date: /home/ubuntu/git/daniel_ws/2023_controller_a/install/drobo_interfaces/share/drobo_interfaces/srv/SolenoidStateSrv_Request.msg\n'}
[0.408359] (drobo_interfaces) StdoutLine: {'line': b'-- Up-to-date: /home/ubuntu/git/daniel_ws/2023_controller_a/install/drobo_interfaces/share/drobo_interfaces/srv/SolenoidStateSrv_Response.msg\n'}
[0.408745] (drobo_interfaces) StdoutLine: {'line': b'-- Up-to-date: /home/ubuntu/git/daniel_ws/2023_controller_a/install/drobo_interfaces/share/ament_index/resource_index/package_run_dependencies/drobo_interfaces\n'}
[0.409177] (drobo_interfaces) StdoutLine: {'line': b'-- Up-to-date: /home/ubuntu/git/daniel_ws/2023_controller_a/install/drobo_interfaces/share/ament_index/resource_index/parent_prefix_path/drobo_interfaces\n'}
[0.409572] (drobo_interfaces) StdoutLine: {'line': b'-- Up-to-date: /home/ubuntu/git/daniel_ws/2023_controller_a/install/drobo_interfaces/share/drobo_interfaces/environment/ament_prefix_path.sh\n'}
[0.409962] (drobo_interfaces) StdoutLine: {'line': b'-- Up-to-date: /home/ubuntu/git/daniel_ws/2023_controller_a/install/drobo_interfaces/share/drobo_interfaces/environment/ament_prefix_path.dsv\n'}
[0.410418] (drobo_interfaces) StdoutLine: {'line': b'-- Up-to-date: /home/ubuntu/git/daniel_ws/2023_controller_a/install/drobo_interfaces/share/drobo_interfaces/environment/path.sh\n'}
[0.410801] (drobo_interfaces) StdoutLine: {'line': b'-- Up-to-date: /home/ubuntu/git/daniel_ws/2023_controller_a/install/drobo_interfaces/share/drobo_interfaces/environment/path.dsv\n'}
[0.411154] (drobo_interfaces) StdoutLine: {'line': b'-- Up-to-date: /home/ubuntu/git/daniel_ws/2023_controller_a/install/drobo_interfaces/share/drobo_interfaces/local_setup.bash\n'}
[0.411679] (drobo_interfaces) StdoutLine: {'line': b'-- Up-to-date: /home/ubuntu/git/daniel_ws/2023_controller_a/install/drobo_interfaces/share/drobo_interfaces/local_setup.sh\n'}
[0.412092] (drobo_interfaces) StdoutLine: {'line': b'-- Up-to-date: /home/ubuntu/git/daniel_ws/2023_controller_a/install/drobo_interfaces/share/drobo_interfaces/local_setup.zsh\n'}
[0.412669] (drobo_interfaces) StdoutLine: {'line': b'-- Up-to-date: /home/ubuntu/git/daniel_ws/2023_controller_a/install/drobo_interfaces/share/drobo_interfaces/local_setup.dsv\n'}
[0.413033] (drobo_interfaces) StdoutLine: {'line': b'-- Installing: /home/ubuntu/git/daniel_ws/2023_controller_a/install/drobo_interfaces/share/drobo_interfaces/package.dsv\n'}
[0.413434] (drobo_interfaces) StdoutLine: {'line': b'-- Up-to-date: /home/ubuntu/git/daniel_ws/2023_controller_a/install/drobo_interfaces/share/ament_index/resource_index/packages/drobo_interfaces\n'}
[0.413874] (drobo_interfaces) StdoutLine: {'line': b'-- Up-to-date: /home/ubuntu/git/daniel_ws/2023_controller_a/install/drobo_interfaces/share/drobo_interfaces/cmake/export_drobo_interfaces__rosidl_generator_cExport.cmake\n'}
[0.414368] (drobo_interfaces) StdoutLine: {'line': b'-- Up-to-date: /home/ubuntu/git/daniel_ws/2023_controller_a/install/drobo_interfaces/share/drobo_interfaces/cmake/export_drobo_interfaces__rosidl_generator_cExport-noconfig.cmake\n'}
[0.415091] (drobo_interfaces) StdoutLine: {'line': b'-- Up-to-date: /home/ubuntu/git/daniel_ws/2023_controller_a/install/drobo_interfaces/share/drobo_interfaces/cmake/export_drobo_interfaces__rosidl_typesupport_fastrtps_cExport.cmake\n'}
[0.415670] (drobo_interfaces) StdoutLine: {'line': b'-- Up-to-date: /home/ubuntu/git/daniel_ws/2023_controller_a/install/drobo_interfaces/share/drobo_interfaces/cmake/export_drobo_interfaces__rosidl_typesupport_fastrtps_cExport-noconfig.cmake\n'}
[0.416039] (drobo_interfaces) StdoutLine: {'line': b'-- Up-to-date: /home/ubuntu/git/daniel_ws/2023_controller_a/install/drobo_interfaces/share/drobo_interfaces/cmake/drobo_interfaces__rosidl_typesupport_introspection_cExport.cmake\n'}
[0.416438] (drobo_interfaces) StdoutLine: {'line': b'-- Up-to-date: /home/ubuntu/git/daniel_ws/2023_controller_a/install/drobo_interfaces/share/drobo_interfaces/cmake/drobo_interfaces__rosidl_typesupport_introspection_cExport-noconfig.cmake\n'}
[0.416964] (drobo_interfaces) StdoutLine: {'line': b'-- Up-to-date: /home/ubuntu/git/daniel_ws/2023_controller_a/install/drobo_interfaces/share/drobo_interfaces/cmake/drobo_interfaces__rosidl_typesupport_cExport.cmake\n'}
[0.417546] (drobo_interfaces) StdoutLine: {'line': b'-- Up-to-date: /home/ubuntu/git/daniel_ws/2023_controller_a/install/drobo_interfaces/share/drobo_interfaces/cmake/drobo_interfaces__rosidl_typesupport_cExport-noconfig.cmake\n'}
[0.417896] (drobo_interfaces) StdoutLine: {'line': b'-- Up-to-date: /home/ubuntu/git/daniel_ws/2023_controller_a/install/drobo_interfaces/share/drobo_interfaces/cmake/export_drobo_interfaces__rosidl_generator_cppExport.cmake\n'}
[0.418474] (drobo_interfaces) StdoutLine: {'line': b'-- Up-to-date: /home/ubuntu/git/daniel_ws/2023_controller_a/install/drobo_interfaces/share/drobo_interfaces/cmake/export_drobo_interfaces__rosidl_typesupport_fastrtps_cppExport.cmake\n'}
[0.418736] (drobo_interfaces) StdoutLine: {'line': b'-- Up-to-date: /home/ubuntu/git/daniel_ws/2023_controller_a/install/drobo_interfaces/share/drobo_interfaces/cmake/export_drobo_interfaces__rosidl_typesupport_fastrtps_cppExport-noconfig.cmake\n'}
[0.419056] (drobo_interfaces) StdoutLine: {'line': b'-- Up-to-date: /home/ubuntu/git/daniel_ws/2023_controller_a/install/drobo_interfaces/share/drobo_interfaces/cmake/drobo_interfaces__rosidl_typesupport_introspection_cppExport.cmake\n'}
[0.419463] (drobo_interfaces) StdoutLine: {'line': b'-- Up-to-date: /home/ubuntu/git/daniel_ws/2023_controller_a/install/drobo_interfaces/share/drobo_interfaces/cmake/drobo_interfaces__rosidl_typesupport_introspection_cppExport-noconfig.cmake\n'}
[0.419740] (drobo_interfaces) StdoutLine: {'line': b'-- Up-to-date: /home/ubuntu/git/daniel_ws/2023_controller_a/install/drobo_interfaces/share/drobo_interfaces/cmake/drobo_interfaces__rosidl_typesupport_cppExport.cmake\n'}
[0.420205] (drobo_interfaces) StdoutLine: {'line': b'-- Up-to-date: /home/ubuntu/git/daniel_ws/2023_controller_a/install/drobo_interfaces/share/drobo_interfaces/cmake/drobo_interfaces__rosidl_typesupport_cppExport-noconfig.cmake\n'}
[0.420615] (drobo_interfaces) StdoutLine: {'line': b'-- Up-to-date: /home/ubuntu/git/daniel_ws/2023_controller_a/install/drobo_interfaces/share/drobo_interfaces/cmake/export_drobo_interfaces__rosidl_generator_pyExport.cmake\n'}
[0.420731] (drobo_interfaces) StdoutLine: {'line': b'-- Up-to-date: /home/ubuntu/git/daniel_ws/2023_controller_a/install/drobo_interfaces/share/drobo_interfaces/cmake/export_drobo_interfaces__rosidl_generator_pyExport-noconfig.cmake\n'}
[0.421051] (drobo_interfaces) StdoutLine: {'line': b'-- Up-to-date: /home/ubuntu/git/daniel_ws/2023_controller_a/install/drobo_interfaces/share/drobo_interfaces/cmake/rosidl_cmake-extras.cmake\n'}
[0.421171] (drobo_interfaces) StdoutLine: {'line': b'-- Up-to-date: /home/ubuntu/git/daniel_ws/2023_controller_a/install/drobo_interfaces/share/drobo_interfaces/cmake/ament_cmake_export_include_directories-extras.cmake\n'}
[0.421657] (drobo_interfaces) StdoutLine: {'line': b'-- Up-to-date: /home/ubuntu/git/daniel_ws/2023_controller_a/install/drobo_interfaces/share/drobo_interfaces/cmake/ament_cmake_export_libraries-extras.cmake\n'}
[0.422957] (drobo_interfaces) StdoutLine: {'line': b'-- Up-to-date: /home/ubuntu/git/daniel_ws/2023_controller_a/install/drobo_interfaces/share/drobo_interfaces/cmake/ament_cmake_export_targets-extras.cmake\n'}
[0.423108] (drobo_interfaces) StdoutLine: {'line': b'-- Up-to-date: /home/ubuntu/git/daniel_ws/2023_controller_a/install/drobo_interfaces/share/drobo_interfaces/cmake/rosidl_cmake_export_typesupport_targets-extras.cmake\n'}
[0.423290] (drobo_interfaces) StdoutLine: {'line': b'-- Up-to-date: /home/ubuntu/git/daniel_ws/2023_controller_a/install/drobo_interfaces/share/drobo_interfaces/cmake/ament_cmake_export_dependencies-extras.cmake\n'}
[0.423475] (drobo_interfaces) StdoutLine: {'line': b'-- Up-to-date: /home/ubuntu/git/daniel_ws/2023_controller_a/install/drobo_interfaces/share/drobo_interfaces/cmake/rosidl_cmake_export_typesupport_libraries-extras.cmake\n'}
[0.423670] (drobo_interfaces) StdoutLine: {'line': b'-- Up-to-date: /home/ubuntu/git/daniel_ws/2023_controller_a/install/drobo_interfaces/share/drobo_interfaces/cmake/drobo_interfacesConfig.cmake\n'}
[0.423796] (drobo_interfaces) StdoutLine: {'line': b'-- Up-to-date: /home/ubuntu/git/daniel_ws/2023_controller_a/install/drobo_interfaces/share/drobo_interfaces/cmake/drobo_interfacesConfig-version.cmake\n'}
[0.423966] (drobo_interfaces) StdoutLine: {'line': b'-- Up-to-date: /home/ubuntu/git/daniel_ws/2023_controller_a/install/drobo_interfaces/share/drobo_interfaces/package.xml\n'}
[0.424150] (drobo_interfaces) CommandEnded: {'returncode': 0}
[0.499664] (-) TimerEvent: {}
[0.546803] (drobo_interfaces) JobEnded: {'identifier': 'drobo_interfaces', 'rc': 0}
[0.549857] (controller_2023_a) JobStarted: {'identifier': 'controller_2023_a'}
[0.573497] (omni_control) JobStarted: {'identifier': 'omni_control'}
[0.598021] (controller_2023_a) JobProgress: {'identifier': 'controller_2023_a', 'progress': 'prepare'}
[0.599760] (-) TimerEvent: {}
[0.606698] (controller_2023_a) JobProgress: {'identifier': 'controller_2023_a', 'progress': 'build'}
[0.606780] (controller_2023_a) Command: {'cmd': ['/home/ubuntu/.cargo/bin/cargo', 'ament-build', '--install-base', '/home/ubuntu/git/daniel_ws/2023_controller_a/install/controller_2023_a', '--', '--manifest-path', '/home/ubuntu/git/daniel_ws/2023_controller_a/src/controller_2023_a/Cargo.toml', '--target-dir', '/home/ubuntu/git/daniel_ws/2023_controller_a/build/controller_2023_a', '--quiet', '--release'], 'cwd': PosixPath('src/controller_2023_a'), 'env': OrderedDict([('USER', 'daniel_ezomo'), ('XDG_SESSION_TYPE', 'wayland'), ('SHLVL', '1'), ('LD_LIBRARY_PATH', '/home/ubuntu/git/daniel_ws/2023_controller_a/install/drobo_interfaces/lib:/opt/ros/humble/opt/rviz_ogre_vendor/lib:/opt/ros/humble/lib/aarch64-linux-gnu:/opt/ros/humble/lib'), ('OLDPWD', '/home/ubuntu/git/daniel_ws'), ('HOME', '/home/ubuntu'), ('DESKTOP_SESSION', 'ubuntu'), ('GTK_MODULES', 'gail:atk-bridge'), ('GNOME_SHELL_SESSION_MODE', 'ubuntu'), ('ROS_PYTHON_VERSION', '3'), ('SYSTEMD_EXEC_PID', '1927'), ('DBUS_SESSION_BUS_ADDRESS', 'unix:path=/run/user/1000/bus'), ('P9K_TTY', 'old'), ('COLORTERM', 'truecolor'), ('ZPFX', '/home/ubuntu/.local/share/zinit/polaris'), ('WAYLAND_DISPLAY', 'wayland-0'), ('ROS_DISTRO', 'humble'), ('COLCON_PREFIX_PATH', '/home/ubuntu/git/daniel_ws/2023_controller_a/install'), ('LOGNAME', 'daniel_ezomo'), ('_', '/usr/bin/colcon'), ('_P9K_SSH_TTY', '/dev/pts/0'), ('XDG_SESSION_CLASS', 'user'), ('ROS_VERSION', '2'), ('USERNAME', 'daniel_ezomo'), ('TERM', 'xterm-256color'), ('GNOME_DESKTOP_SESSION_ID', 'this-is-deprecated'), ('ROS_LOCALHOST_ONLY', '0'), ('ZSH_CACHE_DIR', '/home/ubuntu/.cache/zinit'), ('PMSPEC', '0uUpiPsf'), ('PATH', '/opt/ros/humble/bin:/home/ubuntu/.local/share/zinit/polaris/bin:/home/ubuntu/.cargo/bin:/usr/local/sbin:/usr/local/bin:/usr/sbin:/usr/bin:/sbin:/bin:/usr/games:/usr/local/games:/snap/bin:/snap/bin'), ('SESSION_MANAGER', 'local/ezomo:@/tmp/.ICE-unix/1909,unix/ezomo:/tmp/.ICE-unix/1909'), ('GNOME_TERMINAL_SCREEN', '/org/gnome/Terminal/screen/48a602dd_19c0_4514_9e12_2f5b92e85767'), ('XDG_MENU_PREFIX', 'gnome-'), ('GNOME_SETUP_DISPLAY', ':1'), ('XDG_RUNTIME_DIR', '/run/user/1000'), ('DISPLAY', ':0'), ('XDG_CURRENT_DESKTOP', 'ubuntu:GNOME'), ('LANG', 'en_US.UTF-8'), ('XDG_SESSION_DESKTOP', 'ubuntu'), ('GNOME_TERMINAL_SERVICE', ':1.123'), ('XMODIFIERS', '@im=ibus'), ('XAUTHORITY', '/run/user/1000/.mutter-Xwaylandauth.D5AUI2'), ('SSH_AUTH_SOCK', '/run/user/1000/keyring/ssh'), ('SSH_AGENT_LAUNCHER', 'gnome-keyring'), ('AMENT_PREFIX_PATH', '/home/ubuntu/git/daniel_ws/2023_controller_a/install/omni_control:/home/ubuntu/git/daniel_ws/2023_controller_a/install/controller_2023_a:/home/ubuntu/git/daniel_ws/2023_controller_a/install/drobo_interfaces:/home/ubuntu/git/daniel_ws/2023_controller_a/install/controller_2023_launch_a:/opt/ros/humble'), ('SHELL', '/usr/bin/zsh'), ('QT_ACCESSIBILITY', '1'), ('GDMSESSION', 'ubuntu'), ('P9K_SSH', '0'), ('QT_IM_MODULE', 'ibus'), ('LC_ALL', 'en_US.UTF-8'), ('PWD', '/home/ubuntu/git/daniel_ws/2023_controller_a/build/controller_2023_a'), ('XDG_DATA_DIRS', '/usr/local/share/:/usr/share/:/var/lib/snapd/desktop'), ('_P9K_TTY', '/dev/pts/0'), ('PYTHONPATH', '/home/ubuntu/git/daniel_ws/2023_controller_a/install/drobo_interfaces/local/lib/python3.10/dist-packages:/opt/ros/humble/lib/python3.10/site-packages:/opt/ros/humble/local/lib/python3.10/dist-packages'), ('COLCON', '1'), ('VTE_VERSION', '6800'), ('CMAKE_PREFIX_PATH', '/home/ubuntu/git/daniel_ws/2023_controller_a/install/drobo_interfaces:/home/ubuntu/git/daniel_ws/2023_controller_a/install/controller_2023_launch_a')]), 'shell': False}
[0.609006] (omni_control) JobProgress: {'identifier': 'omni_control', 'progress': 'prepare'}
[0.617434] (omni_control) JobProgress: {'identifier': 'omni_control', 'progress': 'build'}
[0.617458] (omni_control) Command: {'cmd': ['/home/ubuntu/.cargo/bin/cargo', 'ament-build', '--install-base', '/home/ubuntu/git/daniel_ws/2023_controller_a/install/omni_control', '--', '--manifest-path', '/home/ubuntu/git/daniel_ws/2023_controller_a/src/omni_control/Cargo.toml', '--target-dir', '/home/ubuntu/git/daniel_ws/2023_controller_a/build/omni_control', '--quiet', '--release'], 'cwd': PosixPath('src/omni_control'), 'env': OrderedDict([('USER', 'daniel_ezomo'), ('XDG_SESSION_TYPE', 'wayland'), ('SHLVL', '1'), ('LD_LIBRARY_PATH', '/home/ubuntu/git/daniel_ws/2023_controller_a/install/drobo_interfaces/lib:/opt/ros/humble/opt/rviz_ogre_vendor/lib:/opt/ros/humble/lib/aarch64-linux-gnu:/opt/ros/humble/lib'), ('OLDPWD', '/home/ubuntu/git/daniel_ws'), ('HOME', '/home/ubuntu'), ('DESKTOP_SESSION', 'ubuntu'), ('GTK_MODULES', 'gail:atk-bridge'), ('GNOME_SHELL_SESSION_MODE', 'ubuntu'), ('ROS_PYTHON_VERSION', '3'), ('SYSTEMD_EXEC_PID', '1927'), ('DBUS_SESSION_BUS_ADDRESS', 'unix:path=/run/user/1000/bus'), ('P9K_TTY', 'old'), ('COLORTERM', 'truecolor'), ('ZPFX', '/home/ubuntu/.local/share/zinit/polaris'), ('WAYLAND_DISPLAY', 'wayland-0'), ('ROS_DISTRO', 'humble'), ('COLCON_PREFIX_PATH', '/home/ubuntu/git/daniel_ws/2023_controller_a/install'), ('LOGNAME', 'daniel_ezomo'), ('_', '/usr/bin/colcon'), ('_P9K_SSH_TTY', '/dev/pts/0'), ('XDG_SESSION_CLASS', 'user'), ('ROS_VERSION', '2'), ('USERNAME', 'daniel_ezomo'), ('TERM', 'xterm-256color'), ('GNOME_DESKTOP_SESSION_ID', 'this-is-deprecated'), ('ROS_LOCALHOST_ONLY', '0'), ('ZSH_CACHE_DIR', '/home/ubuntu/.cache/zinit'), ('PMSPEC', '0uUpiPsf'), ('PATH', '/opt/ros/humble/bin:/home/ubuntu/.local/share/zinit/polaris/bin:/home/ubuntu/.cargo/bin:/usr/local/sbin:/usr/local/bin:/usr/sbin:/usr/bin:/sbin:/bin:/usr/games:/usr/local/games:/snap/bin:/snap/bin'), ('SESSION_MANAGER', 'local/ezomo:@/tmp/.ICE-unix/1909,unix/ezomo:/tmp/.ICE-unix/1909'), ('GNOME_TERMINAL_SCREEN', '/org/gnome/Terminal/screen/48a602dd_19c0_4514_9e12_2f5b92e85767'), ('XDG_MENU_PREFIX', 'gnome-'), ('GNOME_SETUP_DISPLAY', ':1'), ('XDG_RUNTIME_DIR', '/run/user/1000'), ('DISPLAY', ':0'), ('XDG_CURRENT_DESKTOP', 'ubuntu:GNOME'), ('LANG', 'en_US.UTF-8'), ('XDG_SESSION_DESKTOP', 'ubuntu'), ('GNOME_TERMINAL_SERVICE', ':1.123'), ('XMODIFIERS', '@im=ibus'), ('XAUTHORITY', '/run/user/1000/.mutter-Xwaylandauth.D5AUI2'), ('SSH_AUTH_SOCK', '/run/user/1000/keyring/ssh'), ('SSH_AGENT_LAUNCHER', 'gnome-keyring'), ('AMENT_PREFIX_PATH', '/home/ubuntu/git/daniel_ws/2023_controller_a/install/omni_control:/home/ubuntu/git/daniel_ws/2023_controller_a/install/controller_2023_a:/home/ubuntu/git/daniel_ws/2023_controller_a/install/drobo_interfaces:/home/ubuntu/git/daniel_ws/2023_controller_a/install/controller_2023_launch_a:/opt/ros/humble'), ('SHELL', '/usr/bin/zsh'), ('QT_ACCESSIBILITY', '1'), ('GDMSESSION', 'ubuntu'), ('P9K_SSH', '0'), ('QT_IM_MODULE', 'ibus'), ('LC_ALL', 'en_US.UTF-8'), ('PWD', '/home/ubuntu/git/daniel_ws/2023_controller_a/build/omni_control'), ('XDG_DATA_DIRS', '/usr/local/share/:/usr/share/:/var/lib/snapd/desktop'), ('_P9K_TTY', '/dev/pts/0'), ('PYTHONPATH', '/home/ubuntu/git/daniel_ws/2023_controller_a/install/drobo_interfaces/local/lib/python3.10/dist-packages:/opt/ros/humble/lib/python3.10/site-packages:/opt/ros/humble/local/lib/python3.10/dist-packages'), ('COLCON', '1'), ('VTE_VERSION', '6800'), ('CMAKE_PREFIX_PATH', '/home/ubuntu/git/daniel_ws/2023_controller_a/install/drobo_interfaces:/home/ubuntu/git/daniel_ws/2023_controller_a/install/controller_2023_launch_a')]), 'shell': False}
[0.699906] (-) TimerEvent: {}
[0.715242] (controller_2023_a) StderrLine: {'line': b'\x1b[0m\x1b[1m\x1b[33mwarning\x1b[0m\x1b[0m\x1b[1m: unused imports: `RecvResult`, `pr_fatal`, `pr_info`, `self`, `service::client::Client`, `std_msgs`\x1b[0m\n'}
[0.715862] (controller_2023_a) StderrLine: {'line': b'\x1b[0m  \x1b[0m\x1b[0m\x1b[1m\x1b[38;5;12m--> \x1b[0m\x1b[0msrc/main.rs:9:43\x1b[0m\n'}
[0.716156] (controller_2023_a) StderrLine: {'line': b'\x1b[0m   \x1b[0m\x1b[0m\x1b[1m\x1b[38;5;12m|\x1b[0m\n'}
[0.716426] (controller_2023_a) StderrLine: {'line': b'\x1b[0m\x1b[1m\x1b[38;5;12m9\x1b[0m\x1b[0m  \x1b[0m\x1b[0m\x1b[1m\x1b[38;5;12m|\x1b[0m\x1b[0m \x1b[0m\x1b[0m    msg::common_interfaces::{sensor_msgs, std_msgs},\x1b[0m\n'}
[0.716686] (controller_2023_a) StderrLine: {'line': b'\x1b[0m   \x1b[0m\x1b[0m\x1b[1m\x1b[38;5;12m| \x1b[0m\x1b[0m                                          \x1b[0m\x1b[0m\x1b[1m\x1b[33m^^^^^^^^\x1b[0m\n'}
[0.716948] (controller_2023_a) StderrLine: {'line': b'\x1b[0m\x1b[1m\x1b[38;5;12m10\x1b[0m\x1b[0m \x1b[0m\x1b[0m\x1b[1m\x1b[38;5;12m|\x1b[0m\x1b[0m \x1b[0m\x1b[0m    pr_fatal, pr_info,\x1b[0m\n'}
[0.717210] (controller_2023_a) StderrLine: {'line': b'\x1b[0m   \x1b[0m\x1b[0m\x1b[1m\x1b[38;5;12m| \x1b[0m\x1b[0m    \x1b[0m\x1b[0m\x1b[1m\x1b[33m^^^^^^^^\x1b[0m\x1b[0m  \x1b[0m\x1b[0m\x1b[1m\x1b[33m^^^^^^^\x1b[0m\n'}
[0.717702] (controller_2023_a) StderrLine: {'line': b'\x1b[0m\x1b[1m\x1b[38;5;12m11\x1b[0m\x1b[0m \x1b[0m\x1b[0m\x1b[1m\x1b[38;5;12m|\x1b[0m\x1b[0m \x1b[0m\x1b[0m    selector::Selector,\x1b[0m\n'}
[0.717876] (controller_2023_a) StderrLine: {'line': b'\x1b[0m\x1b[1m\x1b[38;5;12m12\x1b[0m\x1b[0m \x1b[0m\x1b[0m\x1b[1m\x1b[38;5;12m|\x1b[0m\x1b[0m \x1b[0m\x1b[0m    service::client::Client,\x1b[0m\n'}
[0.718047] (controller_2023_a) StderrLine: {'line': b'\x1b[0m   \x1b[0m\x1b[0m\x1b[1m\x1b[38;5;12m| \x1b[0m\x1b[0m    \x1b[0m\x1b[0m\x1b[1m\x1b[33m^^^^^^^^^^^^^^^^^^^^^^^\x1b[0m\n'}
[0.718216] (controller_2023_a) StderrLine: {'line': b'\x1b[0m\x1b[1m\x1b[38;5;12m13\x1b[0m\x1b[0m \x1b[0m\x1b[0m\x1b[1m\x1b[38;5;12m|\x1b[0m\x1b[0m \x1b[0m\x1b[0m    topic::{publisher::{self, Publisher}, subscriber::Subscriber},\x1b[0m\n'}
[0.718974] (controller_2023_a) StderrLine: {'line': b'\x1b[0m   \x1b[0m\x1b[0m\x1b[1m\x1b[38;5;12m| \x1b[0m\x1b[0m                        \x1b[0m\x1b[0m\x1b[1m\x1b[33m^^^^\x1b[0m\n'}
[0.719350] (controller_2023_a) StderrLine: {'line': b'\x1b[0m\x1b[1m\x1b[38;5;12m14\x1b[0m\x1b[0m \x1b[0m\x1b[0m\x1b[1m\x1b[38;5;12m|\x1b[0m\x1b[0m \x1b[0m\x1b[0m    RecvResult,\x1b[0m\n'}
[0.719825] (controller_2023_a) StderrLine: {'line': b'\x1b[0m   \x1b[0m\x1b[0m\x1b[1m\x1b[38;5;12m| \x1b[0m\x1b[0m    \x1b[0m\x1b[0m\x1b[1m\x1b[33m^^^^^^^^^^\x1b[0m\n'}
[0.720395] (controller_2023_a) StderrLine: {'line': b'\x1b[0m   \x1b[0m\x1b[0m\x1b[1m\x1b[38;5;12m|\x1b[0m\n'}
[0.721086] (controller_2023_a) StderrLine: {'line': b'\x1b[0m   \x1b[0m\x1b[0m\x1b[1m\x1b[38;5;12m= \x1b[0m\x1b[0m\x1b[1mnote\x1b[0m\x1b[0m: `#[warn(unused_imports)]` on by default\x1b[0m\n'}
[0.721918] (controller_2023_a) StderrLine: {'line': b'\n'}
[0.722569] (controller_2023_a) StderrLine: {'line': b'\x1b[0m\x1b[1m\x1b[33mwarning\x1b[0m\x1b[0m\x1b[1m: unused import: `time::Duration`\x1b[0m\n'}
[0.723425] (controller_2023_a) StderrLine: {'line': b'\x1b[0m  \x1b[0m\x1b[0m\x1b[1m\x1b[38;5;12m--> \x1b[0m\x1b[0msrc/main.rs:16:19\x1b[0m\n'}
[0.724246] (controller_2023_a) StderrLine: {'line': b'\x1b[0m   \x1b[0m\x1b[0m\x1b[1m\x1b[38;5;12m|\x1b[0m\n'}
[0.725232] (controller_2023_a) StderrLine: {'line': b'\x1b[0m\x1b[1m\x1b[38;5;12m16\x1b[0m\x1b[0m \x1b[0m\x1b[0m\x1b[1m\x1b[38;5;12m|\x1b[0m\x1b[0m \x1b[0m\x1b[0muse std::{rc::Rc, time::Duration};\x1b[0m\n'}
[0.725801] (controller_2023_a) StderrLine: {'line': b'\x1b[0m   \x1b[0m\x1b[0m\x1b[1m\x1b[38;5;12m| \x1b[0m\x1b[0m                  \x1b[0m\x1b[0m\x1b[1m\x1b[33m^^^^^^^^^^^^^^\x1b[0m\n'}
[0.726329] (controller_2023_a) StderrLine: {'line': b'\n'}
[0.727194] (controller_2023_a) StderrLine: {'line': b'\x1b[0m\x1b[1m\x1b[33mwarning\x1b[0m\x1b[0m\x1b[1m: unused import: `safe_drive::node::Node`\x1b[0m\n'}
[0.727281] (controller_2023_a) StderrLine: {'line': b'\x1b[0m  \x1b[0m\x1b[0m\x1b[1m\x1b[38;5;12m--> \x1b[0m\x1b[0msrc/main.rs:18:5\x1b[0m\n'}
[0.727317] (controller_2023_a) StderrLine: {'line': b'\x1b[0m   \x1b[0m\x1b[0m\x1b[1m\x1b[38;5;12m|\x1b[0m\n'}
[0.727348] (controller_2023_a) StderrLine: {'line': b'\x1b[0m\x1b[1m\x1b[38;5;12m18\x1b[0m\x1b[0m \x1b[0m\x1b[0m\x1b[1m\x1b[38;5;12m|\x1b[0m\x1b[0m \x1b[0m\x1b[0muse safe_drive::node::Node;\x1b[0m\n'}
[0.727377] (controller_2023_a) StderrLine: {'line': b'\x1b[0m   \x1b[0m\x1b[0m\x1b[1m\x1b[38;5;12m| \x1b[0m\x1b[0m    \x1b[0m\x1b[0m\x1b[1m\x1b[33m^^^^^^^^^^^^^^^^^^^^^^\x1b[0m\n'}
[0.727405] (controller_2023_a) StderrLine: {'line': b'\n'}
[0.727432] (controller_2023_a) StderrLine: {'line': b'\x1b[0m\x1b[1m\x1b[33mwarning\x1b[0m\x1b[0m\x1b[1m: unused variable: `logger`\x1b[0m\n'}
[0.727460] (controller_2023_a) StderrLine: {'line': b'\x1b[0m  \x1b[0m\x1b[0m\x1b[1m\x1b[38;5;12m--> \x1b[0m\x1b[0msrc/main.rs:62:9\x1b[0m\n'}
[0.727487] (controller_2023_a) StderrLine: {'line': b'\x1b[0m   \x1b[0m\x1b[0m\x1b[1m\x1b[38;5;12m|\x1b[0m\n'}
[0.727515] (controller_2023_a) StderrLine: {'line': b'\x1b[0m\x1b[1m\x1b[38;5;12m62\x1b[0m\x1b[0m \x1b[0m\x1b[0m\x1b[1m\x1b[38;5;12m|\x1b[0m\x1b[0m \x1b[0m\x1b[0m    let logger = Rc::new(Logger::new("controller_2023"));\x1b[0m\n'}
[0.727544] (controller_2023_a) StderrLine: {'line': b'\x1b[0m   \x1b[0m\x1b[0m\x1b[1m\x1b[38;5;12m| \x1b[0m\x1b[0m        \x1b[0m\x1b[0m\x1b[1m\x1b[33m^^^^^^\x1b[0m\x1b[0m \x1b[0m\x1b[0m\x1b[1m\x1b[33mhelp: if this is intentional, prefix it with an underscore: `_logger`\x1b[0m\n'}
[0.727573] (controller_2023_a) StderrLine: {'line': b'\x1b[0m   \x1b[0m\x1b[0m\x1b[1m\x1b[38;5;12m|\x1b[0m\n'}
[0.727600] (controller_2023_a) StderrLine: {'line': b'\x1b[0m   \x1b[0m\x1b[0m\x1b[1m\x1b[38;5;12m= \x1b[0m\x1b[0m\x1b[1mnote\x1b[0m\x1b[0m: `#[warn(unused_variables)]` on by default\x1b[0m\n'}
[0.727628] (controller_2023_a) StderrLine: {'line': b'\n'}
[0.727655] (controller_2023_a) StderrLine: {'line': b'\x1b[0m\x1b[1m\x1b[33mwarning\x1b[0m\x1b[0m\x1b[1m: multiple methods are never used\x1b[0m\n'}
[0.727683] (controller_2023_a) StderrLine: {'line': b'\x1b[0m  \x1b[0m\x1b[0m\x1b[1m\x1b[38;5;12m--> \x1b[0m\x1b[0msrc/p9n_interface.rs:16:12\x1b[0m\n'}
[0.727711] (controller_2023_a) StderrLine: {'line': b'\x1b[0m   \x1b[0m\x1b[0m\x1b[1m\x1b[38;5;12m|\x1b[0m\n'}
[0.727739] (controller_2023_a) StderrLine: {'line': b'\x1b[0m\x1b[1m\x1b[38;5;12m9\x1b[0m\x1b[0m  \x1b[0m\x1b[0m\x1b[1m\x1b[38;5;12m|\x1b[0m\x1b[0m \x1b[0m\x1b[0mimpl PlaystationInterface {\x1b[0m\n'}
[0.727768] (controller_2023_a) StderrLine: {'line': b'\x1b[0m   \x1b[0m\x1b[0m\x1b[1m\x1b[38;5;12m| \x1b[0m\x1b[0m\x1b[1m\x1b[38;5;12m-------------------------\x1b[0m\x1b[0m \x1b[0m\x1b[0m\x1b[1m\x1b[38;5;12mmethods in this implementation\x1b[0m\n'}
[0.727799] (controller_2023_a) StderrLine: {'line': b'\x1b[0m\x1b[1m\x1b[38;5;12m...\x1b[0m\n'}
[0.727826] (controller_2023_a) StderrLine: {'line': b'\x1b[0m\x1b[1m\x1b[38;5;12m16\x1b[0m\x1b[0m \x1b[0m\x1b[0m\x1b[1m\x1b[38;5;12m|\x1b[0m\x1b[0m \x1b[0m\x1b[0m    pub fn pressed_start(&self) -> bool {\x1b[0m\n'}
[0.727854] (controller_2023_a) StderrLine: {'line': b'\x1b[0m   \x1b[0m\x1b[0m\x1b[1m\x1b[38;5;12m| \x1b[0m\x1b[0m           \x1b[0m\x1b[0m\x1b[1m\x1b[33m^^^^^^^^^^^^^\x1b[0m\n'}
[0.727883] (controller_2023_a) StderrLine: {'line': b'\x1b[0m\x1b[1m\x1b[38;5;12m...\x1b[0m\n'}
[0.727911] (controller_2023_a) StderrLine: {'line': b'\x1b[0m\x1b[1m\x1b[38;5;12m19\x1b[0m\x1b[0m \x1b[0m\x1b[0m\x1b[1m\x1b[38;5;12m|\x1b[0m\x1b[0m \x1b[0m\x1b[0m    pub fn pressed_l1(&self) -> bool {\x1b[0m\n'}
[0.727939] (controller_2023_a) StderrLine: {'line': b'\x1b[0m   \x1b[0m\x1b[0m\x1b[1m\x1b[38;5;12m| \x1b[0m\x1b[0m           \x1b[0m\x1b[0m\x1b[1m\x1b[33m^^^^^^^^^^\x1b[0m\n'}
[0.727967] (controller_2023_a) StderrLine: {'line': b'\x1b[0m\x1b[1m\x1b[38;5;12m...\x1b[0m\n'}
[0.727995] (controller_2023_a) StderrLine: {'line': b'\x1b[0m\x1b[1m\x1b[38;5;12m22\x1b[0m\x1b[0m \x1b[0m\x1b[0m\x1b[1m\x1b[38;5;12m|\x1b[0m\x1b[0m \x1b[0m\x1b[0m    pub fn pressed_r1(&self) -> bool {\x1b[0m\n'}
[0.728023] (controller_2023_a) StderrLine: {'line': b'\x1b[0m   \x1b[0m\x1b[0m\x1b[1m\x1b[38;5;12m| \x1b[0m\x1b[0m           \x1b[0m\x1b[0m\x1b[1m\x1b[33m^^^^^^^^^^\x1b[0m\n'}
[0.728050] (controller_2023_a) StderrLine: {'line': b'\x1b[0m\x1b[1m\x1b[38;5;12m...\x1b[0m\n'}
[0.728078] (controller_2023_a) StderrLine: {'line': b'\x1b[0m\x1b[1m\x1b[38;5;12m25\x1b[0m\x1b[0m \x1b[0m\x1b[0m\x1b[1m\x1b[38;5;12m|\x1b[0m\x1b[0m \x1b[0m\x1b[0m    pub fn pressed_l2(&self) -> bool {\x1b[0m\n'}
[0.728106] (controller_2023_a) StderrLine: {'line': b'\x1b[0m   \x1b[0m\x1b[0m\x1b[1m\x1b[38;5;12m| \x1b[0m\x1b[0m           \x1b[0m\x1b[0m\x1b[1m\x1b[33m^^^^^^^^^^\x1b[0m\n'}
[0.728142] (controller_2023_a) StderrLine: {'line': b'\x1b[0m\x1b[1m\x1b[38;5;12m...\x1b[0m\n'}
[0.728170] (controller_2023_a) StderrLine: {'line': b'\x1b[0m\x1b[1m\x1b[38;5;12m31\x1b[0m\x1b[0m \x1b[0m\x1b[0m\x1b[1m\x1b[38;5;12m|\x1b[0m\x1b[0m \x1b[0m\x1b[0m    pub fn pressed_dpad_left(&self) -> bool {\x1b[0m\n'}
[0.728197] (controller_2023_a) StderrLine: {'line': b'\x1b[0m   \x1b[0m\x1b[0m\x1b[1m\x1b[38;5;12m| \x1b[0m\x1b[0m           \x1b[0m\x1b[0m\x1b[1m\x1b[33m^^^^^^^^^^^^^^^^^\x1b[0m\n'}
[0.728224] (controller_2023_a) StderrLine: {'line': b'\x1b[0m\x1b[1m\x1b[38;5;12m...\x1b[0m\n'}
[0.728251] (controller_2023_a) StderrLine: {'line': b'\x1b[0m\x1b[1m\x1b[38;5;12m34\x1b[0m\x1b[0m \x1b[0m\x1b[0m\x1b[1m\x1b[38;5;12m|\x1b[0m\x1b[0m \x1b[0m\x1b[0m    pub fn pressed_dpad_up(&self) -> bool {\x1b[0m\n'}
[0.728278] (controller_2023_a) StderrLine: {'line': b'\x1b[0m   \x1b[0m\x1b[0m\x1b[1m\x1b[38;5;12m| \x1b[0m\x1b[0m           \x1b[0m\x1b[0m\x1b[1m\x1b[33m^^^^^^^^^^^^^^^\x1b[0m\n'}
[0.728306] (controller_2023_a) StderrLine: {'line': b'\x1b[0m\x1b[1m\x1b[38;5;12m...\x1b[0m\n'}
[0.728333] (controller_2023_a) StderrLine: {'line': b'\x1b[0m\x1b[1m\x1b[38;5;12m37\x1b[0m\x1b[0m \x1b[0m\x1b[0m\x1b[1m\x1b[38;5;12m|\x1b[0m\x1b[0m \x1b[0m\x1b[0m    pub fn pressed_dpad_right(&self) -> bool {\x1b[0m\n'}
[0.728361] (controller_2023_a) StderrLine: {'line': b'\x1b[0m   \x1b[0m\x1b[0m\x1b[1m\x1b[38;5;12m| \x1b[0m\x1b[0m           \x1b[0m\x1b[0m\x1b[1m\x1b[33m^^^^^^^^^^^^^^^^^^\x1b[0m\n'}
[0.728389] (controller_2023_a) StderrLine: {'line': b'\x1b[0m\x1b[1m\x1b[38;5;12m...\x1b[0m\n'}
[0.728416] (controller_2023_a) StderrLine: {'line': b'\x1b[0m\x1b[1m\x1b[38;5;12m40\x1b[0m\x1b[0m \x1b[0m\x1b[0m\x1b[1m\x1b[38;5;12m|\x1b[0m\x1b[0m \x1b[0m\x1b[0m    pub fn pressed_l2_analog(&self) -> f32 {\x1b[0m\n'}
[0.728445] (controller_2023_a) StderrLine: {'line': b'\x1b[0m   \x1b[0m\x1b[0m\x1b[1m\x1b[38;5;12m| \x1b[0m\x1b[0m           \x1b[0m\x1b[0m\x1b[1m\x1b[33m^^^^^^^^^^^^^^^^^\x1b[0m\n'}
[0.728472] (controller_2023_a) StderrLine: {'line': b'\x1b[0m\x1b[1m\x1b[38;5;12m...\x1b[0m\n'}
[0.728500] (controller_2023_a) StderrLine: {'line': b'\x1b[0m\x1b[1m\x1b[38;5;12m43\x1b[0m\x1b[0m \x1b[0m\x1b[0m\x1b[1m\x1b[38;5;12m|\x1b[0m\x1b[0m \x1b[0m\x1b[0m    pub fn pressed_r2_analog(&self) -> f32 {\x1b[0m\n'}
[0.728527] (controller_2023_a) StderrLine: {'line': b'\x1b[0m   \x1b[0m\x1b[0m\x1b[1m\x1b[38;5;12m| \x1b[0m\x1b[0m           \x1b[0m\x1b[0m\x1b[1m\x1b[33m^^^^^^^^^^^^^^^^^\x1b[0m\n'}
[0.728556] (controller_2023_a) StderrLine: {'line': b'\x1b[0m   \x1b[0m\x1b[0m\x1b[1m\x1b[38;5;12m|\x1b[0m\n'}
[0.728583] (controller_2023_a) StderrLine: {'line': b'\x1b[0m   \x1b[0m\x1b[0m\x1b[1m\x1b[38;5;12m= \x1b[0m\x1b[0m\x1b[1mnote\x1b[0m\x1b[0m: `#[warn(dead_code)]` on by default\x1b[0m\n'}
[0.728610] (controller_2023_a) StderrLine: {'line': b'\n'}
[0.728637] (controller_2023_a) StderrLine: {'line': b'\x1b[0m\x1b[1m\x1b[33mwarning\x1b[0m\x1b[0m\x1b[1m: constant `STICK_LX` is never used\x1b[0m\n'}
[0.728665] (controller_2023_a) StderrLine: {'line': b'\x1b[0m \x1b[0m\x1b[0m\x1b[1m\x1b[38;5;12m--> \x1b[0m\x1b[0msrc/ps5_dualsense.rs:3:15\x1b[0m\n'}
[0.728693] (controller_2023_a) StderrLine: {'line': b'\x1b[0m  \x1b[0m\x1b[0m\x1b[1m\x1b[38;5;12m|\x1b[0m\n'}
[0.728720] (controller_2023_a) StderrLine: {'line': b'\x1b[0m\x1b[1m\x1b[38;5;12m3\x1b[0m\x1b[0m \x1b[0m\x1b[0m\x1b[1m\x1b[38;5;12m|\x1b[0m\x1b[0m \x1b[0m\x1b[0m    pub const STICK_LX: usize = 0;\x1b[0m\n'}
[0.728747] (controller_2023_a) StderrLine: {'line': b'\x1b[0m  \x1b[0m\x1b[0m\x1b[1m\x1b[38;5;12m| \x1b[0m\x1b[0m              \x1b[0m\x1b[0m\x1b[1m\x1b[33m^^^^^^^^\x1b[0m\n'}
[0.728775] (controller_2023_a) StderrLine: {'line': b'\n'}
[0.728802] (controller_2023_a) StderrLine: {'line': b'\x1b[0m\x1b[1m\x1b[33mwarning\x1b[0m\x1b[0m\x1b[1m: constant `STICK_LY` is never used\x1b[0m\n'}
[0.728830] (controller_2023_a) StderrLine: {'line': b'\x1b[0m \x1b[0m\x1b[0m\x1b[1m\x1b[38;5;12m--> \x1b[0m\x1b[0msrc/ps5_dualsense.rs:4:15\x1b[0m\n'}
[0.728857] (controller_2023_a) StderrLine: {'line': b'\x1b[0m  \x1b[0m\x1b[0m\x1b[1m\x1b[38;5;12m|\x1b[0m\n'}
[0.728884] (controller_2023_a) StderrLine: {'line': b'\x1b[0m\x1b[1m\x1b[38;5;12m4\x1b[0m\x1b[0m \x1b[0m\x1b[0m\x1b[1m\x1b[38;5;12m|\x1b[0m\x1b[0m \x1b[0m\x1b[0m    pub const STICK_LY: usize = 1;\x1b[0m\n'}
[0.728912] (controller_2023_a) StderrLine: {'line': b'\x1b[0m  \x1b[0m\x1b[0m\x1b[1m\x1b[38;5;12m| \x1b[0m\x1b[0m              \x1b[0m\x1b[0m\x1b[1m\x1b[33m^^^^^^^^\x1b[0m\n'}
[0.728939] (controller_2023_a) StderrLine: {'line': b'\n'}
[0.728967] (controller_2023_a) StderrLine: {'line': b'\x1b[0m\x1b[1m\x1b[33mwarning\x1b[0m\x1b[0m\x1b[1m: constant `L2` is never used\x1b[0m\n'}
[0.728996] (controller_2023_a) StderrLine: {'line': b'\x1b[0m \x1b[0m\x1b[0m\x1b[1m\x1b[38;5;12m--> \x1b[0m\x1b[0msrc/ps5_dualsense.rs:5:15\x1b[0m\n'}
[0.729024] (controller_2023_a) StderrLine: {'line': b'\x1b[0m  \x1b[0m\x1b[0m\x1b[1m\x1b[38;5;12m|\x1b[0m\n'}
[0.729051] (controller_2023_a) StderrLine: {'line': b'\x1b[0m\x1b[1m\x1b[38;5;12m5\x1b[0m\x1b[0m \x1b[0m\x1b[0m\x1b[1m\x1b[38;5;12m|\x1b[0m\x1b[0m \x1b[0m\x1b[0m    pub const L2: usize = 2;\x1b[0m\n'}
[0.729078] (controller_2023_a) StderrLine: {'line': b'\x1b[0m  \x1b[0m\x1b[0m\x1b[1m\x1b[38;5;12m| \x1b[0m\x1b[0m              \x1b[0m\x1b[0m\x1b[1m\x1b[33m^^\x1b[0m\n'}
[0.729106] (controller_2023_a) StderrLine: {'line': b'\n'}
[0.729133] (controller_2023_a) StderrLine: {'line': b'\x1b[0m\x1b[1m\x1b[33mwarning\x1b[0m\x1b[0m\x1b[1m: constant `STICK_RX` is never used\x1b[0m\n'}
[0.729160] (controller_2023_a) StderrLine: {'line': b'\x1b[0m \x1b[0m\x1b[0m\x1b[1m\x1b[38;5;12m--> \x1b[0m\x1b[0msrc/ps5_dualsense.rs:6:15\x1b[0m\n'}
[0.732316] (controller_2023_a) StderrLine: {'line': b'\x1b[0m  \x1b[0m\x1b[0m\x1b[1m\x1b[38;5;12m|\x1b[0m\n'}
[0.732372] (controller_2023_a) StderrLine: {'line': b'\x1b[0m\x1b[1m\x1b[38;5;12m6\x1b[0m\x1b[0m \x1b[0m\x1b[0m\x1b[1m\x1b[38;5;12m|\x1b[0m\x1b[0m \x1b[0m\x1b[0m    pub const STICK_RX: usize = 3;\x1b[0m\n'}
[0.732403] (controller_2023_a) StderrLine: {'line': b'\x1b[0m  \x1b[0m\x1b[0m\x1b[1m\x1b[38;5;12m| \x1b[0m\x1b[0m              \x1b[0m\x1b[0m\x1b[1m\x1b[33m^^^^^^^^\x1b[0m\n'}
[0.732453] (controller_2023_a) StderrLine: {'line': b'\n'}
[0.732479] (controller_2023_a) StderrLine: {'line': b'\x1b[0m\x1b[1m\x1b[33mwarning\x1b[0m\x1b[0m\x1b[1m: constant `STICK_RY` is never used\x1b[0m\n'}
[0.732506] (controller_2023_a) StderrLine: {'line': b'\x1b[0m \x1b[0m\x1b[0m\x1b[1m\x1b[38;5;12m--> \x1b[0m\x1b[0msrc/ps5_dualsense.rs:7:15\x1b[0m\n'}
[0.732532] (controller_2023_a) StderrLine: {'line': b'\x1b[0m  \x1b[0m\x1b[0m\x1b[1m\x1b[38;5;12m|\x1b[0m\n'}
[0.732557] (controller_2023_a) StderrLine: {'line': b'\x1b[0m\x1b[1m\x1b[38;5;12m7\x1b[0m\x1b[0m \x1b[0m\x1b[0m\x1b[1m\x1b[38;5;12m|\x1b[0m\x1b[0m \x1b[0m\x1b[0m    pub const STICK_RY: usize = 4;\x1b[0m\n'}
[0.732583] (controller_2023_a) StderrLine: {'line': b'\x1b[0m  \x1b[0m\x1b[0m\x1b[1m\x1b[38;5;12m| \x1b[0m\x1b[0m              \x1b[0m\x1b[0m\x1b[1m\x1b[33m^^^^^^^^\x1b[0m\n'}
[0.732608] (controller_2023_a) StderrLine: {'line': b'\n'}
[0.732633] (controller_2023_a) StderrLine: {'line': b'\x1b[0m\x1b[1m\x1b[33mwarning\x1b[0m\x1b[0m\x1b[1m: constant `R2` is never used\x1b[0m\n'}
[0.732659] (controller_2023_a) StderrLine: {'line': b'\x1b[0m \x1b[0m\x1b[0m\x1b[1m\x1b[38;5;12m--> \x1b[0m\x1b[0msrc/ps5_dualsense.rs:8:15\x1b[0m\n'}
[0.732684] (controller_2023_a) StderrLine: {'line': b'\x1b[0m  \x1b[0m\x1b[0m\x1b[1m\x1b[38;5;12m|\x1b[0m\n'}
[0.732709] (controller_2023_a) StderrLine: {'line': b'\x1b[0m\x1b[1m\x1b[38;5;12m8\x1b[0m\x1b[0m \x1b[0m\x1b[0m\x1b[1m\x1b[38;5;12m|\x1b[0m\x1b[0m \x1b[0m\x1b[0m    pub const R2: usize = 5;\x1b[0m\n'}
[0.732736] (controller_2023_a) StderrLine: {'line': b'\x1b[0m  \x1b[0m\x1b[0m\x1b[1m\x1b[38;5;12m| \x1b[0m\x1b[0m              \x1b[0m\x1b[0m\x1b[1m\x1b[33m^^\x1b[0m\n'}
[0.732761] (controller_2023_a) StderrLine: {'line': b'\n'}
[0.732787] (controller_2023_a) StderrLine: {'line': b'\x1b[0m\x1b[1m\x1b[33mwarning\x1b[0m\x1b[0m\x1b[1m: constant `DPAD_X` is never used\x1b[0m\n'}
[0.732813] (controller_2023_a) StderrLine: {'line': b'\x1b[0m \x1b[0m\x1b[0m\x1b[1m\x1b[38;5;12m--> \x1b[0m\x1b[0msrc/ps5_dualsense.rs:9:15\x1b[0m\n'}
[0.732839] (controller_2023_a) StderrLine: {'line': b'\x1b[0m  \x1b[0m\x1b[0m\x1b[1m\x1b[38;5;12m|\x1b[0m\n'}
[0.732864] (controller_2023_a) StderrLine: {'line': b'\x1b[0m\x1b[1m\x1b[38;5;12m9\x1b[0m\x1b[0m \x1b[0m\x1b[0m\x1b[1m\x1b[38;5;12m|\x1b[0m\x1b[0m \x1b[0m\x1b[0m    pub const DPAD_X: usize = 6;\x1b[0m\n'}
[0.732889] (controller_2023_a) StderrLine: {'line': b'\x1b[0m  \x1b[0m\x1b[0m\x1b[1m\x1b[38;5;12m| \x1b[0m\x1b[0m              \x1b[0m\x1b[0m\x1b[1m\x1b[33m^^^^^^\x1b[0m\n'}
[0.732913] (controller_2023_a) StderrLine: {'line': b'\n'}
[0.732938] (controller_2023_a) StderrLine: {'line': b'\x1b[0m\x1b[1m\x1b[33mwarning\x1b[0m\x1b[0m\x1b[1m: constant `DPAD_Y` is never used\x1b[0m\n'}
[0.732962] (controller_2023_a) StderrLine: {'line': b'\x1b[0m  \x1b[0m\x1b[0m\x1b[1m\x1b[38;5;12m--> \x1b[0m\x1b[0msrc/ps5_dualsense.rs:10:15\x1b[0m\n'}
[0.732987] (controller_2023_a) StderrLine: {'line': b'\x1b[0m   \x1b[0m\x1b[0m\x1b[1m\x1b[38;5;12m|\x1b[0m\n'}
[0.733012] (controller_2023_a) StderrLine: {'line': b'\x1b[0m\x1b[1m\x1b[38;5;12m10\x1b[0m\x1b[0m \x1b[0m\x1b[0m\x1b[1m\x1b[38;5;12m|\x1b[0m\x1b[0m \x1b[0m\x1b[0m    pub const DPAD_Y: usize = 7;\x1b[0m\n'}
[0.733037] (controller_2023_a) StderrLine: {'line': b'\x1b[0m   \x1b[0m\x1b[0m\x1b[1m\x1b[38;5;12m| \x1b[0m\x1b[0m              \x1b[0m\x1b[0m\x1b[1m\x1b[33m^^^^^^\x1b[0m\n'}
[0.733062] (controller_2023_a) StderrLine: {'line': b'\n'}
[0.733086] (controller_2023_a) StderrLine: {'line': b'\x1b[0m\x1b[1m\x1b[33mwarning\x1b[0m\x1b[0m\x1b[1m: constant `CROSS` is never used\x1b[0m\n'}
[0.733111] (controller_2023_a) StderrLine: {'line': b'\x1b[0m  \x1b[0m\x1b[0m\x1b[1m\x1b[38;5;12m--> \x1b[0m\x1b[0msrc/ps5_dualsense.rs:13:15\x1b[0m\n'}
[0.733135] (controller_2023_a) StderrLine: {'line': b'\x1b[0m   \x1b[0m\x1b[0m\x1b[1m\x1b[38;5;12m|\x1b[0m\n'}
[0.733160] (controller_2023_a) StderrLine: {'line': b'\x1b[0m\x1b[1m\x1b[38;5;12m13\x1b[0m\x1b[0m \x1b[0m\x1b[0m\x1b[1m\x1b[38;5;12m|\x1b[0m\x1b[0m \x1b[0m\x1b[0m    pub const CROSS: usize = 0;\x1b[0m\n'}
[0.733184] (controller_2023_a) StderrLine: {'line': b'\x1b[0m   \x1b[0m\x1b[0m\x1b[1m\x1b[38;5;12m| \x1b[0m\x1b[0m              \x1b[0m\x1b[0m\x1b[1m\x1b[33m^^^^^\x1b[0m\n'}
[0.733207] (controller_2023_a) StderrLine: {'line': b'\n'}
[0.733231] (controller_2023_a) StderrLine: {'line': b'\x1b[0m\x1b[1m\x1b[33mwarning\x1b[0m\x1b[0m\x1b[1m: constant `CIRCLE` is never used\x1b[0m\n'}
[0.733254] (controller_2023_a) StderrLine: {'line': b'\x1b[0m  \x1b[0m\x1b[0m\x1b[1m\x1b[38;5;12m--> \x1b[0m\x1b[0msrc/ps5_dualsense.rs:14:15\x1b[0m\n'}
[0.733277] (controller_2023_a) StderrLine: {'line': b'\x1b[0m   \x1b[0m\x1b[0m\x1b[1m\x1b[38;5;12m|\x1b[0m\n'}
[0.733301] (controller_2023_a) StderrLine: {'line': b'\x1b[0m\x1b[1m\x1b[38;5;12m14\x1b[0m\x1b[0m \x1b[0m\x1b[0m\x1b[1m\x1b[38;5;12m|\x1b[0m\x1b[0m \x1b[0m\x1b[0m    pub const CIRCLE: usize = 1;\x1b[0m\n'}
[0.733324] (controller_2023_a) StderrLine: {'line': b'\x1b[0m   \x1b[0m\x1b[0m\x1b[1m\x1b[38;5;12m| \x1b[0m\x1b[0m              \x1b[0m\x1b[0m\x1b[1m\x1b[33m^^^^^^\x1b[0m\n'}
[0.733347] (controller_2023_a) StderrLine: {'line': b'\n'}
[0.733370] (controller_2023_a) StderrLine: {'line': b'\x1b[0m\x1b[1m\x1b[33mwarning\x1b[0m\x1b[0m\x1b[1m: constant `TRIANGLE` is never used\x1b[0m\n'}
[0.733393] (controller_2023_a) StderrLine: {'line': b'\x1b[0m  \x1b[0m\x1b[0m\x1b[1m\x1b[38;5;12m--> \x1b[0m\x1b[0msrc/ps5_dualsense.rs:15:15\x1b[0m\n'}
[0.733416] (controller_2023_a) StderrLine: {'line': b'\x1b[0m   \x1b[0m\x1b[0m\x1b[1m\x1b[38;5;12m|\x1b[0m\n'}
[0.733439] (controller_2023_a) StderrLine: {'line': b'\x1b[0m\x1b[1m\x1b[38;5;12m15\x1b[0m\x1b[0m \x1b[0m\x1b[0m\x1b[1m\x1b[38;5;12m|\x1b[0m\x1b[0m \x1b[0m\x1b[0m    pub const TRIANGLE: usize = 2;\x1b[0m\n'}
[0.733462] (controller_2023_a) StderrLine: {'line': b'\x1b[0m   \x1b[0m\x1b[0m\x1b[1m\x1b[38;5;12m| \x1b[0m\x1b[0m              \x1b[0m\x1b[0m\x1b[1m\x1b[33m^^^^^^^^\x1b[0m\n'}
[0.733486] (controller_2023_a) StderrLine: {'line': b'\n'}
[0.733509] (controller_2023_a) StderrLine: {'line': b'\x1b[0m\x1b[1m\x1b[33mwarning\x1b[0m\x1b[0m\x1b[1m: constant `SQUARE` is never used\x1b[0m\n'}
[0.733532] (controller_2023_a) StderrLine: {'line': b'\x1b[0m  \x1b[0m\x1b[0m\x1b[1m\x1b[38;5;12m--> \x1b[0m\x1b[0msrc/ps5_dualsense.rs:16:15\x1b[0m\n'}
[0.733555] (controller_2023_a) StderrLine: {'line': b'\x1b[0m   \x1b[0m\x1b[0m\x1b[1m\x1b[38;5;12m|\x1b[0m\n'}
[0.733578] (controller_2023_a) StderrLine: {'line': b'\x1b[0m\x1b[1m\x1b[38;5;12m16\x1b[0m\x1b[0m \x1b[0m\x1b[0m\x1b[1m\x1b[38;5;12m|\x1b[0m\x1b[0m \x1b[0m\x1b[0m    pub const SQUARE: usize = 3;\x1b[0m\n'}
[0.733604] (controller_2023_a) StderrLine: {'line': b'\x1b[0m   \x1b[0m\x1b[0m\x1b[1m\x1b[38;5;12m| \x1b[0m\x1b[0m              \x1b[0m\x1b[0m\x1b[1m\x1b[33m^^^^^^\x1b[0m\n'}
[0.733629] (controller_2023_a) StderrLine: {'line': b'\n'}
[0.733654] (controller_2023_a) StderrLine: {'line': b'\x1b[0m\x1b[1m\x1b[33mwarning\x1b[0m\x1b[0m\x1b[1m: constant `L1` is never used\x1b[0m\n'}
[0.733679] (controller_2023_a) StderrLine: {'line': b'\x1b[0m  \x1b[0m\x1b[0m\x1b[1m\x1b[38;5;12m--> \x1b[0m\x1b[0msrc/ps5_dualsense.rs:17:15\x1b[0m\n'}
[0.733704] (controller_2023_a) StderrLine: {'line': b'\x1b[0m   \x1b[0m\x1b[0m\x1b[1m\x1b[38;5;12m|\x1b[0m\n'}
[0.733730] (controller_2023_a) StderrLine: {'line': b'\x1b[0m\x1b[1m\x1b[38;5;12m17\x1b[0m\x1b[0m \x1b[0m\x1b[0m\x1b[1m\x1b[38;5;12m|\x1b[0m\x1b[0m \x1b[0m\x1b[0m    pub const L1: usize = 4;\x1b[0m\n'}
[0.733755] (controller_2023_a) StderrLine: {'line': b'\x1b[0m   \x1b[0m\x1b[0m\x1b[1m\x1b[38;5;12m| \x1b[0m\x1b[0m              \x1b[0m\x1b[0m\x1b[1m\x1b[33m^^\x1b[0m\n'}
[0.733781] (controller_2023_a) StderrLine: {'line': b'\n'}
[0.733806] (controller_2023_a) StderrLine: {'line': b'\x1b[0m\x1b[1m\x1b[33mwarning\x1b[0m\x1b[0m\x1b[1m: constant `R1` is never used\x1b[0m\n'}
[0.733831] (controller_2023_a) StderrLine: {'line': b'\x1b[0m  \x1b[0m\x1b[0m\x1b[1m\x1b[38;5;12m--> \x1b[0m\x1b[0msrc/ps5_dualsense.rs:18:15\x1b[0m\n'}
[0.733856] (controller_2023_a) StderrLine: {'line': b'\x1b[0m   \x1b[0m\x1b[0m\x1b[1m\x1b[38;5;12m|\x1b[0m\n'}
[0.733881] (controller_2023_a) StderrLine: {'line': b'\x1b[0m\x1b[1m\x1b[38;5;12m18\x1b[0m\x1b[0m \x1b[0m\x1b[0m\x1b[1m\x1b[38;5;12m|\x1b[0m\x1b[0m \x1b[0m\x1b[0m    pub const R1: usize = 5;\x1b[0m\n'}
[0.733906] (controller_2023_a) StderrLine: {'line': b'\x1b[0m   \x1b[0m\x1b[0m\x1b[1m\x1b[38;5;12m| \x1b[0m\x1b[0m              \x1b[0m\x1b[0m\x1b[1m\x1b[33m^^\x1b[0m\n'}
[0.733931] (controller_2023_a) StderrLine: {'line': b'\n'}
[0.733955] (controller_2023_a) StderrLine: {'line': b'\x1b[0m\x1b[1m\x1b[33mwarning\x1b[0m\x1b[0m\x1b[1m: constant `L2` is never used\x1b[0m\n'}
[0.733980] (controller_2023_a) StderrLine: {'line': b'\x1b[0m  \x1b[0m\x1b[0m\x1b[1m\x1b[38;5;12m--> \x1b[0m\x1b[0msrc/ps5_dualsense.rs:19:15\x1b[0m\n'}
[0.734005] (controller_2023_a) StderrLine: {'line': b'\x1b[0m   \x1b[0m\x1b[0m\x1b[1m\x1b[38;5;12m|\x1b[0m\n'}
[0.734030] (controller_2023_a) StderrLine: {'line': b'\x1b[0m\x1b[1m\x1b[38;5;12m19\x1b[0m\x1b[0m \x1b[0m\x1b[0m\x1b[1m\x1b[38;5;12m|\x1b[0m\x1b[0m \x1b[0m\x1b[0m    pub const L2: usize = 6;\x1b[0m\n'}
[0.734055] (controller_2023_a) StderrLine: {'line': b'\x1b[0m   \x1b[0m\x1b[0m\x1b[1m\x1b[38;5;12m| \x1b[0m\x1b[0m              \x1b[0m\x1b[0m\x1b[1m\x1b[33m^^\x1b[0m\n'}
[0.734080] (controller_2023_a) StderrLine: {'line': b'\n'}
[0.734105] (controller_2023_a) StderrLine: {'line': b'\x1b[0m\x1b[1m\x1b[33mwarning\x1b[0m\x1b[0m\x1b[1m: constant `SELECT` is never used\x1b[0m\n'}
[0.734130] (controller_2023_a) StderrLine: {'line': b'\x1b[0m  \x1b[0m\x1b[0m\x1b[1m\x1b[38;5;12m--> \x1b[0m\x1b[0msrc/ps5_dualsense.rs:21:15\x1b[0m\n'}
[0.734155] (controller_2023_a) StderrLine: {'line': b'\x1b[0m   \x1b[0m\x1b[0m\x1b[1m\x1b[38;5;12m|\x1b[0m\n'}
[0.734179] (controller_2023_a) StderrLine: {'line': b'\x1b[0m\x1b[1m\x1b[38;5;12m21\x1b[0m\x1b[0m \x1b[0m\x1b[0m\x1b[1m\x1b[38;5;12m|\x1b[0m\x1b[0m \x1b[0m\x1b[0m    pub const SELECT: usize = 8;\x1b[0m\n'}
[0.734204] (controller_2023_a) StderrLine: {'line': b'\x1b[0m   \x1b[0m\x1b[0m\x1b[1m\x1b[38;5;12m| \x1b[0m\x1b[0m              \x1b[0m\x1b[0m\x1b[1m\x1b[33m^^^^^^\x1b[0m\n'}
[0.734230] (controller_2023_a) StderrLine: {'line': b'\n'}
[0.734256] (controller_2023_a) StderrLine: {'line': b'\x1b[0m\x1b[1m\x1b[33mwarning\x1b[0m\x1b[0m\x1b[1m: constant `START` is never used\x1b[0m\n'}
[0.734281] (controller_2023_a) StderrLine: {'line': b'\x1b[0m  \x1b[0m\x1b[0m\x1b[1m\x1b[38;5;12m--> \x1b[0m\x1b[0msrc/ps5_dualsense.rs:22:15\x1b[0m\n'}
[0.734309] (controller_2023_a) StderrLine: {'line': b'\x1b[0m   \x1b[0m\x1b[0m\x1b[1m\x1b[38;5;12m|\x1b[0m\n'}
[0.734334] (controller_2023_a) StderrLine: {'line': b'\x1b[0m\x1b[1m\x1b[38;5;12m22\x1b[0m\x1b[0m \x1b[0m\x1b[0m\x1b[1m\x1b[38;5;12m|\x1b[0m\x1b[0m \x1b[0m\x1b[0m    pub const START: usize = 9;\x1b[0m\n'}
[0.734360] (controller_2023_a) StderrLine: {'line': b'\x1b[0m   \x1b[0m\x1b[0m\x1b[1m\x1b[38;5;12m| \x1b[0m\x1b[0m              \x1b[0m\x1b[0m\x1b[1m\x1b[33m^^^^^\x1b[0m\n'}
[0.734387] (controller_2023_a) StderrLine: {'line': b'\n'}
[0.734413] (controller_2023_a) StderrLine: {'line': b'\x1b[0m\x1b[1m\x1b[33mwarning\x1b[0m\x1b[0m\x1b[1m: constant `PS` is never used\x1b[0m\n'}
[0.734437] (controller_2023_a) StderrLine: {'line': b'\x1b[0m  \x1b[0m\x1b[0m\x1b[1m\x1b[38;5;12m--> \x1b[0m\x1b[0msrc/ps5_dualsense.rs:23:15\x1b[0m\n'}
[0.734462] (controller_2023_a) StderrLine: {'line': b'\x1b[0m   \x1b[0m\x1b[0m\x1b[1m\x1b[38;5;12m|\x1b[0m\n'}
[0.734487] (controller_2023_a) StderrLine: {'line': b'\x1b[0m\x1b[1m\x1b[38;5;12m23\x1b[0m\x1b[0m \x1b[0m\x1b[0m\x1b[1m\x1b[38;5;12m|\x1b[0m\x1b[0m \x1b[0m\x1b[0m    pub const PS: usize = 10;\x1b[0m\n'}
[0.734512] (controller_2023_a) StderrLine: {'line': b'\x1b[0m   \x1b[0m\x1b[0m\x1b[1m\x1b[38;5;12m| \x1b[0m\x1b[0m              \x1b[0m\x1b[0m\x1b[1m\x1b[33m^^\x1b[0m\n'}
[0.734537] (controller_2023_a) StderrLine: {'line': b'\n'}
[0.734562] (controller_2023_a) StderrLine: {'line': b'\x1b[0m\x1b[1m\x1b[33mwarning\x1b[0m\x1b[0m\x1b[1m: constant `STICK_L_PUSH` is never used\x1b[0m\n'}
[0.734588] (controller_2023_a) StderrLine: {'line': b'\x1b[0m  \x1b[0m\x1b[0m\x1b[1m\x1b[38;5;12m--> \x1b[0m\x1b[0msrc/ps5_dualsense.rs:24:15\x1b[0m\n'}
[0.734613] (controller_2023_a) StderrLine: {'line': b'\x1b[0m   \x1b[0m\x1b[0m\x1b[1m\x1b[38;5;12m|\x1b[0m\n'}
[0.734638] (controller_2023_a) StderrLine: {'line': b'\x1b[0m\x1b[1m\x1b[38;5;12m24\x1b[0m\x1b[0m \x1b[0m\x1b[0m\x1b[1m\x1b[38;5;12m|\x1b[0m\x1b[0m \x1b[0m\x1b[0m    pub const STICK_L_PUSH: usize = 11;\x1b[0m\n'}
[0.734664] (controller_2023_a) StderrLine: {'line': b'\x1b[0m   \x1b[0m\x1b[0m\x1b[1m\x1b[38;5;12m| \x1b[0m\x1b[0m              \x1b[0m\x1b[0m\x1b[1m\x1b[33m^^^^^^^^^^^^\x1b[0m\n'}
[0.734689] (controller_2023_a) StderrLine: {'line': b'\n'}
[0.734714] (controller_2023_a) StderrLine: {'line': b'\x1b[0m\x1b[1m\x1b[33mwarning\x1b[0m\x1b[0m\x1b[1m: constant `STICK_R_PUSH` is never used\x1b[0m\n'}
[0.734740] (controller_2023_a) StderrLine: {'line': b'\x1b[0m  \x1b[0m\x1b[0m\x1b[1m\x1b[38;5;12m--> \x1b[0m\x1b[0msrc/ps5_dualsense.rs:25:15\x1b[0m\n'}
[0.734764] (controller_2023_a) StderrLine: {'line': b'\x1b[0m   \x1b[0m\x1b[0m\x1b[1m\x1b[38;5;12m|\x1b[0m\n'}
[0.734789] (controller_2023_a) StderrLine: {'line': b'\x1b[0m\x1b[1m\x1b[38;5;12m25\x1b[0m\x1b[0m \x1b[0m\x1b[0m\x1b[1m\x1b[38;5;12m|\x1b[0m\x1b[0m \x1b[0m\x1b[0m    pub const STICK_R_PUSH: usize = 12;\x1b[0m\n'}
[0.734814] (controller_2023_a) StderrLine: {'line': b'\x1b[0m   \x1b[0m\x1b[0m\x1b[1m\x1b[38;5;12m| \x1b[0m\x1b[0m              \x1b[0m\x1b[0m\x1b[1m\x1b[33m^^^^^^^^^^^^\x1b[0m\n'}
[0.734839] (controller_2023_a) StderrLine: {'line': b'\n'}
[0.734864] (controller_2023_a) StderrLine: {'line': b'\x1b[0m\x1b[1m\x1b[33mwarning\x1b[0m\x1b[0m\x1b[1m: module `DualsenseState` should have a snake case name\x1b[0m\n'}
[0.734889] (controller_2023_a) StderrLine: {'line': b'\x1b[0m  \x1b[0m\x1b[0m\x1b[1m\x1b[38;5;12m--> \x1b[0m\x1b[0msrc/main.rs:20:9\x1b[0m\n'}
[0.734914] (controller_2023_a) StderrLine: {'line': b'\x1b[0m   \x1b[0m\x1b[0m\x1b[1m\x1b[38;5;12m|\x1b[0m\n'}
[0.734939] (controller_2023_a) StderrLine: {'line': b'\x1b[0m\x1b[1m\x1b[38;5;12m20\x1b[0m\x1b[0m \x1b[0m\x1b[0m\x1b[1m\x1b[38;5;12m|\x1b[0m\x1b[0m \x1b[0m\x1b[0mpub mod DualsenseState {\x1b[0m\n'}
[0.734965] (controller_2023_a) StderrLine: {'line': b'\x1b[0m   \x1b[0m\x1b[0m\x1b[1m\x1b[38;5;12m| \x1b[0m\x1b[0m        \x1b[0m\x1b[0m\x1b[1m\x1b[33m^^^^^^^^^^^^^^\x1b[0m\x1b[0m \x1b[0m\x1b[0m\x1b[1m\x1b[33mhelp: convert the identifier to snake case: `dualsense_state`\x1b[0m\n'}
[0.734992] (controller_2023_a) StderrLine: {'line': b'\x1b[0m   \x1b[0m\x1b[0m\x1b[1m\x1b[38;5;12m|\x1b[0m\n'}
[0.735017] (controller_2023_a) StderrLine: {'line': b'\x1b[0m   \x1b[0m\x1b[0m\x1b[1m\x1b[38;5;12m= \x1b[0m\x1b[0m\x1b[1mnote\x1b[0m\x1b[0m: `#[warn(non_snake_case)]` on by default\x1b[0m\n'}
[0.735043] (controller_2023_a) StderrLine: {'line': b'\n'}
[0.735067] (controller_2023_a) StderrLine: {'line': b'\x1b[0m\x1b[1m\x1b[33mwarning\x1b[0m\x1b[0m\x1b[1m: module `BUTTONS_DUALSENSE` should have a snake case name\x1b[0m\n'}
[0.735092] (controller_2023_a) StderrLine: {'line': b'\x1b[0m  \x1b[0m\x1b[0m\x1b[1m\x1b[38;5;12m--> \x1b[0m\x1b[0msrc/ps5_dualsense.rs:12:9\x1b[0m\n'}
[0.735117] (controller_2023_a) StderrLine: {'line': b'\x1b[0m   \x1b[0m\x1b[0m\x1b[1m\x1b[38;5;12m|\x1b[0m\n'}
[0.735205] (controller_2023_a) StderrLine: {'line': b'\x1b[0m\x1b[1m\x1b[38;5;12m12\x1b[0m\x1b[0m \x1b[0m\x1b[0m\x1b[1m\x1b[38;5;12m|\x1b[0m\x1b[0m \x1b[0m\x1b[0mpub mod BUTTONS_DUALSENSE {\x1b[0m\n'}
[0.735232] (controller_2023_a) StderrLine: {'line': b'\x1b[0m   \x1b[0m\x1b[0m\x1b[1m\x1b[38;5;12m| \x1b[0m\x1b[0m        \x1b[0m\x1b[0m\x1b[1m\x1b[33m^^^^^^^^^^^^^^^^^\x1b[0m\x1b[0m \x1b[0m\x1b[0m\x1b[1m\x1b[33mhelp: convert the identifier to snake case: `buttons_dualsense`\x1b[0m\n'}
[0.735258] (controller_2023_a) StderrLine: {'line': b'\n'}
[0.735284] (controller_2023_a) CommandEnded: {'returncode': 0}
[0.741724] (controller_2023_a) JobEnded: {'identifier': 'controller_2023_a', 'rc': 0}
[0.799987] (-) TimerEvent: {}
[0.900238] (-) TimerEvent: {}
[1.000592] (-) TimerEvent: {}
[1.021189] (omni_control) CommandEnded: {'returncode': 0}
[1.037004] (omni_control) JobEnded: {'identifier': 'omni_control', 'rc': 0}
[1.037418] (-) EventReactorShutdown: {}
