[0.000000] (-) TimerEvent: {}
[0.001001] (controller_2023_launch_a) JobQueued: {'identifier': 'controller_2023_launch_a', 'dependencies': OrderedDict()}
[0.001208] (drobo_interfaces) JobQueued: {'identifier': 'drobo_interfaces', 'dependencies': OrderedDict()}
[0.001381] (controller_2023_a) JobQueued: {'identifier': 'controller_2023_a', 'dependencies': OrderedDict([('drobo_interfaces', '/home/ubuntu/git/daniel_ws/2023_controller_a/install/drobo_interfaces')])}
[0.001495] (omni_control) JobQueued: {'identifier': 'omni_control', 'dependencies': OrderedDict([('drobo_interfaces', '/home/ubuntu/git/daniel_ws/2023_controller_a/install/drobo_interfaces')])}
[0.001595] (drobo_interfaces) JobStarted: {'identifier': 'drobo_interfaces'}
[0.027250] (controller_2023_launch_a) JobStarted: {'identifier': 'controller_2023_launch_a'}
[0.052687] (drobo_interfaces) JobProgress: {'identifier': 'drobo_interfaces', 'progress': 'cmake'}
[0.053412] (drobo_interfaces) JobProgress: {'identifier': 'drobo_interfaces', 'progress': 'build'}
[0.053537] (drobo_interfaces) Command: {'cmd': ['/usr/bin/cmake', '--build', '/home/ubuntu/git/daniel_ws/2023_controller_a/build/drobo_interfaces', '--', '-j8', '-l8'], 'cwd': '/home/ubuntu/git/daniel_ws/2023_controller_a/build/drobo_interfaces', 'env': OrderedDict([('USER', 'daniel_ezomo'), ('XDG_SESSION_TYPE', 'wayland'), ('SHLVL', '1'), ('LD_LIBRARY_PATH', '/home/ubuntu/git/daniel_ws/2023_controller_a/install/drobo_interfaces/lib:/opt/ros/humble/opt/rviz_ogre_vendor/lib:/opt/ros/humble/lib/aarch64-linux-gnu:/opt/ros/humble/lib'), ('OLDPWD', '/home/ubuntu/git/daniel_ws'), ('HOME', '/home/ubuntu'), ('DESKTOP_SESSION', 'ubuntu'), ('GTK_MODULES', 'gail:atk-bridge'), ('GNOME_SHELL_SESSION_MODE', 'ubuntu'), ('ROS_PYTHON_VERSION', '3'), ('SYSTEMD_EXEC_PID', '1927'), ('DBUS_SESSION_BUS_ADDRESS', 'unix:path=/run/user/1000/bus'), ('P9K_TTY', 'old'), ('COLORTERM', 'truecolor'), ('ZPFX', '/home/ubuntu/.local/share/zinit/polaris'), ('WAYLAND_DISPLAY', 'wayland-0'), ('ROS_DISTRO', 'humble'), ('COLCON_PREFIX_PATH', '/home/ubuntu/git/daniel_ws/2023_controller_a/install'), ('LOGNAME', 'daniel_ezomo'), ('_', '/usr/bin/colcon'), ('_P9K_SSH_TTY', '/dev/pts/0'), ('XDG_SESSION_CLASS', 'user'), ('ROS_VERSION', '2'), ('USERNAME', 'daniel_ezomo'), ('TERM', 'xterm-256color'), ('GNOME_DESKTOP_SESSION_ID', 'this-is-deprecated'), ('ROS_LOCALHOST_ONLY', '0'), ('ZSH_CACHE_DIR', '/home/ubuntu/.cache/zinit'), ('PMSPEC', '0uUpiPsf'), ('PATH', '/opt/ros/humble/bin:/home/ubuntu/.local/share/zinit/polaris/bin:/home/ubuntu/.cargo/bin:/usr/local/sbin:/usr/local/bin:/usr/sbin:/usr/bin:/sbin:/bin:/usr/games:/usr/local/games:/snap/bin:/snap/bin'), ('SESSION_MANAGER', 'local/ezomo:@/tmp/.ICE-unix/1909,unix/ezomo:/tmp/.ICE-unix/1909'), ('GNOME_TERMINAL_SCREEN', '/org/gnome/Terminal/screen/48a602dd_19c0_4514_9e12_2f5b92e85767'), ('XDG_MENU_PREFIX', 'gnome-'), ('GNOME_SETUP_DISPLAY', ':1'), ('XDG_RUNTIME_DIR', '/run/user/1000'), ('DISPLAY', ':0'), ('XDG_CURRENT_DESKTOP', 'ubuntu:GNOME'), ('LANG', 'en_US.UTF-8'), ('XDG_SESSION_DESKTOP', 'ubuntu'), ('GNOME_TERMINAL_SERVICE', ':1.123'), ('XMODIFIERS', '@im=ibus'), ('XAUTHORITY', '/run/user/1000/.mutter-Xwaylandauth.D5AUI2'), ('SSH_AUTH_SOCK', '/run/user/1000/keyring/ssh'), ('SSH_AGENT_LAUNCHER', 'gnome-keyring'), ('AMENT_PREFIX_PATH', '/home/ubuntu/git/daniel_ws/2023_controller_a/install/omni_control:/home/ubuntu/git/daniel_ws/2023_controller_a/install/controller_2023_a:/home/ubuntu/git/daniel_ws/2023_controller_a/install/drobo_interfaces:/home/ubuntu/git/daniel_ws/2023_controller_a/install/controller_2023_launch_a:/opt/ros/humble'), ('SHELL', '/usr/bin/zsh'), ('QT_ACCESSIBILITY', '1'), ('GDMSESSION', 'ubuntu'), ('P9K_SSH', '0'), ('QT_IM_MODULE', 'ibus'), ('LC_ALL', 'en_US.UTF-8'), ('PWD', '/home/ubuntu/git/daniel_ws/2023_controller_a/build/drobo_interfaces'), ('XDG_DATA_DIRS', '/usr/local/share/:/usr/share/:/var/lib/snapd/desktop'), ('_P9K_TTY', '/dev/pts/0'), ('PYTHONPATH', '/home/ubuntu/git/daniel_ws/2023_controller_a/install/drobo_interfaces/local/lib/python3.10/dist-packages:/opt/ros/humble/lib/python3.10/site-packages:/opt/ros/humble/local/lib/python3.10/dist-packages'), ('COLCON', '1'), ('VTE_VERSION', '6800'), ('CMAKE_PREFIX_PATH', '/home/ubuntu/git/daniel_ws/2023_controller_a/install/drobo_interfaces:/home/ubuntu/git/daniel_ws/2023_controller_a/install/controller_2023_launch_a:/home/ubuntu/git/daniel_ws/2023_controller_a/install/omni_control:/home/ubuntu/git/daniel_ws/2023_controller_a/install/controller_2023_a:/opt/ros/humble')]), 'shell': False}
[0.056231] (controller_2023_launch_a) JobProgress: {'identifier': 'controller_2023_launch_a', 'progress': 'cmake'}
[0.056507] (controller_2023_launch_a) JobProgress: {'identifier': 'controller_2023_launch_a', 'progress': 'build'}
[0.056653] (controller_2023_launch_a) Command: {'cmd': ['/usr/bin/cmake', '--build', '/home/ubuntu/git/daniel_ws/2023_controller_a/build/controller_2023_launch_a', '--', '-j8', '-l8'], 'cwd': '/home/ubuntu/git/daniel_ws/2023_controller_a/build/controller_2023_launch_a', 'env': OrderedDict([('USER', 'daniel_ezomo'), ('XDG_SESSION_TYPE', 'wayland'), ('SHLVL', '1'), ('LD_LIBRARY_PATH', '/home/ubuntu/git/daniel_ws/2023_controller_a/install/drobo_interfaces/lib:/opt/ros/humble/opt/rviz_ogre_vendor/lib:/opt/ros/humble/lib/aarch64-linux-gnu:/opt/ros/humble/lib'), ('OLDPWD', '/home/ubuntu/git/daniel_ws'), ('HOME', '/home/ubuntu'), ('DESKTOP_SESSION', 'ubuntu'), ('GTK_MODULES', 'gail:atk-bridge'), ('GNOME_SHELL_SESSION_MODE', 'ubuntu'), ('ROS_PYTHON_VERSION', '3'), ('SYSTEMD_EXEC_PID', '1927'), ('DBUS_SESSION_BUS_ADDRESS', 'unix:path=/run/user/1000/bus'), ('P9K_TTY', 'old'), ('COLORTERM', 'truecolor'), ('ZPFX', '/home/ubuntu/.local/share/zinit/polaris'), ('WAYLAND_DISPLAY', 'wayland-0'), ('ROS_DISTRO', 'humble'), ('COLCON_PREFIX_PATH', '/home/ubuntu/git/daniel_ws/2023_controller_a/install'), ('LOGNAME', 'daniel_ezomo'), ('_', '/usr/bin/colcon'), ('_P9K_SSH_TTY', '/dev/pts/0'), ('XDG_SESSION_CLASS', 'user'), ('ROS_VERSION', '2'), ('USERNAME', 'daniel_ezomo'), ('TERM', 'xterm-256color'), ('GNOME_DESKTOP_SESSION_ID', 'this-is-deprecated'), ('ROS_LOCALHOST_ONLY', '0'), ('ZSH_CACHE_DIR', '/home/ubuntu/.cache/zinit'), ('PMSPEC', '0uUpiPsf'), ('PATH', '/opt/ros/humble/bin:/home/ubuntu/.local/share/zinit/polaris/bin:/home/ubuntu/.cargo/bin:/usr/local/sbin:/usr/local/bin:/usr/sbin:/usr/bin:/sbin:/bin:/usr/games:/usr/local/games:/snap/bin:/snap/bin'), ('SESSION_MANAGER', 'local/ezomo:@/tmp/.ICE-unix/1909,unix/ezomo:/tmp/.ICE-unix/1909'), ('GNOME_TERMINAL_SCREEN', '/org/gnome/Terminal/screen/48a602dd_19c0_4514_9e12_2f5b92e85767'), ('XDG_MENU_PREFIX', 'gnome-'), ('GNOME_SETUP_DISPLAY', ':1'), ('XDG_RUNTIME_DIR', '/run/user/1000'), ('DISPLAY', ':0'), ('XDG_CURRENT_DESKTOP', 'ubuntu:GNOME'), ('LANG', 'en_US.UTF-8'), ('XDG_SESSION_DESKTOP', 'ubuntu'), ('GNOME_TERMINAL_SERVICE', ':1.123'), ('XMODIFIERS', '@im=ibus'), ('XAUTHORITY', '/run/user/1000/.mutter-Xwaylandauth.D5AUI2'), ('SSH_AUTH_SOCK', '/run/user/1000/keyring/ssh'), ('SSH_AGENT_LAUNCHER', 'gnome-keyring'), ('AMENT_PREFIX_PATH', '/home/ubuntu/git/daniel_ws/2023_controller_a/install/omni_control:/home/ubuntu/git/daniel_ws/2023_controller_a/install/controller_2023_a:/home/ubuntu/git/daniel_ws/2023_controller_a/install/drobo_interfaces:/home/ubuntu/git/daniel_ws/2023_controller_a/install/controller_2023_launch_a:/opt/ros/humble'), ('SHELL', '/usr/bin/zsh'), ('QT_ACCESSIBILITY', '1'), ('GDMSESSION', 'ubuntu'), ('P9K_SSH', '0'), ('QT_IM_MODULE', 'ibus'), ('LC_ALL', 'en_US.UTF-8'), ('PWD', '/home/ubuntu/git/daniel_ws/2023_controller_a/build/controller_2023_launch_a'), ('XDG_DATA_DIRS', '/usr/local/share/:/usr/share/:/var/lib/snapd/desktop'), ('_P9K_TTY', '/dev/pts/0'), ('PYTHONPATH', '/home/ubuntu/git/daniel_ws/2023_controller_a/install/drobo_interfaces/local/lib/python3.10/dist-packages:/opt/ros/humble/lib/python3.10/site-packages:/opt/ros/humble/local/lib/python3.10/dist-packages'), ('COLCON', '1'), ('VTE_VERSION', '6800'), ('CMAKE_PREFIX_PATH', '/home/ubuntu/git/daniel_ws/2023_controller_a/install/drobo_interfaces:/home/ubuntu/git/daniel_ws/2023_controller_a/install/controller_2023_launch_a:/home/ubuntu/git/daniel_ws/2023_controller_a/install/omni_control:/home/ubuntu/git/daniel_ws/2023_controller_a/install/controller_2023_a:/opt/ros/humble')]), 'shell': False}
[0.086980] (controller_2023_launch_a) CommandEnded: {'returncode': 0}
[0.094127] (drobo_interfaces) StdoutLine: {'line': b'[  2%] Built target drobo_interfaces__cpp\n'}
[0.094849] (drobo_interfaces) StdoutLine: {'line': b'[ 12%] Built target drobo_interfaces__rosidl_generator_c\n'}
[0.099461] (controller_2023_launch_a) JobProgress: {'identifier': 'controller_2023_launch_a', 'progress': 'install'}
[0.099501] (-) TimerEvent: {}
[0.104045] (drobo_interfaces) StdoutLine: {'line': b'[ 12%] Built target ament_cmake_python_copy_drobo_interfaces\n'}
[0.104971] (drobo_interfaces) StdoutLine: {'line': b'[ 23%] Built target drobo_interfaces__rosidl_typesupport_c\n'}
[0.105085] (drobo_interfaces) StdoutLine: {'line': b'[ 34%] Built target drobo_interfaces__rosidl_typesupport_cpp\n'}
[0.105256] (drobo_interfaces) StdoutLine: {'line': b'[ 44%] Built target drobo_interfaces__rosidl_typesupport_introspection_cpp\n'}
[0.107233] (controller_2023_launch_a) Command: {'cmd': ['/usr/bin/cmake', '--install', '/home/ubuntu/git/daniel_ws/2023_controller_a/build/controller_2023_launch_a'], 'cwd': '/home/ubuntu/git/daniel_ws/2023_controller_a/build/controller_2023_launch_a', 'env': OrderedDict([('USER', 'daniel_ezomo'), ('XDG_SESSION_TYPE', 'wayland'), ('SHLVL', '1'), ('LD_LIBRARY_PATH', '/home/ubuntu/git/daniel_ws/2023_controller_a/install/drobo_interfaces/lib:/opt/ros/humble/opt/rviz_ogre_vendor/lib:/opt/ros/humble/lib/aarch64-linux-gnu:/opt/ros/humble/lib'), ('OLDPWD', '/home/ubuntu/git/daniel_ws'), ('HOME', '/home/ubuntu'), ('DESKTOP_SESSION', 'ubuntu'), ('GTK_MODULES', 'gail:atk-bridge'), ('GNOME_SHELL_SESSION_MODE', 'ubuntu'), ('ROS_PYTHON_VERSION', '3'), ('SYSTEMD_EXEC_PID', '1927'), ('DBUS_SESSION_BUS_ADDRESS', 'unix:path=/run/user/1000/bus'), ('P9K_TTY', 'old'), ('COLORTERM', 'truecolor'), ('ZPFX', '/home/ubuntu/.local/share/zinit/polaris'), ('WAYLAND_DISPLAY', 'wayland-0'), ('ROS_DISTRO', 'humble'), ('COLCON_PREFIX_PATH', '/home/ubuntu/git/daniel_ws/2023_controller_a/install'), ('LOGNAME', 'daniel_ezomo'), ('_', '/usr/bin/colcon'), ('_P9K_SSH_TTY', '/dev/pts/0'), ('XDG_SESSION_CLASS', 'user'), ('ROS_VERSION', '2'), ('USERNAME', 'daniel_ezomo'), ('TERM', 'xterm-256color'), ('GNOME_DESKTOP_SESSION_ID', 'this-is-deprecated'), ('ROS_LOCALHOST_ONLY', '0'), ('ZSH_CACHE_DIR', '/home/ubuntu/.cache/zinit'), ('PMSPEC', '0uUpiPsf'), ('PATH', '/opt/ros/humble/bin:/home/ubuntu/.local/share/zinit/polaris/bin:/home/ubuntu/.cargo/bin:/usr/local/sbin:/usr/local/bin:/usr/sbin:/usr/bin:/sbin:/bin:/usr/games:/usr/local/games:/snap/bin:/snap/bin'), ('SESSION_MANAGER', 'local/ezomo:@/tmp/.ICE-unix/1909,unix/ezomo:/tmp/.ICE-unix/1909'), ('GNOME_TERMINAL_SCREEN', '/org/gnome/Terminal/screen/48a602dd_19c0_4514_9e12_2f5b92e85767'), ('XDG_MENU_PREFIX', 'gnome-'), ('GNOME_SETUP_DISPLAY', ':1'), ('XDG_RUNTIME_DIR', '/run/user/1000'), ('DISPLAY', ':0'), ('XDG_CURRENT_DESKTOP', 'ubuntu:GNOME'), ('LANG', 'en_US.UTF-8'), ('XDG_SESSION_DESKTOP', 'ubuntu'), ('GNOME_TERMINAL_SERVICE', ':1.123'), ('XMODIFIERS', '@im=ibus'), ('XAUTHORITY', '/run/user/1000/.mutter-Xwaylandauth.D5AUI2'), ('SSH_AUTH_SOCK', '/run/user/1000/keyring/ssh'), ('SSH_AGENT_LAUNCHER', 'gnome-keyring'), ('AMENT_PREFIX_PATH', '/home/ubuntu/git/daniel_ws/2023_controller_a/install/omni_control:/home/ubuntu/git/daniel_ws/2023_controller_a/install/controller_2023_a:/home/ubuntu/git/daniel_ws/2023_controller_a/install/drobo_interfaces:/home/ubuntu/git/daniel_ws/2023_controller_a/install/controller_2023_launch_a:/opt/ros/humble'), ('SHELL', '/usr/bin/zsh'), ('QT_ACCESSIBILITY', '1'), ('GDMSESSION', 'ubuntu'), ('P9K_SSH', '0'), ('QT_IM_MODULE', 'ibus'), ('LC_ALL', 'en_US.UTF-8'), ('PWD', '/home/ubuntu/git/daniel_ws/2023_controller_a/build/controller_2023_launch_a'), ('XDG_DATA_DIRS', '/usr/local/share/:/usr/share/:/var/lib/snapd/desktop'), ('_P9K_TTY', '/dev/pts/0'), ('PYTHONPATH', '/home/ubuntu/git/daniel_ws/2023_controller_a/install/drobo_interfaces/local/lib/python3.10/dist-packages:/opt/ros/humble/lib/python3.10/site-packages:/opt/ros/humble/local/lib/python3.10/dist-packages'), ('COLCON', '1'), ('VTE_VERSION', '6800'), ('CMAKE_PREFIX_PATH', '/home/ubuntu/git/daniel_ws/2023_controller_a/install/drobo_interfaces:/home/ubuntu/git/daniel_ws/2023_controller_a/install/controller_2023_launch_a:/home/ubuntu/git/daniel_ws/2023_controller_a/install/omni_control:/home/ubuntu/git/daniel_ws/2023_controller_a/install/controller_2023_a:/opt/ros/humble')]), 'shell': False}
[0.110987] (drobo_interfaces) StdoutLine: {'line': b'[ 55%] Built target drobo_interfaces__rosidl_typesupport_fastrtps_c\n'}
[0.111508] (controller_2023_launch_a) StdoutLine: {'line': b'-- Install configuration: ""\n'}
[0.111627] (controller_2023_launch_a) StdoutLine: {'line': b'-- Up-to-date: /home/ubuntu/git/daniel_ws/2023_controller_a/install/controller_2023_launch_a/share/controller_2023_launch_a//launch\n'}
[0.111666] (controller_2023_launch_a) StdoutLine: {'line': b'-- Installing: /home/ubuntu/git/daniel_ws/2023_controller_a/install/controller_2023_launch_a/share/controller_2023_launch_a//launch/controller_2023_launch_a.launch.xml\n'}
[0.111695] (controller_2023_launch_a) StdoutLine: {'line': b'-- Up-to-date: /home/ubuntu/git/daniel_ws/2023_controller_a/install/controller_2023_launch_a/share/ament_index/resource_index/package_run_dependencies/controller_2023_launch_a\n'}
[0.111721] (controller_2023_launch_a) StdoutLine: {'line': b'-- Up-to-date: /home/ubuntu/git/daniel_ws/2023_controller_a/install/controller_2023_launch_a/share/ament_index/resource_index/parent_prefix_path/controller_2023_launch_a\n'}
[0.111747] (controller_2023_launch_a) StdoutLine: {'line': b'-- Up-to-date: /home/ubuntu/git/daniel_ws/2023_controller_a/install/controller_2023_launch_a/share/controller_2023_launch_a/environment/ament_prefix_path.sh\n'}
[0.111772] (controller_2023_launch_a) StdoutLine: {'line': b'-- Up-to-date: /home/ubuntu/git/daniel_ws/2023_controller_a/install/controller_2023_launch_a/share/controller_2023_launch_a/environment/ament_prefix_path.dsv\n'}
[0.111797] (controller_2023_launch_a) StdoutLine: {'line': b'-- Up-to-date: /home/ubuntu/git/daniel_ws/2023_controller_a/install/controller_2023_launch_a/share/controller_2023_launch_a/environment/path.sh\n'}
[0.111824] (controller_2023_launch_a) StdoutLine: {'line': b'-- Up-to-date: /home/ubuntu/git/daniel_ws/2023_controller_a/install/controller_2023_launch_a/share/controller_2023_launch_a/environment/path.dsv\n'}
[0.111850] (controller_2023_launch_a) StdoutLine: {'line': b'-- Up-to-date: /home/ubuntu/git/daniel_ws/2023_controller_a/install/controller_2023_launch_a/share/controller_2023_launch_a/local_setup.bash\n'}
[0.111876] (controller_2023_launch_a) StdoutLine: {'line': b'-- Up-to-date: /home/ubuntu/git/daniel_ws/2023_controller_a/install/controller_2023_launch_a/share/controller_2023_launch_a/local_setup.sh\n'}
[0.111903] (controller_2023_launch_a) StdoutLine: {'line': b'-- Up-to-date: /home/ubuntu/git/daniel_ws/2023_controller_a/install/controller_2023_launch_a/share/controller_2023_launch_a/local_setup.zsh\n'}
[0.111929] (controller_2023_launch_a) StdoutLine: {'line': b'-- Up-to-date: /home/ubuntu/git/daniel_ws/2023_controller_a/install/controller_2023_launch_a/share/controller_2023_launch_a/local_setup.dsv\n'}
[0.111955] (controller_2023_launch_a) StdoutLine: {'line': b'-- Installing: /home/ubuntu/git/daniel_ws/2023_controller_a/install/controller_2023_launch_a/share/controller_2023_launch_a/package.dsv\n'}
[0.111981] (controller_2023_launch_a) StdoutLine: {'line': b'-- Up-to-date: /home/ubuntu/git/daniel_ws/2023_controller_a/install/controller_2023_launch_a/share/ament_index/resource_index/packages/controller_2023_launch_a\n'}
[0.112007] (controller_2023_launch_a) StdoutLine: {'line': b'-- Up-to-date: /home/ubuntu/git/daniel_ws/2023_controller_a/install/controller_2023_launch_a/share/controller_2023_launch_a/cmake/controller_2023_launch_aConfig.cmake\n'}
[0.112033] (controller_2023_launch_a) StdoutLine: {'line': b'-- Up-to-date: /home/ubuntu/git/daniel_ws/2023_controller_a/install/controller_2023_launch_a/share/controller_2023_launch_a/cmake/controller_2023_launch_aConfig-version.cmake\n'}
[0.112097] (controller_2023_launch_a) StdoutLine: {'line': b'-- Up-to-date: /home/ubuntu/git/daniel_ws/2023_controller_a/install/controller_2023_launch_a/share/controller_2023_launch_a/package.xml\n'}
[0.112505] (controller_2023_launch_a) CommandEnded: {'returncode': 0}
[0.115225] (drobo_interfaces) StdoutLine: {'line': b'[ 65%] Built target drobo_interfaces__rosidl_typesupport_introspection_c\n'}
[0.117178] (drobo_interfaces) StdoutLine: {'line': b'[ 76%] Built target drobo_interfaces__rosidl_typesupport_fastrtps_cpp\n'}
[0.130337] (drobo_interfaces) StdoutLine: {'line': b'[ 76%] Built target drobo_interfaces\n'}
[0.143997] (drobo_interfaces) StdoutLine: {'line': b'[ 78%] Built target drobo_interfaces__py\n'}
[0.160647] (drobo_interfaces) StdoutLine: {'line': b'[ 87%] Built target drobo_interfaces__rosidl_generator_py\n'}
[0.170448] (controller_2023_launch_a) JobEnded: {'identifier': 'controller_2023_launch_a', 'rc': 0}
[0.175147] (drobo_interfaces) StdoutLine: {'line': b'[ 91%] Built target drobo_interfaces__rosidl_typesupport_fastrtps_c__pyext\n'}
[0.175445] (drobo_interfaces) StdoutLine: {'line': b'[ 95%] Built target drobo_interfaces__rosidl_typesupport_c__pyext\n'}
[0.180199] (drobo_interfaces) StdoutLine: {'line': b'[100%] Built target drobo_interfaces__rosidl_typesupport_introspection_c__pyext\n'}
[0.199575] (-) TimerEvent: {}
[0.246214] (drobo_interfaces) StdoutLine: {'line': b'running egg_info\n'}
[0.246450] (drobo_interfaces) StdoutLine: {'line': b'writing drobo_interfaces.egg-info/PKG-INFO\n'}
[0.246560] (drobo_interfaces) StdoutLine: {'line': b'writing dependency_links to drobo_interfaces.egg-info/dependency_links.txt\n'}
[0.246645] (drobo_interfaces) StdoutLine: {'line': b'writing top-level names to drobo_interfaces.egg-info/top_level.txt\n'}
[0.247569] (drobo_interfaces) StdoutLine: {'line': b"reading manifest file 'drobo_interfaces.egg-info/SOURCES.txt'\n"}
[0.247916] (drobo_interfaces) StdoutLine: {'line': b"writing manifest file 'drobo_interfaces.egg-info/SOURCES.txt'\n"}
[0.273605] (drobo_interfaces) StdoutLine: {'line': b'[100%] Built target ament_cmake_python_build_drobo_interfaces_egg\n'}
[0.280593] (drobo_interfaces) CommandEnded: {'returncode': 0}
[0.299660] (-) TimerEvent: {}
[0.353742] (drobo_interfaces) JobProgress: {'identifier': 'drobo_interfaces', 'progress': 'install'}
[0.354260] (drobo_interfaces) Command: {'cmd': ['/usr/bin/cmake', '--install', '/home/ubuntu/git/daniel_ws/2023_controller_a/build/drobo_interfaces'], 'cwd': '/home/ubuntu/git/daniel_ws/2023_controller_a/build/drobo_interfaces', 'env': OrderedDict([('USER', 'daniel_ezomo'), ('XDG_SESSION_TYPE', 'wayland'), ('SHLVL', '1'), ('LD_LIBRARY_PATH', '/home/ubuntu/git/daniel_ws/2023_controller_a/install/drobo_interfaces/lib:/opt/ros/humble/opt/rviz_ogre_vendor/lib:/opt/ros/humble/lib/aarch64-linux-gnu:/opt/ros/humble/lib'), ('OLDPWD', '/home/ubuntu/git/daniel_ws'), ('HOME', '/home/ubuntu'), ('DESKTOP_SESSION', 'ubuntu'), ('GTK_MODULES', 'gail:atk-bridge'), ('GNOME_SHELL_SESSION_MODE', 'ubuntu'), ('ROS_PYTHON_VERSION', '3'), ('SYSTEMD_EXEC_PID', '1927'), ('DBUS_SESSION_BUS_ADDRESS', 'unix:path=/run/user/1000/bus'), ('P9K_TTY', 'old'), ('COLORTERM', 'truecolor'), ('ZPFX', '/home/ubuntu/.local/share/zinit/polaris'), ('WAYLAND_DISPLAY', 'wayland-0'), ('ROS_DISTRO', 'humble'), ('COLCON_PREFIX_PATH', '/home/ubuntu/git/daniel_ws/2023_controller_a/install'), ('LOGNAME', 'daniel_ezomo'), ('_', '/usr/bin/colcon'), ('_P9K_SSH_TTY', '/dev/pts/0'), ('XDG_SESSION_CLASS', 'user'), ('ROS_VERSION', '2'), ('USERNAME', 'daniel_ezomo'), ('TERM', 'xterm-256color'), ('GNOME_DESKTOP_SESSION_ID', 'this-is-deprecated'), ('ROS_LOCALHOST_ONLY', '0'), ('ZSH_CACHE_DIR', '/home/ubuntu/.cache/zinit'), ('PMSPEC', '0uUpiPsf'), ('PATH', '/opt/ros/humble/bin:/home/ubuntu/.local/share/zinit/polaris/bin:/home/ubuntu/.cargo/bin:/usr/local/sbin:/usr/local/bin:/usr/sbin:/usr/bin:/sbin:/bin:/usr/games:/usr/local/games:/snap/bin:/snap/bin'), ('SESSION_MANAGER', 'local/ezomo:@/tmp/.ICE-unix/1909,unix/ezomo:/tmp/.ICE-unix/1909'), ('GNOME_TERMINAL_SCREEN', '/org/gnome/Terminal/screen/48a602dd_19c0_4514_9e12_2f5b92e85767'), ('XDG_MENU_PREFIX', 'gnome-'), ('GNOME_SETUP_DISPLAY', ':1'), ('XDG_RUNTIME_DIR', '/run/user/1000'), ('DISPLAY', ':0'), ('XDG_CURRENT_DESKTOP', 'ubuntu:GNOME'), ('LANG', 'en_US.UTF-8'), ('XDG_SESSION_DESKTOP', 'ubuntu'), ('GNOME_TERMINAL_SERVICE', ':1.123'), ('XMODIFIERS', '@im=ibus'), ('XAUTHORITY', '/run/user/1000/.mutter-Xwaylandauth.D5AUI2'), ('SSH_AUTH_SOCK', '/run/user/1000/keyring/ssh'), ('SSH_AGENT_LAUNCHER', 'gnome-keyring'), ('AMENT_PREFIX_PATH', '/home/ubuntu/git/daniel_ws/2023_controller_a/install/omni_control:/home/ubuntu/git/daniel_ws/2023_controller_a/install/controller_2023_a:/home/ubuntu/git/daniel_ws/2023_controller_a/install/drobo_interfaces:/home/ubuntu/git/daniel_ws/2023_controller_a/install/controller_2023_launch_a:/opt/ros/humble'), ('SHELL', '/usr/bin/zsh'), ('QT_ACCESSIBILITY', '1'), ('GDMSESSION', 'ubuntu'), ('P9K_SSH', '0'), ('QT_IM_MODULE', 'ibus'), ('LC_ALL', 'en_US.UTF-8'), ('PWD', '/home/ubuntu/git/daniel_ws/2023_controller_a/build/drobo_interfaces'), ('XDG_DATA_DIRS', '/usr/local/share/:/usr/share/:/var/lib/snapd/desktop'), ('_P9K_TTY', '/dev/pts/0'), ('PYTHONPATH', '/home/ubuntu/git/daniel_ws/2023_controller_a/install/drobo_interfaces/local/lib/python3.10/dist-packages:/opt/ros/humble/lib/python3.10/site-packages:/opt/ros/humble/local/lib/python3.10/dist-packages'), ('COLCON', '1'), ('VTE_VERSION', '6800'), ('CMAKE_PREFIX_PATH', '/home/ubuntu/git/daniel_ws/2023_controller_a/install/drobo_interfaces:/home/ubuntu/git/daniel_ws/2023_controller_a/install/controller_2023_launch_a:/home/ubuntu/git/daniel_ws/2023_controller_a/install/omni_control:/home/ubuntu/git/daniel_ws/2023_controller_a/install/controller_2023_a:/opt/ros/humble')]), 'shell': False}
[0.364551] (drobo_interfaces) StdoutLine: {'line': b'-- Install configuration: ""\n'}
[0.364723] (drobo_interfaces) StdoutLine: {'line': b'-- Up-to-date: /home/ubuntu/git/daniel_ws/2023_controller_a/install/drobo_interfaces/share/ament_index/resource_index/rosidl_interfaces/drobo_interfaces\n'}
[0.364890] (drobo_interfaces) StdoutLine: {'line': b'-- Up-to-date: /home/ubuntu/git/daniel_ws/2023_controller_a/install/drobo_interfaces/include/drobo_interfaces/drobo_interfaces\n'}
[0.364990] (drobo_interfaces) StdoutLine: {'line': b'-- Up-to-date: /home/ubuntu/git/daniel_ws/2023_controller_a/install/drobo_interfaces/include/drobo_interfaces/drobo_interfaces/msg\n'}
[0.365087] (drobo_interfaces) StdoutLine: {'line': b'-- Up-to-date: /home/ubuntu/git/daniel_ws/2023_controller_a/install/drobo_interfaces/include/drobo_interfaces/drobo_interfaces/msg/rosidl_generator_c__visibility_control.h\n'}
[0.365270] (drobo_interfaces) StdoutLine: {'line': b'-- Up-to-date: /home/ubuntu/git/daniel_ws/2023_controller_a/install/drobo_interfaces/include/drobo_interfaces/drobo_interfaces/msg/sd_lib_msg.h\n'}
[0.365367] (drobo_interfaces) StdoutLine: {'line': b'-- Up-to-date: /home/ubuntu/git/daniel_ws/2023_controller_a/install/drobo_interfaces/include/drobo_interfaces/drobo_interfaces/msg/detail\n'}
[0.365461] (drobo_interfaces) StdoutLine: {'line': b'-- Up-to-date: /home/ubuntu/git/daniel_ws/2023_controller_a/install/drobo_interfaces/include/drobo_interfaces/drobo_interfaces/msg/detail/sd_lib_msg__functions.c\n'}
[0.365557] (drobo_interfaces) StdoutLine: {'line': b'-- Up-to-date: /home/ubuntu/git/daniel_ws/2023_controller_a/install/drobo_interfaces/include/drobo_interfaces/drobo_interfaces/msg/detail/sd_lib_msg__functions.h\n'}
[0.365650] (drobo_interfaces) StdoutLine: {'line': b'-- Up-to-date: /home/ubuntu/git/daniel_ws/2023_controller_a/install/drobo_interfaces/include/drobo_interfaces/drobo_interfaces/msg/detail/md_lib_msg__struct.h\n'}
[0.365815] (drobo_interfaces) StdoutLine: {'line': b'-- Up-to-date: /home/ubuntu/git/daniel_ws/2023_controller_a/install/drobo_interfaces/include/drobo_interfaces/drobo_interfaces/msg/detail/md_lib_msg__type_support.h\n'}
[0.365903] (drobo_interfaces) StdoutLine: {'line': b'-- Up-to-date: /home/ubuntu/git/daniel_ws/2023_controller_a/install/drobo_interfaces/include/drobo_interfaces/drobo_interfaces/msg/detail/md_lib_msg__functions.h\n'}
[0.365991] (drobo_interfaces) StdoutLine: {'line': b'-- Up-to-date: /home/ubuntu/git/daniel_ws/2023_controller_a/install/drobo_interfaces/include/drobo_interfaces/drobo_interfaces/msg/detail/sd_lib_msg__type_support.h\n'}
[0.366084] (drobo_interfaces) StdoutLine: {'line': b'-- Up-to-date: /home/ubuntu/git/daniel_ws/2023_controller_a/install/drobo_interfaces/include/drobo_interfaces/drobo_interfaces/msg/detail/sd_lib_msg__struct.h\n'}
[0.366178] (drobo_interfaces) StdoutLine: {'line': b'-- Up-to-date: /home/ubuntu/git/daniel_ws/2023_controller_a/install/drobo_interfaces/include/drobo_interfaces/drobo_interfaces/msg/detail/md_lib_msg__functions.c\n'}
[0.366270] (drobo_interfaces) StdoutLine: {'line': b'-- Up-to-date: /home/ubuntu/git/daniel_ws/2023_controller_a/install/drobo_interfaces/include/drobo_interfaces/drobo_interfaces/msg/md_lib_msg.h\n'}
[0.366366] (drobo_interfaces) StdoutLine: {'line': b'-- Up-to-date: /home/ubuntu/git/daniel_ws/2023_controller_a/install/drobo_interfaces/include/drobo_interfaces/drobo_interfaces/srv\n'}
[0.366459] (drobo_interfaces) StdoutLine: {'line': b'-- Up-to-date: /home/ubuntu/git/daniel_ws/2023_controller_a/install/drobo_interfaces/include/drobo_interfaces/drobo_interfaces/srv/solenoid_state_srv.h\n'}
[0.366553] (drobo_interfaces) StdoutLine: {'line': b'-- Up-to-date: /home/ubuntu/git/daniel_ws/2023_controller_a/install/drobo_interfaces/include/drobo_interfaces/drobo_interfaces/srv/detail\n'}
[0.366646] (drobo_interfaces) StdoutLine: {'line': b'-- Up-to-date: /home/ubuntu/git/daniel_ws/2023_controller_a/install/drobo_interfaces/include/drobo_interfaces/drobo_interfaces/srv/detail/solenoid_state_srv__functions.c\n'}
[0.366742] (drobo_interfaces) StdoutLine: {'line': b'-- Up-to-date: /home/ubuntu/git/daniel_ws/2023_controller_a/install/drobo_interfaces/include/drobo_interfaces/drobo_interfaces/srv/detail/solenoid_state_srv__struct.h\n'}
[0.366834] (drobo_interfaces) StdoutLine: {'line': b'-- Up-to-date: /home/ubuntu/git/daniel_ws/2023_controller_a/install/drobo_interfaces/include/drobo_interfaces/drobo_interfaces/srv/detail/solenoid_state_srv__functions.h\n'}
[0.366940] (drobo_interfaces) StdoutLine: {'line': b'-- Up-to-date: /home/ubuntu/git/daniel_ws/2023_controller_a/install/drobo_interfaces/include/drobo_interfaces/drobo_interfaces/srv/detail/solenoid_state_srv__type_support.h\n'}
[0.367034] (drobo_interfaces) StdoutLine: {'line': b'-- Up-to-date: /home/ubuntu/git/daniel_ws/2023_controller_a/install/drobo_interfaces/share/drobo_interfaces/environment/library_path.sh\n'}
[0.367127] (drobo_interfaces) StdoutLine: {'line': b'-- Up-to-date: /home/ubuntu/git/daniel_ws/2023_controller_a/install/drobo_interfaces/share/drobo_interfaces/environment/library_path.dsv\n'}
[0.367254] (drobo_interfaces) StdoutLine: {'line': b'-- Up-to-date: /home/ubuntu/git/daniel_ws/2023_controller_a/install/drobo_interfaces/lib/libdrobo_interfaces__rosidl_generator_c.so\n'}
[0.367471] (drobo_interfaces) StdoutLine: {'line': b'-- Up-to-date: /home/ubuntu/git/daniel_ws/2023_controller_a/install/drobo_interfaces/include/drobo_interfaces/drobo_interfaces\n'}
[0.367591] (drobo_interfaces) StdoutLine: {'line': b'-- Up-to-date: /home/ubuntu/git/daniel_ws/2023_controller_a/install/drobo_interfaces/include/drobo_interfaces/drobo_interfaces/msg\n'}
[0.367684] (drobo_interfaces) StdoutLine: {'line': b'-- Up-to-date: /home/ubuntu/git/daniel_ws/2023_controller_a/install/drobo_interfaces/include/drobo_interfaces/drobo_interfaces/msg/rosidl_typesupport_fastrtps_c__visibility_control.h\n'}
[0.367778] (drobo_interfaces) StdoutLine: {'line': b'-- Up-to-date: /home/ubuntu/git/daniel_ws/2023_controller_a/install/drobo_interfaces/include/drobo_interfaces/drobo_interfaces/msg/detail\n'}
[0.367869] (drobo_interfaces) StdoutLine: {'line': b'-- Up-to-date: /home/ubuntu/git/daniel_ws/2023_controller_a/install/drobo_interfaces/include/drobo_interfaces/drobo_interfaces/msg/detail/md_lib_msg__rosidl_typesupport_fastrtps_c.h\n'}
[0.367962] (drobo_interfaces) StdoutLine: {'line': b'-- Up-to-date: /home/ubuntu/git/daniel_ws/2023_controller_a/install/drobo_interfaces/include/drobo_interfaces/drobo_interfaces/msg/detail/sd_lib_msg__rosidl_typesupport_fastrtps_c.h\n'}
[0.368055] (drobo_interfaces) StdoutLine: {'line': b'-- Up-to-date: /home/ubuntu/git/daniel_ws/2023_controller_a/install/drobo_interfaces/include/drobo_interfaces/drobo_interfaces/srv\n'}
[0.368147] (drobo_interfaces) StdoutLine: {'line': b'-- Up-to-date: /home/ubuntu/git/daniel_ws/2023_controller_a/install/drobo_interfaces/include/drobo_interfaces/drobo_interfaces/srv/detail\n'}
[0.368240] (drobo_interfaces) StdoutLine: {'line': b'-- Up-to-date: /home/ubuntu/git/daniel_ws/2023_controller_a/install/drobo_interfaces/include/drobo_interfaces/drobo_interfaces/srv/detail/solenoid_state_srv__rosidl_typesupport_fastrtps_c.h\n'}
[0.368336] (drobo_interfaces) StdoutLine: {'line': b'-- Up-to-date: /home/ubuntu/git/daniel_ws/2023_controller_a/install/drobo_interfaces/lib/libdrobo_interfaces__rosidl_typesupport_fastrtps_c.so\n'}
[0.368427] (drobo_interfaces) StdoutLine: {'line': b'-- Up-to-date: /home/ubuntu/git/daniel_ws/2023_controller_a/install/drobo_interfaces/include/drobo_interfaces/drobo_interfaces\n'}
[0.368521] (drobo_interfaces) StdoutLine: {'line': b'-- Up-to-date: /home/ubuntu/git/daniel_ws/2023_controller_a/install/drobo_interfaces/include/drobo_interfaces/drobo_interfaces/msg\n'}
[0.368614] (drobo_interfaces) StdoutLine: {'line': b'-- Up-to-date: /home/ubuntu/git/daniel_ws/2023_controller_a/install/drobo_interfaces/include/drobo_interfaces/drobo_interfaces/msg/rosidl_typesupport_introspection_c__visibility_control.h\n'}
[0.368708] (drobo_interfaces) StdoutLine: {'line': b'-- Up-to-date: /home/ubuntu/git/daniel_ws/2023_controller_a/install/drobo_interfaces/include/drobo_interfaces/drobo_interfaces/msg/detail\n'}
[0.368801] (drobo_interfaces) StdoutLine: {'line': b'-- Up-to-date: /home/ubuntu/git/daniel_ws/2023_controller_a/install/drobo_interfaces/include/drobo_interfaces/drobo_interfaces/msg/detail/md_lib_msg__rosidl_typesupport_introspection_c.h\n'}
[0.368894] (drobo_interfaces) StdoutLine: {'line': b'-- Up-to-date: /home/ubuntu/git/daniel_ws/2023_controller_a/install/drobo_interfaces/include/drobo_interfaces/drobo_interfaces/msg/detail/sd_lib_msg__type_support.c\n'}
[0.368986] (drobo_interfaces) StdoutLine: {'line': b'-- Up-to-date: /home/ubuntu/git/daniel_ws/2023_controller_a/install/drobo_interfaces/include/drobo_interfaces/drobo_interfaces/msg/detail/md_lib_msg__type_support.c\n'}
[0.369079] (drobo_interfaces) StdoutLine: {'line': b'-- Up-to-date: /home/ubuntu/git/daniel_ws/2023_controller_a/install/drobo_interfaces/include/drobo_interfaces/drobo_interfaces/msg/detail/sd_lib_msg__rosidl_typesupport_introspection_c.h\n'}
[0.369173] (drobo_interfaces) StdoutLine: {'line': b'-- Up-to-date: /home/ubuntu/git/daniel_ws/2023_controller_a/install/drobo_interfaces/include/drobo_interfaces/drobo_interfaces/srv\n'}
[0.369265] (drobo_interfaces) StdoutLine: {'line': b'-- Up-to-date: /home/ubuntu/git/daniel_ws/2023_controller_a/install/drobo_interfaces/include/drobo_interfaces/drobo_interfaces/srv/detail\n'}
[0.369393] (drobo_interfaces) StdoutLine: {'line': b'-- Up-to-date: /home/ubuntu/git/daniel_ws/2023_controller_a/install/drobo_interfaces/include/drobo_interfaces/drobo_interfaces/srv/detail/solenoid_state_srv__type_support.c\n'}
[0.369646] (drobo_interfaces) StdoutLine: {'line': b'-- Up-to-date: /home/ubuntu/git/daniel_ws/2023_controller_a/install/drobo_interfaces/include/drobo_interfaces/drobo_interfaces/srv/detail/solenoid_state_srv__rosidl_typesupport_introspection_c.h\n'}
[0.369737] (drobo_interfaces) StdoutLine: {'line': b'-- Up-to-date: /home/ubuntu/git/daniel_ws/2023_controller_a/install/drobo_interfaces/lib/libdrobo_interfaces__rosidl_typesupport_introspection_c.so\n'}
[0.369824] (drobo_interfaces) StdoutLine: {'line': b'-- Up-to-date: /home/ubuntu/git/daniel_ws/2023_controller_a/install/drobo_interfaces/lib/libdrobo_interfaces__rosidl_typesupport_c.so\n'}
[0.369926] (drobo_interfaces) StdoutLine: {'line': b'-- Up-to-date: /home/ubuntu/git/daniel_ws/2023_controller_a/install/drobo_interfaces/include/drobo_interfaces/drobo_interfaces\n'}
[0.370017] (drobo_interfaces) StdoutLine: {'line': b'-- Up-to-date: /home/ubuntu/git/daniel_ws/2023_controller_a/install/drobo_interfaces/include/drobo_interfaces/drobo_interfaces/msg\n'}
[0.370109] (drobo_interfaces) StdoutLine: {'line': b'-- Up-to-date: /home/ubuntu/git/daniel_ws/2023_controller_a/install/drobo_interfaces/include/drobo_interfaces/drobo_interfaces/msg/detail\n'}
[0.370203] (drobo_interfaces) StdoutLine: {'line': b'-- Up-to-date: /home/ubuntu/git/daniel_ws/2023_controller_a/install/drobo_interfaces/include/drobo_interfaces/drobo_interfaces/msg/detail/md_lib_msg__struct.hpp\n'}
[0.370298] (drobo_interfaces) StdoutLine: {'line': b'-- Up-to-date: /home/ubuntu/git/daniel_ws/2023_controller_a/install/drobo_interfaces/include/drobo_interfaces/drobo_interfaces/msg/detail/md_lib_msg__traits.hpp\n'}
[0.370390] (drobo_interfaces) StdoutLine: {'line': b'-- Up-to-date: /home/ubuntu/git/daniel_ws/2023_controller_a/install/drobo_interfaces/include/drobo_interfaces/drobo_interfaces/msg/detail/sd_lib_msg__builder.hpp\n'}
[0.370485] (drobo_interfaces) StdoutLine: {'line': b'-- Up-to-date: /home/ubuntu/git/daniel_ws/2023_controller_a/install/drobo_interfaces/include/drobo_interfaces/drobo_interfaces/msg/detail/sd_lib_msg__traits.hpp\n'}
[0.370578] (drobo_interfaces) StdoutLine: {'line': b'-- Up-to-date: /home/ubuntu/git/daniel_ws/2023_controller_a/install/drobo_interfaces/include/drobo_interfaces/drobo_interfaces/msg/detail/sd_lib_msg__struct.hpp\n'}
[0.370670] (drobo_interfaces) StdoutLine: {'line': b'-- Up-to-date: /home/ubuntu/git/daniel_ws/2023_controller_a/install/drobo_interfaces/include/drobo_interfaces/drobo_interfaces/msg/detail/md_lib_msg__builder.hpp\n'}
[0.370761] (drobo_interfaces) StdoutLine: {'line': b'-- Up-to-date: /home/ubuntu/git/daniel_ws/2023_controller_a/install/drobo_interfaces/include/drobo_interfaces/drobo_interfaces/msg/md_lib_msg.hpp\n'}
[0.370854] (drobo_interfaces) StdoutLine: {'line': b'-- Up-to-date: /home/ubuntu/git/daniel_ws/2023_controller_a/install/drobo_interfaces/include/drobo_interfaces/drobo_interfaces/msg/sd_lib_msg.hpp\n'}
[0.370957] (drobo_interfaces) StdoutLine: {'line': b'-- Up-to-date: /home/ubuntu/git/daniel_ws/2023_controller_a/install/drobo_interfaces/include/drobo_interfaces/drobo_interfaces/srv\n'}
[0.371051] (drobo_interfaces) StdoutLine: {'line': b'-- Up-to-date: /home/ubuntu/git/daniel_ws/2023_controller_a/install/drobo_interfaces/include/drobo_interfaces/drobo_interfaces/srv/solenoid_state_srv.hpp\n'}
[0.371143] (drobo_interfaces) StdoutLine: {'line': b'-- Up-to-date: /home/ubuntu/git/daniel_ws/2023_controller_a/install/drobo_interfaces/include/drobo_interfaces/drobo_interfaces/srv/detail\n'}
[0.371234] (drobo_interfaces) StdoutLine: {'line': b'-- Up-to-date: /home/ubuntu/git/daniel_ws/2023_controller_a/install/drobo_interfaces/include/drobo_interfaces/drobo_interfaces/srv/detail/solenoid_state_srv__builder.hpp\n'}
[0.371326] (drobo_interfaces) StdoutLine: {'line': b'-- Up-to-date: /home/ubuntu/git/daniel_ws/2023_controller_a/install/drobo_interfaces/include/drobo_interfaces/drobo_interfaces/srv/detail/solenoid_state_srv__traits.hpp\n'}
[0.371419] (drobo_interfaces) StdoutLine: {'line': b'-- Up-to-date: /home/ubuntu/git/daniel_ws/2023_controller_a/install/drobo_interfaces/include/drobo_interfaces/drobo_interfaces/srv/detail/solenoid_state_srv__struct.hpp\n'}
[0.371512] (drobo_interfaces) StdoutLine: {'line': b'-- Up-to-date: /home/ubuntu/git/daniel_ws/2023_controller_a/install/drobo_interfaces/include/drobo_interfaces/drobo_interfaces\n'}
[0.371605] (drobo_interfaces) StdoutLine: {'line': b'-- Up-to-date: /home/ubuntu/git/daniel_ws/2023_controller_a/install/drobo_interfaces/include/drobo_interfaces/drobo_interfaces/msg\n'}
[0.371697] (drobo_interfaces) StdoutLine: {'line': b'-- Up-to-date: /home/ubuntu/git/daniel_ws/2023_controller_a/install/drobo_interfaces/include/drobo_interfaces/drobo_interfaces/msg/rosidl_typesupport_fastrtps_cpp__visibility_control.h\n'}
[0.371794] (drobo_interfaces) StdoutLine: {'line': b'-- Up-to-date: /home/ubuntu/git/daniel_ws/2023_controller_a/install/drobo_interfaces/include/drobo_interfaces/drobo_interfaces/msg/detail\n'}
[0.371887] (drobo_interfaces) StdoutLine: {'line': b'-- Up-to-date: /home/ubuntu/git/daniel_ws/2023_controller_a/install/drobo_interfaces/include/drobo_interfaces/drobo_interfaces/msg/detail/sd_lib_msg__rosidl_typesupport_fastrtps_cpp.hpp\n'}
[0.371981] (drobo_interfaces) StdoutLine: {'line': b'-- Up-to-date: /home/ubuntu/git/daniel_ws/2023_controller_a/install/drobo_interfaces/include/drobo_interfaces/drobo_interfaces/msg/detail/dds_fastrtps\n'}
[0.372075] (drobo_interfaces) StdoutLine: {'line': b'-- Up-to-date: /home/ubuntu/git/daniel_ws/2023_controller_a/install/drobo_interfaces/include/drobo_interfaces/drobo_interfaces/msg/detail/md_lib_msg__rosidl_typesupport_fastrtps_cpp.hpp\n'}
[0.372169] (drobo_interfaces) StdoutLine: {'line': b'-- Up-to-date: /home/ubuntu/git/daniel_ws/2023_controller_a/install/drobo_interfaces/include/drobo_interfaces/drobo_interfaces/srv\n'}
[0.372262] (drobo_interfaces) StdoutLine: {'line': b'-- Up-to-date: /home/ubuntu/git/daniel_ws/2023_controller_a/install/drobo_interfaces/include/drobo_interfaces/drobo_interfaces/srv/detail\n'}
[0.372354] (drobo_interfaces) StdoutLine: {'line': b'-- Up-to-date: /home/ubuntu/git/daniel_ws/2023_controller_a/install/drobo_interfaces/include/drobo_interfaces/drobo_interfaces/srv/detail/solenoid_state_srv__rosidl_typesupport_fastrtps_cpp.hpp\n'}
[0.372446] (drobo_interfaces) StdoutLine: {'line': b'-- Up-to-date: /home/ubuntu/git/daniel_ws/2023_controller_a/install/drobo_interfaces/include/drobo_interfaces/drobo_interfaces/srv/detail/dds_fastrtps\n'}
[0.372570] (drobo_interfaces) StdoutLine: {'line': b'-- Up-to-date: /home/ubuntu/git/daniel_ws/2023_controller_a/install/drobo_interfaces/lib/libdrobo_interfaces__rosidl_typesupport_fastrtps_cpp.so\n'}
[0.372859] (drobo_interfaces) StdoutLine: {'line': b'-- Up-to-date: /home/ubuntu/git/daniel_ws/2023_controller_a/install/drobo_interfaces/include/drobo_interfaces/drobo_interfaces\n'}
[0.372949] (drobo_interfaces) StdoutLine: {'line': b'-- Up-to-date: /home/ubuntu/git/daniel_ws/2023_controller_a/install/drobo_interfaces/include/drobo_interfaces/drobo_interfaces/msg\n'}
[0.373035] (drobo_interfaces) StdoutLine: {'line': b'-- Up-to-date: /home/ubuntu/git/daniel_ws/2023_controller_a/install/drobo_interfaces/include/drobo_interfaces/drobo_interfaces/msg/detail\n'}
[0.373122] (drobo_interfaces) StdoutLine: {'line': b'-- Up-to-date: /home/ubuntu/git/daniel_ws/2023_controller_a/install/drobo_interfaces/include/drobo_interfaces/drobo_interfaces/msg/detail/md_lib_msg__type_support.cpp\n'}
[0.373210] (drobo_interfaces) StdoutLine: {'line': b'-- Up-to-date: /home/ubuntu/git/daniel_ws/2023_controller_a/install/drobo_interfaces/include/drobo_interfaces/drobo_interfaces/msg/detail/sd_lib_msg__type_support.cpp\n'}
[0.373296] (drobo_interfaces) StdoutLine: {'line': b'-- Up-to-date: /home/ubuntu/git/daniel_ws/2023_controller_a/install/drobo_interfaces/include/drobo_interfaces/drobo_interfaces/msg/detail/sd_lib_msg__rosidl_typesupport_introspection_cpp.hpp\n'}
[0.373392] (drobo_interfaces) StdoutLine: {'line': b'-- Up-to-date: /home/ubuntu/git/daniel_ws/2023_controller_a/install/drobo_interfaces/include/drobo_interfaces/drobo_interfaces/msg/detail/md_lib_msg__rosidl_typesupport_introspection_cpp.hpp\n'}
[0.373480] (drobo_interfaces) StdoutLine: {'line': b'-- Up-to-date: /home/ubuntu/git/daniel_ws/2023_controller_a/install/drobo_interfaces/include/drobo_interfaces/drobo_interfaces/srv\n'}
[0.373567] (drobo_interfaces) StdoutLine: {'line': b'-- Up-to-date: /home/ubuntu/git/daniel_ws/2023_controller_a/install/drobo_interfaces/include/drobo_interfaces/drobo_interfaces/srv/detail\n'}
[0.373653] (drobo_interfaces) StdoutLine: {'line': b'-- Up-to-date: /home/ubuntu/git/daniel_ws/2023_controller_a/install/drobo_interfaces/include/drobo_interfaces/drobo_interfaces/srv/detail/solenoid_state_srv__rosidl_typesupport_introspection_cpp.hpp\n'}
[0.373741] (drobo_interfaces) StdoutLine: {'line': b'-- Up-to-date: /home/ubuntu/git/daniel_ws/2023_controller_a/install/drobo_interfaces/include/drobo_interfaces/drobo_interfaces/srv/detail/solenoid_state_srv__type_support.cpp\n'}
[0.373829] (drobo_interfaces) StdoutLine: {'line': b'-- Up-to-date: /home/ubuntu/git/daniel_ws/2023_controller_a/install/drobo_interfaces/lib/libdrobo_interfaces__rosidl_typesupport_introspection_cpp.so\n'}
[0.373916] (drobo_interfaces) StdoutLine: {'line': b'-- Up-to-date: /home/ubuntu/git/daniel_ws/2023_controller_a/install/drobo_interfaces/lib/libdrobo_interfaces__rosidl_typesupport_cpp.so\n'}
[0.374002] (drobo_interfaces) StdoutLine: {'line': b'-- Up-to-date: /home/ubuntu/git/daniel_ws/2023_controller_a/install/drobo_interfaces/share/drobo_interfaces/environment/pythonpath.sh\n'}
[0.374089] (drobo_interfaces) StdoutLine: {'line': b'-- Up-to-date: /home/ubuntu/git/daniel_ws/2023_controller_a/install/drobo_interfaces/share/drobo_interfaces/environment/pythonpath.dsv\n'}
[0.374174] (drobo_interfaces) StdoutLine: {'line': b'-- Up-to-date: /home/ubuntu/git/daniel_ws/2023_controller_a/install/drobo_interfaces/local/lib/python3.10/dist-packages/drobo_interfaces-0.0.0-py3.10.egg-info\n'}
[0.374260] (drobo_interfaces) StdoutLine: {'line': b'-- Installing: /home/ubuntu/git/daniel_ws/2023_controller_a/install/drobo_interfaces/local/lib/python3.10/dist-packages/drobo_interfaces-0.0.0-py3.10.egg-info/PKG-INFO\n'}
[0.374348] (drobo_interfaces) StdoutLine: {'line': b'-- Installing: /home/ubuntu/git/daniel_ws/2023_controller_a/install/drobo_interfaces/local/lib/python3.10/dist-packages/drobo_interfaces-0.0.0-py3.10.egg-info/SOURCES.txt\n'}
[0.374435] (drobo_interfaces) StdoutLine: {'line': b'-- Installing: /home/ubuntu/git/daniel_ws/2023_controller_a/install/drobo_interfaces/local/lib/python3.10/dist-packages/drobo_interfaces-0.0.0-py3.10.egg-info/top_level.txt\n'}
[0.374521] (drobo_interfaces) StdoutLine: {'line': b'-- Installing: /home/ubuntu/git/daniel_ws/2023_controller_a/install/drobo_interfaces/local/lib/python3.10/dist-packages/drobo_interfaces-0.0.0-py3.10.egg-info/dependency_links.txt\n'}
[0.374621] (drobo_interfaces) StdoutLine: {'line': b'-- Up-to-date: /home/ubuntu/git/daniel_ws/2023_controller_a/install/drobo_interfaces/local/lib/python3.10/dist-packages/drobo_interfaces\n'}
[0.374707] (drobo_interfaces) StdoutLine: {'line': b'-- Up-to-date: /home/ubuntu/git/daniel_ws/2023_controller_a/install/drobo_interfaces/local/lib/python3.10/dist-packages/drobo_interfaces/drobo_interfaces_s__rosidl_typesupport_c.cpython-310-aarch64-linux-gnu.so\n'}
[0.374796] (drobo_interfaces) StdoutLine: {'line': b'-- Up-to-date: /home/ubuntu/git/daniel_ws/2023_controller_a/install/drobo_interfaces/local/lib/python3.10/dist-packages/drobo_interfaces/drobo_interfaces_s__rosidl_typesupport_fastrtps_c.cpython-310-aarch64-linux-gnu.so\n'}
[0.374884] (drobo_interfaces) StdoutLine: {'line': b'-- Up-to-date: /home/ubuntu/git/daniel_ws/2023_controller_a/install/drobo_interfaces/local/lib/python3.10/dist-packages/drobo_interfaces/_drobo_interfaces_s.ep.rosidl_typesupport_introspection_c.c\n'}
[0.374964] (drobo_interfaces) StdoutLine: {'line': b'-- Up-to-date: /home/ubuntu/git/daniel_ws/2023_controller_a/install/drobo_interfaces/local/lib/python3.10/dist-packages/drobo_interfaces/drobo_interfaces_s__rosidl_typesupport_introspection_c.cpython-310-aarch64-linux-gnu.so\n'}
[0.374988] (drobo_interfaces) StdoutLine: {'line': b'-- Up-to-date: /home/ubuntu/git/daniel_ws/2023_controller_a/install/drobo_interfaces/local/lib/python3.10/dist-packages/drobo_interfaces/_drobo_interfaces_s.ep.rosidl_typesupport_c.c\n'}
[0.375012] (drobo_interfaces) StdoutLine: {'line': b'-- Up-to-date: /home/ubuntu/git/daniel_ws/2023_controller_a/install/drobo_interfaces/local/lib/python3.10/dist-packages/drobo_interfaces/msg\n'}
[0.375036] (drobo_interfaces) StdoutLine: {'line': b'-- Up-to-date: /home/ubuntu/git/daniel_ws/2023_controller_a/install/drobo_interfaces/local/lib/python3.10/dist-packages/drobo_interfaces/msg/_sd_lib_msg.py\n'}
[0.375061] (drobo_interfaces) StdoutLine: {'line': b'-- Up-to-date: /home/ubuntu/git/daniel_ws/2023_controller_a/install/drobo_interfaces/local/lib/python3.10/dist-packages/drobo_interfaces/msg/_md_lib_msg.py\n'}
[0.375085] (drobo_interfaces) StdoutLine: {'line': b'-- Up-to-date: /home/ubuntu/git/daniel_ws/2023_controller_a/install/drobo_interfaces/local/lib/python3.10/dist-packages/drobo_interfaces/msg/__init__.py\n'}
[0.375109] (drobo_interfaces) StdoutLine: {'line': b'-- Up-to-date: /home/ubuntu/git/daniel_ws/2023_controller_a/install/drobo_interfaces/local/lib/python3.10/dist-packages/drobo_interfaces/msg/_md_lib_msg_s.c\n'}
[0.375133] (drobo_interfaces) StdoutLine: {'line': b'-- Up-to-date: /home/ubuntu/git/daniel_ws/2023_controller_a/install/drobo_interfaces/local/lib/python3.10/dist-packages/drobo_interfaces/msg/_sd_lib_msg_s.c\n'}
[0.375157] (drobo_interfaces) StdoutLine: {'line': b'-- Up-to-date: /home/ubuntu/git/daniel_ws/2023_controller_a/install/drobo_interfaces/local/lib/python3.10/dist-packages/drobo_interfaces/__init__.py\n'}
[0.375181] (drobo_interfaces) StdoutLine: {'line': b'-- Up-to-date: /home/ubuntu/git/daniel_ws/2023_controller_a/install/drobo_interfaces/local/lib/python3.10/dist-packages/drobo_interfaces/libdrobo_interfaces__rosidl_generator_py.so\n'}
[0.375204] (drobo_interfaces) StdoutLine: {'line': b'-- Up-to-date: /home/ubuntu/git/daniel_ws/2023_controller_a/install/drobo_interfaces/local/lib/python3.10/dist-packages/drobo_interfaces/_drobo_interfaces_s.ep.rosidl_typesupport_fastrtps_c.c\n'}
[0.375228] (drobo_interfaces) StdoutLine: {'line': b'-- Up-to-date: /home/ubuntu/git/daniel_ws/2023_controller_a/install/drobo_interfaces/local/lib/python3.10/dist-packages/drobo_interfaces/srv\n'}
[0.375252] (drobo_interfaces) StdoutLine: {'line': b'-- Up-to-date: /home/ubuntu/git/daniel_ws/2023_controller_a/install/drobo_interfaces/local/lib/python3.10/dist-packages/drobo_interfaces/srv/_solenoid_state_srv_s.c\n'}
[0.375276] (drobo_interfaces) StdoutLine: {'line': b'-- Up-to-date: /home/ubuntu/git/daniel_ws/2023_controller_a/install/drobo_interfaces/local/lib/python3.10/dist-packages/drobo_interfaces/srv/__init__.py\n'}
[0.375300] (drobo_interfaces) StdoutLine: {'line': b'-- Up-to-date: /home/ubuntu/git/daniel_ws/2023_controller_a/install/drobo_interfaces/local/lib/python3.10/dist-packages/drobo_interfaces/srv/_solenoid_state_srv.py\n'}
[0.399730] (-) TimerEvent: {}
[0.412152] (drobo_interfaces) StdoutLine: {'line': b"Listing '/home/ubuntu/git/daniel_ws/2023_controller_a/install/drobo_interfaces/local/lib/python3.10/dist-packages/drobo_interfaces'...\n"}
[0.412193] (drobo_interfaces) StdoutLine: {'line': b"Listing '/home/ubuntu/git/daniel_ws/2023_controller_a/install/drobo_interfaces/local/lib/python3.10/dist-packages/drobo_interfaces/msg'...\n"}
[0.412218] (drobo_interfaces) StdoutLine: {'line': b"Listing '/home/ubuntu/git/daniel_ws/2023_controller_a/install/drobo_interfaces/local/lib/python3.10/dist-packages/drobo_interfaces/srv'...\n"}
[0.414561] (drobo_interfaces) StdoutLine: {'line': b'-- Up-to-date: /home/ubuntu/git/daniel_ws/2023_controller_a/install/drobo_interfaces/local/lib/python3.10/dist-packages/drobo_interfaces/drobo_interfaces_s__rosidl_typesupport_fastrtps_c.cpython-310-aarch64-linux-gnu.so\n'}
[0.414706] (drobo_interfaces) StdoutLine: {'line': b'-- Up-to-date: /home/ubuntu/git/daniel_ws/2023_controller_a/install/drobo_interfaces/local/lib/python3.10/dist-packages/drobo_interfaces/drobo_interfaces_s__rosidl_typesupport_introspection_c.cpython-310-aarch64-linux-gnu.so\n'}
[0.414842] (drobo_interfaces) StdoutLine: {'line': b'-- Up-to-date: /home/ubuntu/git/daniel_ws/2023_controller_a/install/drobo_interfaces/local/lib/python3.10/dist-packages/drobo_interfaces/drobo_interfaces_s__rosidl_typesupport_c.cpython-310-aarch64-linux-gnu.so\n'}
[0.414972] (drobo_interfaces) StdoutLine: {'line': b'-- Up-to-date: /home/ubuntu/git/daniel_ws/2023_controller_a/install/drobo_interfaces/lib/libdrobo_interfaces__rosidl_generator_py.so\n'}
[0.415044] (drobo_interfaces) StdoutLine: {'line': b'-- Up-to-date: /home/ubuntu/git/daniel_ws/2023_controller_a/install/drobo_interfaces/share/drobo_interfaces/msg/MdLibMsg.idl\n'}
[0.415086] (drobo_interfaces) StdoutLine: {'line': b'-- Up-to-date: /home/ubuntu/git/daniel_ws/2023_controller_a/install/drobo_interfaces/share/drobo_interfaces/msg/SdLibMsg.idl\n'}
[0.415112] (drobo_interfaces) StdoutLine: {'line': b'-- Up-to-date: /home/ubuntu/git/daniel_ws/2023_controller_a/install/drobo_interfaces/share/drobo_interfaces/srv/SolenoidStateSrv.idl\n'}
[0.415151] (drobo_interfaces) StdoutLine: {'line': b'-- Up-to-date: /home/ubuntu/git/daniel_ws/2023_controller_a/install/drobo_interfaces/share/drobo_interfaces/msg/MdLibMsg.msg\n'}
[0.415177] (drobo_interfaces) StdoutLine: {'line': b'-- Up-to-date: /home/ubuntu/git/daniel_ws/2023_controller_a/install/drobo_interfaces/share/drobo_interfaces/msg/SdLibMsg.msg\n'}
[0.415202] (drobo_interfaces) StdoutLine: {'line': b'-- Up-to-date: /home/ubuntu/git/daniel_ws/2023_controller_a/install/drobo_interfaces/share/drobo_interfaces/srv/SolenoidStateSrv.srv\n'}
[0.415237] (drobo_interfaces) StdoutLine: {'line': b'-- Up-to-date: /home/ubuntu/git/daniel_ws/2023_controller_a/install/drobo_interfaces/share/drobo_interfaces/srv/SolenoidStateSrv_Request.msg\n'}
[0.415280] (drobo_interfaces) StdoutLine: {'line': b'-- Up-to-date: /home/ubuntu/git/daniel_ws/2023_controller_a/install/drobo_interfaces/share/drobo_interfaces/srv/SolenoidStateSrv_Response.msg\n'}
[0.415306] (drobo_interfaces) StdoutLine: {'line': b'-- Up-to-date: /home/ubuntu/git/daniel_ws/2023_controller_a/install/drobo_interfaces/share/ament_index/resource_index/package_run_dependencies/drobo_interfaces\n'}
[0.415333] (drobo_interfaces) StdoutLine: {'line': b'-- Up-to-date: /home/ubuntu/git/daniel_ws/2023_controller_a/install/drobo_interfaces/share/ament_index/resource_index/parent_prefix_path/drobo_interfaces\n'}
[0.415358] (drobo_interfaces) StdoutLine: {'line': b'-- Up-to-date: /home/ubuntu/git/daniel_ws/2023_controller_a/install/drobo_interfaces/share/drobo_interfaces/environment/ament_prefix_path.sh\n'}
[0.415384] (drobo_interfaces) StdoutLine: {'line': b'-- Up-to-date: /home/ubuntu/git/daniel_ws/2023_controller_a/install/drobo_interfaces/share/drobo_interfaces/environment/ament_prefix_path.dsv\n'}
[0.415419] (drobo_interfaces) StdoutLine: {'line': b'-- Up-to-date: /home/ubuntu/git/daniel_ws/2023_controller_a/install/drobo_interfaces/share/drobo_interfaces/environment/path.sh\n'}
[0.415461] (drobo_interfaces) StdoutLine: {'line': b'-- Up-to-date: /home/ubuntu/git/daniel_ws/2023_controller_a/install/drobo_interfaces/share/drobo_interfaces/environment/path.dsv\n'}
[0.415485] (drobo_interfaces) StdoutLine: {'line': b'-- Up-to-date: /home/ubuntu/git/daniel_ws/2023_controller_a/install/drobo_interfaces/share/drobo_interfaces/local_setup.bash\n'}
[0.415511] (drobo_interfaces) StdoutLine: {'line': b'-- Up-to-date: /home/ubuntu/git/daniel_ws/2023_controller_a/install/drobo_interfaces/share/drobo_interfaces/local_setup.sh\n'}
[0.415537] (drobo_interfaces) StdoutLine: {'line': b'-- Up-to-date: /home/ubuntu/git/daniel_ws/2023_controller_a/install/drobo_interfaces/share/drobo_interfaces/local_setup.zsh\n'}
[0.415563] (drobo_interfaces) StdoutLine: {'line': b'-- Up-to-date: /home/ubuntu/git/daniel_ws/2023_controller_a/install/drobo_interfaces/share/drobo_interfaces/local_setup.dsv\n'}
[0.415588] (drobo_interfaces) StdoutLine: {'line': b'-- Installing: /home/ubuntu/git/daniel_ws/2023_controller_a/install/drobo_interfaces/share/drobo_interfaces/package.dsv\n'}
[0.415629] (drobo_interfaces) StdoutLine: {'line': b'-- Up-to-date: /home/ubuntu/git/daniel_ws/2023_controller_a/install/drobo_interfaces/share/ament_index/resource_index/packages/drobo_interfaces\n'}
[0.415655] (drobo_interfaces) StdoutLine: {'line': b'-- Up-to-date: /home/ubuntu/git/daniel_ws/2023_controller_a/install/drobo_interfaces/share/drobo_interfaces/cmake/export_drobo_interfaces__rosidl_generator_cExport.cmake\n'}
[0.415681] (drobo_interfaces) StdoutLine: {'line': b'-- Up-to-date: /home/ubuntu/git/daniel_ws/2023_controller_a/install/drobo_interfaces/share/drobo_interfaces/cmake/export_drobo_interfaces__rosidl_generator_cExport-noconfig.cmake\n'}
[0.415707] (drobo_interfaces) StdoutLine: {'line': b'-- Up-to-date: /home/ubuntu/git/daniel_ws/2023_controller_a/install/drobo_interfaces/share/drobo_interfaces/cmake/export_drobo_interfaces__rosidl_typesupport_fastrtps_cExport.cmake\n'}
[0.415748] (drobo_interfaces) StdoutLine: {'line': b'-- Up-to-date: /home/ubuntu/git/daniel_ws/2023_controller_a/install/drobo_interfaces/share/drobo_interfaces/cmake/export_drobo_interfaces__rosidl_typesupport_fastrtps_cExport-noconfig.cmake\n'}
[0.415774] (drobo_interfaces) StdoutLine: {'line': b'-- Up-to-date: /home/ubuntu/git/daniel_ws/2023_controller_a/install/drobo_interfaces/share/drobo_interfaces/cmake/drobo_interfaces__rosidl_typesupport_introspection_cExport.cmake\n'}
[0.415800] (drobo_interfaces) StdoutLine: {'line': b'-- Up-to-date: /home/ubuntu/git/daniel_ws/2023_controller_a/install/drobo_interfaces/share/drobo_interfaces/cmake/drobo_interfaces__rosidl_typesupport_introspection_cExport-noconfig.cmake\n'}
[0.415826] (drobo_interfaces) StdoutLine: {'line': b'-- Up-to-date: /home/ubuntu/git/daniel_ws/2023_controller_a/install/drobo_interfaces/share/drobo_interfaces/cmake/drobo_interfaces__rosidl_typesupport_cExport.cmake\n'}
[0.415861] (drobo_interfaces) StdoutLine: {'line': b'-- Up-to-date: /home/ubuntu/git/daniel_ws/2023_controller_a/install/drobo_interfaces/share/drobo_interfaces/cmake/drobo_interfaces__rosidl_typesupport_cExport-noconfig.cmake\n'}
[0.415903] (drobo_interfaces) StdoutLine: {'line': b'-- Up-to-date: /home/ubuntu/git/daniel_ws/2023_controller_a/install/drobo_interfaces/share/drobo_interfaces/cmake/export_drobo_interfaces__rosidl_generator_cppExport.cmake\n'}
[0.415935] (drobo_interfaces) StdoutLine: {'line': b'-- Up-to-date: /home/ubuntu/git/daniel_ws/2023_controller_a/install/drobo_interfaces/share/drobo_interfaces/cmake/export_drobo_interfaces__rosidl_typesupport_fastrtps_cppExport.cmake\n'}
[0.415959] (drobo_interfaces) StdoutLine: {'line': b'-- Up-to-date: /home/ubuntu/git/daniel_ws/2023_controller_a/install/drobo_interfaces/share/drobo_interfaces/cmake/export_drobo_interfaces__rosidl_typesupport_fastrtps_cppExport-noconfig.cmake\n'}
[0.415985] (drobo_interfaces) StdoutLine: {'line': b'-- Up-to-date: /home/ubuntu/git/daniel_ws/2023_controller_a/install/drobo_interfaces/share/drobo_interfaces/cmake/drobo_interfaces__rosidl_typesupport_introspection_cppExport.cmake\n'}
[0.416011] (drobo_interfaces) StdoutLine: {'line': b'-- Up-to-date: /home/ubuntu/git/daniel_ws/2023_controller_a/install/drobo_interfaces/share/drobo_interfaces/cmake/drobo_interfaces__rosidl_typesupport_introspection_cppExport-noconfig.cmake\n'}
[0.416052] (drobo_interfaces) StdoutLine: {'line': b'-- Up-to-date: /home/ubuntu/git/daniel_ws/2023_controller_a/install/drobo_interfaces/share/drobo_interfaces/cmake/drobo_interfaces__rosidl_typesupport_cppExport.cmake\n'}
[0.416078] (drobo_interfaces) StdoutLine: {'line': b'-- Up-to-date: /home/ubuntu/git/daniel_ws/2023_controller_a/install/drobo_interfaces/share/drobo_interfaces/cmake/drobo_interfaces__rosidl_typesupport_cppExport-noconfig.cmake\n'}
[0.416104] (drobo_interfaces) StdoutLine: {'line': b'-- Up-to-date: /home/ubuntu/git/daniel_ws/2023_controller_a/install/drobo_interfaces/share/drobo_interfaces/cmake/export_drobo_interfaces__rosidl_generator_pyExport.cmake\n'}
[0.416130] (drobo_interfaces) StdoutLine: {'line': b'-- Up-to-date: /home/ubuntu/git/daniel_ws/2023_controller_a/install/drobo_interfaces/share/drobo_interfaces/cmake/export_drobo_interfaces__rosidl_generator_pyExport-noconfig.cmake\n'}
[0.416164] (drobo_interfaces) StdoutLine: {'line': b'-- Up-to-date: /home/ubuntu/git/daniel_ws/2023_controller_a/install/drobo_interfaces/share/drobo_interfaces/cmake/rosidl_cmake-extras.cmake\n'}
[0.416215] (drobo_interfaces) StdoutLine: {'line': b'-- Up-to-date: /home/ubuntu/git/daniel_ws/2023_controller_a/install/drobo_interfaces/share/drobo_interfaces/cmake/ament_cmake_export_include_directories-extras.cmake\n'}
[0.416241] (drobo_interfaces) StdoutLine: {'line': b'-- Up-to-date: /home/ubuntu/git/daniel_ws/2023_controller_a/install/drobo_interfaces/share/drobo_interfaces/cmake/ament_cmake_export_libraries-extras.cmake\n'}
[0.416267] (drobo_interfaces) StdoutLine: {'line': b'-- Up-to-date: /home/ubuntu/git/daniel_ws/2023_controller_a/install/drobo_interfaces/share/drobo_interfaces/cmake/ament_cmake_export_targets-extras.cmake\n'}
[0.416293] (drobo_interfaces) StdoutLine: {'line': b'-- Up-to-date: /home/ubuntu/git/daniel_ws/2023_controller_a/install/drobo_interfaces/share/drobo_interfaces/cmake/rosidl_cmake_export_typesupport_targets-extras.cmake\n'}
[0.416318] (drobo_interfaces) StdoutLine: {'line': b'-- Up-to-date: /home/ubuntu/git/daniel_ws/2023_controller_a/install/drobo_interfaces/share/drobo_interfaces/cmake/ament_cmake_export_dependencies-extras.cmake\n'}
[0.416344] (drobo_interfaces) StdoutLine: {'line': b'-- Up-to-date: /home/ubuntu/git/daniel_ws/2023_controller_a/install/drobo_interfaces/share/drobo_interfaces/cmake/rosidl_cmake_export_typesupport_libraries-extras.cmake\n'}
[0.416370] (drobo_interfaces) StdoutLine: {'line': b'-- Up-to-date: /home/ubuntu/git/daniel_ws/2023_controller_a/install/drobo_interfaces/share/drobo_interfaces/cmake/drobo_interfacesConfig.cmake\n'}
[0.416396] (drobo_interfaces) StdoutLine: {'line': b'-- Up-to-date: /home/ubuntu/git/daniel_ws/2023_controller_a/install/drobo_interfaces/share/drobo_interfaces/cmake/drobo_interfacesConfig-version.cmake\n'}
[0.416430] (drobo_interfaces) StdoutLine: {'line': b'-- Up-to-date: /home/ubuntu/git/daniel_ws/2023_controller_a/install/drobo_interfaces/share/drobo_interfaces/package.xml\n'}
[0.417445] (drobo_interfaces) CommandEnded: {'returncode': 0}
[0.499817] (-) TimerEvent: {}
[0.560292] (drobo_interfaces) JobEnded: {'identifier': 'drobo_interfaces', 'rc': 0}
[0.560701] (controller_2023_a) JobStarted: {'identifier': 'controller_2023_a'}
[0.585090] (omni_control) JobStarted: {'identifier': 'omni_control'}
[0.599953] (-) TimerEvent: {}
[0.610408] (controller_2023_a) JobProgress: {'identifier': 'controller_2023_a', 'progress': 'prepare'}
[0.616780] (controller_2023_a) JobProgress: {'identifier': 'controller_2023_a', 'progress': 'build'}
[0.616795] (controller_2023_a) Command: {'cmd': ['/home/ubuntu/.cargo/bin/cargo', 'ament-build', '--install-base', '/home/ubuntu/git/daniel_ws/2023_controller_a/install/controller_2023_a', '--', '--manifest-path', '/home/ubuntu/git/daniel_ws/2023_controller_a/src/controller_2023_a/Cargo.toml', '--target-dir', '/home/ubuntu/git/daniel_ws/2023_controller_a/build/controller_2023_a', '--quiet', '--release'], 'cwd': PosixPath('src/controller_2023_a'), 'env': OrderedDict([('USER', 'daniel_ezomo'), ('XDG_SESSION_TYPE', 'wayland'), ('SHLVL', '1'), ('LD_LIBRARY_PATH', '/home/ubuntu/git/daniel_ws/2023_controller_a/install/drobo_interfaces/lib:/opt/ros/humble/opt/rviz_ogre_vendor/lib:/opt/ros/humble/lib/aarch64-linux-gnu:/opt/ros/humble/lib'), ('OLDPWD', '/home/ubuntu/git/daniel_ws'), ('HOME', '/home/ubuntu'), ('DESKTOP_SESSION', 'ubuntu'), ('GTK_MODULES', 'gail:atk-bridge'), ('GNOME_SHELL_SESSION_MODE', 'ubuntu'), ('ROS_PYTHON_VERSION', '3'), ('SYSTEMD_EXEC_PID', '1927'), ('DBUS_SESSION_BUS_ADDRESS', 'unix:path=/run/user/1000/bus'), ('P9K_TTY', 'old'), ('COLORTERM', 'truecolor'), ('ZPFX', '/home/ubuntu/.local/share/zinit/polaris'), ('WAYLAND_DISPLAY', 'wayland-0'), ('ROS_DISTRO', 'humble'), ('COLCON_PREFIX_PATH', '/home/ubuntu/git/daniel_ws/2023_controller_a/install'), ('LOGNAME', 'daniel_ezomo'), ('_', '/usr/bin/colcon'), ('_P9K_SSH_TTY', '/dev/pts/0'), ('XDG_SESSION_CLASS', 'user'), ('ROS_VERSION', '2'), ('USERNAME', 'daniel_ezomo'), ('TERM', 'xterm-256color'), ('GNOME_DESKTOP_SESSION_ID', 'this-is-deprecated'), ('ROS_LOCALHOST_ONLY', '0'), ('ZSH_CACHE_DIR', '/home/ubuntu/.cache/zinit'), ('PMSPEC', '0uUpiPsf'), ('PATH', '/opt/ros/humble/bin:/home/ubuntu/.local/share/zinit/polaris/bin:/home/ubuntu/.cargo/bin:/usr/local/sbin:/usr/local/bin:/usr/sbin:/usr/bin:/sbin:/bin:/usr/games:/usr/local/games:/snap/bin:/snap/bin'), ('SESSION_MANAGER', 'local/ezomo:@/tmp/.ICE-unix/1909,unix/ezomo:/tmp/.ICE-unix/1909'), ('GNOME_TERMINAL_SCREEN', '/org/gnome/Terminal/screen/48a602dd_19c0_4514_9e12_2f5b92e85767'), ('XDG_MENU_PREFIX', 'gnome-'), ('GNOME_SETUP_DISPLAY', ':1'), ('XDG_RUNTIME_DIR', '/run/user/1000'), ('DISPLAY', ':0'), ('XDG_CURRENT_DESKTOP', 'ubuntu:GNOME'), ('LANG', 'en_US.UTF-8'), ('XDG_SESSION_DESKTOP', 'ubuntu'), ('GNOME_TERMINAL_SERVICE', ':1.123'), ('XMODIFIERS', '@im=ibus'), ('XAUTHORITY', '/run/user/1000/.mutter-Xwaylandauth.D5AUI2'), ('SSH_AUTH_SOCK', '/run/user/1000/keyring/ssh'), ('SSH_AGENT_LAUNCHER', 'gnome-keyring'), ('AMENT_PREFIX_PATH', '/home/ubuntu/git/daniel_ws/2023_controller_a/install/omni_control:/home/ubuntu/git/daniel_ws/2023_controller_a/install/controller_2023_a:/home/ubuntu/git/daniel_ws/2023_controller_a/install/drobo_interfaces:/home/ubuntu/git/daniel_ws/2023_controller_a/install/controller_2023_launch_a:/opt/ros/humble'), ('SHELL', '/usr/bin/zsh'), ('QT_ACCESSIBILITY', '1'), ('GDMSESSION', 'ubuntu'), ('P9K_SSH', '0'), ('QT_IM_MODULE', 'ibus'), ('LC_ALL', 'en_US.UTF-8'), ('PWD', '/home/ubuntu/git/daniel_ws/2023_controller_a/build/controller_2023_a'), ('XDG_DATA_DIRS', '/usr/local/share/:/usr/share/:/var/lib/snapd/desktop'), ('_P9K_TTY', '/dev/pts/0'), ('PYTHONPATH', '/home/ubuntu/git/daniel_ws/2023_controller_a/install/drobo_interfaces/local/lib/python3.10/dist-packages:/opt/ros/humble/lib/python3.10/site-packages:/opt/ros/humble/local/lib/python3.10/dist-packages'), ('COLCON', '1'), ('VTE_VERSION', '6800'), ('CMAKE_PREFIX_PATH', '/home/ubuntu/git/daniel_ws/2023_controller_a/install/drobo_interfaces:/home/ubuntu/git/daniel_ws/2023_controller_a/install/controller_2023_launch_a')]), 'shell': False}
[0.617855] (omni_control) JobProgress: {'identifier': 'omni_control', 'progress': 'prepare'}
[0.624824] (omni_control) JobProgress: {'identifier': 'omni_control', 'progress': 'build'}
[0.624851] (omni_control) Command: {'cmd': ['/home/ubuntu/.cargo/bin/cargo', 'ament-build', '--install-base', '/home/ubuntu/git/daniel_ws/2023_controller_a/install/omni_control', '--', '--manifest-path', '/home/ubuntu/git/daniel_ws/2023_controller_a/src/omni_control/Cargo.toml', '--target-dir', '/home/ubuntu/git/daniel_ws/2023_controller_a/build/omni_control', '--quiet', '--release'], 'cwd': PosixPath('src/omni_control'), 'env': OrderedDict([('USER', 'daniel_ezomo'), ('XDG_SESSION_TYPE', 'wayland'), ('SHLVL', '1'), ('LD_LIBRARY_PATH', '/home/ubuntu/git/daniel_ws/2023_controller_a/install/drobo_interfaces/lib:/opt/ros/humble/opt/rviz_ogre_vendor/lib:/opt/ros/humble/lib/aarch64-linux-gnu:/opt/ros/humble/lib'), ('OLDPWD', '/home/ubuntu/git/daniel_ws'), ('HOME', '/home/ubuntu'), ('DESKTOP_SESSION', 'ubuntu'), ('GTK_MODULES', 'gail:atk-bridge'), ('GNOME_SHELL_SESSION_MODE', 'ubuntu'), ('ROS_PYTHON_VERSION', '3'), ('SYSTEMD_EXEC_PID', '1927'), ('DBUS_SESSION_BUS_ADDRESS', 'unix:path=/run/user/1000/bus'), ('P9K_TTY', 'old'), ('COLORTERM', 'truecolor'), ('ZPFX', '/home/ubuntu/.local/share/zinit/polaris'), ('WAYLAND_DISPLAY', 'wayland-0'), ('ROS_DISTRO', 'humble'), ('COLCON_PREFIX_PATH', '/home/ubuntu/git/daniel_ws/2023_controller_a/install'), ('LOGNAME', 'daniel_ezomo'), ('_', '/usr/bin/colcon'), ('_P9K_SSH_TTY', '/dev/pts/0'), ('XDG_SESSION_CLASS', 'user'), ('ROS_VERSION', '2'), ('USERNAME', 'daniel_ezomo'), ('TERM', 'xterm-256color'), ('GNOME_DESKTOP_SESSION_ID', 'this-is-deprecated'), ('ROS_LOCALHOST_ONLY', '0'), ('ZSH_CACHE_DIR', '/home/ubuntu/.cache/zinit'), ('PMSPEC', '0uUpiPsf'), ('PATH', '/opt/ros/humble/bin:/home/ubuntu/.local/share/zinit/polaris/bin:/home/ubuntu/.cargo/bin:/usr/local/sbin:/usr/local/bin:/usr/sbin:/usr/bin:/sbin:/bin:/usr/games:/usr/local/games:/snap/bin:/snap/bin'), ('SESSION_MANAGER', 'local/ezomo:@/tmp/.ICE-unix/1909,unix/ezomo:/tmp/.ICE-unix/1909'), ('GNOME_TERMINAL_SCREEN', '/org/gnome/Terminal/screen/48a602dd_19c0_4514_9e12_2f5b92e85767'), ('XDG_MENU_PREFIX', 'gnome-'), ('GNOME_SETUP_DISPLAY', ':1'), ('XDG_RUNTIME_DIR', '/run/user/1000'), ('DISPLAY', ':0'), ('XDG_CURRENT_DESKTOP', 'ubuntu:GNOME'), ('LANG', 'en_US.UTF-8'), ('XDG_SESSION_DESKTOP', 'ubuntu'), ('GNOME_TERMINAL_SERVICE', ':1.123'), ('XMODIFIERS', '@im=ibus'), ('XAUTHORITY', '/run/user/1000/.mutter-Xwaylandauth.D5AUI2'), ('SSH_AUTH_SOCK', '/run/user/1000/keyring/ssh'), ('SSH_AGENT_LAUNCHER', 'gnome-keyring'), ('AMENT_PREFIX_PATH', '/home/ubuntu/git/daniel_ws/2023_controller_a/install/omni_control:/home/ubuntu/git/daniel_ws/2023_controller_a/install/controller_2023_a:/home/ubuntu/git/daniel_ws/2023_controller_a/install/drobo_interfaces:/home/ubuntu/git/daniel_ws/2023_controller_a/install/controller_2023_launch_a:/opt/ros/humble'), ('SHELL', '/usr/bin/zsh'), ('QT_ACCESSIBILITY', '1'), ('GDMSESSION', 'ubuntu'), ('P9K_SSH', '0'), ('QT_IM_MODULE', 'ibus'), ('LC_ALL', 'en_US.UTF-8'), ('PWD', '/home/ubuntu/git/daniel_ws/2023_controller_a/build/omni_control'), ('XDG_DATA_DIRS', '/usr/local/share/:/usr/share/:/var/lib/snapd/desktop'), ('_P9K_TTY', '/dev/pts/0'), ('PYTHONPATH', '/home/ubuntu/git/daniel_ws/2023_controller_a/install/drobo_interfaces/local/lib/python3.10/dist-packages:/opt/ros/humble/lib/python3.10/site-packages:/opt/ros/humble/local/lib/python3.10/dist-packages'), ('COLCON', '1'), ('VTE_VERSION', '6800'), ('CMAKE_PREFIX_PATH', '/home/ubuntu/git/daniel_ws/2023_controller_a/install/drobo_interfaces:/home/ubuntu/git/daniel_ws/2023_controller_a/install/controller_2023_launch_a')]), 'shell': False}
[0.694774] (controller_2023_a) StderrLine: {'line': b'\x1b[0m\x1b[1m\x1b[33mwarning\x1b[0m\x1b[0m\x1b[1m: unused imports: `RecvResult`, `pr_fatal`, `pr_info`, `self`, `service::client::Client`, `std_msgs`\x1b[0m\n'}
[0.695100] (controller_2023_a) StderrLine: {'line': b'\x1b[0m  \x1b[0m\x1b[0m\x1b[1m\x1b[38;5;12m--> \x1b[0m\x1b[0msrc/main.rs:9:43\x1b[0m\n'}
[0.695187] (controller_2023_a) StderrLine: {'line': b'\x1b[0m   \x1b[0m\x1b[0m\x1b[1m\x1b[38;5;12m|\x1b[0m\n'}
[0.695267] (controller_2023_a) StderrLine: {'line': b'\x1b[0m\x1b[1m\x1b[38;5;12m9\x1b[0m\x1b[0m  \x1b[0m\x1b[0m\x1b[1m\x1b[38;5;12m|\x1b[0m\x1b[0m \x1b[0m\x1b[0m    msg::common_interfaces::{sensor_msgs, std_msgs},\x1b[0m\n'}
[0.695347] (controller_2023_a) StderrLine: {'line': b'\x1b[0m   \x1b[0m\x1b[0m\x1b[1m\x1b[38;5;12m| \x1b[0m\x1b[0m                                          \x1b[0m\x1b[0m\x1b[1m\x1b[33m^^^^^^^^\x1b[0m\n'}
[0.695428] (controller_2023_a) StderrLine: {'line': b'\x1b[0m\x1b[1m\x1b[38;5;12m10\x1b[0m\x1b[0m \x1b[0m\x1b[0m\x1b[1m\x1b[38;5;12m|\x1b[0m\x1b[0m \x1b[0m\x1b[0m    pr_fatal, pr_info,\x1b[0m\n'}
[0.695514] (controller_2023_a) StderrLine: {'line': b'\x1b[0m   \x1b[0m\x1b[0m\x1b[1m\x1b[38;5;12m| \x1b[0m\x1b[0m    \x1b[0m\x1b[0m\x1b[1m\x1b[33m^^^^^^^^\x1b[0m\x1b[0m  \x1b[0m\x1b[0m\x1b[1m\x1b[33m^^^^^^^\x1b[0m\n'}
[0.695591] (controller_2023_a) StderrLine: {'line': b'\x1b[0m\x1b[1m\x1b[38;5;12m11\x1b[0m\x1b[0m \x1b[0m\x1b[0m\x1b[1m\x1b[38;5;12m|\x1b[0m\x1b[0m \x1b[0m\x1b[0m    selector::Selector,\x1b[0m\n'}
[0.695668] (controller_2023_a) StderrLine: {'line': b'\x1b[0m\x1b[1m\x1b[38;5;12m12\x1b[0m\x1b[0m \x1b[0m\x1b[0m\x1b[1m\x1b[38;5;12m|\x1b[0m\x1b[0m \x1b[0m\x1b[0m    service::client::Client,\x1b[0m\n'}
[0.695746] (controller_2023_a) StderrLine: {'line': b'\x1b[0m   \x1b[0m\x1b[0m\x1b[1m\x1b[38;5;12m| \x1b[0m\x1b[0m    \x1b[0m\x1b[0m\x1b[1m\x1b[33m^^^^^^^^^^^^^^^^^^^^^^^\x1b[0m\n'}
[0.695824] (controller_2023_a) StderrLine: {'line': b'\x1b[0m\x1b[1m\x1b[38;5;12m13\x1b[0m\x1b[0m \x1b[0m\x1b[0m\x1b[1m\x1b[38;5;12m|\x1b[0m\x1b[0m \x1b[0m\x1b[0m    topic::{publisher::{self, Publisher}, subscriber::Subscriber},\x1b[0m\n'}
[0.695903] (controller_2023_a) StderrLine: {'line': b'\x1b[0m   \x1b[0m\x1b[0m\x1b[1m\x1b[38;5;12m| \x1b[0m\x1b[0m                        \x1b[0m\x1b[0m\x1b[1m\x1b[33m^^^^\x1b[0m\n'}
[0.695981] (controller_2023_a) StderrLine: {'line': b'\x1b[0m\x1b[1m\x1b[38;5;12m14\x1b[0m\x1b[0m \x1b[0m\x1b[0m\x1b[1m\x1b[38;5;12m|\x1b[0m\x1b[0m \x1b[0m\x1b[0m    RecvResult,\x1b[0m\n'}
[0.696061] (controller_2023_a) StderrLine: {'line': b'\x1b[0m   \x1b[0m\x1b[0m\x1b[1m\x1b[38;5;12m| \x1b[0m\x1b[0m    \x1b[0m\x1b[0m\x1b[1m\x1b[33m^^^^^^^^^^\x1b[0m\n'}
[0.696139] (controller_2023_a) StderrLine: {'line': b'\x1b[0m   \x1b[0m\x1b[0m\x1b[1m\x1b[38;5;12m|\x1b[0m\n'}
[0.696217] (controller_2023_a) StderrLine: {'line': b'\x1b[0m   \x1b[0m\x1b[0m\x1b[1m\x1b[38;5;12m= \x1b[0m\x1b[0m\x1b[1mnote\x1b[0m\x1b[0m: `#[warn(unused_imports)]` on by default\x1b[0m\n'}
[0.696296] (controller_2023_a) StderrLine: {'line': b'\n'}
[0.696374] (controller_2023_a) StderrLine: {'line': b'\x1b[0m\x1b[1m\x1b[33mwarning\x1b[0m\x1b[0m\x1b[1m: unused import: `time::Duration`\x1b[0m\n'}
[0.696450] (controller_2023_a) StderrLine: {'line': b'\x1b[0m  \x1b[0m\x1b[0m\x1b[1m\x1b[38;5;12m--> \x1b[0m\x1b[0msrc/main.rs:16:19\x1b[0m\n'}
[0.696638] (controller_2023_a) StderrLine: {'line': b'\x1b[0m   \x1b[0m\x1b[0m\x1b[1m\x1b[38;5;12m|\x1b[0m\n'}
[0.697285] (controller_2023_a) StderrLine: {'line': b'\x1b[0m\x1b[1m\x1b[38;5;12m16\x1b[0m\x1b[0m \x1b[0m\x1b[0m\x1b[1m\x1b[38;5;12m|\x1b[0m\x1b[0m \x1b[0m\x1b[0muse std::{rc::Rc, time::Duration};\x1b[0m\n'}
[0.697629] (controller_2023_a) StderrLine: {'line': b'\x1b[0m   \x1b[0m\x1b[0m\x1b[1m\x1b[38;5;12m| \x1b[0m\x1b[0m                  \x1b[0m\x1b[0m\x1b[1m\x1b[33m^^^^^^^^^^^^^^\x1b[0m\n'}
[0.697839] (controller_2023_a) StderrLine: {'line': b'\n'}
[0.697972] (controller_2023_a) StderrLine: {'line': b'\x1b[0m\x1b[1m\x1b[33mwarning\x1b[0m\x1b[0m\x1b[1m: unused import: `safe_drive::node::Node`\x1b[0m\n'}
[0.698115] (controller_2023_a) StderrLine: {'line': b'\x1b[0m  \x1b[0m\x1b[0m\x1b[1m\x1b[38;5;12m--> \x1b[0m\x1b[0msrc/main.rs:18:5\x1b[0m\n'}
[0.698247] (controller_2023_a) StderrLine: {'line': b'\x1b[0m   \x1b[0m\x1b[0m\x1b[1m\x1b[38;5;12m|\x1b[0m\n'}
[0.698378] (controller_2023_a) StderrLine: {'line': b'\x1b[0m\x1b[1m\x1b[38;5;12m18\x1b[0m\x1b[0m \x1b[0m\x1b[0m\x1b[1m\x1b[38;5;12m|\x1b[0m\x1b[0m \x1b[0m\x1b[0muse safe_drive::node::Node;\x1b[0m\n'}
[0.698517] (controller_2023_a) StderrLine: {'line': b'\x1b[0m   \x1b[0m\x1b[0m\x1b[1m\x1b[38;5;12m| \x1b[0m\x1b[0m    \x1b[0m\x1b[0m\x1b[1m\x1b[33m^^^^^^^^^^^^^^^^^^^^^^\x1b[0m\n'}
[0.698674] (controller_2023_a) StderrLine: {'line': b'\n'}
[0.698803] (controller_2023_a) StderrLine: {'line': b'\x1b[0m\x1b[1m\x1b[33mwarning\x1b[0m\x1b[0m\x1b[1m: unused variable: `logger`\x1b[0m\n'}
[0.699059] (controller_2023_a) StderrLine: {'line': b'\x1b[0m  \x1b[0m\x1b[0m\x1b[1m\x1b[38;5;12m--> \x1b[0m\x1b[0msrc/main.rs:62:9\x1b[0m\n'}
[0.699238] (controller_2023_a) StderrLine: {'line': b'\x1b[0m   \x1b[0m\x1b[0m\x1b[1m\x1b[38;5;12m|\x1b[0m\n'}
[0.699389] (controller_2023_a) StderrLine: {'line': b'\x1b[0m\x1b[1m\x1b[38;5;12m62\x1b[0m\x1b[0m \x1b[0m\x1b[0m\x1b[1m\x1b[38;5;12m|\x1b[0m\x1b[0m \x1b[0m\x1b[0m    let logger = Rc::new(Logger::new("controller_2023"));\x1b[0m\n'}
[0.699568] (controller_2023_a) StderrLine: {'line': b'\x1b[0m   \x1b[0m\x1b[0m\x1b[1m\x1b[38;5;12m| \x1b[0m\x1b[0m        \x1b[0m\x1b[0m\x1b[1m\x1b[33m^^^^^^\x1b[0m\x1b[0m \x1b[0m\x1b[0m\x1b[1m\x1b[33mhelp: if this is intentional, prefix it with an underscore: `_logger`\x1b[0m\n'}
[0.699711] (controller_2023_a) StderrLine: {'line': b'\x1b[0m   \x1b[0m\x1b[0m\x1b[1m\x1b[38;5;12m|\x1b[0m\n'}
[0.699875] (controller_2023_a) StderrLine: {'line': b'\x1b[0m   \x1b[0m\x1b[0m\x1b[1m\x1b[38;5;12m= \x1b[0m\x1b[0m\x1b[1mnote\x1b[0m\x1b[0m: `#[warn(unused_variables)]` on by default\x1b[0m\n'}
[0.700021] (-) TimerEvent: {}
[0.700195] (controller_2023_a) StderrLine: {'line': b'\n'}
[0.700342] (controller_2023_a) StderrLine: {'line': b'\x1b[0m\x1b[1m\x1b[33mwarning\x1b[0m\x1b[0m\x1b[1m: multiple methods are never used\x1b[0m\n'}
[0.700531] (controller_2023_a) StderrLine: {'line': b'\x1b[0m  \x1b[0m\x1b[0m\x1b[1m\x1b[38;5;12m--> \x1b[0m\x1b[0msrc/p9n_interface.rs:16:12\x1b[0m\n'}
[0.700661] (controller_2023_a) StderrLine: {'line': b'\x1b[0m   \x1b[0m\x1b[0m\x1b[1m\x1b[38;5;12m|\x1b[0m\n'}
[0.700793] (controller_2023_a) StderrLine: {'line': b'\x1b[0m\x1b[1m\x1b[38;5;12m9\x1b[0m\x1b[0m  \x1b[0m\x1b[0m\x1b[1m\x1b[38;5;12m|\x1b[0m\x1b[0m \x1b[0m\x1b[0mimpl PlaystationInterface {\x1b[0m\n'}
[0.700933] (controller_2023_a) StderrLine: {'line': b'\x1b[0m   \x1b[0m\x1b[0m\x1b[1m\x1b[38;5;12m| \x1b[0m\x1b[0m\x1b[1m\x1b[38;5;12m-------------------------\x1b[0m\x1b[0m \x1b[0m\x1b[0m\x1b[1m\x1b[38;5;12mmethods in this implementation\x1b[0m\n'}
[0.701179] (controller_2023_a) StderrLine: {'line': b'\x1b[0m\x1b[1m\x1b[38;5;12m...\x1b[0m\n'}
[0.701311] (controller_2023_a) StderrLine: {'line': b'\x1b[0m\x1b[1m\x1b[38;5;12m16\x1b[0m\x1b[0m \x1b[0m\x1b[0m\x1b[1m\x1b[38;5;12m|\x1b[0m\x1b[0m \x1b[0m\x1b[0m    pub fn pressed_start(&self) -> bool {\x1b[0m\n'}
[0.701470] (controller_2023_a) StderrLine: {'line': b'\x1b[0m   \x1b[0m\x1b[0m\x1b[1m\x1b[38;5;12m| \x1b[0m\x1b[0m           \x1b[0m\x1b[0m\x1b[1m\x1b[33m^^^^^^^^^^^^^\x1b[0m\n'}
[0.701566] (controller_2023_a) StderrLine: {'line': b'\x1b[0m\x1b[1m\x1b[38;5;12m...\x1b[0m\n'}
[0.701878] (controller_2023_a) StderrLine: {'line': b'\x1b[0m\x1b[1m\x1b[38;5;12m19\x1b[0m\x1b[0m \x1b[0m\x1b[0m\x1b[1m\x1b[38;5;12m|\x1b[0m\x1b[0m \x1b[0m\x1b[0m    pub fn pressed_l1(&self) -> bool {\x1b[0m\n'}
[0.702053] (controller_2023_a) StderrLine: {'line': b'\x1b[0m   \x1b[0m\x1b[0m\x1b[1m\x1b[38;5;12m| \x1b[0m\x1b[0m           \x1b[0m\x1b[0m\x1b[1m\x1b[33m^^^^^^^^^^\x1b[0m\n'}
[0.702238] (controller_2023_a) StderrLine: {'line': b'\x1b[0m\x1b[1m\x1b[38;5;12m...\x1b[0m\n'}
[0.702437] (controller_2023_a) StderrLine: {'line': b'\x1b[0m\x1b[1m\x1b[38;5;12m22\x1b[0m\x1b[0m \x1b[0m\x1b[0m\x1b[1m\x1b[38;5;12m|\x1b[0m\x1b[0m \x1b[0m\x1b[0m    pub fn pressed_r1(&self) -> bool {\x1b[0m\n'}
[0.702589] (controller_2023_a) StderrLine: {'line': b'\x1b[0m   \x1b[0m\x1b[0m\x1b[1m\x1b[38;5;12m| \x1b[0m\x1b[0m           \x1b[0m\x1b[0m\x1b[1m\x1b[33m^^^^^^^^^^\x1b[0m\n'}
[0.702764] (controller_2023_a) StderrLine: {'line': b'\x1b[0m\x1b[1m\x1b[38;5;12m...\x1b[0m\n'}
[0.702968] (controller_2023_a) StderrLine: {'line': b'\x1b[0m\x1b[1m\x1b[38;5;12m25\x1b[0m\x1b[0m \x1b[0m\x1b[0m\x1b[1m\x1b[38;5;12m|\x1b[0m\x1b[0m \x1b[0m\x1b[0m    pub fn pressed_l2(&self) -> bool {\x1b[0m\n'}
[0.703227] (controller_2023_a) StderrLine: {'line': b'\x1b[0m   \x1b[0m\x1b[0m\x1b[1m\x1b[38;5;12m| \x1b[0m\x1b[0m           \x1b[0m\x1b[0m\x1b[1m\x1b[33m^^^^^^^^^^\x1b[0m\n'}
[0.703427] (controller_2023_a) StderrLine: {'line': b'\x1b[0m\x1b[1m\x1b[38;5;12m...\x1b[0m\n'}
[0.703637] (controller_2023_a) StderrLine: {'line': b'\x1b[0m\x1b[1m\x1b[38;5;12m31\x1b[0m\x1b[0m \x1b[0m\x1b[0m\x1b[1m\x1b[38;5;12m|\x1b[0m\x1b[0m \x1b[0m\x1b[0m    pub fn pressed_dpad_left(&self) -> bool {\x1b[0m\n'}
[0.703827] (controller_2023_a) StderrLine: {'line': b'\x1b[0m   \x1b[0m\x1b[0m\x1b[1m\x1b[38;5;12m| \x1b[0m\x1b[0m           \x1b[0m\x1b[0m\x1b[1m\x1b[33m^^^^^^^^^^^^^^^^^\x1b[0m\n'}
[0.704483] (controller_2023_a) StderrLine: {'line': b'\x1b[0m\x1b[1m\x1b[38;5;12m...\x1b[0m\n'}
[0.704744] (controller_2023_a) StderrLine: {'line': b'\x1b[0m\x1b[1m\x1b[38;5;12m34\x1b[0m\x1b[0m \x1b[0m\x1b[0m\x1b[1m\x1b[38;5;12m|\x1b[0m\x1b[0m \x1b[0m\x1b[0m    pub fn pressed_dpad_up(&self) -> bool {\x1b[0m\n'}
[0.705155] (controller_2023_a) StderrLine: {'line': b'\x1b[0m   \x1b[0m\x1b[0m\x1b[1m\x1b[38;5;12m| \x1b[0m\x1b[0m           \x1b[0m\x1b[0m\x1b[1m\x1b[33m^^^^^^^^^^^^^^^\x1b[0m\n'}
[0.705652] (controller_2023_a) StderrLine: {'line': b'\x1b[0m\x1b[1m\x1b[38;5;12m...\x1b[0m\n'}
[0.705803] (controller_2023_a) StderrLine: {'line': b'\x1b[0m\x1b[1m\x1b[38;5;12m37\x1b[0m\x1b[0m \x1b[0m\x1b[0m\x1b[1m\x1b[38;5;12m|\x1b[0m\x1b[0m \x1b[0m\x1b[0m    pub fn pressed_dpad_right(&self) -> bool {\x1b[0m\n'}
[0.705963] (controller_2023_a) StderrLine: {'line': b'\x1b[0m   \x1b[0m\x1b[0m\x1b[1m\x1b[38;5;12m| \x1b[0m\x1b[0m           \x1b[0m\x1b[0m\x1b[1m\x1b[33m^^^^^^^^^^^^^^^^^^\x1b[0m\n'}
[0.706140] (controller_2023_a) StderrLine: {'line': b'\x1b[0m\x1b[1m\x1b[38;5;12m...\x1b[0m\n'}
[0.706514] (controller_2023_a) StderrLine: {'line': b'\x1b[0m\x1b[1m\x1b[38;5;12m40\x1b[0m\x1b[0m \x1b[0m\x1b[0m\x1b[1m\x1b[38;5;12m|\x1b[0m\x1b[0m \x1b[0m\x1b[0m    pub fn pressed_l2_analog(&self) -> f32 {\x1b[0m\n'}
[0.706675] (controller_2023_a) StderrLine: {'line': b'\x1b[0m   \x1b[0m\x1b[0m\x1b[1m\x1b[38;5;12m| \x1b[0m\x1b[0m           \x1b[0m\x1b[0m\x1b[1m\x1b[33m^^^^^^^^^^^^^^^^^\x1b[0m\n'}
[0.707213] (controller_2023_a) StderrLine: {'line': b'\x1b[0m\x1b[1m\x1b[38;5;12m...\x1b[0m\n'}
[0.707442] (controller_2023_a) StderrLine: {'line': b'\x1b[0m\x1b[1m\x1b[38;5;12m43\x1b[0m\x1b[0m \x1b[0m\x1b[0m\x1b[1m\x1b[38;5;12m|\x1b[0m\x1b[0m \x1b[0m\x1b[0m    pub fn pressed_r2_analog(&self) -> f32 {\x1b[0m\n'}
[0.707687] (controller_2023_a) StderrLine: {'line': b'\x1b[0m   \x1b[0m\x1b[0m\x1b[1m\x1b[38;5;12m| \x1b[0m\x1b[0m           \x1b[0m\x1b[0m\x1b[1m\x1b[33m^^^^^^^^^^^^^^^^^\x1b[0m\n'}
[0.707984] (controller_2023_a) StderrLine: {'line': b'\x1b[0m   \x1b[0m\x1b[0m\x1b[1m\x1b[38;5;12m|\x1b[0m\n'}
[0.708272] (controller_2023_a) StderrLine: {'line': b'\x1b[0m   \x1b[0m\x1b[0m\x1b[1m\x1b[38;5;12m= \x1b[0m\x1b[0m\x1b[1mnote\x1b[0m\x1b[0m: `#[warn(dead_code)]` on by default\x1b[0m\n'}
[0.708639] (controller_2023_a) StderrLine: {'line': b'\n'}
[0.708852] (controller_2023_a) StderrLine: {'line': b'\x1b[0m\x1b[1m\x1b[33mwarning\x1b[0m\x1b[0m\x1b[1m: constant `STICK_LX` is never used\x1b[0m\n'}
[0.709131] (controller_2023_a) StderrLine: {'line': b'\x1b[0m \x1b[0m\x1b[0m\x1b[1m\x1b[38;5;12m--> \x1b[0m\x1b[0msrc/ps5_dualsense.rs:3:15\x1b[0m\n'}
[0.709392] (controller_2023_a) StderrLine: {'line': b'\x1b[0m  \x1b[0m\x1b[0m\x1b[1m\x1b[38;5;12m|\x1b[0m\n'}
[0.709649] (controller_2023_a) StderrLine: {'line': b'\x1b[0m\x1b[1m\x1b[38;5;12m3\x1b[0m\x1b[0m \x1b[0m\x1b[0m\x1b[1m\x1b[38;5;12m|\x1b[0m\x1b[0m \x1b[0m\x1b[0m    pub const STICK_LX: usize = 0;\x1b[0m\n'}
[0.709861] (controller_2023_a) StderrLine: {'line': b'\x1b[0m  \x1b[0m\x1b[0m\x1b[1m\x1b[38;5;12m| \x1b[0m\x1b[0m              \x1b[0m\x1b[0m\x1b[1m\x1b[33m^^^^^^^^\x1b[0m\n'}
[0.710049] (controller_2023_a) StderrLine: {'line': b'\n'}
[0.710514] (controller_2023_a) StderrLine: {'line': b'\x1b[0m\x1b[1m\x1b[33mwarning\x1b[0m\x1b[0m\x1b[1m: constant `STICK_LY` is never used\x1b[0m\n'}
[0.710750] (controller_2023_a) StderrLine: {'line': b'\x1b[0m \x1b[0m\x1b[0m\x1b[1m\x1b[38;5;12m--> \x1b[0m\x1b[0msrc/ps5_dualsense.rs:4:15\x1b[0m\n'}
[0.711025] (controller_2023_a) StderrLine: {'line': b'\x1b[0m  \x1b[0m\x1b[0m\x1b[1m\x1b[38;5;12m|\x1b[0m\n'}
[0.711368] (controller_2023_a) StderrLine: {'line': b'\x1b[0m\x1b[1m\x1b[38;5;12m4\x1b[0m\x1b[0m \x1b[0m\x1b[0m\x1b[1m\x1b[38;5;12m|\x1b[0m\x1b[0m \x1b[0m\x1b[0m    pub const STICK_LY: usize = 1;\x1b[0m\n'}
[0.711521] (controller_2023_a) StderrLine: {'line': b'\x1b[0m  \x1b[0m\x1b[0m\x1b[1m\x1b[38;5;12m| \x1b[0m\x1b[0m              \x1b[0m\x1b[0m\x1b[1m\x1b[33m^^^^^^^^\x1b[0m\n'}
[0.711687] (controller_2023_a) StderrLine: {'line': b'\n'}
[0.711854] (controller_2023_a) StderrLine: {'line': b'\x1b[0m\x1b[1m\x1b[33mwarning\x1b[0m\x1b[0m\x1b[1m: constant `L2` is never used\x1b[0m\n'}
[0.712141] (controller_2023_a) StderrLine: {'line': b'\x1b[0m \x1b[0m\x1b[0m\x1b[1m\x1b[38;5;12m--> \x1b[0m\x1b[0msrc/ps5_dualsense.rs:5:15\x1b[0m\n'}
[0.712379] (controller_2023_a) StderrLine: {'line': b'\x1b[0m  \x1b[0m\x1b[0m\x1b[1m\x1b[38;5;12m|\x1b[0m\n'}
[0.712624] (controller_2023_a) StderrLine: {'line': b'\x1b[0m\x1b[1m\x1b[38;5;12m5\x1b[0m\x1b[0m \x1b[0m\x1b[0m\x1b[1m\x1b[38;5;12m|\x1b[0m\x1b[0m \x1b[0m\x1b[0m    pub const L2: usize = 2;\x1b[0m\n'}
[0.712986] (controller_2023_a) StderrLine: {'line': b'\x1b[0m  \x1b[0m\x1b[0m\x1b[1m\x1b[38;5;12m| \x1b[0m\x1b[0m              \x1b[0m\x1b[0m\x1b[1m\x1b[33m^^\x1b[0m\n'}
[0.713291] (controller_2023_a) StderrLine: {'line': b'\n'}
[0.713529] (controller_2023_a) StderrLine: {'line': b'\x1b[0m\x1b[1m\x1b[33mwarning\x1b[0m\x1b[0m\x1b[1m: constant `STICK_RX` is never used\x1b[0m\n'}
[0.714005] (controller_2023_a) StderrLine: {'line': b'\x1b[0m \x1b[0m\x1b[0m\x1b[1m\x1b[38;5;12m--> \x1b[0m\x1b[0msrc/ps5_dualsense.rs:6:15\x1b[0m\n'}
[0.714249] (controller_2023_a) StderrLine: {'line': b'\x1b[0m  \x1b[0m\x1b[0m\x1b[1m\x1b[38;5;12m|\x1b[0m\n'}
[0.715276] (controller_2023_a) StderrLine: {'line': b'\x1b[0m\x1b[1m\x1b[38;5;12m6\x1b[0m\x1b[0m \x1b[0m\x1b[0m\x1b[1m\x1b[38;5;12m|\x1b[0m\x1b[0m \x1b[0m\x1b[0m    pub const STICK_RX: usize = 3;\x1b[0m\n'}
[0.715450] (controller_2023_a) StderrLine: {'line': b'\x1b[0m  \x1b[0m\x1b[0m\x1b[1m\x1b[38;5;12m| \x1b[0m\x1b[0m              \x1b[0m\x1b[0m\x1b[1m\x1b[33m^^^^^^^^\x1b[0m\n'}
[0.715637] (controller_2023_a) StderrLine: {'line': b'\n'}
[0.715821] (controller_2023_a) StderrLine: {'line': b'\x1b[0m\x1b[1m\x1b[33mwarning\x1b[0m\x1b[0m\x1b[1m: constant `STICK_RY` is never used\x1b[0m\n'}
[0.715966] (controller_2023_a) StderrLine: {'line': b'\x1b[0m \x1b[0m\x1b[0m\x1b[1m\x1b[38;5;12m--> \x1b[0m\x1b[0msrc/ps5_dualsense.rs:7:15\x1b[0m\n'}
[0.716095] (controller_2023_a) StderrLine: {'line': b'\x1b[0m  \x1b[0m\x1b[0m\x1b[1m\x1b[38;5;12m|\x1b[0m\n'}
[0.716233] (controller_2023_a) StderrLine: {'line': b'\x1b[0m\x1b[1m\x1b[38;5;12m7\x1b[0m\x1b[0m \x1b[0m\x1b[0m\x1b[1m\x1b[38;5;12m|\x1b[0m\x1b[0m \x1b[0m\x1b[0m    pub const STICK_RY: usize = 4;\x1b[0m\n'}
[0.716360] (controller_2023_a) StderrLine: {'line': b'\x1b[0m  \x1b[0m\x1b[0m\x1b[1m\x1b[38;5;12m| \x1b[0m\x1b[0m              \x1b[0m\x1b[0m\x1b[1m\x1b[33m^^^^^^^^\x1b[0m\n'}
[0.716510] (controller_2023_a) StderrLine: {'line': b'\n'}
[0.716639] (controller_2023_a) StderrLine: {'line': b'\x1b[0m\x1b[1m\x1b[33mwarning\x1b[0m\x1b[0m\x1b[1m: constant `R2` is never used\x1b[0m\n'}
[0.716778] (controller_2023_a) StderrLine: {'line': b'\x1b[0m \x1b[0m\x1b[0m\x1b[1m\x1b[38;5;12m--> \x1b[0m\x1b[0msrc/ps5_dualsense.rs:8:15\x1b[0m\n'}
[0.716907] (controller_2023_a) StderrLine: {'line': b'\x1b[0m  \x1b[0m\x1b[0m\x1b[1m\x1b[38;5;12m|\x1b[0m\n'}
[0.717131] (controller_2023_a) StderrLine: {'line': b'\x1b[0m\x1b[1m\x1b[38;5;12m8\x1b[0m\x1b[0m \x1b[0m\x1b[0m\x1b[1m\x1b[38;5;12m|\x1b[0m\x1b[0m \x1b[0m\x1b[0m    pub const R2: usize = 5;\x1b[0m\n'}
[0.717374] (controller_2023_a) StderrLine: {'line': b'\x1b[0m  \x1b[0m\x1b[0m\x1b[1m\x1b[38;5;12m| \x1b[0m\x1b[0m              \x1b[0m\x1b[0m\x1b[1m\x1b[33m^^\x1b[0m\n'}
[0.717948] (controller_2023_a) StderrLine: {'line': b'\n'}
[0.718189] (controller_2023_a) StderrLine: {'line': b'\x1b[0m\x1b[1m\x1b[33mwarning\x1b[0m\x1b[0m\x1b[1m: constant `DPAD_X` is never used\x1b[0m\n'}
[0.718447] (controller_2023_a) StderrLine: {'line': b'\x1b[0m \x1b[0m\x1b[0m\x1b[1m\x1b[38;5;12m--> \x1b[0m\x1b[0msrc/ps5_dualsense.rs:9:15\x1b[0m\n'}
[0.718671] (controller_2023_a) StderrLine: {'line': b'\x1b[0m  \x1b[0m\x1b[0m\x1b[1m\x1b[38;5;12m|\x1b[0m\n'}
[0.718907] (controller_2023_a) StderrLine: {'line': b'\x1b[0m\x1b[1m\x1b[38;5;12m9\x1b[0m\x1b[0m \x1b[0m\x1b[0m\x1b[1m\x1b[38;5;12m|\x1b[0m\x1b[0m \x1b[0m\x1b[0m    pub const DPAD_X: usize = 6;\x1b[0m\n'}
[0.719118] (controller_2023_a) StderrLine: {'line': b'\x1b[0m  \x1b[0m\x1b[0m\x1b[1m\x1b[38;5;12m| \x1b[0m\x1b[0m              \x1b[0m\x1b[0m\x1b[1m\x1b[33m^^^^^^\x1b[0m\n'}
[0.719353] (controller_2023_a) StderrLine: {'line': b'\n'}
[0.719559] (controller_2023_a) StderrLine: {'line': b'\x1b[0m\x1b[1m\x1b[33mwarning\x1b[0m\x1b[0m\x1b[1m: constant `DPAD_Y` is never used\x1b[0m\n'}
[0.719825] (controller_2023_a) StderrLine: {'line': b'\x1b[0m  \x1b[0m\x1b[0m\x1b[1m\x1b[38;5;12m--> \x1b[0m\x1b[0msrc/ps5_dualsense.rs:10:15\x1b[0m\n'}
[0.720125] (controller_2023_a) StderrLine: {'line': b'\x1b[0m   \x1b[0m\x1b[0m\x1b[1m\x1b[38;5;12m|\x1b[0m\n'}
[0.720317] (controller_2023_a) StderrLine: {'line': b'\x1b[0m\x1b[1m\x1b[38;5;12m10\x1b[0m\x1b[0m \x1b[0m\x1b[0m\x1b[1m\x1b[38;5;12m|\x1b[0m\x1b[0m \x1b[0m\x1b[0m    pub const DPAD_Y: usize = 7;\x1b[0m\n'}
[0.720548] (controller_2023_a) StderrLine: {'line': b'\x1b[0m   \x1b[0m\x1b[0m\x1b[1m\x1b[38;5;12m| \x1b[0m\x1b[0m              \x1b[0m\x1b[0m\x1b[1m\x1b[33m^^^^^^\x1b[0m\n'}
[0.720767] (controller_2023_a) StderrLine: {'line': b'\n'}
[0.721054] (controller_2023_a) StderrLine: {'line': b'\x1b[0m\x1b[1m\x1b[33mwarning\x1b[0m\x1b[0m\x1b[1m: constant `CROSS` is never used\x1b[0m\n'}
[0.721303] (controller_2023_a) StderrLine: {'line': b'\x1b[0m  \x1b[0m\x1b[0m\x1b[1m\x1b[38;5;12m--> \x1b[0m\x1b[0msrc/ps5_dualsense.rs:13:15\x1b[0m\n'}
[0.721508] (controller_2023_a) StderrLine: {'line': b'\x1b[0m   \x1b[0m\x1b[0m\x1b[1m\x1b[38;5;12m|\x1b[0m\n'}
[0.721704] (controller_2023_a) StderrLine: {'line': b'\x1b[0m\x1b[1m\x1b[38;5;12m13\x1b[0m\x1b[0m \x1b[0m\x1b[0m\x1b[1m\x1b[38;5;12m|\x1b[0m\x1b[0m \x1b[0m\x1b[0m    pub const CROSS: usize = 0;\x1b[0m\n'}
[0.721895] (controller_2023_a) StderrLine: {'line': b'\x1b[0m   \x1b[0m\x1b[0m\x1b[1m\x1b[38;5;12m| \x1b[0m\x1b[0m              \x1b[0m\x1b[0m\x1b[1m\x1b[33m^^^^^\x1b[0m\n'}
[0.722124] (controller_2023_a) StderrLine: {'line': b'\n'}
[0.722353] (controller_2023_a) StderrLine: {'line': b'\x1b[0m\x1b[1m\x1b[33mwarning\x1b[0m\x1b[0m\x1b[1m: constant `CIRCLE` is never used\x1b[0m\n'}
[0.722649] (controller_2023_a) StderrLine: {'line': b'\x1b[0m  \x1b[0m\x1b[0m\x1b[1m\x1b[38;5;12m--> \x1b[0m\x1b[0msrc/ps5_dualsense.rs:14:15\x1b[0m\n'}
[0.723327] (controller_2023_a) StderrLine: {'line': b'\x1b[0m   \x1b[0m\x1b[0m\x1b[1m\x1b[38;5;12m|\x1b[0m\n'}
[0.723942] (controller_2023_a) StderrLine: {'line': b'\x1b[0m\x1b[1m\x1b[38;5;12m14\x1b[0m\x1b[0m \x1b[0m\x1b[0m\x1b[1m\x1b[38;5;12m|\x1b[0m\x1b[0m \x1b[0m\x1b[0m    pub const CIRCLE: usize = 1;\x1b[0m\n'}
[0.724298] (controller_2023_a) StderrLine: {'line': b'\x1b[0m   \x1b[0m\x1b[0m\x1b[1m\x1b[38;5;12m| \x1b[0m\x1b[0m              \x1b[0m\x1b[0m\x1b[1m\x1b[33m^^^^^^\x1b[0m\n'}
[0.724579] (controller_2023_a) StderrLine: {'line': b'\n'}
[0.724844] (controller_2023_a) StderrLine: {'line': b'\x1b[0m\x1b[1m\x1b[33mwarning\x1b[0m\x1b[0m\x1b[1m: constant `TRIANGLE` is never used\x1b[0m\n'}
[0.725072] (controller_2023_a) StderrLine: {'line': b'\x1b[0m  \x1b[0m\x1b[0m\x1b[1m\x1b[38;5;12m--> \x1b[0m\x1b[0msrc/ps5_dualsense.rs:15:15\x1b[0m\n'}
[0.725345] (controller_2023_a) StderrLine: {'line': b'\x1b[0m   \x1b[0m\x1b[0m\x1b[1m\x1b[38;5;12m|\x1b[0m\n'}
[0.726016] (controller_2023_a) StderrLine: {'line': b'\x1b[0m\x1b[1m\x1b[38;5;12m15\x1b[0m\x1b[0m \x1b[0m\x1b[0m\x1b[1m\x1b[38;5;12m|\x1b[0m\x1b[0m \x1b[0m\x1b[0m    pub const TRIANGLE: usize = 2;\x1b[0m\n'}
[0.726408] (controller_2023_a) StderrLine: {'line': b'\x1b[0m   \x1b[0m\x1b[0m\x1b[1m\x1b[38;5;12m| \x1b[0m\x1b[0m              \x1b[0m\x1b[0m\x1b[1m\x1b[33m^^^^^^^^\x1b[0m\n'}
[0.726695] (controller_2023_a) StderrLine: {'line': b'\n'}
[0.727478] (controller_2023_a) StderrLine: {'line': b'\x1b[0m\x1b[1m\x1b[33mwarning\x1b[0m\x1b[0m\x1b[1m: constant `SQUARE` is never used\x1b[0m\n'}
[0.728041] (controller_2023_a) StderrLine: {'line': b'\x1b[0m  \x1b[0m\x1b[0m\x1b[1m\x1b[38;5;12m--> \x1b[0m\x1b[0msrc/ps5_dualsense.rs:16:15\x1b[0m\n'}
[0.728390] (controller_2023_a) StderrLine: {'line': b'\x1b[0m   \x1b[0m\x1b[0m\x1b[1m\x1b[38;5;12m|\x1b[0m\n'}
[0.728707] (controller_2023_a) StderrLine: {'line': b'\x1b[0m\x1b[1m\x1b[38;5;12m16\x1b[0m\x1b[0m \x1b[0m\x1b[0m\x1b[1m\x1b[38;5;12m|\x1b[0m\x1b[0m \x1b[0m\x1b[0m    pub const SQUARE: usize = 3;\x1b[0m\n'}
[0.729024] (controller_2023_a) StderrLine: {'line': b'\x1b[0m   \x1b[0m\x1b[0m\x1b[1m\x1b[38;5;12m| \x1b[0m\x1b[0m              \x1b[0m\x1b[0m\x1b[1m\x1b[33m^^^^^^\x1b[0m\n'}
[0.729374] (controller_2023_a) StderrLine: {'line': b'\n'}
[0.729663] (controller_2023_a) StderrLine: {'line': b'\x1b[0m\x1b[1m\x1b[33mwarning\x1b[0m\x1b[0m\x1b[1m: constant `L1` is never used\x1b[0m\n'}
[0.730051] (controller_2023_a) StderrLine: {'line': b'\x1b[0m  \x1b[0m\x1b[0m\x1b[1m\x1b[38;5;12m--> \x1b[0m\x1b[0msrc/ps5_dualsense.rs:17:15\x1b[0m\n'}
[0.730324] (controller_2023_a) StderrLine: {'line': b'\x1b[0m   \x1b[0m\x1b[0m\x1b[1m\x1b[38;5;12m|\x1b[0m\n'}
[0.730588] (controller_2023_a) StderrLine: {'line': b'\x1b[0m\x1b[1m\x1b[38;5;12m17\x1b[0m\x1b[0m \x1b[0m\x1b[0m\x1b[1m\x1b[38;5;12m|\x1b[0m\x1b[0m \x1b[0m\x1b[0m    pub const L1: usize = 4;\x1b[0m\n'}
[0.731168] (controller_2023_a) StderrLine: {'line': b'\x1b[0m   \x1b[0m\x1b[0m\x1b[1m\x1b[38;5;12m| \x1b[0m\x1b[0m              \x1b[0m\x1b[0m\x1b[1m\x1b[33m^^\x1b[0m\n'}
[0.731683] (controller_2023_a) StderrLine: {'line': b'\n'}
[0.732056] (controller_2023_a) StderrLine: {'line': b'\x1b[0m\x1b[1m\x1b[33mwarning\x1b[0m\x1b[0m\x1b[1m: constant `R1` is never used\x1b[0m\n'}
[0.732437] (controller_2023_a) StderrLine: {'line': b'\x1b[0m  \x1b[0m\x1b[0m\x1b[1m\x1b[38;5;12m--> \x1b[0m\x1b[0msrc/ps5_dualsense.rs:18:15\x1b[0m\n'}
[0.732838] (controller_2023_a) StderrLine: {'line': b'\x1b[0m   \x1b[0m\x1b[0m\x1b[1m\x1b[38;5;12m|\x1b[0m\n'}
[0.733159] (controller_2023_a) StderrLine: {'line': b'\x1b[0m\x1b[1m\x1b[38;5;12m18\x1b[0m\x1b[0m \x1b[0m\x1b[0m\x1b[1m\x1b[38;5;12m|\x1b[0m\x1b[0m \x1b[0m\x1b[0m    pub const R1: usize = 5;\x1b[0m\n'}
[0.733495] (controller_2023_a) StderrLine: {'line': b'\x1b[0m   \x1b[0m\x1b[0m\x1b[1m\x1b[38;5;12m| \x1b[0m\x1b[0m              \x1b[0m\x1b[0m\x1b[1m\x1b[33m^^\x1b[0m\n'}
[0.733785] (controller_2023_a) StderrLine: {'line': b'\n'}
[0.734035] (controller_2023_a) StderrLine: {'line': b'\x1b[0m\x1b[1m\x1b[33mwarning\x1b[0m\x1b[0m\x1b[1m: constant `L2` is never used\x1b[0m\n'}
[0.735402] (controller_2023_a) StderrLine: {'line': b'\x1b[0m  \x1b[0m\x1b[0m\x1b[1m\x1b[38;5;12m--> \x1b[0m\x1b[0msrc/ps5_dualsense.rs:19:15\x1b[0m\n'}
[0.735746] (controller_2023_a) StderrLine: {'line': b'\x1b[0m   \x1b[0m\x1b[0m\x1b[1m\x1b[38;5;12m|\x1b[0m\n'}
[0.735900] (controller_2023_a) StderrLine: {'line': b'\x1b[0m\x1b[1m\x1b[38;5;12m19\x1b[0m\x1b[0m \x1b[0m\x1b[0m\x1b[1m\x1b[38;5;12m|\x1b[0m\x1b[0m \x1b[0m\x1b[0m    pub const L2: usize = 6;\x1b[0m\n'}
[0.736280] (controller_2023_a) StderrLine: {'line': b'\x1b[0m   \x1b[0m\x1b[0m\x1b[1m\x1b[38;5;12m| \x1b[0m\x1b[0m              \x1b[0m\x1b[0m\x1b[1m\x1b[33m^^\x1b[0m\n'}
[0.736552] (controller_2023_a) StderrLine: {'line': b'\n'}
[0.736814] (controller_2023_a) StderrLine: {'line': b'\x1b[0m\x1b[1m\x1b[33mwarning\x1b[0m\x1b[0m\x1b[1m: constant `SELECT` is never used\x1b[0m\n'}
[0.737136] (controller_2023_a) StderrLine: {'line': b'\x1b[0m  \x1b[0m\x1b[0m\x1b[1m\x1b[38;5;12m--> \x1b[0m\x1b[0msrc/ps5_dualsense.rs:21:15\x1b[0m\n'}
[0.737294] (controller_2023_a) StderrLine: {'line': b'\x1b[0m   \x1b[0m\x1b[0m\x1b[1m\x1b[38;5;12m|\x1b[0m\n'}
[0.737597] (controller_2023_a) StderrLine: {'line': b'\x1b[0m\x1b[1m\x1b[38;5;12m21\x1b[0m\x1b[0m \x1b[0m\x1b[0m\x1b[1m\x1b[38;5;12m|\x1b[0m\x1b[0m \x1b[0m\x1b[0m    pub const SELECT: usize = 8;\x1b[0m\n'}
[0.737773] (controller_2023_a) StderrLine: {'line': b'\x1b[0m   \x1b[0m\x1b[0m\x1b[1m\x1b[38;5;12m| \x1b[0m\x1b[0m              \x1b[0m\x1b[0m\x1b[1m\x1b[33m^^^^^^\x1b[0m\n'}
[0.738022] (controller_2023_a) StderrLine: {'line': b'\n'}
[0.738352] (controller_2023_a) StderrLine: {'line': b'\x1b[0m\x1b[1m\x1b[33mwarning\x1b[0m\x1b[0m\x1b[1m: constant `START` is never used\x1b[0m\n'}
[0.738571] (controller_2023_a) StderrLine: {'line': b'\x1b[0m  \x1b[0m\x1b[0m\x1b[1m\x1b[38;5;12m--> \x1b[0m\x1b[0msrc/ps5_dualsense.rs:22:15\x1b[0m\n'}
[0.738800] (controller_2023_a) StderrLine: {'line': b'\x1b[0m   \x1b[0m\x1b[0m\x1b[1m\x1b[38;5;12m|\x1b[0m\n'}
[0.739328] (controller_2023_a) StderrLine: {'line': b'\x1b[0m\x1b[1m\x1b[38;5;12m22\x1b[0m\x1b[0m \x1b[0m\x1b[0m\x1b[1m\x1b[38;5;12m|\x1b[0m\x1b[0m \x1b[0m\x1b[0m    pub const START: usize = 9;\x1b[0m\n'}
[0.739631] (controller_2023_a) StderrLine: {'line': b'\x1b[0m   \x1b[0m\x1b[0m\x1b[1m\x1b[38;5;12m| \x1b[0m\x1b[0m              \x1b[0m\x1b[0m\x1b[1m\x1b[33m^^^^^\x1b[0m\n'}
[0.739974] (controller_2023_a) StderrLine: {'line': b'\n'}
[0.740201] (controller_2023_a) StderrLine: {'line': b'\x1b[0m\x1b[1m\x1b[33mwarning\x1b[0m\x1b[0m\x1b[1m: constant `PS` is never used\x1b[0m\n'}
[0.740495] (controller_2023_a) StderrLine: {'line': b'\x1b[0m  \x1b[0m\x1b[0m\x1b[1m\x1b[38;5;12m--> \x1b[0m\x1b[0msrc/ps5_dualsense.rs:23:15\x1b[0m\n'}
[0.740866] (controller_2023_a) StderrLine: {'line': b'\x1b[0m   \x1b[0m\x1b[0m\x1b[1m\x1b[38;5;12m|\x1b[0m\n'}
[0.741115] (controller_2023_a) StderrLine: {'line': b'\x1b[0m\x1b[1m\x1b[38;5;12m23\x1b[0m\x1b[0m \x1b[0m\x1b[0m\x1b[1m\x1b[38;5;12m|\x1b[0m\x1b[0m \x1b[0m\x1b[0m    pub const PS: usize = 10;\x1b[0m\n'}
[0.741470] (controller_2023_a) StderrLine: {'line': b'\x1b[0m   \x1b[0m\x1b[0m\x1b[1m\x1b[38;5;12m| \x1b[0m\x1b[0m              \x1b[0m\x1b[0m\x1b[1m\x1b[33m^^\x1b[0m\n'}
[0.741679] (controller_2023_a) StderrLine: {'line': b'\n'}
[0.742124] (controller_2023_a) StderrLine: {'line': b'\x1b[0m\x1b[1m\x1b[33mwarning\x1b[0m\x1b[0m\x1b[1m: constant `STICK_L_PUSH` is never used\x1b[0m\n'}
[0.742389] (controller_2023_a) StderrLine: {'line': b'\x1b[0m  \x1b[0m\x1b[0m\x1b[1m\x1b[38;5;12m--> \x1b[0m\x1b[0msrc/ps5_dualsense.rs:24:15\x1b[0m\n'}
[0.742637] (controller_2023_a) StderrLine: {'line': b'\x1b[0m   \x1b[0m\x1b[0m\x1b[1m\x1b[38;5;12m|\x1b[0m\n'}
[0.742877] (controller_2023_a) StderrLine: {'line': b'\x1b[0m\x1b[1m\x1b[38;5;12m24\x1b[0m\x1b[0m \x1b[0m\x1b[0m\x1b[1m\x1b[38;5;12m|\x1b[0m\x1b[0m \x1b[0m\x1b[0m    pub const STICK_L_PUSH: usize = 11;\x1b[0m\n'}
[0.743164] (controller_2023_a) StderrLine: {'line': b'\x1b[0m   \x1b[0m\x1b[0m\x1b[1m\x1b[38;5;12m| \x1b[0m\x1b[0m              \x1b[0m\x1b[0m\x1b[1m\x1b[33m^^^^^^^^^^^^\x1b[0m\n'}
[0.743488] (controller_2023_a) StderrLine: {'line': b'\n'}
[0.743849] (controller_2023_a) StderrLine: {'line': b'\x1b[0m\x1b[1m\x1b[33mwarning\x1b[0m\x1b[0m\x1b[1m: constant `STICK_R_PUSH` is never used\x1b[0m\n'}
[0.744182] (controller_2023_a) StderrLine: {'line': b'\x1b[0m  \x1b[0m\x1b[0m\x1b[1m\x1b[38;5;12m--> \x1b[0m\x1b[0msrc/ps5_dualsense.rs:25:15\x1b[0m\n'}
[0.744515] (controller_2023_a) StderrLine: {'line': b'\x1b[0m   \x1b[0m\x1b[0m\x1b[1m\x1b[38;5;12m|\x1b[0m\n'}
[0.744719] (controller_2023_a) StderrLine: {'line': b'\x1b[0m\x1b[1m\x1b[38;5;12m25\x1b[0m\x1b[0m \x1b[0m\x1b[0m\x1b[1m\x1b[38;5;12m|\x1b[0m\x1b[0m \x1b[0m\x1b[0m    pub const STICK_R_PUSH: usize = 12;\x1b[0m\n'}
[0.745176] (controller_2023_a) StderrLine: {'line': b'\x1b[0m   \x1b[0m\x1b[0m\x1b[1m\x1b[38;5;12m| \x1b[0m\x1b[0m              \x1b[0m\x1b[0m\x1b[1m\x1b[33m^^^^^^^^^^^^\x1b[0m\n'}
[0.745781] (controller_2023_a) StderrLine: {'line': b'\n'}
[0.746562] (controller_2023_a) StderrLine: {'line': b'\x1b[0m\x1b[1m\x1b[33mwarning\x1b[0m\x1b[0m\x1b[1m: module `DualsenseState` should have a snake case name\x1b[0m\n'}
[0.746966] (controller_2023_a) StderrLine: {'line': b'\x1b[0m  \x1b[0m\x1b[0m\x1b[1m\x1b[38;5;12m--> \x1b[0m\x1b[0msrc/main.rs:20:9\x1b[0m\n'}
[0.747534] (controller_2023_a) StderrLine: {'line': b'\x1b[0m   \x1b[0m\x1b[0m\x1b[1m\x1b[38;5;12m|\x1b[0m\n'}
[0.748292] (controller_2023_a) StderrLine: {'line': b'\x1b[0m\x1b[1m\x1b[38;5;12m20\x1b[0m\x1b[0m \x1b[0m\x1b[0m\x1b[1m\x1b[38;5;12m|\x1b[0m\x1b[0m \x1b[0m\x1b[0mpub mod DualsenseState {\x1b[0m\n'}
[0.749040] (controller_2023_a) StderrLine: {'line': b'\x1b[0m   \x1b[0m\x1b[0m\x1b[1m\x1b[38;5;12m| \x1b[0m\x1b[0m        \x1b[0m\x1b[0m\x1b[1m\x1b[33m^^^^^^^^^^^^^^\x1b[0m\x1b[0m \x1b[0m\x1b[0m\x1b[1m\x1b[33mhelp: convert the identifier to snake case: `dualsense_state`\x1b[0m\n'}
[0.749595] (controller_2023_a) StderrLine: {'line': b'\x1b[0m   \x1b[0m\x1b[0m\x1b[1m\x1b[38;5;12m|\x1b[0m\n'}
[0.750081] (controller_2023_a) StderrLine: {'line': b'\x1b[0m   \x1b[0m\x1b[0m\x1b[1m\x1b[38;5;12m= \x1b[0m\x1b[0m\x1b[1mnote\x1b[0m\x1b[0m: `#[warn(non_snake_case)]` on by default\x1b[0m\n'}
[0.750565] (controller_2023_a) StderrLine: {'line': b'\n'}
[0.751071] (controller_2023_a) StderrLine: {'line': b'\x1b[0m\x1b[1m\x1b[33mwarning\x1b[0m\x1b[0m\x1b[1m: module `BUTTONS_DUALSENSE` should have a snake case name\x1b[0m\n'}
[0.751418] (controller_2023_a) StderrLine: {'line': b'\x1b[0m  \x1b[0m\x1b[0m\x1b[1m\x1b[38;5;12m--> \x1b[0m\x1b[0msrc/ps5_dualsense.rs:12:9\x1b[0m\n'}
[0.751880] (controller_2023_a) StderrLine: {'line': b'\x1b[0m   \x1b[0m\x1b[0m\x1b[1m\x1b[38;5;12m|\x1b[0m\n'}
[0.752089] (controller_2023_a) StderrLine: {'line': b'\x1b[0m\x1b[1m\x1b[38;5;12m12\x1b[0m\x1b[0m \x1b[0m\x1b[0m\x1b[1m\x1b[38;5;12m|\x1b[0m\x1b[0m \x1b[0m\x1b[0mpub mod BUTTONS_DUALSENSE {\x1b[0m\n'}
[0.752661] (controller_2023_a) StderrLine: {'line': b'\x1b[0m   \x1b[0m\x1b[0m\x1b[1m\x1b[38;5;12m| \x1b[0m\x1b[0m        \x1b[0m\x1b[0m\x1b[1m\x1b[33m^^^^^^^^^^^^^^^^^\x1b[0m\x1b[0m \x1b[0m\x1b[0m\x1b[1m\x1b[33mhelp: convert the identifier to snake case: `buttons_dualsense`\x1b[0m\n'}
[0.753194] (controller_2023_a) StderrLine: {'line': b'\n'}
[0.753460] (controller_2023_a) CommandEnded: {'returncode': 0}
[0.754204] (controller_2023_a) JobEnded: {'identifier': 'controller_2023_a', 'rc': 0}
[0.755759] (omni_control) CommandEnded: {'returncode': 0}
[0.764485] (omni_control) JobEnded: {'identifier': 'omni_control', 'rc': 0}
[0.765325] (-) EventReactorShutdown: {}
