[0.000000] (-) TimerEvent: {}
[0.000998] (controller_2023_launch_a) JobQueued: {'identifier': 'controller_2023_launch_a', 'dependencies': OrderedDict()}
[0.001237] (drobo_interfaces) JobQueued: {'identifier': 'drobo_interfaces', 'dependencies': OrderedDict()}
[0.001343] (controller_2023_a) JobQueued: {'identifier': 'controller_2023_a', 'dependencies': OrderedDict([('drobo_interfaces', '/home/ubuntu/git/daniel_ws/2023_controller_a/install/drobo_interfaces')])}
[0.001577] (omni_control) JobQueued: {'identifier': 'omni_control', 'dependencies': OrderedDict([('drobo_interfaces', '/home/ubuntu/git/daniel_ws/2023_controller_a/install/drobo_interfaces')])}
[0.001863] (drobo_interfaces) JobStarted: {'identifier': 'drobo_interfaces'}
[0.031502] (controller_2023_launch_a) JobStarted: {'identifier': 'controller_2023_launch_a'}
[0.058479] (drobo_interfaces) JobProgress: {'identifier': 'drobo_interfaces', 'progress': 'cmake'}
[0.059265] (drobo_interfaces) JobProgress: {'identifier': 'drobo_interfaces', 'progress': 'build'}
[0.059508] (drobo_interfaces) Command: {'cmd': ['/usr/bin/cmake', '--build', '/home/ubuntu/git/daniel_ws/2023_controller_a/build/drobo_interfaces', '--', '-j8', '-l8'], 'cwd': '/home/ubuntu/git/daniel_ws/2023_controller_a/build/drobo_interfaces', 'env': OrderedDict([('USER', 'daniel_ezomo'), ('XDG_SESSION_TYPE', 'wayland'), ('SHLVL', '1'), ('LD_LIBRARY_PATH', '/home/ubuntu/git/daniel_ws/2023_controller_a/install/drobo_interfaces/lib:/opt/ros/humble/opt/rviz_ogre_vendor/lib:/opt/ros/humble/lib/aarch64-linux-gnu:/opt/ros/humble/lib'), ('OLDPWD', '/home/ubuntu/git/daniel_ws'), ('HOME', '/home/ubuntu'), ('DESKTOP_SESSION', 'ubuntu'), ('GTK_MODULES', 'gail:atk-bridge'), ('GNOME_SHELL_SESSION_MODE', 'ubuntu'), ('ROS_PYTHON_VERSION', '3'), ('SYSTEMD_EXEC_PID', '1927'), ('DBUS_SESSION_BUS_ADDRESS', 'unix:path=/run/user/1000/bus'), ('P9K_TTY', 'old'), ('COLORTERM', 'truecolor'), ('ZPFX', '/home/ubuntu/.local/share/zinit/polaris'), ('WAYLAND_DISPLAY', 'wayland-0'), ('ROS_DISTRO', 'humble'), ('COLCON_PREFIX_PATH', '/home/ubuntu/git/daniel_ws/2023_controller_a/install'), ('LOGNAME', 'daniel_ezomo'), ('_', '/usr/bin/colcon'), ('_P9K_SSH_TTY', '/dev/pts/0'), ('XDG_SESSION_CLASS', 'user'), ('ROS_VERSION', '2'), ('USERNAME', 'daniel_ezomo'), ('TERM', 'xterm-256color'), ('GNOME_DESKTOP_SESSION_ID', 'this-is-deprecated'), ('ROS_LOCALHOST_ONLY', '0'), ('ZSH_CACHE_DIR', '/home/ubuntu/.cache/zinit'), ('PMSPEC', '0uUpiPsf'), ('PATH', '/opt/ros/humble/bin:/home/ubuntu/.local/share/zinit/polaris/bin:/home/ubuntu/.cargo/bin:/usr/local/sbin:/usr/local/bin:/usr/sbin:/usr/bin:/sbin:/bin:/usr/games:/usr/local/games:/snap/bin:/snap/bin'), ('SESSION_MANAGER', 'local/ezomo:@/tmp/.ICE-unix/1909,unix/ezomo:/tmp/.ICE-unix/1909'), ('GNOME_TERMINAL_SCREEN', '/org/gnome/Terminal/screen/48a602dd_19c0_4514_9e12_2f5b92e85767'), ('XDG_MENU_PREFIX', 'gnome-'), ('GNOME_SETUP_DISPLAY', ':1'), ('XDG_RUNTIME_DIR', '/run/user/1000'), ('DISPLAY', ':0'), ('XDG_CURRENT_DESKTOP', 'ubuntu:GNOME'), ('LANG', 'en_US.UTF-8'), ('XDG_SESSION_DESKTOP', 'ubuntu'), ('GNOME_TERMINAL_SERVICE', ':1.123'), ('XMODIFIERS', '@im=ibus'), ('XAUTHORITY', '/run/user/1000/.mutter-Xwaylandauth.D5AUI2'), ('SSH_AUTH_SOCK', '/run/user/1000/keyring/ssh'), ('SSH_AGENT_LAUNCHER', 'gnome-keyring'), ('AMENT_PREFIX_PATH', '/home/ubuntu/git/daniel_ws/2023_controller_a/install/omni_control:/home/ubuntu/git/daniel_ws/2023_controller_a/install/controller_2023_a:/home/ubuntu/git/daniel_ws/2023_controller_a/install/drobo_interfaces:/home/ubuntu/git/daniel_ws/2023_controller_a/install/controller_2023_launch_a:/opt/ros/humble'), ('SHELL', '/usr/bin/zsh'), ('QT_ACCESSIBILITY', '1'), ('GDMSESSION', 'ubuntu'), ('P9K_SSH', '0'), ('QT_IM_MODULE', 'ibus'), ('LC_ALL', 'en_US.UTF-8'), ('PWD', '/home/ubuntu/git/daniel_ws/2023_controller_a/build/drobo_interfaces'), ('XDG_DATA_DIRS', '/usr/local/share/:/usr/share/:/var/lib/snapd/desktop'), ('_P9K_TTY', '/dev/pts/0'), ('PYTHONPATH', '/home/ubuntu/git/daniel_ws/2023_controller_a/install/drobo_interfaces/local/lib/python3.10/dist-packages:/opt/ros/humble/lib/python3.10/site-packages:/opt/ros/humble/local/lib/python3.10/dist-packages'), ('COLCON', '1'), ('VTE_VERSION', '6800'), ('CMAKE_PREFIX_PATH', '/home/ubuntu/git/daniel_ws/2023_controller_a/install/drobo_interfaces:/home/ubuntu/git/daniel_ws/2023_controller_a/install/controller_2023_launch_a:/home/ubuntu/git/daniel_ws/2023_controller_a/install/omni_control:/home/ubuntu/git/daniel_ws/2023_controller_a/install/controller_2023_a:/opt/ros/humble')]), 'shell': False}
[0.062012] (controller_2023_launch_a) JobProgress: {'identifier': 'controller_2023_launch_a', 'progress': 'cmake'}
[0.062282] (controller_2023_launch_a) JobProgress: {'identifier': 'controller_2023_launch_a', 'progress': 'build'}
[0.062435] (controller_2023_launch_a) Command: {'cmd': ['/usr/bin/cmake', '--build', '/home/ubuntu/git/daniel_ws/2023_controller_a/build/controller_2023_launch_a', '--', '-j8', '-l8'], 'cwd': '/home/ubuntu/git/daniel_ws/2023_controller_a/build/controller_2023_launch_a', 'env': OrderedDict([('USER', 'daniel_ezomo'), ('XDG_SESSION_TYPE', 'wayland'), ('SHLVL', '1'), ('LD_LIBRARY_PATH', '/home/ubuntu/git/daniel_ws/2023_controller_a/install/drobo_interfaces/lib:/opt/ros/humble/opt/rviz_ogre_vendor/lib:/opt/ros/humble/lib/aarch64-linux-gnu:/opt/ros/humble/lib'), ('OLDPWD', '/home/ubuntu/git/daniel_ws'), ('HOME', '/home/ubuntu'), ('DESKTOP_SESSION', 'ubuntu'), ('GTK_MODULES', 'gail:atk-bridge'), ('GNOME_SHELL_SESSION_MODE', 'ubuntu'), ('ROS_PYTHON_VERSION', '3'), ('SYSTEMD_EXEC_PID', '1927'), ('DBUS_SESSION_BUS_ADDRESS', 'unix:path=/run/user/1000/bus'), ('P9K_TTY', 'old'), ('COLORTERM', 'truecolor'), ('ZPFX', '/home/ubuntu/.local/share/zinit/polaris'), ('WAYLAND_DISPLAY', 'wayland-0'), ('ROS_DISTRO', 'humble'), ('COLCON_PREFIX_PATH', '/home/ubuntu/git/daniel_ws/2023_controller_a/install'), ('LOGNAME', 'daniel_ezomo'), ('_', '/usr/bin/colcon'), ('_P9K_SSH_TTY', '/dev/pts/0'), ('XDG_SESSION_CLASS', 'user'), ('ROS_VERSION', '2'), ('USERNAME', 'daniel_ezomo'), ('TERM', 'xterm-256color'), ('GNOME_DESKTOP_SESSION_ID', 'this-is-deprecated'), ('ROS_LOCALHOST_ONLY', '0'), ('ZSH_CACHE_DIR', '/home/ubuntu/.cache/zinit'), ('PMSPEC', '0uUpiPsf'), ('PATH', '/opt/ros/humble/bin:/home/ubuntu/.local/share/zinit/polaris/bin:/home/ubuntu/.cargo/bin:/usr/local/sbin:/usr/local/bin:/usr/sbin:/usr/bin:/sbin:/bin:/usr/games:/usr/local/games:/snap/bin:/snap/bin'), ('SESSION_MANAGER', 'local/ezomo:@/tmp/.ICE-unix/1909,unix/ezomo:/tmp/.ICE-unix/1909'), ('GNOME_TERMINAL_SCREEN', '/org/gnome/Terminal/screen/48a602dd_19c0_4514_9e12_2f5b92e85767'), ('XDG_MENU_PREFIX', 'gnome-'), ('GNOME_SETUP_DISPLAY', ':1'), ('XDG_RUNTIME_DIR', '/run/user/1000'), ('DISPLAY', ':0'), ('XDG_CURRENT_DESKTOP', 'ubuntu:GNOME'), ('LANG', 'en_US.UTF-8'), ('XDG_SESSION_DESKTOP', 'ubuntu'), ('GNOME_TERMINAL_SERVICE', ':1.123'), ('XMODIFIERS', '@im=ibus'), ('XAUTHORITY', '/run/user/1000/.mutter-Xwaylandauth.D5AUI2'), ('SSH_AUTH_SOCK', '/run/user/1000/keyring/ssh'), ('SSH_AGENT_LAUNCHER', 'gnome-keyring'), ('AMENT_PREFIX_PATH', '/home/ubuntu/git/daniel_ws/2023_controller_a/install/omni_control:/home/ubuntu/git/daniel_ws/2023_controller_a/install/controller_2023_a:/home/ubuntu/git/daniel_ws/2023_controller_a/install/drobo_interfaces:/home/ubuntu/git/daniel_ws/2023_controller_a/install/controller_2023_launch_a:/opt/ros/humble'), ('SHELL', '/usr/bin/zsh'), ('QT_ACCESSIBILITY', '1'), ('GDMSESSION', 'ubuntu'), ('P9K_SSH', '0'), ('QT_IM_MODULE', 'ibus'), ('LC_ALL', 'en_US.UTF-8'), ('PWD', '/home/ubuntu/git/daniel_ws/2023_controller_a/build/controller_2023_launch_a'), ('XDG_DATA_DIRS', '/usr/local/share/:/usr/share/:/var/lib/snapd/desktop'), ('_P9K_TTY', '/dev/pts/0'), ('PYTHONPATH', '/home/ubuntu/git/daniel_ws/2023_controller_a/install/drobo_interfaces/local/lib/python3.10/dist-packages:/opt/ros/humble/lib/python3.10/site-packages:/opt/ros/humble/local/lib/python3.10/dist-packages'), ('COLCON', '1'), ('VTE_VERSION', '6800'), ('CMAKE_PREFIX_PATH', '/home/ubuntu/git/daniel_ws/2023_controller_a/install/drobo_interfaces:/home/ubuntu/git/daniel_ws/2023_controller_a/install/controller_2023_launch_a:/home/ubuntu/git/daniel_ws/2023_controller_a/install/omni_control:/home/ubuntu/git/daniel_ws/2023_controller_a/install/controller_2023_a:/opt/ros/humble')]), 'shell': False}
[0.085769] (drobo_interfaces) StdoutLine: {'line': b'[  2%] Built target drobo_interfaces__cpp\n'}
[0.089514] (drobo_interfaces) StdoutLine: {'line': b'[  2%] Built target ament_cmake_python_copy_drobo_interfaces\n'}
[0.093684] (controller_2023_launch_a) CommandEnded: {'returncode': 0}
[0.094450] (drobo_interfaces) StdoutLine: {'line': b'[ 12%] Built target drobo_interfaces__rosidl_generator_c\n'}
[0.095778] (drobo_interfaces) StdoutLine: {'line': b'[ 23%] Built target drobo_interfaces__rosidl_typesupport_introspection_cpp\n'}
[0.099360] (-) TimerEvent: {}
[0.102025] (controller_2023_launch_a) JobProgress: {'identifier': 'controller_2023_launch_a', 'progress': 'install'}
[0.104355] (drobo_interfaces) StdoutLine: {'line': b'[ 34%] Built target drobo_interfaces__rosidl_typesupport_cpp\n'}
[0.104499] (drobo_interfaces) StdoutLine: {'line': b'[ 44%] Built target drobo_interfaces__rosidl_typesupport_fastrtps_cpp\n'}
[0.108108] (drobo_interfaces) StdoutLine: {'line': b'[ 55%] Built target drobo_interfaces__rosidl_typesupport_c\n'}
[0.109787] (drobo_interfaces) StdoutLine: {'line': b'[ 65%] Built target drobo_interfaces__rosidl_typesupport_introspection_c\n'}
[0.110216] (controller_2023_launch_a) Command: {'cmd': ['/usr/bin/cmake', '--install', '/home/ubuntu/git/daniel_ws/2023_controller_a/build/controller_2023_launch_a'], 'cwd': '/home/ubuntu/git/daniel_ws/2023_controller_a/build/controller_2023_launch_a', 'env': OrderedDict([('USER', 'daniel_ezomo'), ('XDG_SESSION_TYPE', 'wayland'), ('SHLVL', '1'), ('LD_LIBRARY_PATH', '/home/ubuntu/git/daniel_ws/2023_controller_a/install/drobo_interfaces/lib:/opt/ros/humble/opt/rviz_ogre_vendor/lib:/opt/ros/humble/lib/aarch64-linux-gnu:/opt/ros/humble/lib'), ('OLDPWD', '/home/ubuntu/git/daniel_ws'), ('HOME', '/home/ubuntu'), ('DESKTOP_SESSION', 'ubuntu'), ('GTK_MODULES', 'gail:atk-bridge'), ('GNOME_SHELL_SESSION_MODE', 'ubuntu'), ('ROS_PYTHON_VERSION', '3'), ('SYSTEMD_EXEC_PID', '1927'), ('DBUS_SESSION_BUS_ADDRESS', 'unix:path=/run/user/1000/bus'), ('P9K_TTY', 'old'), ('COLORTERM', 'truecolor'), ('ZPFX', '/home/ubuntu/.local/share/zinit/polaris'), ('WAYLAND_DISPLAY', 'wayland-0'), ('ROS_DISTRO', 'humble'), ('COLCON_PREFIX_PATH', '/home/ubuntu/git/daniel_ws/2023_controller_a/install'), ('LOGNAME', 'daniel_ezomo'), ('_', '/usr/bin/colcon'), ('_P9K_SSH_TTY', '/dev/pts/0'), ('XDG_SESSION_CLASS', 'user'), ('ROS_VERSION', '2'), ('USERNAME', 'daniel_ezomo'), ('TERM', 'xterm-256color'), ('GNOME_DESKTOP_SESSION_ID', 'this-is-deprecated'), ('ROS_LOCALHOST_ONLY', '0'), ('ZSH_CACHE_DIR', '/home/ubuntu/.cache/zinit'), ('PMSPEC', '0uUpiPsf'), ('PATH', '/opt/ros/humble/bin:/home/ubuntu/.local/share/zinit/polaris/bin:/home/ubuntu/.cargo/bin:/usr/local/sbin:/usr/local/bin:/usr/sbin:/usr/bin:/sbin:/bin:/usr/games:/usr/local/games:/snap/bin:/snap/bin'), ('SESSION_MANAGER', 'local/ezomo:@/tmp/.ICE-unix/1909,unix/ezomo:/tmp/.ICE-unix/1909'), ('GNOME_TERMINAL_SCREEN', '/org/gnome/Terminal/screen/48a602dd_19c0_4514_9e12_2f5b92e85767'), ('XDG_MENU_PREFIX', 'gnome-'), ('GNOME_SETUP_DISPLAY', ':1'), ('XDG_RUNTIME_DIR', '/run/user/1000'), ('DISPLAY', ':0'), ('XDG_CURRENT_DESKTOP', 'ubuntu:GNOME'), ('LANG', 'en_US.UTF-8'), ('XDG_SESSION_DESKTOP', 'ubuntu'), ('GNOME_TERMINAL_SERVICE', ':1.123'), ('XMODIFIERS', '@im=ibus'), ('XAUTHORITY', '/run/user/1000/.mutter-Xwaylandauth.D5AUI2'), ('SSH_AUTH_SOCK', '/run/user/1000/keyring/ssh'), ('SSH_AGENT_LAUNCHER', 'gnome-keyring'), ('AMENT_PREFIX_PATH', '/home/ubuntu/git/daniel_ws/2023_controller_a/install/omni_control:/home/ubuntu/git/daniel_ws/2023_controller_a/install/controller_2023_a:/home/ubuntu/git/daniel_ws/2023_controller_a/install/drobo_interfaces:/home/ubuntu/git/daniel_ws/2023_controller_a/install/controller_2023_launch_a:/opt/ros/humble'), ('SHELL', '/usr/bin/zsh'), ('QT_ACCESSIBILITY', '1'), ('GDMSESSION', 'ubuntu'), ('P9K_SSH', '0'), ('QT_IM_MODULE', 'ibus'), ('LC_ALL', 'en_US.UTF-8'), ('PWD', '/home/ubuntu/git/daniel_ws/2023_controller_a/build/controller_2023_launch_a'), ('XDG_DATA_DIRS', '/usr/local/share/:/usr/share/:/var/lib/snapd/desktop'), ('_P9K_TTY', '/dev/pts/0'), ('PYTHONPATH', '/home/ubuntu/git/daniel_ws/2023_controller_a/install/drobo_interfaces/local/lib/python3.10/dist-packages:/opt/ros/humble/lib/python3.10/site-packages:/opt/ros/humble/local/lib/python3.10/dist-packages'), ('COLCON', '1'), ('VTE_VERSION', '6800'), ('CMAKE_PREFIX_PATH', '/home/ubuntu/git/daniel_ws/2023_controller_a/install/drobo_interfaces:/home/ubuntu/git/daniel_ws/2023_controller_a/install/controller_2023_launch_a:/home/ubuntu/git/daniel_ws/2023_controller_a/install/omni_control:/home/ubuntu/git/daniel_ws/2023_controller_a/install/controller_2023_a:/opt/ros/humble')]), 'shell': False}
[0.113401] (controller_2023_launch_a) StdoutLine: {'line': b'-- Install configuration: ""\n'}
[0.113927] (controller_2023_launch_a) StdoutLine: {'line': b'-- Up-to-date: /home/ubuntu/git/daniel_ws/2023_controller_a/install/controller_2023_launch_a/share/controller_2023_launch_a//launch\n'}
[0.114019] (controller_2023_launch_a) StdoutLine: {'line': b'-- Up-to-date: /home/ubuntu/git/daniel_ws/2023_controller_a/install/controller_2023_launch_a/share/controller_2023_launch_a//launch/controller_2023_launch_a.launch.xml\n'}
[0.114103] (controller_2023_launch_a) StdoutLine: {'line': b'-- Up-to-date: /home/ubuntu/git/daniel_ws/2023_controller_a/install/controller_2023_launch_a/share/ament_index/resource_index/package_run_dependencies/controller_2023_launch_a\n'}
[0.114189] (controller_2023_launch_a) StdoutLine: {'line': b'-- Up-to-date: /home/ubuntu/git/daniel_ws/2023_controller_a/install/controller_2023_launch_a/share/ament_index/resource_index/parent_prefix_path/controller_2023_launch_a\n'}
[0.114453] (controller_2023_launch_a) StdoutLine: {'line': b'-- Up-to-date: /home/ubuntu/git/daniel_ws/2023_controller_a/install/controller_2023_launch_a/share/controller_2023_launch_a/environment/ament_prefix_path.sh\n'}
[0.115184] (controller_2023_launch_a) StdoutLine: {'line': b'-- Up-to-date: /home/ubuntu/git/daniel_ws/2023_controller_a/install/controller_2023_launch_a/share/controller_2023_launch_a/environment/ament_prefix_path.dsv\n'}
[0.115344] (controller_2023_launch_a) StdoutLine: {'line': b'-- Up-to-date: /home/ubuntu/git/daniel_ws/2023_controller_a/install/controller_2023_launch_a/share/controller_2023_launch_a/environment/path.sh\n'}
[0.115503] (controller_2023_launch_a) StdoutLine: {'line': b'-- Up-to-date: /home/ubuntu/git/daniel_ws/2023_controller_a/install/controller_2023_launch_a/share/controller_2023_launch_a/environment/path.dsv\n'}
[0.115937] (controller_2023_launch_a) StdoutLine: {'line': b'-- Up-to-date: /home/ubuntu/git/daniel_ws/2023_controller_a/install/controller_2023_launch_a/share/controller_2023_launch_a/local_setup.bash\n'}
[0.116112] (controller_2023_launch_a) StdoutLine: {'line': b'-- Up-to-date: /home/ubuntu/git/daniel_ws/2023_controller_a/install/controller_2023_launch_a/share/controller_2023_launch_a/local_setup.sh\n'}
[0.116312] (controller_2023_launch_a) StdoutLine: {'line': b'-- Up-to-date: /home/ubuntu/git/daniel_ws/2023_controller_a/install/controller_2023_launch_a/share/controller_2023_launch_a/local_setup.zsh\n'}
[0.116487] (controller_2023_launch_a) StdoutLine: {'line': b'-- Up-to-date: /home/ubuntu/git/daniel_ws/2023_controller_a/install/controller_2023_launch_a/share/controller_2023_launch_a/local_setup.dsv\n'}
[0.116638] (controller_2023_launch_a) StdoutLine: {'line': b'-- Installing: /home/ubuntu/git/daniel_ws/2023_controller_a/install/controller_2023_launch_a/share/controller_2023_launch_a/package.dsv\n'}
[0.116777] (controller_2023_launch_a) StdoutLine: {'line': b'-- Up-to-date: /home/ubuntu/git/daniel_ws/2023_controller_a/install/controller_2023_launch_a/share/ament_index/resource_index/packages/controller_2023_launch_a\n'}
[0.116961] (controller_2023_launch_a) StdoutLine: {'line': b'-- Up-to-date: /home/ubuntu/git/daniel_ws/2023_controller_a/install/controller_2023_launch_a/share/controller_2023_launch_a/cmake/controller_2023_launch_aConfig.cmake\n'}
[0.117157] (controller_2023_launch_a) StdoutLine: {'line': b'-- Up-to-date: /home/ubuntu/git/daniel_ws/2023_controller_a/install/controller_2023_launch_a/share/controller_2023_launch_a/cmake/controller_2023_launch_aConfig-version.cmake\n'}
[0.117338] (controller_2023_launch_a) StdoutLine: {'line': b'-- Up-to-date: /home/ubuntu/git/daniel_ws/2023_controller_a/install/controller_2023_launch_a/share/controller_2023_launch_a/package.xml\n'}
[0.117814] (controller_2023_launch_a) CommandEnded: {'returncode': 0}
[0.118413] (drobo_interfaces) StdoutLine: {'line': b'[ 76%] Built target drobo_interfaces__rosidl_typesupport_fastrtps_c\n'}
[0.134148] (drobo_interfaces) StdoutLine: {'line': b'[ 76%] Built target drobo_interfaces\n'}
[0.150081] (drobo_interfaces) StdoutLine: {'line': b'[ 78%] Built target drobo_interfaces__py\n'}
[0.172227] (drobo_interfaces) StdoutLine: {'line': b'[ 87%] Built target drobo_interfaces__rosidl_generator_py\n'}
[0.180090] (controller_2023_launch_a) JobEnded: {'identifier': 'controller_2023_launch_a', 'rc': 0}
[0.187366] (drobo_interfaces) StdoutLine: {'line': b'[ 91%] Built target drobo_interfaces__rosidl_typesupport_c__pyext\n'}
[0.188509] (drobo_interfaces) StdoutLine: {'line': b'[ 95%] Built target drobo_interfaces__rosidl_typesupport_fastrtps_c__pyext\n'}
[0.195506] (drobo_interfaces) StdoutLine: {'line': b'[100%] Built target drobo_interfaces__rosidl_typesupport_introspection_c__pyext\n'}
[0.199429] (-) TimerEvent: {}
[0.199636] (drobo_interfaces) StdoutLine: {'line': b'running egg_info\n'}
[0.199931] (drobo_interfaces) StdoutLine: {'line': b'writing drobo_interfaces.egg-info/PKG-INFO\n'}
[0.200070] (drobo_interfaces) StdoutLine: {'line': b'writing dependency_links to drobo_interfaces.egg-info/dependency_links.txt\n'}
[0.200197] (drobo_interfaces) StdoutLine: {'line': b'writing top-level names to drobo_interfaces.egg-info/top_level.txt\n'}
[0.201071] (drobo_interfaces) StdoutLine: {'line': b"reading manifest file 'drobo_interfaces.egg-info/SOURCES.txt'\n"}
[0.201411] (drobo_interfaces) StdoutLine: {'line': b"writing manifest file 'drobo_interfaces.egg-info/SOURCES.txt'\n"}
[0.215739] (drobo_interfaces) StdoutLine: {'line': b'[100%] Built target ament_cmake_python_build_drobo_interfaces_egg\n'}
[0.231969] (drobo_interfaces) CommandEnded: {'returncode': 0}
[0.295602] (drobo_interfaces) JobProgress: {'identifier': 'drobo_interfaces', 'progress': 'install'}
[0.296166] (drobo_interfaces) Command: {'cmd': ['/usr/bin/cmake', '--install', '/home/ubuntu/git/daniel_ws/2023_controller_a/build/drobo_interfaces'], 'cwd': '/home/ubuntu/git/daniel_ws/2023_controller_a/build/drobo_interfaces', 'env': OrderedDict([('USER', 'daniel_ezomo'), ('XDG_SESSION_TYPE', 'wayland'), ('SHLVL', '1'), ('LD_LIBRARY_PATH', '/home/ubuntu/git/daniel_ws/2023_controller_a/install/drobo_interfaces/lib:/opt/ros/humble/opt/rviz_ogre_vendor/lib:/opt/ros/humble/lib/aarch64-linux-gnu:/opt/ros/humble/lib'), ('OLDPWD', '/home/ubuntu/git/daniel_ws'), ('HOME', '/home/ubuntu'), ('DESKTOP_SESSION', 'ubuntu'), ('GTK_MODULES', 'gail:atk-bridge'), ('GNOME_SHELL_SESSION_MODE', 'ubuntu'), ('ROS_PYTHON_VERSION', '3'), ('SYSTEMD_EXEC_PID', '1927'), ('DBUS_SESSION_BUS_ADDRESS', 'unix:path=/run/user/1000/bus'), ('P9K_TTY', 'old'), ('COLORTERM', 'truecolor'), ('ZPFX', '/home/ubuntu/.local/share/zinit/polaris'), ('WAYLAND_DISPLAY', 'wayland-0'), ('ROS_DISTRO', 'humble'), ('COLCON_PREFIX_PATH', '/home/ubuntu/git/daniel_ws/2023_controller_a/install'), ('LOGNAME', 'daniel_ezomo'), ('_', '/usr/bin/colcon'), ('_P9K_SSH_TTY', '/dev/pts/0'), ('XDG_SESSION_CLASS', 'user'), ('ROS_VERSION', '2'), ('USERNAME', 'daniel_ezomo'), ('TERM', 'xterm-256color'), ('GNOME_DESKTOP_SESSION_ID', 'this-is-deprecated'), ('ROS_LOCALHOST_ONLY', '0'), ('ZSH_CACHE_DIR', '/home/ubuntu/.cache/zinit'), ('PMSPEC', '0uUpiPsf'), ('PATH', '/opt/ros/humble/bin:/home/ubuntu/.local/share/zinit/polaris/bin:/home/ubuntu/.cargo/bin:/usr/local/sbin:/usr/local/bin:/usr/sbin:/usr/bin:/sbin:/bin:/usr/games:/usr/local/games:/snap/bin:/snap/bin'), ('SESSION_MANAGER', 'local/ezomo:@/tmp/.ICE-unix/1909,unix/ezomo:/tmp/.ICE-unix/1909'), ('GNOME_TERMINAL_SCREEN', '/org/gnome/Terminal/screen/48a602dd_19c0_4514_9e12_2f5b92e85767'), ('XDG_MENU_PREFIX', 'gnome-'), ('GNOME_SETUP_DISPLAY', ':1'), ('XDG_RUNTIME_DIR', '/run/user/1000'), ('DISPLAY', ':0'), ('XDG_CURRENT_DESKTOP', 'ubuntu:GNOME'), ('LANG', 'en_US.UTF-8'), ('XDG_SESSION_DESKTOP', 'ubuntu'), ('GNOME_TERMINAL_SERVICE', ':1.123'), ('XMODIFIERS', '@im=ibus'), ('XAUTHORITY', '/run/user/1000/.mutter-Xwaylandauth.D5AUI2'), ('SSH_AUTH_SOCK', '/run/user/1000/keyring/ssh'), ('SSH_AGENT_LAUNCHER', 'gnome-keyring'), ('AMENT_PREFIX_PATH', '/home/ubuntu/git/daniel_ws/2023_controller_a/install/omni_control:/home/ubuntu/git/daniel_ws/2023_controller_a/install/controller_2023_a:/home/ubuntu/git/daniel_ws/2023_controller_a/install/drobo_interfaces:/home/ubuntu/git/daniel_ws/2023_controller_a/install/controller_2023_launch_a:/opt/ros/humble'), ('SHELL', '/usr/bin/zsh'), ('QT_ACCESSIBILITY', '1'), ('GDMSESSION', 'ubuntu'), ('P9K_SSH', '0'), ('QT_IM_MODULE', 'ibus'), ('LC_ALL', 'en_US.UTF-8'), ('PWD', '/home/ubuntu/git/daniel_ws/2023_controller_a/build/drobo_interfaces'), ('XDG_DATA_DIRS', '/usr/local/share/:/usr/share/:/var/lib/snapd/desktop'), ('_P9K_TTY', '/dev/pts/0'), ('PYTHONPATH', '/home/ubuntu/git/daniel_ws/2023_controller_a/install/drobo_interfaces/local/lib/python3.10/dist-packages:/opt/ros/humble/lib/python3.10/site-packages:/opt/ros/humble/local/lib/python3.10/dist-packages'), ('COLCON', '1'), ('VTE_VERSION', '6800'), ('CMAKE_PREFIX_PATH', '/home/ubuntu/git/daniel_ws/2023_controller_a/install/drobo_interfaces:/home/ubuntu/git/daniel_ws/2023_controller_a/install/controller_2023_launch_a:/home/ubuntu/git/daniel_ws/2023_controller_a/install/omni_control:/home/ubuntu/git/daniel_ws/2023_controller_a/install/controller_2023_a:/opt/ros/humble')]), 'shell': False}
[0.299522] (-) TimerEvent: {}
[0.304505] (drobo_interfaces) StdoutLine: {'line': b'-- Install configuration: ""\n'}
[0.304625] (drobo_interfaces) StdoutLine: {'line': b'-- Up-to-date: /home/ubuntu/git/daniel_ws/2023_controller_a/install/drobo_interfaces/share/ament_index/resource_index/rosidl_interfaces/drobo_interfaces\n'}
[0.304736] (drobo_interfaces) StdoutLine: {'line': b'-- Up-to-date: /home/ubuntu/git/daniel_ws/2023_controller_a/install/drobo_interfaces/include/drobo_interfaces/drobo_interfaces\n'}
[0.304818] (drobo_interfaces) StdoutLine: {'line': b'-- Up-to-date: /home/ubuntu/git/daniel_ws/2023_controller_a/install/drobo_interfaces/include/drobo_interfaces/drobo_interfaces/msg\n'}
[0.304883] (drobo_interfaces) StdoutLine: {'line': b'-- Up-to-date: /home/ubuntu/git/daniel_ws/2023_controller_a/install/drobo_interfaces/include/drobo_interfaces/drobo_interfaces/msg/rosidl_generator_c__visibility_control.h\n'}
[0.304948] (drobo_interfaces) StdoutLine: {'line': b'-- Up-to-date: /home/ubuntu/git/daniel_ws/2023_controller_a/install/drobo_interfaces/include/drobo_interfaces/drobo_interfaces/msg/sd_lib_msg.h\n'}
[0.305031] (drobo_interfaces) StdoutLine: {'line': b'-- Up-to-date: /home/ubuntu/git/daniel_ws/2023_controller_a/install/drobo_interfaces/include/drobo_interfaces/drobo_interfaces/msg/detail\n'}
[0.305165] (drobo_interfaces) StdoutLine: {'line': b'-- Up-to-date: /home/ubuntu/git/daniel_ws/2023_controller_a/install/drobo_interfaces/include/drobo_interfaces/drobo_interfaces/msg/detail/sd_lib_msg__functions.c\n'}
[0.305228] (drobo_interfaces) StdoutLine: {'line': b'-- Up-to-date: /home/ubuntu/git/daniel_ws/2023_controller_a/install/drobo_interfaces/include/drobo_interfaces/drobo_interfaces/msg/detail/sd_lib_msg__functions.h\n'}
[0.305290] (drobo_interfaces) StdoutLine: {'line': b'-- Up-to-date: /home/ubuntu/git/daniel_ws/2023_controller_a/install/drobo_interfaces/include/drobo_interfaces/drobo_interfaces/msg/detail/md_lib_msg__struct.h\n'}
[0.305376] (drobo_interfaces) StdoutLine: {'line': b'-- Up-to-date: /home/ubuntu/git/daniel_ws/2023_controller_a/install/drobo_interfaces/include/drobo_interfaces/drobo_interfaces/msg/detail/md_lib_msg__type_support.h\n'}
[0.305436] (drobo_interfaces) StdoutLine: {'line': b'-- Up-to-date: /home/ubuntu/git/daniel_ws/2023_controller_a/install/drobo_interfaces/include/drobo_interfaces/drobo_interfaces/msg/detail/md_lib_msg__functions.h\n'}
[0.305506] (drobo_interfaces) StdoutLine: {'line': b'-- Up-to-date: /home/ubuntu/git/daniel_ws/2023_controller_a/install/drobo_interfaces/include/drobo_interfaces/drobo_interfaces/msg/detail/sd_lib_msg__type_support.h\n'}
[0.305570] (drobo_interfaces) StdoutLine: {'line': b'-- Up-to-date: /home/ubuntu/git/daniel_ws/2023_controller_a/install/drobo_interfaces/include/drobo_interfaces/drobo_interfaces/msg/detail/sd_lib_msg__struct.h\n'}
[0.305631] (drobo_interfaces) StdoutLine: {'line': b'-- Up-to-date: /home/ubuntu/git/daniel_ws/2023_controller_a/install/drobo_interfaces/include/drobo_interfaces/drobo_interfaces/msg/detail/md_lib_msg__functions.c\n'}
[0.305692] (drobo_interfaces) StdoutLine: {'line': b'-- Up-to-date: /home/ubuntu/git/daniel_ws/2023_controller_a/install/drobo_interfaces/include/drobo_interfaces/drobo_interfaces/msg/md_lib_msg.h\n'}
[0.305754] (drobo_interfaces) StdoutLine: {'line': b'-- Up-to-date: /home/ubuntu/git/daniel_ws/2023_controller_a/install/drobo_interfaces/include/drobo_interfaces/drobo_interfaces/srv\n'}
[0.305815] (drobo_interfaces) StdoutLine: {'line': b'-- Up-to-date: /home/ubuntu/git/daniel_ws/2023_controller_a/install/drobo_interfaces/include/drobo_interfaces/drobo_interfaces/srv/solenoid_state_srv.h\n'}
[0.305876] (drobo_interfaces) StdoutLine: {'line': b'-- Up-to-date: /home/ubuntu/git/daniel_ws/2023_controller_a/install/drobo_interfaces/include/drobo_interfaces/drobo_interfaces/srv/detail\n'}
[0.305938] (drobo_interfaces) StdoutLine: {'line': b'-- Up-to-date: /home/ubuntu/git/daniel_ws/2023_controller_a/install/drobo_interfaces/include/drobo_interfaces/drobo_interfaces/srv/detail/solenoid_state_srv__functions.c\n'}
[0.306000] (drobo_interfaces) StdoutLine: {'line': b'-- Up-to-date: /home/ubuntu/git/daniel_ws/2023_controller_a/install/drobo_interfaces/include/drobo_interfaces/drobo_interfaces/srv/detail/solenoid_state_srv__struct.h\n'}
[0.306061] (drobo_interfaces) StdoutLine: {'line': b'-- Up-to-date: /home/ubuntu/git/daniel_ws/2023_controller_a/install/drobo_interfaces/include/drobo_interfaces/drobo_interfaces/srv/detail/solenoid_state_srv__functions.h\n'}
[0.306122] (drobo_interfaces) StdoutLine: {'line': b'-- Up-to-date: /home/ubuntu/git/daniel_ws/2023_controller_a/install/drobo_interfaces/include/drobo_interfaces/drobo_interfaces/srv/detail/solenoid_state_srv__type_support.h\n'}
[0.306182] (drobo_interfaces) StdoutLine: {'line': b'-- Up-to-date: /home/ubuntu/git/daniel_ws/2023_controller_a/install/drobo_interfaces/share/drobo_interfaces/environment/library_path.sh\n'}
[0.306243] (drobo_interfaces) StdoutLine: {'line': b'-- Up-to-date: /home/ubuntu/git/daniel_ws/2023_controller_a/install/drobo_interfaces/share/drobo_interfaces/environment/library_path.dsv\n'}
[0.306326] (drobo_interfaces) StdoutLine: {'line': b'-- Up-to-date: /home/ubuntu/git/daniel_ws/2023_controller_a/install/drobo_interfaces/lib/libdrobo_interfaces__rosidl_generator_c.so\n'}
[0.306442] (drobo_interfaces) StdoutLine: {'line': b'-- Up-to-date: /home/ubuntu/git/daniel_ws/2023_controller_a/install/drobo_interfaces/include/drobo_interfaces/drobo_interfaces\n'}
[0.306504] (drobo_interfaces) StdoutLine: {'line': b'-- Up-to-date: /home/ubuntu/git/daniel_ws/2023_controller_a/install/drobo_interfaces/include/drobo_interfaces/drobo_interfaces/msg\n'}
[0.306564] (drobo_interfaces) StdoutLine: {'line': b'-- Up-to-date: /home/ubuntu/git/daniel_ws/2023_controller_a/install/drobo_interfaces/include/drobo_interfaces/drobo_interfaces/msg/rosidl_typesupport_fastrtps_c__visibility_control.h\n'}
[0.306626] (drobo_interfaces) StdoutLine: {'line': b'-- Up-to-date: /home/ubuntu/git/daniel_ws/2023_controller_a/install/drobo_interfaces/include/drobo_interfaces/drobo_interfaces/msg/detail\n'}
[0.306687] (drobo_interfaces) StdoutLine: {'line': b'-- Up-to-date: /home/ubuntu/git/daniel_ws/2023_controller_a/install/drobo_interfaces/include/drobo_interfaces/drobo_interfaces/msg/detail/md_lib_msg__rosidl_typesupport_fastrtps_c.h\n'}
[0.306750] (drobo_interfaces) StdoutLine: {'line': b'-- Up-to-date: /home/ubuntu/git/daniel_ws/2023_controller_a/install/drobo_interfaces/include/drobo_interfaces/drobo_interfaces/msg/detail/sd_lib_msg__rosidl_typesupport_fastrtps_c.h\n'}
[0.306810] (drobo_interfaces) StdoutLine: {'line': b'-- Up-to-date: /home/ubuntu/git/daniel_ws/2023_controller_a/install/drobo_interfaces/include/drobo_interfaces/drobo_interfaces/srv\n'}
[0.306870] (drobo_interfaces) StdoutLine: {'line': b'-- Up-to-date: /home/ubuntu/git/daniel_ws/2023_controller_a/install/drobo_interfaces/include/drobo_interfaces/drobo_interfaces/srv/detail\n'}
[0.306931] (drobo_interfaces) StdoutLine: {'line': b'-- Up-to-date: /home/ubuntu/git/daniel_ws/2023_controller_a/install/drobo_interfaces/include/drobo_interfaces/drobo_interfaces/srv/detail/solenoid_state_srv__rosidl_typesupport_fastrtps_c.h\n'}
[0.306993] (drobo_interfaces) StdoutLine: {'line': b'-- Up-to-date: /home/ubuntu/git/daniel_ws/2023_controller_a/install/drobo_interfaces/lib/libdrobo_interfaces__rosidl_typesupport_fastrtps_c.so\n'}
[0.307054] (drobo_interfaces) StdoutLine: {'line': b'-- Up-to-date: /home/ubuntu/git/daniel_ws/2023_controller_a/install/drobo_interfaces/include/drobo_interfaces/drobo_interfaces\n'}
[0.307114] (drobo_interfaces) StdoutLine: {'line': b'-- Up-to-date: /home/ubuntu/git/daniel_ws/2023_controller_a/install/drobo_interfaces/include/drobo_interfaces/drobo_interfaces/msg\n'}
[0.307232] (drobo_interfaces) StdoutLine: {'line': b'-- Up-to-date: /home/ubuntu/git/daniel_ws/2023_controller_a/install/drobo_interfaces/include/drobo_interfaces/drobo_interfaces/msg/rosidl_typesupport_introspection_c__visibility_control.h\n'}
[0.307291] (drobo_interfaces) StdoutLine: {'line': b'-- Up-to-date: /home/ubuntu/git/daniel_ws/2023_controller_a/install/drobo_interfaces/include/drobo_interfaces/drobo_interfaces/msg/detail\n'}
[0.307348] (drobo_interfaces) StdoutLine: {'line': b'-- Up-to-date: /home/ubuntu/git/daniel_ws/2023_controller_a/install/drobo_interfaces/include/drobo_interfaces/drobo_interfaces/msg/detail/md_lib_msg__rosidl_typesupport_introspection_c.h\n'}
[0.307405] (drobo_interfaces) StdoutLine: {'line': b'-- Up-to-date: /home/ubuntu/git/daniel_ws/2023_controller_a/install/drobo_interfaces/include/drobo_interfaces/drobo_interfaces/msg/detail/sd_lib_msg__type_support.c\n'}
[0.307466] (drobo_interfaces) StdoutLine: {'line': b'-- Up-to-date: /home/ubuntu/git/daniel_ws/2023_controller_a/install/drobo_interfaces/include/drobo_interfaces/drobo_interfaces/msg/detail/md_lib_msg__type_support.c\n'}
[0.307527] (drobo_interfaces) StdoutLine: {'line': b'-- Up-to-date: /home/ubuntu/git/daniel_ws/2023_controller_a/install/drobo_interfaces/include/drobo_interfaces/drobo_interfaces/msg/detail/sd_lib_msg__rosidl_typesupport_introspection_c.h\n'}
[0.307587] (drobo_interfaces) StdoutLine: {'line': b'-- Up-to-date: /home/ubuntu/git/daniel_ws/2023_controller_a/install/drobo_interfaces/include/drobo_interfaces/drobo_interfaces/srv\n'}
[0.307648] (drobo_interfaces) StdoutLine: {'line': b'-- Up-to-date: /home/ubuntu/git/daniel_ws/2023_controller_a/install/drobo_interfaces/include/drobo_interfaces/drobo_interfaces/srv/detail\n'}
[0.307709] (drobo_interfaces) StdoutLine: {'line': b'-- Up-to-date: /home/ubuntu/git/daniel_ws/2023_controller_a/install/drobo_interfaces/include/drobo_interfaces/drobo_interfaces/srv/detail/solenoid_state_srv__type_support.c\n'}
[0.307770] (drobo_interfaces) StdoutLine: {'line': b'-- Up-to-date: /home/ubuntu/git/daniel_ws/2023_controller_a/install/drobo_interfaces/include/drobo_interfaces/drobo_interfaces/srv/detail/solenoid_state_srv__rosidl_typesupport_introspection_c.h\n'}
[0.307831] (drobo_interfaces) StdoutLine: {'line': b'-- Up-to-date: /home/ubuntu/git/daniel_ws/2023_controller_a/install/drobo_interfaces/lib/libdrobo_interfaces__rosidl_typesupport_introspection_c.so\n'}
[0.307892] (drobo_interfaces) StdoutLine: {'line': b'-- Up-to-date: /home/ubuntu/git/daniel_ws/2023_controller_a/install/drobo_interfaces/lib/libdrobo_interfaces__rosidl_typesupport_c.so\n'}
[0.308016] (drobo_interfaces) StdoutLine: {'line': b'-- Up-to-date: /home/ubuntu/git/daniel_ws/2023_controller_a/install/drobo_interfaces/include/drobo_interfaces/drobo_interfaces\n'}
[0.308077] (drobo_interfaces) StdoutLine: {'line': b'-- Up-to-date: /home/ubuntu/git/daniel_ws/2023_controller_a/install/drobo_interfaces/include/drobo_interfaces/drobo_interfaces/msg\n'}
[0.308137] (drobo_interfaces) StdoutLine: {'line': b'-- Up-to-date: /home/ubuntu/git/daniel_ws/2023_controller_a/install/drobo_interfaces/include/drobo_interfaces/drobo_interfaces/msg/detail\n'}
[0.308198] (drobo_interfaces) StdoutLine: {'line': b'-- Up-to-date: /home/ubuntu/git/daniel_ws/2023_controller_a/install/drobo_interfaces/include/drobo_interfaces/drobo_interfaces/msg/detail/md_lib_msg__struct.hpp\n'}
[0.308259] (drobo_interfaces) StdoutLine: {'line': b'-- Up-to-date: /home/ubuntu/git/daniel_ws/2023_controller_a/install/drobo_interfaces/include/drobo_interfaces/drobo_interfaces/msg/detail/md_lib_msg__traits.hpp\n'}
[0.308320] (drobo_interfaces) StdoutLine: {'line': b'-- Up-to-date: /home/ubuntu/git/daniel_ws/2023_controller_a/install/drobo_interfaces/include/drobo_interfaces/drobo_interfaces/msg/detail/sd_lib_msg__builder.hpp\n'}
[0.308381] (drobo_interfaces) StdoutLine: {'line': b'-- Up-to-date: /home/ubuntu/git/daniel_ws/2023_controller_a/install/drobo_interfaces/include/drobo_interfaces/drobo_interfaces/msg/detail/sd_lib_msg__traits.hpp\n'}
[0.308441] (drobo_interfaces) StdoutLine: {'line': b'-- Up-to-date: /home/ubuntu/git/daniel_ws/2023_controller_a/install/drobo_interfaces/include/drobo_interfaces/drobo_interfaces/msg/detail/sd_lib_msg__struct.hpp\n'}
[0.308501] (drobo_interfaces) StdoutLine: {'line': b'-- Up-to-date: /home/ubuntu/git/daniel_ws/2023_controller_a/install/drobo_interfaces/include/drobo_interfaces/drobo_interfaces/msg/detail/md_lib_msg__builder.hpp\n'}
[0.308560] (drobo_interfaces) StdoutLine: {'line': b'-- Up-to-date: /home/ubuntu/git/daniel_ws/2023_controller_a/install/drobo_interfaces/include/drobo_interfaces/drobo_interfaces/msg/md_lib_msg.hpp\n'}
[0.308622] (drobo_interfaces) StdoutLine: {'line': b'-- Up-to-date: /home/ubuntu/git/daniel_ws/2023_controller_a/install/drobo_interfaces/include/drobo_interfaces/drobo_interfaces/msg/sd_lib_msg.hpp\n'}
[0.308682] (drobo_interfaces) StdoutLine: {'line': b'-- Up-to-date: /home/ubuntu/git/daniel_ws/2023_controller_a/install/drobo_interfaces/include/drobo_interfaces/drobo_interfaces/srv\n'}
[0.308742] (drobo_interfaces) StdoutLine: {'line': b'-- Up-to-date: /home/ubuntu/git/daniel_ws/2023_controller_a/install/drobo_interfaces/include/drobo_interfaces/drobo_interfaces/srv/solenoid_state_srv.hpp\n'}
[0.308802] (drobo_interfaces) StdoutLine: {'line': b'-- Up-to-date: /home/ubuntu/git/daniel_ws/2023_controller_a/install/drobo_interfaces/include/drobo_interfaces/drobo_interfaces/srv/detail\n'}
[0.308862] (drobo_interfaces) StdoutLine: {'line': b'-- Up-to-date: /home/ubuntu/git/daniel_ws/2023_controller_a/install/drobo_interfaces/include/drobo_interfaces/drobo_interfaces/srv/detail/solenoid_state_srv__builder.hpp\n'}
[0.308922] (drobo_interfaces) StdoutLine: {'line': b'-- Up-to-date: /home/ubuntu/git/daniel_ws/2023_controller_a/install/drobo_interfaces/include/drobo_interfaces/drobo_interfaces/srv/detail/solenoid_state_srv__traits.hpp\n'}
[0.308983] (drobo_interfaces) StdoutLine: {'line': b'-- Up-to-date: /home/ubuntu/git/daniel_ws/2023_controller_a/install/drobo_interfaces/include/drobo_interfaces/drobo_interfaces/srv/detail/solenoid_state_srv__struct.hpp\n'}
[0.309064] (drobo_interfaces) StdoutLine: {'line': b'-- Up-to-date: /home/ubuntu/git/daniel_ws/2023_controller_a/install/drobo_interfaces/include/drobo_interfaces/drobo_interfaces\n'}
[0.309205] (drobo_interfaces) StdoutLine: {'line': b'-- Up-to-date: /home/ubuntu/git/daniel_ws/2023_controller_a/install/drobo_interfaces/include/drobo_interfaces/drobo_interfaces/msg\n'}
[0.309263] (drobo_interfaces) StdoutLine: {'line': b'-- Up-to-date: /home/ubuntu/git/daniel_ws/2023_controller_a/install/drobo_interfaces/include/drobo_interfaces/drobo_interfaces/msg/rosidl_typesupport_fastrtps_cpp__visibility_control.h\n'}
[0.309322] (drobo_interfaces) StdoutLine: {'line': b'-- Up-to-date: /home/ubuntu/git/daniel_ws/2023_controller_a/install/drobo_interfaces/include/drobo_interfaces/drobo_interfaces/msg/detail\n'}
[0.309382] (drobo_interfaces) StdoutLine: {'line': b'-- Up-to-date: /home/ubuntu/git/daniel_ws/2023_controller_a/install/drobo_interfaces/include/drobo_interfaces/drobo_interfaces/msg/detail/sd_lib_msg__rosidl_typesupport_fastrtps_cpp.hpp\n'}
[0.309443] (drobo_interfaces) StdoutLine: {'line': b'-- Up-to-date: /home/ubuntu/git/daniel_ws/2023_controller_a/install/drobo_interfaces/include/drobo_interfaces/drobo_interfaces/msg/detail/dds_fastrtps\n'}
[0.309511] (drobo_interfaces) StdoutLine: {'line': b'-- Up-to-date: /home/ubuntu/git/daniel_ws/2023_controller_a/install/drobo_interfaces/include/drobo_interfaces/drobo_interfaces/msg/detail/md_lib_msg__rosidl_typesupport_fastrtps_cpp.hpp\n'}
[0.309572] (drobo_interfaces) StdoutLine: {'line': b'-- Up-to-date: /home/ubuntu/git/daniel_ws/2023_controller_a/install/drobo_interfaces/include/drobo_interfaces/drobo_interfaces/srv\n'}
[0.309632] (drobo_interfaces) StdoutLine: {'line': b'-- Up-to-date: /home/ubuntu/git/daniel_ws/2023_controller_a/install/drobo_interfaces/include/drobo_interfaces/drobo_interfaces/srv/detail\n'}
[0.309692] (drobo_interfaces) StdoutLine: {'line': b'-- Up-to-date: /home/ubuntu/git/daniel_ws/2023_controller_a/install/drobo_interfaces/include/drobo_interfaces/drobo_interfaces/srv/detail/solenoid_state_srv__rosidl_typesupport_fastrtps_cpp.hpp\n'}
[0.309757] (drobo_interfaces) StdoutLine: {'line': b'-- Up-to-date: /home/ubuntu/git/daniel_ws/2023_controller_a/install/drobo_interfaces/include/drobo_interfaces/drobo_interfaces/srv/detail/dds_fastrtps\n'}
[0.309821] (drobo_interfaces) StdoutLine: {'line': b'-- Up-to-date: /home/ubuntu/git/daniel_ws/2023_controller_a/install/drobo_interfaces/lib/libdrobo_interfaces__rosidl_typesupport_fastrtps_cpp.so\n'}
[0.309885] (drobo_interfaces) StdoutLine: {'line': b'-- Up-to-date: /home/ubuntu/git/daniel_ws/2023_controller_a/install/drobo_interfaces/include/drobo_interfaces/drobo_interfaces\n'}
[0.309951] (drobo_interfaces) StdoutLine: {'line': b'-- Up-to-date: /home/ubuntu/git/daniel_ws/2023_controller_a/install/drobo_interfaces/include/drobo_interfaces/drobo_interfaces/msg\n'}
[0.310015] (drobo_interfaces) StdoutLine: {'line': b'-- Up-to-date: /home/ubuntu/git/daniel_ws/2023_controller_a/install/drobo_interfaces/include/drobo_interfaces/drobo_interfaces/msg/detail\n'}
[0.310080] (drobo_interfaces) StdoutLine: {'line': b'-- Up-to-date: /home/ubuntu/git/daniel_ws/2023_controller_a/install/drobo_interfaces/include/drobo_interfaces/drobo_interfaces/msg/detail/md_lib_msg__type_support.cpp\n'}
[0.310144] (drobo_interfaces) StdoutLine: {'line': b'-- Up-to-date: /home/ubuntu/git/daniel_ws/2023_controller_a/install/drobo_interfaces/include/drobo_interfaces/drobo_interfaces/msg/detail/sd_lib_msg__type_support.cpp\n'}
[0.310208] (drobo_interfaces) StdoutLine: {'line': b'-- Up-to-date: /home/ubuntu/git/daniel_ws/2023_controller_a/install/drobo_interfaces/include/drobo_interfaces/drobo_interfaces/msg/detail/sd_lib_msg__rosidl_typesupport_introspection_cpp.hpp\n'}
[0.310330] (drobo_interfaces) StdoutLine: {'line': b'-- Up-to-date: /home/ubuntu/git/daniel_ws/2023_controller_a/install/drobo_interfaces/include/drobo_interfaces/drobo_interfaces/msg/detail/md_lib_msg__rosidl_typesupport_introspection_cpp.hpp\n'}
[0.310376] (drobo_interfaces) StdoutLine: {'line': b'-- Up-to-date: /home/ubuntu/git/daniel_ws/2023_controller_a/install/drobo_interfaces/include/drobo_interfaces/drobo_interfaces/srv\n'}
[0.310420] (drobo_interfaces) StdoutLine: {'line': b'-- Up-to-date: /home/ubuntu/git/daniel_ws/2023_controller_a/install/drobo_interfaces/include/drobo_interfaces/drobo_interfaces/srv/detail\n'}
[0.310525] (drobo_interfaces) StdoutLine: {'line': b'-- Up-to-date: /home/ubuntu/git/daniel_ws/2023_controller_a/install/drobo_interfaces/include/drobo_interfaces/drobo_interfaces/srv/detail/solenoid_state_srv__rosidl_typesupport_introspection_cpp.hpp\n'}
[0.310563] (drobo_interfaces) StdoutLine: {'line': b'-- Up-to-date: /home/ubuntu/git/daniel_ws/2023_controller_a/install/drobo_interfaces/include/drobo_interfaces/drobo_interfaces/srv/detail/solenoid_state_srv__type_support.cpp\n'}
[0.310607] (drobo_interfaces) StdoutLine: {'line': b'-- Up-to-date: /home/ubuntu/git/daniel_ws/2023_controller_a/install/drobo_interfaces/lib/libdrobo_interfaces__rosidl_typesupport_introspection_cpp.so\n'}
[0.310651] (drobo_interfaces) StdoutLine: {'line': b'-- Up-to-date: /home/ubuntu/git/daniel_ws/2023_controller_a/install/drobo_interfaces/lib/libdrobo_interfaces__rosidl_typesupport_cpp.so\n'}
[0.310694] (drobo_interfaces) StdoutLine: {'line': b'-- Up-to-date: /home/ubuntu/git/daniel_ws/2023_controller_a/install/drobo_interfaces/share/drobo_interfaces/environment/pythonpath.sh\n'}
[0.310738] (drobo_interfaces) StdoutLine: {'line': b'-- Up-to-date: /home/ubuntu/git/daniel_ws/2023_controller_a/install/drobo_interfaces/share/drobo_interfaces/environment/pythonpath.dsv\n'}
[0.310781] (drobo_interfaces) StdoutLine: {'line': b'-- Up-to-date: /home/ubuntu/git/daniel_ws/2023_controller_a/install/drobo_interfaces/local/lib/python3.10/dist-packages/drobo_interfaces-0.0.0-py3.10.egg-info\n'}
[0.310850] (drobo_interfaces) StdoutLine: {'line': b'-- Installing: /home/ubuntu/git/daniel_ws/2023_controller_a/install/drobo_interfaces/local/lib/python3.10/dist-packages/drobo_interfaces-0.0.0-py3.10.egg-info/PKG-INFO\n'}
[0.310895] (drobo_interfaces) StdoutLine: {'line': b'-- Installing: /home/ubuntu/git/daniel_ws/2023_controller_a/install/drobo_interfaces/local/lib/python3.10/dist-packages/drobo_interfaces-0.0.0-py3.10.egg-info/SOURCES.txt\n'}
[0.310939] (drobo_interfaces) StdoutLine: {'line': b'-- Installing: /home/ubuntu/git/daniel_ws/2023_controller_a/install/drobo_interfaces/local/lib/python3.10/dist-packages/drobo_interfaces-0.0.0-py3.10.egg-info/top_level.txt\n'}
[0.310983] (drobo_interfaces) StdoutLine: {'line': b'-- Installing: /home/ubuntu/git/daniel_ws/2023_controller_a/install/drobo_interfaces/local/lib/python3.10/dist-packages/drobo_interfaces-0.0.0-py3.10.egg-info/dependency_links.txt\n'}
[0.311085] (drobo_interfaces) StdoutLine: {'line': b'-- Up-to-date: /home/ubuntu/git/daniel_ws/2023_controller_a/install/drobo_interfaces/local/lib/python3.10/dist-packages/drobo_interfaces\n'}
[0.311130] (drobo_interfaces) StdoutLine: {'line': b'-- Up-to-date: /home/ubuntu/git/daniel_ws/2023_controller_a/install/drobo_interfaces/local/lib/python3.10/dist-packages/drobo_interfaces/drobo_interfaces_s__rosidl_typesupport_c.cpython-310-aarch64-linux-gnu.so\n'}
[0.311175] (drobo_interfaces) StdoutLine: {'line': b'-- Up-to-date: /home/ubuntu/git/daniel_ws/2023_controller_a/install/drobo_interfaces/local/lib/python3.10/dist-packages/drobo_interfaces/drobo_interfaces_s__rosidl_typesupport_fastrtps_c.cpython-310-aarch64-linux-gnu.so\n'}
[0.311220] (drobo_interfaces) StdoutLine: {'line': b'-- Up-to-date: /home/ubuntu/git/daniel_ws/2023_controller_a/install/drobo_interfaces/local/lib/python3.10/dist-packages/drobo_interfaces/_drobo_interfaces_s.ep.rosidl_typesupport_introspection_c.c\n'}
[0.311264] (drobo_interfaces) StdoutLine: {'line': b'-- Up-to-date: /home/ubuntu/git/daniel_ws/2023_controller_a/install/drobo_interfaces/local/lib/python3.10/dist-packages/drobo_interfaces/drobo_interfaces_s__rosidl_typesupport_introspection_c.cpython-310-aarch64-linux-gnu.so\n'}
[0.311309] (drobo_interfaces) StdoutLine: {'line': b'-- Up-to-date: /home/ubuntu/git/daniel_ws/2023_controller_a/install/drobo_interfaces/local/lib/python3.10/dist-packages/drobo_interfaces/_drobo_interfaces_s.ep.rosidl_typesupport_c.c\n'}
[0.311353] (drobo_interfaces) StdoutLine: {'line': b'-- Up-to-date: /home/ubuntu/git/daniel_ws/2023_controller_a/install/drobo_interfaces/local/lib/python3.10/dist-packages/drobo_interfaces/msg\n'}
[0.311397] (drobo_interfaces) StdoutLine: {'line': b'-- Up-to-date: /home/ubuntu/git/daniel_ws/2023_controller_a/install/drobo_interfaces/local/lib/python3.10/dist-packages/drobo_interfaces/msg/_sd_lib_msg.py\n'}
[0.311524] (drobo_interfaces) StdoutLine: {'line': b'-- Up-to-date: /home/ubuntu/git/daniel_ws/2023_controller_a/install/drobo_interfaces/local/lib/python3.10/dist-packages/drobo_interfaces/msg/_md_lib_msg.py\n'}
[0.311564] (drobo_interfaces) StdoutLine: {'line': b'-- Up-to-date: /home/ubuntu/git/daniel_ws/2023_controller_a/install/drobo_interfaces/local/lib/python3.10/dist-packages/drobo_interfaces/msg/__init__.py\n'}
[0.311602] (drobo_interfaces) StdoutLine: {'line': b'-- Up-to-date: /home/ubuntu/git/daniel_ws/2023_controller_a/install/drobo_interfaces/local/lib/python3.10/dist-packages/drobo_interfaces/msg/_md_lib_msg_s.c\n'}
[0.311639] (drobo_interfaces) StdoutLine: {'line': b'-- Up-to-date: /home/ubuntu/git/daniel_ws/2023_controller_a/install/drobo_interfaces/local/lib/python3.10/dist-packages/drobo_interfaces/msg/_sd_lib_msg_s.c\n'}
[0.311677] (drobo_interfaces) StdoutLine: {'line': b'-- Up-to-date: /home/ubuntu/git/daniel_ws/2023_controller_a/install/drobo_interfaces/local/lib/python3.10/dist-packages/drobo_interfaces/__init__.py\n'}
[0.311714] (drobo_interfaces) StdoutLine: {'line': b'-- Up-to-date: /home/ubuntu/git/daniel_ws/2023_controller_a/install/drobo_interfaces/local/lib/python3.10/dist-packages/drobo_interfaces/libdrobo_interfaces__rosidl_generator_py.so\n'}
[0.311752] (drobo_interfaces) StdoutLine: {'line': b'-- Up-to-date: /home/ubuntu/git/daniel_ws/2023_controller_a/install/drobo_interfaces/local/lib/python3.10/dist-packages/drobo_interfaces/_drobo_interfaces_s.ep.rosidl_typesupport_fastrtps_c.c\n'}
[0.311789] (drobo_interfaces) StdoutLine: {'line': b'-- Up-to-date: /home/ubuntu/git/daniel_ws/2023_controller_a/install/drobo_interfaces/local/lib/python3.10/dist-packages/drobo_interfaces/srv\n'}
[0.311826] (drobo_interfaces) StdoutLine: {'line': b'-- Up-to-date: /home/ubuntu/git/daniel_ws/2023_controller_a/install/drobo_interfaces/local/lib/python3.10/dist-packages/drobo_interfaces/srv/_solenoid_state_srv_s.c\n'}
[0.311864] (drobo_interfaces) StdoutLine: {'line': b'-- Up-to-date: /home/ubuntu/git/daniel_ws/2023_controller_a/install/drobo_interfaces/local/lib/python3.10/dist-packages/drobo_interfaces/srv/__init__.py\n'}
[0.311902] (drobo_interfaces) StdoutLine: {'line': b'-- Up-to-date: /home/ubuntu/git/daniel_ws/2023_controller_a/install/drobo_interfaces/local/lib/python3.10/dist-packages/drobo_interfaces/srv/_solenoid_state_srv.py\n'}
[0.349423] (drobo_interfaces) StdoutLine: {'line': b"Listing '/home/ubuntu/git/daniel_ws/2023_controller_a/install/drobo_interfaces/local/lib/python3.10/dist-packages/drobo_interfaces'...\n"}
[0.349557] (drobo_interfaces) StdoutLine: {'line': b"Listing '/home/ubuntu/git/daniel_ws/2023_controller_a/install/drobo_interfaces/local/lib/python3.10/dist-packages/drobo_interfaces/msg'...\n"}
[0.349629] (drobo_interfaces) StdoutLine: {'line': b"Listing '/home/ubuntu/git/daniel_ws/2023_controller_a/install/drobo_interfaces/local/lib/python3.10/dist-packages/drobo_interfaces/srv'...\n"}
[0.354492] (drobo_interfaces) StdoutLine: {'line': b'-- Up-to-date: /home/ubuntu/git/daniel_ws/2023_controller_a/install/drobo_interfaces/local/lib/python3.10/dist-packages/drobo_interfaces/drobo_interfaces_s__rosidl_typesupport_fastrtps_c.cpython-310-aarch64-linux-gnu.so\n'}
[0.354634] (drobo_interfaces) StdoutLine: {'line': b'-- Up-to-date: /home/ubuntu/git/daniel_ws/2023_controller_a/install/drobo_interfaces/local/lib/python3.10/dist-packages/drobo_interfaces/drobo_interfaces_s__rosidl_typesupport_introspection_c.cpython-310-aarch64-linux-gnu.so\n'}
[0.354774] (drobo_interfaces) StdoutLine: {'line': b'-- Up-to-date: /home/ubuntu/git/daniel_ws/2023_controller_a/install/drobo_interfaces/local/lib/python3.10/dist-packages/drobo_interfaces/drobo_interfaces_s__rosidl_typesupport_c.cpython-310-aarch64-linux-gnu.so\n'}
[0.354900] (drobo_interfaces) StdoutLine: {'line': b'-- Up-to-date: /home/ubuntu/git/daniel_ws/2023_controller_a/install/drobo_interfaces/lib/libdrobo_interfaces__rosidl_generator_py.so\n'}
[0.354991] (drobo_interfaces) StdoutLine: {'line': b'-- Up-to-date: /home/ubuntu/git/daniel_ws/2023_controller_a/install/drobo_interfaces/share/drobo_interfaces/msg/MdLibMsg.idl\n'}
[0.355113] (drobo_interfaces) StdoutLine: {'line': b'-- Up-to-date: /home/ubuntu/git/daniel_ws/2023_controller_a/install/drobo_interfaces/share/drobo_interfaces/msg/SdLibMsg.idl\n'}
[0.355154] (drobo_interfaces) StdoutLine: {'line': b'-- Up-to-date: /home/ubuntu/git/daniel_ws/2023_controller_a/install/drobo_interfaces/share/drobo_interfaces/srv/SolenoidStateSrv.idl\n'}
[0.355276] (drobo_interfaces) StdoutLine: {'line': b'-- Up-to-date: /home/ubuntu/git/daniel_ws/2023_controller_a/install/drobo_interfaces/share/drobo_interfaces/msg/MdLibMsg.msg\n'}
[0.355424] (drobo_interfaces) StdoutLine: {'line': b'-- Up-to-date: /home/ubuntu/git/daniel_ws/2023_controller_a/install/drobo_interfaces/share/drobo_interfaces/msg/SdLibMsg.msg\n'}
[0.355524] (drobo_interfaces) StdoutLine: {'line': b'-- Up-to-date: /home/ubuntu/git/daniel_ws/2023_controller_a/install/drobo_interfaces/share/drobo_interfaces/srv/SolenoidStateSrv.srv\n'}
[0.355625] (drobo_interfaces) StdoutLine: {'line': b'-- Up-to-date: /home/ubuntu/git/daniel_ws/2023_controller_a/install/drobo_interfaces/share/drobo_interfaces/srv/SolenoidStateSrv_Request.msg\n'}
[0.355657] (drobo_interfaces) StdoutLine: {'line': b'-- Up-to-date: /home/ubuntu/git/daniel_ws/2023_controller_a/install/drobo_interfaces/share/drobo_interfaces/srv/SolenoidStateSrv_Response.msg\n'}
[0.355685] (drobo_interfaces) StdoutLine: {'line': b'-- Up-to-date: /home/ubuntu/git/daniel_ws/2023_controller_a/install/drobo_interfaces/share/ament_index/resource_index/package_run_dependencies/drobo_interfaces\n'}
[0.355716] (drobo_interfaces) StdoutLine: {'line': b'-- Up-to-date: /home/ubuntu/git/daniel_ws/2023_controller_a/install/drobo_interfaces/share/ament_index/resource_index/parent_prefix_path/drobo_interfaces\n'}
[0.355743] (drobo_interfaces) StdoutLine: {'line': b'-- Up-to-date: /home/ubuntu/git/daniel_ws/2023_controller_a/install/drobo_interfaces/share/drobo_interfaces/environment/ament_prefix_path.sh\n'}
[0.355941] (drobo_interfaces) StdoutLine: {'line': b'-- Up-to-date: /home/ubuntu/git/daniel_ws/2023_controller_a/install/drobo_interfaces/share/drobo_interfaces/environment/ament_prefix_path.dsv\n'}
[0.355971] (drobo_interfaces) StdoutLine: {'line': b'-- Up-to-date: /home/ubuntu/git/daniel_ws/2023_controller_a/install/drobo_interfaces/share/drobo_interfaces/environment/path.sh\n'}
[0.355999] (drobo_interfaces) StdoutLine: {'line': b'-- Up-to-date: /home/ubuntu/git/daniel_ws/2023_controller_a/install/drobo_interfaces/share/drobo_interfaces/environment/path.dsv\n'}
[0.356208] (drobo_interfaces) StdoutLine: {'line': b'-- Up-to-date: /home/ubuntu/git/daniel_ws/2023_controller_a/install/drobo_interfaces/share/drobo_interfaces/local_setup.bash\n'}
[0.356235] (drobo_interfaces) StdoutLine: {'line': b'-- Up-to-date: /home/ubuntu/git/daniel_ws/2023_controller_a/install/drobo_interfaces/share/drobo_interfaces/local_setup.sh\n'}
[0.356332] (drobo_interfaces) StdoutLine: {'line': b'-- Up-to-date: /home/ubuntu/git/daniel_ws/2023_controller_a/install/drobo_interfaces/share/drobo_interfaces/local_setup.zsh\n'}
[0.356357] (drobo_interfaces) StdoutLine: {'line': b'-- Up-to-date: /home/ubuntu/git/daniel_ws/2023_controller_a/install/drobo_interfaces/share/drobo_interfaces/local_setup.dsv\n'}
[0.356383] (drobo_interfaces) StdoutLine: {'line': b'-- Installing: /home/ubuntu/git/daniel_ws/2023_controller_a/install/drobo_interfaces/share/drobo_interfaces/package.dsv\n'}
[0.356408] (drobo_interfaces) StdoutLine: {'line': b'-- Up-to-date: /home/ubuntu/git/daniel_ws/2023_controller_a/install/drobo_interfaces/share/ament_index/resource_index/packages/drobo_interfaces\n'}
[0.356434] (drobo_interfaces) StdoutLine: {'line': b'-- Up-to-date: /home/ubuntu/git/daniel_ws/2023_controller_a/install/drobo_interfaces/share/drobo_interfaces/cmake/export_drobo_interfaces__rosidl_generator_cExport.cmake\n'}
[0.356459] (drobo_interfaces) StdoutLine: {'line': b'-- Up-to-date: /home/ubuntu/git/daniel_ws/2023_controller_a/install/drobo_interfaces/share/drobo_interfaces/cmake/export_drobo_interfaces__rosidl_generator_cExport-noconfig.cmake\n'}
[0.356484] (drobo_interfaces) StdoutLine: {'line': b'-- Up-to-date: /home/ubuntu/git/daniel_ws/2023_controller_a/install/drobo_interfaces/share/drobo_interfaces/cmake/export_drobo_interfaces__rosidl_typesupport_fastrtps_cExport.cmake\n'}
[0.356509] (drobo_interfaces) StdoutLine: {'line': b'-- Up-to-date: /home/ubuntu/git/daniel_ws/2023_controller_a/install/drobo_interfaces/share/drobo_interfaces/cmake/export_drobo_interfaces__rosidl_typesupport_fastrtps_cExport-noconfig.cmake\n'}
[0.356534] (drobo_interfaces) StdoutLine: {'line': b'-- Up-to-date: /home/ubuntu/git/daniel_ws/2023_controller_a/install/drobo_interfaces/share/drobo_interfaces/cmake/drobo_interfaces__rosidl_typesupport_introspection_cExport.cmake\n'}
[0.356559] (drobo_interfaces) StdoutLine: {'line': b'-- Up-to-date: /home/ubuntu/git/daniel_ws/2023_controller_a/install/drobo_interfaces/share/drobo_interfaces/cmake/drobo_interfaces__rosidl_typesupport_introspection_cExport-noconfig.cmake\n'}
[0.356584] (drobo_interfaces) StdoutLine: {'line': b'-- Up-to-date: /home/ubuntu/git/daniel_ws/2023_controller_a/install/drobo_interfaces/share/drobo_interfaces/cmake/drobo_interfaces__rosidl_typesupport_cExport.cmake\n'}
[0.356609] (drobo_interfaces) StdoutLine: {'line': b'-- Up-to-date: /home/ubuntu/git/daniel_ws/2023_controller_a/install/drobo_interfaces/share/drobo_interfaces/cmake/drobo_interfaces__rosidl_typesupport_cExport-noconfig.cmake\n'}
[0.356633] (drobo_interfaces) StdoutLine: {'line': b'-- Up-to-date: /home/ubuntu/git/daniel_ws/2023_controller_a/install/drobo_interfaces/share/drobo_interfaces/cmake/export_drobo_interfaces__rosidl_generator_cppExport.cmake\n'}
[0.356657] (drobo_interfaces) StdoutLine: {'line': b'-- Up-to-date: /home/ubuntu/git/daniel_ws/2023_controller_a/install/drobo_interfaces/share/drobo_interfaces/cmake/export_drobo_interfaces__rosidl_typesupport_fastrtps_cppExport.cmake\n'}
[0.356682] (drobo_interfaces) StdoutLine: {'line': b'-- Up-to-date: /home/ubuntu/git/daniel_ws/2023_controller_a/install/drobo_interfaces/share/drobo_interfaces/cmake/export_drobo_interfaces__rosidl_typesupport_fastrtps_cppExport-noconfig.cmake\n'}
[0.356708] (drobo_interfaces) StdoutLine: {'line': b'-- Up-to-date: /home/ubuntu/git/daniel_ws/2023_controller_a/install/drobo_interfaces/share/drobo_interfaces/cmake/drobo_interfaces__rosidl_typesupport_introspection_cppExport.cmake\n'}
[0.356734] (drobo_interfaces) StdoutLine: {'line': b'-- Up-to-date: /home/ubuntu/git/daniel_ws/2023_controller_a/install/drobo_interfaces/share/drobo_interfaces/cmake/drobo_interfaces__rosidl_typesupport_introspection_cppExport-noconfig.cmake\n'}
[0.356760] (drobo_interfaces) StdoutLine: {'line': b'-- Up-to-date: /home/ubuntu/git/daniel_ws/2023_controller_a/install/drobo_interfaces/share/drobo_interfaces/cmake/drobo_interfaces__rosidl_typesupport_cppExport.cmake\n'}
[0.356786] (drobo_interfaces) StdoutLine: {'line': b'-- Up-to-date: /home/ubuntu/git/daniel_ws/2023_controller_a/install/drobo_interfaces/share/drobo_interfaces/cmake/drobo_interfaces__rosidl_typesupport_cppExport-noconfig.cmake\n'}
[0.356813] (drobo_interfaces) StdoutLine: {'line': b'-- Up-to-date: /home/ubuntu/git/daniel_ws/2023_controller_a/install/drobo_interfaces/share/drobo_interfaces/cmake/export_drobo_interfaces__rosidl_generator_pyExport.cmake\n'}
[0.356838] (drobo_interfaces) StdoutLine: {'line': b'-- Up-to-date: /home/ubuntu/git/daniel_ws/2023_controller_a/install/drobo_interfaces/share/drobo_interfaces/cmake/export_drobo_interfaces__rosidl_generator_pyExport-noconfig.cmake\n'}
[0.356865] (drobo_interfaces) StdoutLine: {'line': b'-- Up-to-date: /home/ubuntu/git/daniel_ws/2023_controller_a/install/drobo_interfaces/share/drobo_interfaces/cmake/rosidl_cmake-extras.cmake\n'}
[0.356890] (drobo_interfaces) StdoutLine: {'line': b'-- Up-to-date: /home/ubuntu/git/daniel_ws/2023_controller_a/install/drobo_interfaces/share/drobo_interfaces/cmake/ament_cmake_export_include_directories-extras.cmake\n'}
[0.356917] (drobo_interfaces) StdoutLine: {'line': b'-- Up-to-date: /home/ubuntu/git/daniel_ws/2023_controller_a/install/drobo_interfaces/share/drobo_interfaces/cmake/ament_cmake_export_libraries-extras.cmake\n'}
[0.356943] (drobo_interfaces) StdoutLine: {'line': b'-- Up-to-date: /home/ubuntu/git/daniel_ws/2023_controller_a/install/drobo_interfaces/share/drobo_interfaces/cmake/ament_cmake_export_targets-extras.cmake\n'}
[0.356969] (drobo_interfaces) StdoutLine: {'line': b'-- Up-to-date: /home/ubuntu/git/daniel_ws/2023_controller_a/install/drobo_interfaces/share/drobo_interfaces/cmake/rosidl_cmake_export_typesupport_targets-extras.cmake\n'}
[0.356995] (drobo_interfaces) StdoutLine: {'line': b'-- Up-to-date: /home/ubuntu/git/daniel_ws/2023_controller_a/install/drobo_interfaces/share/drobo_interfaces/cmake/ament_cmake_export_dependencies-extras.cmake\n'}
[0.357021] (drobo_interfaces) StdoutLine: {'line': b'-- Up-to-date: /home/ubuntu/git/daniel_ws/2023_controller_a/install/drobo_interfaces/share/drobo_interfaces/cmake/rosidl_cmake_export_typesupport_libraries-extras.cmake\n'}
[0.357047] (drobo_interfaces) StdoutLine: {'line': b'-- Up-to-date: /home/ubuntu/git/daniel_ws/2023_controller_a/install/drobo_interfaces/share/drobo_interfaces/cmake/drobo_interfacesConfig.cmake\n'}
[0.357072] (drobo_interfaces) StdoutLine: {'line': b'-- Up-to-date: /home/ubuntu/git/daniel_ws/2023_controller_a/install/drobo_interfaces/share/drobo_interfaces/cmake/drobo_interfacesConfig-version.cmake\n'}
[0.357099] (drobo_interfaces) StdoutLine: {'line': b'-- Up-to-date: /home/ubuntu/git/daniel_ws/2023_controller_a/install/drobo_interfaces/share/drobo_interfaces/package.xml\n'}
[0.357903] (drobo_interfaces) CommandEnded: {'returncode': 0}
[0.399585] (-) TimerEvent: {}
[0.490699] (drobo_interfaces) JobEnded: {'identifier': 'drobo_interfaces', 'rc': 0}
[0.490978] (controller_2023_a) JobStarted: {'identifier': 'controller_2023_a'}
[0.499640] (-) TimerEvent: {}
[0.514575] (omni_control) JobStarted: {'identifier': 'omni_control'}
[0.539107] (controller_2023_a) JobProgress: {'identifier': 'controller_2023_a', 'progress': 'prepare'}
[0.545482] (controller_2023_a) JobProgress: {'identifier': 'controller_2023_a', 'progress': 'build'}
[0.545494] (controller_2023_a) Command: {'cmd': ['/home/ubuntu/.cargo/bin/cargo', 'ament-build', '--install-base', '/home/ubuntu/git/daniel_ws/2023_controller_a/install/controller_2023_a', '--', '--manifest-path', '/home/ubuntu/git/daniel_ws/2023_controller_a/src/controller_2023_a/Cargo.toml', '--target-dir', '/home/ubuntu/git/daniel_ws/2023_controller_a/build/controller_2023_a', '--quiet', '--release'], 'cwd': PosixPath('src/controller_2023_a'), 'env': OrderedDict([('USER', 'daniel_ezomo'), ('XDG_SESSION_TYPE', 'wayland'), ('SHLVL', '1'), ('LD_LIBRARY_PATH', '/home/ubuntu/git/daniel_ws/2023_controller_a/install/drobo_interfaces/lib:/opt/ros/humble/opt/rviz_ogre_vendor/lib:/opt/ros/humble/lib/aarch64-linux-gnu:/opt/ros/humble/lib'), ('OLDPWD', '/home/ubuntu/git/daniel_ws'), ('HOME', '/home/ubuntu'), ('DESKTOP_SESSION', 'ubuntu'), ('GTK_MODULES', 'gail:atk-bridge'), ('GNOME_SHELL_SESSION_MODE', 'ubuntu'), ('ROS_PYTHON_VERSION', '3'), ('SYSTEMD_EXEC_PID', '1927'), ('DBUS_SESSION_BUS_ADDRESS', 'unix:path=/run/user/1000/bus'), ('P9K_TTY', 'old'), ('COLORTERM', 'truecolor'), ('ZPFX', '/home/ubuntu/.local/share/zinit/polaris'), ('WAYLAND_DISPLAY', 'wayland-0'), ('ROS_DISTRO', 'humble'), ('COLCON_PREFIX_PATH', '/home/ubuntu/git/daniel_ws/2023_controller_a/install'), ('LOGNAME', 'daniel_ezomo'), ('_', '/usr/bin/colcon'), ('_P9K_SSH_TTY', '/dev/pts/0'), ('XDG_SESSION_CLASS', 'user'), ('ROS_VERSION', '2'), ('USERNAME', 'daniel_ezomo'), ('TERM', 'xterm-256color'), ('GNOME_DESKTOP_SESSION_ID', 'this-is-deprecated'), ('ROS_LOCALHOST_ONLY', '0'), ('ZSH_CACHE_DIR', '/home/ubuntu/.cache/zinit'), ('PMSPEC', '0uUpiPsf'), ('PATH', '/opt/ros/humble/bin:/home/ubuntu/.local/share/zinit/polaris/bin:/home/ubuntu/.cargo/bin:/usr/local/sbin:/usr/local/bin:/usr/sbin:/usr/bin:/sbin:/bin:/usr/games:/usr/local/games:/snap/bin:/snap/bin'), ('SESSION_MANAGER', 'local/ezomo:@/tmp/.ICE-unix/1909,unix/ezomo:/tmp/.ICE-unix/1909'), ('GNOME_TERMINAL_SCREEN', '/org/gnome/Terminal/screen/48a602dd_19c0_4514_9e12_2f5b92e85767'), ('XDG_MENU_PREFIX', 'gnome-'), ('GNOME_SETUP_DISPLAY', ':1'), ('XDG_RUNTIME_DIR', '/run/user/1000'), ('DISPLAY', ':0'), ('XDG_CURRENT_DESKTOP', 'ubuntu:GNOME'), ('LANG', 'en_US.UTF-8'), ('XDG_SESSION_DESKTOP', 'ubuntu'), ('GNOME_TERMINAL_SERVICE', ':1.123'), ('XMODIFIERS', '@im=ibus'), ('XAUTHORITY', '/run/user/1000/.mutter-Xwaylandauth.D5AUI2'), ('SSH_AUTH_SOCK', '/run/user/1000/keyring/ssh'), ('SSH_AGENT_LAUNCHER', 'gnome-keyring'), ('AMENT_PREFIX_PATH', '/home/ubuntu/git/daniel_ws/2023_controller_a/install/omni_control:/home/ubuntu/git/daniel_ws/2023_controller_a/install/controller_2023_a:/home/ubuntu/git/daniel_ws/2023_controller_a/install/drobo_interfaces:/home/ubuntu/git/daniel_ws/2023_controller_a/install/controller_2023_launch_a:/opt/ros/humble'), ('SHELL', '/usr/bin/zsh'), ('QT_ACCESSIBILITY', '1'), ('GDMSESSION', 'ubuntu'), ('P9K_SSH', '0'), ('QT_IM_MODULE', 'ibus'), ('LC_ALL', 'en_US.UTF-8'), ('PWD', '/home/ubuntu/git/daniel_ws/2023_controller_a/build/controller_2023_a'), ('XDG_DATA_DIRS', '/usr/local/share/:/usr/share/:/var/lib/snapd/desktop'), ('_P9K_TTY', '/dev/pts/0'), ('PYTHONPATH', '/home/ubuntu/git/daniel_ws/2023_controller_a/install/drobo_interfaces/local/lib/python3.10/dist-packages:/opt/ros/humble/lib/python3.10/site-packages:/opt/ros/humble/local/lib/python3.10/dist-packages'), ('COLCON', '1'), ('VTE_VERSION', '6800'), ('CMAKE_PREFIX_PATH', '/home/ubuntu/git/daniel_ws/2023_controller_a/install/drobo_interfaces:/home/ubuntu/git/daniel_ws/2023_controller_a/install/controller_2023_launch_a')]), 'shell': False}
[0.548230] (omni_control) JobProgress: {'identifier': 'omni_control', 'progress': 'prepare'}
[0.554604] (omni_control) JobProgress: {'identifier': 'omni_control', 'progress': 'build'}
[0.554624] (omni_control) Command: {'cmd': ['/home/ubuntu/.cargo/bin/cargo', 'ament-build', '--install-base', '/home/ubuntu/git/daniel_ws/2023_controller_a/install/omni_control', '--', '--manifest-path', '/home/ubuntu/git/daniel_ws/2023_controller_a/src/omni_control/Cargo.toml', '--target-dir', '/home/ubuntu/git/daniel_ws/2023_controller_a/build/omni_control', '--quiet', '--release'], 'cwd': PosixPath('src/omni_control'), 'env': OrderedDict([('USER', 'daniel_ezomo'), ('XDG_SESSION_TYPE', 'wayland'), ('SHLVL', '1'), ('LD_LIBRARY_PATH', '/home/ubuntu/git/daniel_ws/2023_controller_a/install/drobo_interfaces/lib:/opt/ros/humble/opt/rviz_ogre_vendor/lib:/opt/ros/humble/lib/aarch64-linux-gnu:/opt/ros/humble/lib'), ('OLDPWD', '/home/ubuntu/git/daniel_ws'), ('HOME', '/home/ubuntu'), ('DESKTOP_SESSION', 'ubuntu'), ('GTK_MODULES', 'gail:atk-bridge'), ('GNOME_SHELL_SESSION_MODE', 'ubuntu'), ('ROS_PYTHON_VERSION', '3'), ('SYSTEMD_EXEC_PID', '1927'), ('DBUS_SESSION_BUS_ADDRESS', 'unix:path=/run/user/1000/bus'), ('P9K_TTY', 'old'), ('COLORTERM', 'truecolor'), ('ZPFX', '/home/ubuntu/.local/share/zinit/polaris'), ('WAYLAND_DISPLAY', 'wayland-0'), ('ROS_DISTRO', 'humble'), ('COLCON_PREFIX_PATH', '/home/ubuntu/git/daniel_ws/2023_controller_a/install'), ('LOGNAME', 'daniel_ezomo'), ('_', '/usr/bin/colcon'), ('_P9K_SSH_TTY', '/dev/pts/0'), ('XDG_SESSION_CLASS', 'user'), ('ROS_VERSION', '2'), ('USERNAME', 'daniel_ezomo'), ('TERM', 'xterm-256color'), ('GNOME_DESKTOP_SESSION_ID', 'this-is-deprecated'), ('ROS_LOCALHOST_ONLY', '0'), ('ZSH_CACHE_DIR', '/home/ubuntu/.cache/zinit'), ('PMSPEC', '0uUpiPsf'), ('PATH', '/opt/ros/humble/bin:/home/ubuntu/.local/share/zinit/polaris/bin:/home/ubuntu/.cargo/bin:/usr/local/sbin:/usr/local/bin:/usr/sbin:/usr/bin:/sbin:/bin:/usr/games:/usr/local/games:/snap/bin:/snap/bin'), ('SESSION_MANAGER', 'local/ezomo:@/tmp/.ICE-unix/1909,unix/ezomo:/tmp/.ICE-unix/1909'), ('GNOME_TERMINAL_SCREEN', '/org/gnome/Terminal/screen/48a602dd_19c0_4514_9e12_2f5b92e85767'), ('XDG_MENU_PREFIX', 'gnome-'), ('GNOME_SETUP_DISPLAY', ':1'), ('XDG_RUNTIME_DIR', '/run/user/1000'), ('DISPLAY', ':0'), ('XDG_CURRENT_DESKTOP', 'ubuntu:GNOME'), ('LANG', 'en_US.UTF-8'), ('XDG_SESSION_DESKTOP', 'ubuntu'), ('GNOME_TERMINAL_SERVICE', ':1.123'), ('XMODIFIERS', '@im=ibus'), ('XAUTHORITY', '/run/user/1000/.mutter-Xwaylandauth.D5AUI2'), ('SSH_AUTH_SOCK', '/run/user/1000/keyring/ssh'), ('SSH_AGENT_LAUNCHER', 'gnome-keyring'), ('AMENT_PREFIX_PATH', '/home/ubuntu/git/daniel_ws/2023_controller_a/install/omni_control:/home/ubuntu/git/daniel_ws/2023_controller_a/install/controller_2023_a:/home/ubuntu/git/daniel_ws/2023_controller_a/install/drobo_interfaces:/home/ubuntu/git/daniel_ws/2023_controller_a/install/controller_2023_launch_a:/opt/ros/humble'), ('SHELL', '/usr/bin/zsh'), ('QT_ACCESSIBILITY', '1'), ('GDMSESSION', 'ubuntu'), ('P9K_SSH', '0'), ('QT_IM_MODULE', 'ibus'), ('LC_ALL', 'en_US.UTF-8'), ('PWD', '/home/ubuntu/git/daniel_ws/2023_controller_a/build/omni_control'), ('XDG_DATA_DIRS', '/usr/local/share/:/usr/share/:/var/lib/snapd/desktop'), ('_P9K_TTY', '/dev/pts/0'), ('PYTHONPATH', '/home/ubuntu/git/daniel_ws/2023_controller_a/install/drobo_interfaces/local/lib/python3.10/dist-packages:/opt/ros/humble/lib/python3.10/site-packages:/opt/ros/humble/local/lib/python3.10/dist-packages'), ('COLCON', '1'), ('VTE_VERSION', '6800'), ('CMAKE_PREFIX_PATH', '/home/ubuntu/git/daniel_ws/2023_controller_a/install/drobo_interfaces:/home/ubuntu/git/daniel_ws/2023_controller_a/install/controller_2023_launch_a')]), 'shell': False}
[0.599792] (-) TimerEvent: {}
[0.618198] (omni_control) CommandEnded: {'returncode': 0}
[0.635796] (omni_control) JobEnded: {'identifier': 'omni_control', 'rc': 0}
[0.662619] (controller_2023_a) StderrLine: {'line': b'\x1b[0m\x1b[1m\x1b[33mwarning\x1b[0m\x1b[0m\x1b[1m: unused imports: `RecvResult`, `pr_fatal`, `self`, `service::client::Client`, `std_msgs`\x1b[0m\n'}
[0.663097] (controller_2023_a) StderrLine: {'line': b'\x1b[0m  \x1b[0m\x1b[0m\x1b[1m\x1b[38;5;12m--> \x1b[0m\x1b[0msrc/main.rs:9:43\x1b[0m\n'}
[0.663381] (controller_2023_a) StderrLine: {'line': b'\x1b[0m   \x1b[0m\x1b[0m\x1b[1m\x1b[38;5;12m|\x1b[0m\n'}
[0.663648] (controller_2023_a) StderrLine: {'line': b'\x1b[0m\x1b[1m\x1b[38;5;12m9\x1b[0m\x1b[0m  \x1b[0m\x1b[0m\x1b[1m\x1b[38;5;12m|\x1b[0m\x1b[0m \x1b[0m\x1b[0m    msg::common_interfaces::{sensor_msgs, std_msgs},\x1b[0m\n'}
[0.663915] (controller_2023_a) StderrLine: {'line': b'\x1b[0m   \x1b[0m\x1b[0m\x1b[1m\x1b[38;5;12m| \x1b[0m\x1b[0m                                          \x1b[0m\x1b[0m\x1b[1m\x1b[33m^^^^^^^^\x1b[0m\n'}
[0.664179] (controller_2023_a) StderrLine: {'line': b'\x1b[0m\x1b[1m\x1b[38;5;12m10\x1b[0m\x1b[0m \x1b[0m\x1b[0m\x1b[1m\x1b[38;5;12m|\x1b[0m\x1b[0m \x1b[0m\x1b[0m    pr_fatal, pr_info,\x1b[0m\n'}
[0.664445] (controller_2023_a) StderrLine: {'line': b'\x1b[0m   \x1b[0m\x1b[0m\x1b[1m\x1b[38;5;12m| \x1b[0m\x1b[0m    \x1b[0m\x1b[0m\x1b[1m\x1b[33m^^^^^^^^\x1b[0m\n'}
[0.664709] (controller_2023_a) StderrLine: {'line': b'\x1b[0m\x1b[1m\x1b[38;5;12m11\x1b[0m\x1b[0m \x1b[0m\x1b[0m\x1b[1m\x1b[38;5;12m|\x1b[0m\x1b[0m \x1b[0m\x1b[0m    selector::Selector,\x1b[0m\n'}
[0.664972] (controller_2023_a) StderrLine: {'line': b'\x1b[0m\x1b[1m\x1b[38;5;12m12\x1b[0m\x1b[0m \x1b[0m\x1b[0m\x1b[1m\x1b[38;5;12m|\x1b[0m\x1b[0m \x1b[0m\x1b[0m    service::client::Client,\x1b[0m\n'}
[0.665232] (controller_2023_a) StderrLine: {'line': b'\x1b[0m   \x1b[0m\x1b[0m\x1b[1m\x1b[38;5;12m| \x1b[0m\x1b[0m    \x1b[0m\x1b[0m\x1b[1m\x1b[33m^^^^^^^^^^^^^^^^^^^^^^^\x1b[0m\n'}
[0.665513] (controller_2023_a) StderrLine: {'line': b'\x1b[0m\x1b[1m\x1b[38;5;12m13\x1b[0m\x1b[0m \x1b[0m\x1b[0m\x1b[1m\x1b[38;5;12m|\x1b[0m\x1b[0m \x1b[0m\x1b[0m    topic::{publisher::{self, Publisher}, subscriber::Subscriber},\x1b[0m\n'}
[0.665791] (controller_2023_a) StderrLine: {'line': b'\x1b[0m   \x1b[0m\x1b[0m\x1b[1m\x1b[38;5;12m| \x1b[0m\x1b[0m                        \x1b[0m\x1b[0m\x1b[1m\x1b[33m^^^^\x1b[0m\n'}
[0.666054] (controller_2023_a) StderrLine: {'line': b'\x1b[0m\x1b[1m\x1b[38;5;12m14\x1b[0m\x1b[0m \x1b[0m\x1b[0m\x1b[1m\x1b[38;5;12m|\x1b[0m\x1b[0m \x1b[0m\x1b[0m    RecvResult,\x1b[0m\n'}
[0.666316] (controller_2023_a) StderrLine: {'line': b'\x1b[0m   \x1b[0m\x1b[0m\x1b[1m\x1b[38;5;12m| \x1b[0m\x1b[0m    \x1b[0m\x1b[0m\x1b[1m\x1b[33m^^^^^^^^^^\x1b[0m\n'}
[0.666582] (controller_2023_a) StderrLine: {'line': b'\x1b[0m   \x1b[0m\x1b[0m\x1b[1m\x1b[38;5;12m|\x1b[0m\n'}
[0.666842] (controller_2023_a) StderrLine: {'line': b'\x1b[0m   \x1b[0m\x1b[0m\x1b[1m\x1b[38;5;12m= \x1b[0m\x1b[0m\x1b[1mnote\x1b[0m\x1b[0m: `#[warn(unused_imports)]` on by default\x1b[0m\n'}
[0.667107] (controller_2023_a) StderrLine: {'line': b'\n'}
[0.667257] (controller_2023_a) StderrLine: {'line': b'\x1b[0m\x1b[1m\x1b[33mwarning\x1b[0m\x1b[0m\x1b[1m: unused import: `time::Duration`\x1b[0m\n'}
[0.667374] (controller_2023_a) StderrLine: {'line': b'\x1b[0m  \x1b[0m\x1b[0m\x1b[1m\x1b[38;5;12m--> \x1b[0m\x1b[0msrc/main.rs:16:19\x1b[0m\n'}
[0.667491] (controller_2023_a) StderrLine: {'line': b'\x1b[0m   \x1b[0m\x1b[0m\x1b[1m\x1b[38;5;12m|\x1b[0m\n'}
[0.667608] (controller_2023_a) StderrLine: {'line': b'\x1b[0m\x1b[1m\x1b[38;5;12m16\x1b[0m\x1b[0m \x1b[0m\x1b[0m\x1b[1m\x1b[38;5;12m|\x1b[0m\x1b[0m \x1b[0m\x1b[0muse std::{rc::Rc, time::Duration};\x1b[0m\n'}
[0.667727] (controller_2023_a) StderrLine: {'line': b'\x1b[0m   \x1b[0m\x1b[0m\x1b[1m\x1b[38;5;12m| \x1b[0m\x1b[0m                  \x1b[0m\x1b[0m\x1b[1m\x1b[33m^^^^^^^^^^^^^^\x1b[0m\n'}
[0.667845] (controller_2023_a) StderrLine: {'line': b'\n'}
[0.667962] (controller_2023_a) StderrLine: {'line': b'\x1b[0m\x1b[1m\x1b[33mwarning\x1b[0m\x1b[0m\x1b[1m: unused import: `safe_drive::node::Node`\x1b[0m\n'}
[0.668079] (controller_2023_a) StderrLine: {'line': b'\x1b[0m  \x1b[0m\x1b[0m\x1b[1m\x1b[38;5;12m--> \x1b[0m\x1b[0msrc/main.rs:18:5\x1b[0m\n'}
[0.668197] (controller_2023_a) StderrLine: {'line': b'\x1b[0m   \x1b[0m\x1b[0m\x1b[1m\x1b[38;5;12m|\x1b[0m\n'}
[0.668313] (controller_2023_a) StderrLine: {'line': b'\x1b[0m\x1b[1m\x1b[38;5;12m18\x1b[0m\x1b[0m \x1b[0m\x1b[0m\x1b[1m\x1b[38;5;12m|\x1b[0m\x1b[0m \x1b[0m\x1b[0muse safe_drive::node::Node;\x1b[0m\n'}
[0.668431] (controller_2023_a) StderrLine: {'line': b'\x1b[0m   \x1b[0m\x1b[0m\x1b[1m\x1b[38;5;12m| \x1b[0m\x1b[0m    \x1b[0m\x1b[0m\x1b[1m\x1b[33m^^^^^^^^^^^^^^^^^^^^^^\x1b[0m\n'}
[0.668549] (controller_2023_a) StderrLine: {'line': b'\n'}
[0.673841] (controller_2023_a) StderrLine: {'line': b'\x1b[0m\x1b[1m\x1b[33mwarning\x1b[0m\x1b[0m\x1b[1m: unused variable: `publisher`\x1b[0m\n'}
[0.673968] (controller_2023_a) StderrLine: {'line': b'\x1b[0m  \x1b[0m\x1b[0m\x1b[1m\x1b[38;5;12m--> \x1b[0m\x1b[0msrc/main.rs:59:5\x1b[0m\n'}
[0.674085] (controller_2023_a) StderrLine: {'line': b'\x1b[0m   \x1b[0m\x1b[0m\x1b[1m\x1b[38;5;12m|\x1b[0m\n'}
[0.674201] (controller_2023_a) StderrLine: {'line': b'\x1b[0m\x1b[1m\x1b[38;5;12m59\x1b[0m\x1b[0m \x1b[0m\x1b[0m\x1b[1m\x1b[38;5;12m|\x1b[0m\x1b[0m \x1b[0m\x1b[0m    publisher:Publisher<MdLibMsg>\x1b[0m\n'}
[0.674319] (controller_2023_a) StderrLine: {'line': b'\x1b[0m   \x1b[0m\x1b[0m\x1b[1m\x1b[38;5;12m| \x1b[0m\x1b[0m    \x1b[0m\x1b[0m\x1b[1m\x1b[33m^^^^^^^^^\x1b[0m\x1b[0m \x1b[0m\x1b[0m\x1b[1m\x1b[33mhelp: if this is intentional, prefix it with an underscore: `_publisher`\x1b[0m\n'}
[0.674440] (controller_2023_a) StderrLine: {'line': b'\x1b[0m   \x1b[0m\x1b[0m\x1b[1m\x1b[38;5;12m|\x1b[0m\n'}
[0.674556] (controller_2023_a) StderrLine: {'line': b'\x1b[0m   \x1b[0m\x1b[0m\x1b[1m\x1b[38;5;12m= \x1b[0m\x1b[0m\x1b[1mnote\x1b[0m\x1b[0m: `#[warn(unused_variables)]` on by default\x1b[0m\n'}
[0.674674] (controller_2023_a) StderrLine: {'line': b'\n'}
[0.677207] (controller_2023_a) StderrLine: {'line': b'\x1b[0m\x1b[1m\x1b[33mwarning\x1b[0m\x1b[0m\x1b[1m: function `send_pwm` is never used\x1b[0m\n'}
[0.677388] (controller_2023_a) StderrLine: {'line': b'\x1b[0m   \x1b[0m\x1b[0m\x1b[1m\x1b[38;5;12m--> \x1b[0m\x1b[0msrc/main.rs:133:4\x1b[0m\n'}
[0.677910] (controller_2023_a) StderrLine: {'line': b'\x1b[0m    \x1b[0m\x1b[0m\x1b[1m\x1b[38;5;12m|\x1b[0m\n'}
[0.678809] (controller_2023_a) StderrLine: {'line': b'\x1b[0m\x1b[1m\x1b[38;5;12m133\x1b[0m\x1b[0m \x1b[0m\x1b[0m\x1b[1m\x1b[38;5;12m|\x1b[0m\x1b[0m \x1b[0m\x1b[0mfn send_pwm(_address:u32, _semi_id:u32,_phase:bool,_power:u32,publisher:&Publisher<MdLibMsg>){\x1b[0m\n'}
[0.678977] (controller_2023_a) StderrLine: {'line': b'\x1b[0m    \x1b[0m\x1b[0m\x1b[1m\x1b[38;5;12m| \x1b[0m\x1b[0m   \x1b[0m\x1b[0m\x1b[1m\x1b[33m^^^^^^^^\x1b[0m\n'}
[0.679145] (controller_2023_a) StderrLine: {'line': b'\x1b[0m    \x1b[0m\x1b[0m\x1b[1m\x1b[38;5;12m|\x1b[0m\n'}
[0.679306] (controller_2023_a) StderrLine: {'line': b'\x1b[0m    \x1b[0m\x1b[0m\x1b[1m\x1b[38;5;12m= \x1b[0m\x1b[0m\x1b[1mnote\x1b[0m\x1b[0m: `#[warn(dead_code)]` on by default\x1b[0m\n'}
[0.679468] (controller_2023_a) StderrLine: {'line': b'\n'}
[0.679628] (controller_2023_a) StderrLine: {'line': b'\x1b[0m\x1b[1m\x1b[33mwarning\x1b[0m\x1b[0m\x1b[1m: multiple methods are never used\x1b[0m\n'}
[0.679792] (controller_2023_a) StderrLine: {'line': b'\x1b[0m  \x1b[0m\x1b[0m\x1b[1m\x1b[38;5;12m--> \x1b[0m\x1b[0msrc/p9n_interface.rs:16:12\x1b[0m\n'}
[0.679955] (controller_2023_a) StderrLine: {'line': b'\x1b[0m   \x1b[0m\x1b[0m\x1b[1m\x1b[38;5;12m|\x1b[0m\n'}
[0.680116] (controller_2023_a) StderrLine: {'line': b'\x1b[0m\x1b[1m\x1b[38;5;12m9\x1b[0m\x1b[0m  \x1b[0m\x1b[0m\x1b[1m\x1b[38;5;12m|\x1b[0m\x1b[0m \x1b[0m\x1b[0mimpl PlaystationInterface {\x1b[0m\n'}
[0.680278] (controller_2023_a) StderrLine: {'line': b'\x1b[0m   \x1b[0m\x1b[0m\x1b[1m\x1b[38;5;12m| \x1b[0m\x1b[0m\x1b[1m\x1b[38;5;12m-------------------------\x1b[0m\x1b[0m \x1b[0m\x1b[0m\x1b[1m\x1b[38;5;12mmethods in this implementation\x1b[0m\n'}
[0.680442] (controller_2023_a) StderrLine: {'line': b'\x1b[0m\x1b[1m\x1b[38;5;12m...\x1b[0m\n'}
[0.680603] (controller_2023_a) StderrLine: {'line': b'\x1b[0m\x1b[1m\x1b[38;5;12m16\x1b[0m\x1b[0m \x1b[0m\x1b[0m\x1b[1m\x1b[38;5;12m|\x1b[0m\x1b[0m \x1b[0m\x1b[0m    pub fn pressed_start(&self) -> bool {\x1b[0m\n'}
[0.680766] (controller_2023_a) StderrLine: {'line': b'\x1b[0m   \x1b[0m\x1b[0m\x1b[1m\x1b[38;5;12m| \x1b[0m\x1b[0m           \x1b[0m\x1b[0m\x1b[1m\x1b[33m^^^^^^^^^^^^^\x1b[0m\n'}
[0.680929] (controller_2023_a) StderrLine: {'line': b'\x1b[0m\x1b[1m\x1b[38;5;12m...\x1b[0m\n'}
[0.681090] (controller_2023_a) StderrLine: {'line': b'\x1b[0m\x1b[1m\x1b[38;5;12m19\x1b[0m\x1b[0m \x1b[0m\x1b[0m\x1b[1m\x1b[38;5;12m|\x1b[0m\x1b[0m \x1b[0m\x1b[0m    pub fn pressed_l1(&self) -> bool {\x1b[0m\n'}
[0.681252] (controller_2023_a) StderrLine: {'line': b'\x1b[0m   \x1b[0m\x1b[0m\x1b[1m\x1b[38;5;12m| \x1b[0m\x1b[0m           \x1b[0m\x1b[0m\x1b[1m\x1b[33m^^^^^^^^^^\x1b[0m\n'}
[0.681418] (controller_2023_a) StderrLine: {'line': b'\x1b[0m\x1b[1m\x1b[38;5;12m...\x1b[0m\n'}
[0.681594] (controller_2023_a) StderrLine: {'line': b'\x1b[0m\x1b[1m\x1b[38;5;12m22\x1b[0m\x1b[0m \x1b[0m\x1b[0m\x1b[1m\x1b[38;5;12m|\x1b[0m\x1b[0m \x1b[0m\x1b[0m    pub fn pressed_r1(&self) -> bool {\x1b[0m\n'}
[0.681758] (controller_2023_a) StderrLine: {'line': b'\x1b[0m   \x1b[0m\x1b[0m\x1b[1m\x1b[38;5;12m| \x1b[0m\x1b[0m           \x1b[0m\x1b[0m\x1b[1m\x1b[33m^^^^^^^^^^\x1b[0m\n'}
[0.681921] (controller_2023_a) StderrLine: {'line': b'\x1b[0m\x1b[1m\x1b[38;5;12m...\x1b[0m\n'}
[0.682081] (controller_2023_a) StderrLine: {'line': b'\x1b[0m\x1b[1m\x1b[38;5;12m25\x1b[0m\x1b[0m \x1b[0m\x1b[0m\x1b[1m\x1b[38;5;12m|\x1b[0m\x1b[0m \x1b[0m\x1b[0m    pub fn pressed_l2(&self) -> bool {\x1b[0m\n'}
[0.682244] (controller_2023_a) StderrLine: {'line': b'\x1b[0m   \x1b[0m\x1b[0m\x1b[1m\x1b[38;5;12m| \x1b[0m\x1b[0m           \x1b[0m\x1b[0m\x1b[1m\x1b[33m^^^^^^^^^^\x1b[0m\n'}
[0.682405] (controller_2023_a) StderrLine: {'line': b'\x1b[0m\x1b[1m\x1b[38;5;12m...\x1b[0m\n'}
[0.682564] (controller_2023_a) StderrLine: {'line': b'\x1b[0m\x1b[1m\x1b[38;5;12m31\x1b[0m\x1b[0m \x1b[0m\x1b[0m\x1b[1m\x1b[38;5;12m|\x1b[0m\x1b[0m \x1b[0m\x1b[0m    pub fn pressed_dpad_left(&self) -> bool {\x1b[0m\n'}
[0.682727] (controller_2023_a) StderrLine: {'line': b'\x1b[0m   \x1b[0m\x1b[0m\x1b[1m\x1b[38;5;12m| \x1b[0m\x1b[0m           \x1b[0m\x1b[0m\x1b[1m\x1b[33m^^^^^^^^^^^^^^^^^\x1b[0m\n'}
[0.682889] (controller_2023_a) StderrLine: {'line': b'\x1b[0m\x1b[1m\x1b[38;5;12m...\x1b[0m\n'}
[0.683050] (controller_2023_a) StderrLine: {'line': b'\x1b[0m\x1b[1m\x1b[38;5;12m34\x1b[0m\x1b[0m \x1b[0m\x1b[0m\x1b[1m\x1b[38;5;12m|\x1b[0m\x1b[0m \x1b[0m\x1b[0m    pub fn pressed_dpad_up(&self) -> bool {\x1b[0m\n'}
[0.683210] (controller_2023_a) StderrLine: {'line': b'\x1b[0m   \x1b[0m\x1b[0m\x1b[1m\x1b[38;5;12m| \x1b[0m\x1b[0m           \x1b[0m\x1b[0m\x1b[1m\x1b[33m^^^^^^^^^^^^^^^\x1b[0m\n'}
[0.683375] (controller_2023_a) StderrLine: {'line': b'\x1b[0m\x1b[1m\x1b[38;5;12m...\x1b[0m\n'}
[0.683536] (controller_2023_a) StderrLine: {'line': b'\x1b[0m\x1b[1m\x1b[38;5;12m37\x1b[0m\x1b[0m \x1b[0m\x1b[0m\x1b[1m\x1b[38;5;12m|\x1b[0m\x1b[0m \x1b[0m\x1b[0m    pub fn pressed_dpad_right(&self) -> bool {\x1b[0m\n'}
[0.683699] (controller_2023_a) StderrLine: {'line': b'\x1b[0m   \x1b[0m\x1b[0m\x1b[1m\x1b[38;5;12m| \x1b[0m\x1b[0m           \x1b[0m\x1b[0m\x1b[1m\x1b[33m^^^^^^^^^^^^^^^^^^\x1b[0m\n'}
[0.683862] (controller_2023_a) StderrLine: {'line': b'\x1b[0m\x1b[1m\x1b[38;5;12m...\x1b[0m\n'}
[0.684023] (controller_2023_a) StderrLine: {'line': b'\x1b[0m\x1b[1m\x1b[38;5;12m40\x1b[0m\x1b[0m \x1b[0m\x1b[0m\x1b[1m\x1b[38;5;12m|\x1b[0m\x1b[0m \x1b[0m\x1b[0m    pub fn pressed_l2_analog(&self) -> f32 {\x1b[0m\n'}
[0.684185] (controller_2023_a) StderrLine: {'line': b'\x1b[0m   \x1b[0m\x1b[0m\x1b[1m\x1b[38;5;12m| \x1b[0m\x1b[0m           \x1b[0m\x1b[0m\x1b[1m\x1b[33m^^^^^^^^^^^^^^^^^\x1b[0m\n'}
[0.684347] (controller_2023_a) StderrLine: {'line': b'\x1b[0m\x1b[1m\x1b[38;5;12m...\x1b[0m\n'}
[0.684508] (controller_2023_a) StderrLine: {'line': b'\x1b[0m\x1b[1m\x1b[38;5;12m43\x1b[0m\x1b[0m \x1b[0m\x1b[0m\x1b[1m\x1b[38;5;12m|\x1b[0m\x1b[0m \x1b[0m\x1b[0m    pub fn pressed_r2_analog(&self) -> f32 {\x1b[0m\n'}
[0.684671] (controller_2023_a) StderrLine: {'line': b'\x1b[0m   \x1b[0m\x1b[0m\x1b[1m\x1b[38;5;12m| \x1b[0m\x1b[0m           \x1b[0m\x1b[0m\x1b[1m\x1b[33m^^^^^^^^^^^^^^^^^\x1b[0m\n'}
[0.684835] (controller_2023_a) StderrLine: {'line': b'\n'}
[0.684995] (controller_2023_a) StderrLine: {'line': b'\x1b[0m\x1b[1m\x1b[33mwarning\x1b[0m\x1b[0m\x1b[1m: constant `STICK_LX` is never used\x1b[0m\n'}
[0.685157] (controller_2023_a) StderrLine: {'line': b'\x1b[0m \x1b[0m\x1b[0m\x1b[1m\x1b[38;5;12m--> \x1b[0m\x1b[0msrc/ps5_dualsense.rs:3:15\x1b[0m\n'}
[0.685319] (controller_2023_a) StderrLine: {'line': b'\x1b[0m  \x1b[0m\x1b[0m\x1b[1m\x1b[38;5;12m|\x1b[0m\n'}
[0.685489] (controller_2023_a) StderrLine: {'line': b'\x1b[0m\x1b[1m\x1b[38;5;12m3\x1b[0m\x1b[0m \x1b[0m\x1b[0m\x1b[1m\x1b[38;5;12m|\x1b[0m\x1b[0m \x1b[0m\x1b[0m    pub const STICK_LX: usize = 0;\x1b[0m\n'}
[0.685658] (controller_2023_a) StderrLine: {'line': b'\x1b[0m  \x1b[0m\x1b[0m\x1b[1m\x1b[38;5;12m| \x1b[0m\x1b[0m              \x1b[0m\x1b[0m\x1b[1m\x1b[33m^^^^^^^^\x1b[0m\n'}
[0.685819] (controller_2023_a) StderrLine: {'line': b'\n'}
[0.685979] (controller_2023_a) StderrLine: {'line': b'\x1b[0m\x1b[1m\x1b[33mwarning\x1b[0m\x1b[0m\x1b[1m: constant `STICK_LY` is never used\x1b[0m\n'}
[0.686139] (controller_2023_a) StderrLine: {'line': b'\x1b[0m \x1b[0m\x1b[0m\x1b[1m\x1b[38;5;12m--> \x1b[0m\x1b[0msrc/ps5_dualsense.rs:4:15\x1b[0m\n'}
[0.686300] (controller_2023_a) StderrLine: {'line': b'\x1b[0m  \x1b[0m\x1b[0m\x1b[1m\x1b[38;5;12m|\x1b[0m\n'}
[0.686461] (controller_2023_a) StderrLine: {'line': b'\x1b[0m\x1b[1m\x1b[38;5;12m4\x1b[0m\x1b[0m \x1b[0m\x1b[0m\x1b[1m\x1b[38;5;12m|\x1b[0m\x1b[0m \x1b[0m\x1b[0m    pub const STICK_LY: usize = 1;\x1b[0m\n'}
[0.686622] (controller_2023_a) StderrLine: {'line': b'\x1b[0m  \x1b[0m\x1b[0m\x1b[1m\x1b[38;5;12m| \x1b[0m\x1b[0m              \x1b[0m\x1b[0m\x1b[1m\x1b[33m^^^^^^^^\x1b[0m\n'}
[0.686782] (controller_2023_a) StderrLine: {'line': b'\n'}
[0.686942] (controller_2023_a) StderrLine: {'line': b'\x1b[0m\x1b[1m\x1b[33mwarning\x1b[0m\x1b[0m\x1b[1m: constant `L2` is never used\x1b[0m\n'}
[0.687101] (controller_2023_a) StderrLine: {'line': b'\x1b[0m \x1b[0m\x1b[0m\x1b[1m\x1b[38;5;12m--> \x1b[0m\x1b[0msrc/ps5_dualsense.rs:5:15\x1b[0m\n'}
[0.687262] (controller_2023_a) StderrLine: {'line': b'\x1b[0m  \x1b[0m\x1b[0m\x1b[1m\x1b[38;5;12m|\x1b[0m\n'}
[0.687422] (controller_2023_a) StderrLine: {'line': b'\x1b[0m\x1b[1m\x1b[38;5;12m5\x1b[0m\x1b[0m \x1b[0m\x1b[0m\x1b[1m\x1b[38;5;12m|\x1b[0m\x1b[0m \x1b[0m\x1b[0m    pub const L2: usize = 2;\x1b[0m\n'}
[0.687583] (controller_2023_a) StderrLine: {'line': b'\x1b[0m  \x1b[0m\x1b[0m\x1b[1m\x1b[38;5;12m| \x1b[0m\x1b[0m              \x1b[0m\x1b[0m\x1b[1m\x1b[33m^^\x1b[0m\n'}
[0.687758] (controller_2023_a) StderrLine: {'line': b'\n'}
[0.687918] (controller_2023_a) StderrLine: {'line': b'\x1b[0m\x1b[1m\x1b[33mwarning\x1b[0m\x1b[0m\x1b[1m: constant `STICK_RX` is never used\x1b[0m\n'}
[0.688078] (controller_2023_a) StderrLine: {'line': b'\x1b[0m \x1b[0m\x1b[0m\x1b[1m\x1b[38;5;12m--> \x1b[0m\x1b[0msrc/ps5_dualsense.rs:6:15\x1b[0m\n'}
[0.688241] (controller_2023_a) StderrLine: {'line': b'\x1b[0m  \x1b[0m\x1b[0m\x1b[1m\x1b[38;5;12m|\x1b[0m\n'}
[0.688401] (controller_2023_a) StderrLine: {'line': b'\x1b[0m\x1b[1m\x1b[38;5;12m6\x1b[0m\x1b[0m \x1b[0m\x1b[0m\x1b[1m\x1b[38;5;12m|\x1b[0m\x1b[0m \x1b[0m\x1b[0m    pub const STICK_RX: usize = 3;\x1b[0m\n'}
[0.688562] (controller_2023_a) StderrLine: {'line': b'\x1b[0m  \x1b[0m\x1b[0m\x1b[1m\x1b[38;5;12m| \x1b[0m\x1b[0m              \x1b[0m\x1b[0m\x1b[1m\x1b[33m^^^^^^^^\x1b[0m\n'}
[0.688723] (controller_2023_a) StderrLine: {'line': b'\n'}
[0.688882] (controller_2023_a) StderrLine: {'line': b'\x1b[0m\x1b[1m\x1b[33mwarning\x1b[0m\x1b[0m\x1b[1m: constant `STICK_RY` is never used\x1b[0m\n'}
[0.689043] (controller_2023_a) StderrLine: {'line': b'\x1b[0m \x1b[0m\x1b[0m\x1b[1m\x1b[38;5;12m--> \x1b[0m\x1b[0msrc/ps5_dualsense.rs:7:15\x1b[0m\n'}
[0.689202] (controller_2023_a) StderrLine: {'line': b'\x1b[0m  \x1b[0m\x1b[0m\x1b[1m\x1b[38;5;12m|\x1b[0m\n'}
[0.689362] (controller_2023_a) StderrLine: {'line': b'\x1b[0m\x1b[1m\x1b[38;5;12m7\x1b[0m\x1b[0m \x1b[0m\x1b[0m\x1b[1m\x1b[38;5;12m|\x1b[0m\x1b[0m \x1b[0m\x1b[0m    pub const STICK_RY: usize = 4;\x1b[0m\n'}
[0.689545] (controller_2023_a) StderrLine: {'line': b'\x1b[0m  \x1b[0m\x1b[0m\x1b[1m\x1b[38;5;12m| \x1b[0m\x1b[0m              \x1b[0m\x1b[0m\x1b[1m\x1b[33m^^^^^^^^\x1b[0m\n'}
[0.689623] (controller_2023_a) StderrLine: {'line': b'\n'}
[0.689697] (controller_2023_a) StderrLine: {'line': b'\x1b[0m\x1b[1m\x1b[33mwarning\x1b[0m\x1b[0m\x1b[1m: constant `R2` is never used\x1b[0m\n'}
[0.689773] (controller_2023_a) StderrLine: {'line': b'\x1b[0m \x1b[0m\x1b[0m\x1b[1m\x1b[38;5;12m--> \x1b[0m\x1b[0msrc/ps5_dualsense.rs:8:15\x1b[0m\n'}
[0.689849] (controller_2023_a) StderrLine: {'line': b'\x1b[0m  \x1b[0m\x1b[0m\x1b[1m\x1b[38;5;12m|\x1b[0m\n'}
[0.689923] (controller_2023_a) StderrLine: {'line': b'\x1b[0m\x1b[1m\x1b[38;5;12m8\x1b[0m\x1b[0m \x1b[0m\x1b[0m\x1b[1m\x1b[38;5;12m|\x1b[0m\x1b[0m \x1b[0m\x1b[0m    pub const R2: usize = 5;\x1b[0m\n'}
[0.689998] (controller_2023_a) StderrLine: {'line': b'\x1b[0m  \x1b[0m\x1b[0m\x1b[1m\x1b[38;5;12m| \x1b[0m\x1b[0m              \x1b[0m\x1b[0m\x1b[1m\x1b[33m^^\x1b[0m\n'}
[0.690073] (controller_2023_a) StderrLine: {'line': b'\n'}
[0.690147] (controller_2023_a) StderrLine: {'line': b'\x1b[0m\x1b[1m\x1b[33mwarning\x1b[0m\x1b[0m\x1b[1m: constant `DPAD_X` is never used\x1b[0m\n'}
[0.690222] (controller_2023_a) StderrLine: {'line': b'\x1b[0m \x1b[0m\x1b[0m\x1b[1m\x1b[38;5;12m--> \x1b[0m\x1b[0msrc/ps5_dualsense.rs:9:15\x1b[0m\n'}
[0.690297] (controller_2023_a) StderrLine: {'line': b'\x1b[0m  \x1b[0m\x1b[0m\x1b[1m\x1b[38;5;12m|\x1b[0m\n'}
[0.690372] (controller_2023_a) StderrLine: {'line': b'\x1b[0m\x1b[1m\x1b[38;5;12m9\x1b[0m\x1b[0m \x1b[0m\x1b[0m\x1b[1m\x1b[38;5;12m|\x1b[0m\x1b[0m \x1b[0m\x1b[0m    pub const DPAD_X: usize = 6;\x1b[0m\n'}
[0.690448] (controller_2023_a) StderrLine: {'line': b'\x1b[0m  \x1b[0m\x1b[0m\x1b[1m\x1b[38;5;12m| \x1b[0m\x1b[0m              \x1b[0m\x1b[0m\x1b[1m\x1b[33m^^^^^^\x1b[0m\n'}
[0.690524] (controller_2023_a) StderrLine: {'line': b'\n'}
[0.690597] (controller_2023_a) StderrLine: {'line': b'\x1b[0m\x1b[1m\x1b[33mwarning\x1b[0m\x1b[0m\x1b[1m: constant `DPAD_Y` is never used\x1b[0m\n'}
[0.690673] (controller_2023_a) StderrLine: {'line': b'\x1b[0m  \x1b[0m\x1b[0m\x1b[1m\x1b[38;5;12m--> \x1b[0m\x1b[0msrc/ps5_dualsense.rs:10:15\x1b[0m\n'}
[0.690748] (controller_2023_a) StderrLine: {'line': b'\x1b[0m   \x1b[0m\x1b[0m\x1b[1m\x1b[38;5;12m|\x1b[0m\n'}
[0.690823] (controller_2023_a) StderrLine: {'line': b'\x1b[0m\x1b[1m\x1b[38;5;12m10\x1b[0m\x1b[0m \x1b[0m\x1b[0m\x1b[1m\x1b[38;5;12m|\x1b[0m\x1b[0m \x1b[0m\x1b[0m    pub const DPAD_Y: usize = 7;\x1b[0m\n'}
[0.690899] (controller_2023_a) StderrLine: {'line': b'\x1b[0m   \x1b[0m\x1b[0m\x1b[1m\x1b[38;5;12m| \x1b[0m\x1b[0m              \x1b[0m\x1b[0m\x1b[1m\x1b[33m^^^^^^\x1b[0m\n'}
[0.690974] (controller_2023_a) StderrLine: {'line': b'\n'}
[0.691049] (controller_2023_a) StderrLine: {'line': b'\x1b[0m\x1b[1m\x1b[33mwarning\x1b[0m\x1b[0m\x1b[1m: constant `CROSS` is never used\x1b[0m\n'}
[0.691123] (controller_2023_a) StderrLine: {'line': b'\x1b[0m  \x1b[0m\x1b[0m\x1b[1m\x1b[38;5;12m--> \x1b[0m\x1b[0msrc/ps5_dualsense.rs:13:15\x1b[0m\n'}
[0.691198] (controller_2023_a) StderrLine: {'line': b'\x1b[0m   \x1b[0m\x1b[0m\x1b[1m\x1b[38;5;12m|\x1b[0m\n'}
[0.691272] (controller_2023_a) StderrLine: {'line': b'\x1b[0m\x1b[1m\x1b[38;5;12m13\x1b[0m\x1b[0m \x1b[0m\x1b[0m\x1b[1m\x1b[38;5;12m|\x1b[0m\x1b[0m \x1b[0m\x1b[0m    pub const CROSS: usize = 0;\x1b[0m\n'}
[0.691348] (controller_2023_a) StderrLine: {'line': b'\x1b[0m   \x1b[0m\x1b[0m\x1b[1m\x1b[38;5;12m| \x1b[0m\x1b[0m              \x1b[0m\x1b[0m\x1b[1m\x1b[33m^^^^^\x1b[0m\n'}
[0.691423] (controller_2023_a) StderrLine: {'line': b'\n'}
[0.691497] (controller_2023_a) StderrLine: {'line': b'\x1b[0m\x1b[1m\x1b[33mwarning\x1b[0m\x1b[0m\x1b[1m: constant `CIRCLE` is never used\x1b[0m\n'}
[0.691573] (controller_2023_a) StderrLine: {'line': b'\x1b[0m  \x1b[0m\x1b[0m\x1b[1m\x1b[38;5;12m--> \x1b[0m\x1b[0msrc/ps5_dualsense.rs:14:15\x1b[0m\n'}
[0.691647] (controller_2023_a) StderrLine: {'line': b'\x1b[0m   \x1b[0m\x1b[0m\x1b[1m\x1b[38;5;12m|\x1b[0m\n'}
[0.691722] (controller_2023_a) StderrLine: {'line': b'\x1b[0m\x1b[1m\x1b[38;5;12m14\x1b[0m\x1b[0m \x1b[0m\x1b[0m\x1b[1m\x1b[38;5;12m|\x1b[0m\x1b[0m \x1b[0m\x1b[0m    pub const CIRCLE: usize = 1;\x1b[0m\n'}
[0.691796] (controller_2023_a) StderrLine: {'line': b'\x1b[0m   \x1b[0m\x1b[0m\x1b[1m\x1b[38;5;12m| \x1b[0m\x1b[0m              \x1b[0m\x1b[0m\x1b[1m\x1b[33m^^^^^^\x1b[0m\n'}
[0.691870] (controller_2023_a) StderrLine: {'line': b'\n'}
[0.691945] (controller_2023_a) StderrLine: {'line': b'\x1b[0m\x1b[1m\x1b[33mwarning\x1b[0m\x1b[0m\x1b[1m: constant `TRIANGLE` is never used\x1b[0m\n'}
[0.692020] (controller_2023_a) StderrLine: {'line': b'\x1b[0m  \x1b[0m\x1b[0m\x1b[1m\x1b[38;5;12m--> \x1b[0m\x1b[0msrc/ps5_dualsense.rs:15:15\x1b[0m\n'}
[0.692095] (controller_2023_a) StderrLine: {'line': b'\x1b[0m   \x1b[0m\x1b[0m\x1b[1m\x1b[38;5;12m|\x1b[0m\n'}
[0.692170] (controller_2023_a) StderrLine: {'line': b'\x1b[0m\x1b[1m\x1b[38;5;12m15\x1b[0m\x1b[0m \x1b[0m\x1b[0m\x1b[1m\x1b[38;5;12m|\x1b[0m\x1b[0m \x1b[0m\x1b[0m    pub const TRIANGLE: usize = 2;\x1b[0m\n'}
[0.692246] (controller_2023_a) StderrLine: {'line': b'\x1b[0m   \x1b[0m\x1b[0m\x1b[1m\x1b[38;5;12m| \x1b[0m\x1b[0m              \x1b[0m\x1b[0m\x1b[1m\x1b[33m^^^^^^^^\x1b[0m\n'}
[0.692322] (controller_2023_a) StderrLine: {'line': b'\n'}
[0.692397] (controller_2023_a) StderrLine: {'line': b'\x1b[0m\x1b[1m\x1b[33mwarning\x1b[0m\x1b[0m\x1b[1m: constant `SQUARE` is never used\x1b[0m\n'}
[0.692473] (controller_2023_a) StderrLine: {'line': b'\x1b[0m  \x1b[0m\x1b[0m\x1b[1m\x1b[38;5;12m--> \x1b[0m\x1b[0msrc/ps5_dualsense.rs:16:15\x1b[0m\n'}
[0.692548] (controller_2023_a) StderrLine: {'line': b'\x1b[0m   \x1b[0m\x1b[0m\x1b[1m\x1b[38;5;12m|\x1b[0m\n'}
[0.692623] (controller_2023_a) StderrLine: {'line': b'\x1b[0m\x1b[1m\x1b[38;5;12m16\x1b[0m\x1b[0m \x1b[0m\x1b[0m\x1b[1m\x1b[38;5;12m|\x1b[0m\x1b[0m \x1b[0m\x1b[0m    pub const SQUARE: usize = 3;\x1b[0m\n'}
[0.692698] (controller_2023_a) StderrLine: {'line': b'\x1b[0m   \x1b[0m\x1b[0m\x1b[1m\x1b[38;5;12m| \x1b[0m\x1b[0m              \x1b[0m\x1b[0m\x1b[1m\x1b[33m^^^^^^\x1b[0m\n'}
[0.692774] (controller_2023_a) StderrLine: {'line': b'\n'}
[0.692850] (controller_2023_a) StderrLine: {'line': b'\x1b[0m\x1b[1m\x1b[33mwarning\x1b[0m\x1b[0m\x1b[1m: constant `L1` is never used\x1b[0m\n'}
[0.692925] (controller_2023_a) StderrLine: {'line': b'\x1b[0m  \x1b[0m\x1b[0m\x1b[1m\x1b[38;5;12m--> \x1b[0m\x1b[0msrc/ps5_dualsense.rs:17:15\x1b[0m\n'}
[0.693000] (controller_2023_a) StderrLine: {'line': b'\x1b[0m   \x1b[0m\x1b[0m\x1b[1m\x1b[38;5;12m|\x1b[0m\n'}
[0.693075] (controller_2023_a) StderrLine: {'line': b'\x1b[0m\x1b[1m\x1b[38;5;12m17\x1b[0m\x1b[0m \x1b[0m\x1b[0m\x1b[1m\x1b[38;5;12m|\x1b[0m\x1b[0m \x1b[0m\x1b[0m    pub const L1: usize = 4;\x1b[0m\n'}
[0.693151] (controller_2023_a) StderrLine: {'line': b'\x1b[0m   \x1b[0m\x1b[0m\x1b[1m\x1b[38;5;12m| \x1b[0m\x1b[0m              \x1b[0m\x1b[0m\x1b[1m\x1b[33m^^\x1b[0m\n'}
[0.693227] (controller_2023_a) StderrLine: {'line': b'\n'}
[0.693302] (controller_2023_a) StderrLine: {'line': b'\x1b[0m\x1b[1m\x1b[33mwarning\x1b[0m\x1b[0m\x1b[1m: constant `R1` is never used\x1b[0m\n'}
[0.693378] (controller_2023_a) StderrLine: {'line': b'\x1b[0m  \x1b[0m\x1b[0m\x1b[1m\x1b[38;5;12m--> \x1b[0m\x1b[0msrc/ps5_dualsense.rs:18:15\x1b[0m\n'}
[0.693454] (controller_2023_a) StderrLine: {'line': b'\x1b[0m   \x1b[0m\x1b[0m\x1b[1m\x1b[38;5;12m|\x1b[0m\n'}
[0.693545] (controller_2023_a) StderrLine: {'line': b'\x1b[0m\x1b[1m\x1b[38;5;12m18\x1b[0m\x1b[0m \x1b[0m\x1b[0m\x1b[1m\x1b[38;5;12m|\x1b[0m\x1b[0m \x1b[0m\x1b[0m    pub const R1: usize = 5;\x1b[0m\n'}
[0.693622] (controller_2023_a) StderrLine: {'line': b'\x1b[0m   \x1b[0m\x1b[0m\x1b[1m\x1b[38;5;12m| \x1b[0m\x1b[0m              \x1b[0m\x1b[0m\x1b[1m\x1b[33m^^\x1b[0m\n'}
[0.693697] (controller_2023_a) StderrLine: {'line': b'\n'}
[0.693772] (controller_2023_a) StderrLine: {'line': b'\x1b[0m\x1b[1m\x1b[33mwarning\x1b[0m\x1b[0m\x1b[1m: constant `L2` is never used\x1b[0m\n'}
[0.693847] (controller_2023_a) StderrLine: {'line': b'\x1b[0m  \x1b[0m\x1b[0m\x1b[1m\x1b[38;5;12m--> \x1b[0m\x1b[0msrc/ps5_dualsense.rs:19:15\x1b[0m\n'}
[0.693924] (controller_2023_a) StderrLine: {'line': b'\x1b[0m   \x1b[0m\x1b[0m\x1b[1m\x1b[38;5;12m|\x1b[0m\n'}
[0.693999] (controller_2023_a) StderrLine: {'line': b'\x1b[0m\x1b[1m\x1b[38;5;12m19\x1b[0m\x1b[0m \x1b[0m\x1b[0m\x1b[1m\x1b[38;5;12m|\x1b[0m\x1b[0m \x1b[0m\x1b[0m    pub const L2: usize = 6;\x1b[0m\n'}
[0.694073] (controller_2023_a) StderrLine: {'line': b'\x1b[0m   \x1b[0m\x1b[0m\x1b[1m\x1b[38;5;12m| \x1b[0m\x1b[0m              \x1b[0m\x1b[0m\x1b[1m\x1b[33m^^\x1b[0m\n'}
[0.694149] (controller_2023_a) StderrLine: {'line': b'\n'}
[0.694223] (controller_2023_a) StderrLine: {'line': b'\x1b[0m\x1b[1m\x1b[33mwarning\x1b[0m\x1b[0m\x1b[1m: constant `SELECT` is never used\x1b[0m\n'}
[0.694299] (controller_2023_a) StderrLine: {'line': b'\x1b[0m  \x1b[0m\x1b[0m\x1b[1m\x1b[38;5;12m--> \x1b[0m\x1b[0msrc/ps5_dualsense.rs:21:15\x1b[0m\n'}
[0.694374] (controller_2023_a) StderrLine: {'line': b'\x1b[0m   \x1b[0m\x1b[0m\x1b[1m\x1b[38;5;12m|\x1b[0m\n'}
[0.694449] (controller_2023_a) StderrLine: {'line': b'\x1b[0m\x1b[1m\x1b[38;5;12m21\x1b[0m\x1b[0m \x1b[0m\x1b[0m\x1b[1m\x1b[38;5;12m|\x1b[0m\x1b[0m \x1b[0m\x1b[0m    pub const SELECT: usize = 8;\x1b[0m\n'}
[0.694523] (controller_2023_a) StderrLine: {'line': b'\x1b[0m   \x1b[0m\x1b[0m\x1b[1m\x1b[38;5;12m| \x1b[0m\x1b[0m              \x1b[0m\x1b[0m\x1b[1m\x1b[33m^^^^^^\x1b[0m\n'}
[0.694600] (controller_2023_a) StderrLine: {'line': b'\n'}
[0.694675] (controller_2023_a) StderrLine: {'line': b'\x1b[0m\x1b[1m\x1b[33mwarning\x1b[0m\x1b[0m\x1b[1m: constant `START` is never used\x1b[0m\n'}
[0.694750] (controller_2023_a) StderrLine: {'line': b'\x1b[0m  \x1b[0m\x1b[0m\x1b[1m\x1b[38;5;12m--> \x1b[0m\x1b[0msrc/ps5_dualsense.rs:22:15\x1b[0m\n'}
[0.694825] (controller_2023_a) StderrLine: {'line': b'\x1b[0m   \x1b[0m\x1b[0m\x1b[1m\x1b[38;5;12m|\x1b[0m\n'}
[0.694900] (controller_2023_a) StderrLine: {'line': b'\x1b[0m\x1b[1m\x1b[38;5;12m22\x1b[0m\x1b[0m \x1b[0m\x1b[0m\x1b[1m\x1b[38;5;12m|\x1b[0m\x1b[0m \x1b[0m\x1b[0m    pub const START: usize = 9;\x1b[0m\n'}
[0.694975] (controller_2023_a) StderrLine: {'line': b'\x1b[0m   \x1b[0m\x1b[0m\x1b[1m\x1b[38;5;12m| \x1b[0m\x1b[0m              \x1b[0m\x1b[0m\x1b[1m\x1b[33m^^^^^\x1b[0m\n'}
[0.695050] (controller_2023_a) StderrLine: {'line': b'\n'}
[0.695125] (controller_2023_a) StderrLine: {'line': b'\x1b[0m\x1b[1m\x1b[33mwarning\x1b[0m\x1b[0m\x1b[1m: constant `PS` is never used\x1b[0m\n'}
[0.695200] (controller_2023_a) StderrLine: {'line': b'\x1b[0m  \x1b[0m\x1b[0m\x1b[1m\x1b[38;5;12m--> \x1b[0m\x1b[0msrc/ps5_dualsense.rs:23:15\x1b[0m\n'}
[0.695277] (controller_2023_a) StderrLine: {'line': b'\x1b[0m   \x1b[0m\x1b[0m\x1b[1m\x1b[38;5;12m|\x1b[0m\n'}
[0.695352] (controller_2023_a) StderrLine: {'line': b'\x1b[0m\x1b[1m\x1b[38;5;12m23\x1b[0m\x1b[0m \x1b[0m\x1b[0m\x1b[1m\x1b[38;5;12m|\x1b[0m\x1b[0m \x1b[0m\x1b[0m    pub const PS: usize = 10;\x1b[0m\n'}
[0.695427] (controller_2023_a) StderrLine: {'line': b'\x1b[0m   \x1b[0m\x1b[0m\x1b[1m\x1b[38;5;12m| \x1b[0m\x1b[0m              \x1b[0m\x1b[0m\x1b[1m\x1b[33m^^\x1b[0m\n'}
[0.695502] (controller_2023_a) StderrLine: {'line': b'\n'}
[0.695576] (controller_2023_a) StderrLine: {'line': b'\x1b[0m\x1b[1m\x1b[33mwarning\x1b[0m\x1b[0m\x1b[1m: constant `STICK_L_PUSH` is never used\x1b[0m\n'}
[0.695653] (controller_2023_a) StderrLine: {'line': b'\x1b[0m  \x1b[0m\x1b[0m\x1b[1m\x1b[38;5;12m--> \x1b[0m\x1b[0msrc/ps5_dualsense.rs:24:15\x1b[0m\n'}
[0.695729] (controller_2023_a) StderrLine: {'line': b'\x1b[0m   \x1b[0m\x1b[0m\x1b[1m\x1b[38;5;12m|\x1b[0m\n'}
[0.695804] (controller_2023_a) StderrLine: {'line': b'\x1b[0m\x1b[1m\x1b[38;5;12m24\x1b[0m\x1b[0m \x1b[0m\x1b[0m\x1b[1m\x1b[38;5;12m|\x1b[0m\x1b[0m \x1b[0m\x1b[0m    pub const STICK_L_PUSH: usize = 11;\x1b[0m\n'}
[0.695880] (controller_2023_a) StderrLine: {'line': b'\x1b[0m   \x1b[0m\x1b[0m\x1b[1m\x1b[38;5;12m| \x1b[0m\x1b[0m              \x1b[0m\x1b[0m\x1b[1m\x1b[33m^^^^^^^^^^^^\x1b[0m\n'}
[0.695956] (controller_2023_a) StderrLine: {'line': b'\n'}
[0.696030] (controller_2023_a) StderrLine: {'line': b'\x1b[0m\x1b[1m\x1b[33mwarning\x1b[0m\x1b[0m\x1b[1m: constant `STICK_R_PUSH` is never used\x1b[0m\n'}
[0.696104] (controller_2023_a) StderrLine: {'line': b'\x1b[0m  \x1b[0m\x1b[0m\x1b[1m\x1b[38;5;12m--> \x1b[0m\x1b[0msrc/ps5_dualsense.rs:25:15\x1b[0m\n'}
[0.696179] (controller_2023_a) StderrLine: {'line': b'\x1b[0m   \x1b[0m\x1b[0m\x1b[1m\x1b[38;5;12m|\x1b[0m\n'}
[0.696253] (controller_2023_a) StderrLine: {'line': b'\x1b[0m\x1b[1m\x1b[38;5;12m25\x1b[0m\x1b[0m \x1b[0m\x1b[0m\x1b[1m\x1b[38;5;12m|\x1b[0m\x1b[0m \x1b[0m\x1b[0m    pub const STICK_R_PUSH: usize = 12;\x1b[0m\n'}
[0.696328] (controller_2023_a) StderrLine: {'line': b'\x1b[0m   \x1b[0m\x1b[0m\x1b[1m\x1b[38;5;12m| \x1b[0m\x1b[0m              \x1b[0m\x1b[0m\x1b[1m\x1b[33m^^^^^^^^^^^^\x1b[0m\n'}
[0.696403] (controller_2023_a) StderrLine: {'line': b'\n'}
[0.696478] (controller_2023_a) StderrLine: {'line': b'\x1b[0m\x1b[1m\x1b[33mwarning\x1b[0m\x1b[0m\x1b[1m: module `DualsenseState` should have a snake case name\x1b[0m\n'}
[0.696553] (controller_2023_a) StderrLine: {'line': b'\x1b[0m  \x1b[0m\x1b[0m\x1b[1m\x1b[38;5;12m--> \x1b[0m\x1b[0msrc/main.rs:20:9\x1b[0m\n'}
[0.696629] (controller_2023_a) StderrLine: {'line': b'\x1b[0m   \x1b[0m\x1b[0m\x1b[1m\x1b[38;5;12m|\x1b[0m\n'}
[0.696704] (controller_2023_a) StderrLine: {'line': b'\x1b[0m\x1b[1m\x1b[38;5;12m20\x1b[0m\x1b[0m \x1b[0m\x1b[0m\x1b[1m\x1b[38;5;12m|\x1b[0m\x1b[0m \x1b[0m\x1b[0mpub mod DualsenseState {\x1b[0m\n'}
[0.696779] (controller_2023_a) StderrLine: {'line': b'\x1b[0m   \x1b[0m\x1b[0m\x1b[1m\x1b[38;5;12m| \x1b[0m\x1b[0m        \x1b[0m\x1b[0m\x1b[1m\x1b[33m^^^^^^^^^^^^^^\x1b[0m\x1b[0m \x1b[0m\x1b[0m\x1b[1m\x1b[33mhelp: convert the identifier to snake case: `dualsense_state`\x1b[0m\n'}
[0.696857] (controller_2023_a) StderrLine: {'line': b'\x1b[0m   \x1b[0m\x1b[0m\x1b[1m\x1b[38;5;12m|\x1b[0m\n'}
[0.696932] (controller_2023_a) StderrLine: {'line': b'\x1b[0m   \x1b[0m\x1b[0m\x1b[1m\x1b[38;5;12m= \x1b[0m\x1b[0m\x1b[1mnote\x1b[0m\x1b[0m: `#[warn(non_snake_case)]` on by default\x1b[0m\n'}
[0.697007] (controller_2023_a) StderrLine: {'line': b'\n'}
[0.697081] (controller_2023_a) StderrLine: {'line': b'\x1b[0m\x1b[1m\x1b[33mwarning\x1b[0m\x1b[0m\x1b[1m: module `BUTTONS_DUALSENSE` should have a snake case name\x1b[0m\n'}
[0.697157] (controller_2023_a) StderrLine: {'line': b'\x1b[0m  \x1b[0m\x1b[0m\x1b[1m\x1b[38;5;12m--> \x1b[0m\x1b[0msrc/ps5_dualsense.rs:12:9\x1b[0m\n'}
[0.697232] (controller_2023_a) StderrLine: {'line': b'\x1b[0m   \x1b[0m\x1b[0m\x1b[1m\x1b[38;5;12m|\x1b[0m\n'}
[0.697307] (controller_2023_a) StderrLine: {'line': b'\x1b[0m\x1b[1m\x1b[38;5;12m12\x1b[0m\x1b[0m \x1b[0m\x1b[0m\x1b[1m\x1b[38;5;12m|\x1b[0m\x1b[0m \x1b[0m\x1b[0mpub mod BUTTONS_DUALSENSE {\x1b[0m\n'}
[0.697387] (controller_2023_a) StderrLine: {'line': b'\x1b[0m   \x1b[0m\x1b[0m\x1b[1m\x1b[38;5;12m| \x1b[0m\x1b[0m        \x1b[0m\x1b[0m\x1b[1m\x1b[33m^^^^^^^^^^^^^^^^^\x1b[0m\x1b[0m \x1b[0m\x1b[0m\x1b[1m\x1b[33mhelp: convert the identifier to snake case: `buttons_dualsense`\x1b[0m\n'}
[0.697464] (controller_2023_a) StderrLine: {'line': b'\n'}
[0.699840] (-) TimerEvent: {}
[0.800065] (-) TimerEvent: {}
[0.900319] (-) TimerEvent: {}
[1.000687] (-) TimerEvent: {}
[1.024642] (controller_2023_a) CommandEnded: {'returncode': 0}
[1.038773] (controller_2023_a) JobEnded: {'identifier': 'controller_2023_a', 'rc': 0}
[1.039213] (-) EventReactorShutdown: {}
