[0.406s] DEBUG:colcon:Command line arguments: ['/usr/bin/colcon', 'build', '--cargo-args', '--release']
[0.406s] DEBUG:colcon:Parsed command line arguments: Namespace(log_base=None, log_level=None, verb_name='build', build_base='build', install_base='install', merge_install=False, symlink_install=False, test_result_base=None, continue_on_error=False, executor='parallel', parallel_workers=8, event_handlers=None, ignore_user_meta=False, metas=['./colcon.meta'], base_paths=['.'], packages_ignore=None, packages_ignore_regex=None, paths=None, packages_up_to=None, packages_up_to_regex=None, packages_above=None, packages_above_and_dependencies=None, packages_above_depth=None, packages_select_by_dep=None, packages_skip_by_dep=None, packages_skip_up_to=None, packages_select_build_failed=False, packages_skip_build_finished=False, packages_select_test_failures=False, packages_skip_test_passed=False, packages_select=None, packages_skip=None, packages_select_regex=None, packages_skip_regex=None, packages_start=None, packages_end=None, allow_overriding=[], lookup_in_workspace=False, cargo_args=['--release'], clean_build=False, cmake_args=None, cmake_target=None, cmake_target_skip_unavailable=False, cmake_clean_cache=False, cmake_clean_first=False, cmake_force_configure=False, ament_cmake_args=None, catkin_cmake_args=None, catkin_skip_building_tests=False, verb_parser=<colcon_defaults.argument_parser.defaults.DefaultArgumentsDecorator object at 0xfffef3604250>, verb_extension=<colcon_core.verb.build.BuildVerb object at 0xfffef450b100>, main=<bound method BuildVerb.main of <colcon_core.verb.build.BuildVerb object at 0xfffef450b100>>)
[0.425s] Level 1:colcon.colcon_core.package_discovery:discover_packages(colcon_meta) check parameters
[0.425s] Level 1:colcon.colcon_core.package_discovery:discover_packages(recursive) check parameters
[0.425s] Level 1:colcon.colcon_core.package_discovery:discover_packages(ignore) check parameters
[0.425s] Level 1:colcon.colcon_core.package_discovery:discover_packages(path) check parameters
[0.425s] Level 1:colcon.colcon_core.package_discovery:discover_packages(colcon_meta) discover
[0.425s] Level 1:colcon.colcon_core.package_discovery:discover_packages(recursive) discover
[0.425s] INFO:colcon.colcon_core.package_discovery:Crawling recursively for packages in '/home/ubuntu/git/daniel_ws/2023_controller_a'
[0.425s] Level 1:colcon.colcon_core.package_identification:_identify(.) by extensions ['ignore', 'ignore_ament_install']
[0.425s] Level 1:colcon.colcon_core.package_identification:_identify(.) by extension 'ignore'
[0.425s] Level 1:colcon.colcon_core.package_identification:_identify(.) by extension 'ignore_ament_install'
[0.425s] Level 1:colcon.colcon_core.package_identification:_identify(.) by extensions ['colcon_pkg']
[0.425s] Level 1:colcon.colcon_core.package_identification:_identify(.) by extension 'colcon_pkg'
[0.425s] Level 1:colcon.colcon_core.package_identification:_identify(.) by extensions ['colcon_meta']
[0.425s] Level 1:colcon.colcon_core.package_identification:_identify(.) by extension 'colcon_meta'
[0.425s] Level 1:colcon.colcon_core.package_identification:_identify(.) by extensions ['ament_cargo']
[0.425s] Level 1:colcon.colcon_core.package_identification:_identify(.) by extension 'ament_cargo'
[0.425s] Level 1:colcon.colcon_core.package_identification:_identify(.) by extensions ['ros']
[0.425s] Level 1:colcon.colcon_core.package_identification:_identify(.) by extension 'ros'
[0.431s] Level 1:colcon.colcon_core.package_identification:_identify(.) by extensions ['cargo', 'cmake', 'python']
[0.431s] Level 1:colcon.colcon_core.package_identification:_identify(.) by extension 'cargo'
[0.431s] Level 1:colcon.colcon_core.package_identification:_identify(.) by extension 'cmake'
[0.431s] Level 1:colcon.colcon_core.package_identification:_identify(.) by extension 'python'
[0.431s] Level 1:colcon.colcon_core.package_identification:_identify(.) by extensions ['python_setup_py']
[0.431s] Level 1:colcon.colcon_core.package_identification:_identify(.) by extension 'python_setup_py'
[0.431s] Level 1:colcon.colcon_core.package_identification:_identify(build) by extensions ['ignore', 'ignore_ament_install']
[0.431s] Level 1:colcon.colcon_core.package_identification:_identify(build) by extension 'ignore'
[0.431s] Level 1:colcon.colcon_core.package_identification:_identify(build) ignored
[0.431s] Level 1:colcon.colcon_core.package_identification:_identify(install) by extensions ['ignore', 'ignore_ament_install']
[0.431s] Level 1:colcon.colcon_core.package_identification:_identify(install) by extension 'ignore'
[0.431s] Level 1:colcon.colcon_core.package_identification:_identify(install) ignored
[0.431s] Level 1:colcon.colcon_core.package_identification:_identify(log) by extensions ['ignore', 'ignore_ament_install']
[0.431s] Level 1:colcon.colcon_core.package_identification:_identify(log) by extension 'ignore'
[0.431s] Level 1:colcon.colcon_core.package_identification:_identify(log) ignored
[0.431s] Level 1:colcon.colcon_core.package_identification:_identify(src) by extensions ['ignore', 'ignore_ament_install']
[0.431s] Level 1:colcon.colcon_core.package_identification:_identify(src) by extension 'ignore'
[0.431s] Level 1:colcon.colcon_core.package_identification:_identify(src) by extension 'ignore_ament_install'
[0.431s] Level 1:colcon.colcon_core.package_identification:_identify(src) by extensions ['colcon_pkg']
[0.431s] Level 1:colcon.colcon_core.package_identification:_identify(src) by extension 'colcon_pkg'
[0.431s] Level 1:colcon.colcon_core.package_identification:_identify(src) by extensions ['colcon_meta']
[0.431s] Level 1:colcon.colcon_core.package_identification:_identify(src) by extension 'colcon_meta'
[0.431s] Level 1:colcon.colcon_core.package_identification:_identify(src) by extensions ['ament_cargo']
[0.431s] Level 1:colcon.colcon_core.package_identification:_identify(src) by extension 'ament_cargo'
[0.431s] Level 1:colcon.colcon_core.package_identification:_identify(src) by extensions ['ros']
[0.431s] Level 1:colcon.colcon_core.package_identification:_identify(src) by extension 'ros'
[0.431s] Level 1:colcon.colcon_core.package_identification:_identify(src) by extensions ['cargo', 'cmake', 'python']
[0.431s] Level 1:colcon.colcon_core.package_identification:_identify(src) by extension 'cargo'
[0.432s] Level 1:colcon.colcon_core.package_identification:_identify(src) by extension 'cmake'
[0.432s] Level 1:colcon.colcon_core.package_identification:_identify(src) by extension 'python'
[0.432s] Level 1:colcon.colcon_core.package_identification:_identify(src) by extensions ['python_setup_py']
[0.432s] Level 1:colcon.colcon_core.package_identification:_identify(src) by extension 'python_setup_py'
[0.432s] Level 1:colcon.colcon_core.package_identification:_identify(src/controller_2023_a) by extensions ['ignore', 'ignore_ament_install']
[0.432s] Level 1:colcon.colcon_core.package_identification:_identify(src/controller_2023_a) by extension 'ignore'
[0.432s] Level 1:colcon.colcon_core.package_identification:_identify(src/controller_2023_a) by extension 'ignore_ament_install'
[0.432s] Level 1:colcon.colcon_core.package_identification:_identify(src/controller_2023_a) by extensions ['colcon_pkg']
[0.432s] Level 1:colcon.colcon_core.package_identification:_identify(src/controller_2023_a) by extension 'colcon_pkg'
[0.432s] Level 1:colcon.colcon_core.package_identification:_identify(src/controller_2023_a) by extensions ['colcon_meta']
[0.432s] Level 1:colcon.colcon_core.package_identification:_identify(src/controller_2023_a) by extension 'colcon_meta'
[0.432s] Level 1:colcon.colcon_core.package_identification:_identify(src/controller_2023_a) by extensions ['ament_cargo']
[0.432s] Level 1:colcon.colcon_core.package_identification:_identify(src/controller_2023_a) by extension 'ament_cargo'
[0.433s] DEBUG:colcon.colcon_core.package_identification:Package 'src/controller_2023_a' with type 'ament_cargo' and name 'controller_2023_a'
[0.433s] Level 1:colcon.colcon_core.package_identification:_identify(src/controller_2023_launch_a) by extensions ['ignore', 'ignore_ament_install']
[0.433s] Level 1:colcon.colcon_core.package_identification:_identify(src/controller_2023_launch_a) by extension 'ignore'
[0.433s] Level 1:colcon.colcon_core.package_identification:_identify(src/controller_2023_launch_a) by extension 'ignore_ament_install'
[0.433s] Level 1:colcon.colcon_core.package_identification:_identify(src/controller_2023_launch_a) by extensions ['colcon_pkg']
[0.433s] Level 1:colcon.colcon_core.package_identification:_identify(src/controller_2023_launch_a) by extension 'colcon_pkg'
[0.433s] Level 1:colcon.colcon_core.package_identification:_identify(src/controller_2023_launch_a) by extensions ['colcon_meta']
[0.433s] Level 1:colcon.colcon_core.package_identification:_identify(src/controller_2023_launch_a) by extension 'colcon_meta'
[0.433s] Level 1:colcon.colcon_core.package_identification:_identify(src/controller_2023_launch_a) by extensions ['ament_cargo']
[0.433s] Level 1:colcon.colcon_core.package_identification:_identify(src/controller_2023_launch_a) by extension 'ament_cargo'
[0.433s] Level 1:colcon.colcon_core.package_identification:_identify(src/controller_2023_launch_a) by extensions ['ros']
[0.433s] Level 1:colcon.colcon_core.package_identification:_identify(src/controller_2023_launch_a) by extension 'ros'
[0.433s] DEBUG:colcon.colcon_core.package_identification:Package 'src/controller_2023_launch_a' with type 'ros.ament_cmake' and name 'controller_2023_launch_a'
[0.433s] Level 1:colcon.colcon_core.package_identification:_identify(src/drobo_interfaces) by extensions ['ignore', 'ignore_ament_install']
[0.433s] Level 1:colcon.colcon_core.package_identification:_identify(src/drobo_interfaces) by extension 'ignore'
[0.433s] Level 1:colcon.colcon_core.package_identification:_identify(src/drobo_interfaces) by extension 'ignore_ament_install'
[0.433s] Level 1:colcon.colcon_core.package_identification:_identify(src/drobo_interfaces) by extensions ['colcon_pkg']
[0.433s] Level 1:colcon.colcon_core.package_identification:_identify(src/drobo_interfaces) by extension 'colcon_pkg'
[0.433s] Level 1:colcon.colcon_core.package_identification:_identify(src/drobo_interfaces) by extensions ['colcon_meta']
[0.433s] Level 1:colcon.colcon_core.package_identification:_identify(src/drobo_interfaces) by extension 'colcon_meta'
[0.433s] Level 1:colcon.colcon_core.package_identification:_identify(src/drobo_interfaces) by extensions ['ament_cargo']
[0.433s] Level 1:colcon.colcon_core.package_identification:_identify(src/drobo_interfaces) by extension 'ament_cargo'
[0.434s] Level 1:colcon.colcon_core.package_identification:_identify(src/drobo_interfaces) by extensions ['ros']
[0.434s] Level 1:colcon.colcon_core.package_identification:_identify(src/drobo_interfaces) by extension 'ros'
[0.434s] DEBUG:colcon.colcon_core.package_identification:Package 'src/drobo_interfaces' with type 'ros.ament_cmake' and name 'drobo_interfaces'
[0.434s] Level 1:colcon.colcon_core.package_identification:_identify(src/omni_control) by extensions ['ignore', 'ignore_ament_install']
[0.434s] Level 1:colcon.colcon_core.package_identification:_identify(src/omni_control) by extension 'ignore'
[0.434s] Level 1:colcon.colcon_core.package_identification:_identify(src/omni_control) by extension 'ignore_ament_install'
[0.434s] Level 1:colcon.colcon_core.package_identification:_identify(src/omni_control) by extensions ['colcon_pkg']
[0.434s] Level 1:colcon.colcon_core.package_identification:_identify(src/omni_control) by extension 'colcon_pkg'
[0.434s] Level 1:colcon.colcon_core.package_identification:_identify(src/omni_control) by extensions ['colcon_meta']
[0.434s] Level 1:colcon.colcon_core.package_identification:_identify(src/omni_control) by extension 'colcon_meta'
[0.434s] Level 1:colcon.colcon_core.package_identification:_identify(src/omni_control) by extensions ['ament_cargo']
[0.434s] Level 1:colcon.colcon_core.package_identification:_identify(src/omni_control) by extension 'ament_cargo'
[0.434s] DEBUG:colcon.colcon_core.package_identification:Package 'src/omni_control' with type 'ament_cargo' and name 'omni_control'
[0.434s] Level 1:colcon.colcon_core.package_discovery:discover_packages(recursive) using defaults
[0.434s] Level 1:colcon.colcon_core.package_discovery:discover_packages(ignore) discover
[0.434s] Level 1:colcon.colcon_core.package_discovery:discover_packages(ignore) using defaults
[0.434s] Level 1:colcon.colcon_core.package_discovery:discover_packages(path) discover
[0.434s] Level 1:colcon.colcon_core.package_discovery:discover_packages(path) using defaults
[0.470s] Level 1:colcon.colcon_core.package_discovery:discover_packages(prefix_path) check parameters
[0.470s] Level 1:colcon.colcon_core.package_discovery:discover_packages(prefix_path) discover
[0.481s] DEBUG:colcon.colcon_installed_package_information.package_discovery:Found 4 installed packages in /home/ubuntu/git/daniel_ws/2023_controller_a/install
[0.487s] DEBUG:colcon.colcon_installed_package_information.package_discovery:Found 270 installed packages in /opt/ros/humble
[0.492s] Level 1:colcon.colcon_core.package_discovery:discover_packages(prefix_path) using defaults
[0.533s] Level 5:colcon.colcon_core.verb:set package 'controller_2023_launch_a' build argument 'lookup_in_workspace' from command line to 'False'
[0.533s] Level 5:colcon.colcon_core.verb:set package 'controller_2023_launch_a' build argument 'cargo_args' from command line to '['--release']'
[0.533s] Level 5:colcon.colcon_core.verb:set package 'controller_2023_launch_a' build argument 'clean_build' from command line to 'False'
[0.533s] Level 5:colcon.colcon_core.verb:set package 'controller_2023_launch_a' build argument 'cmake_args' from command line to 'None'
[0.533s] Level 5:colcon.colcon_core.verb:set package 'controller_2023_launch_a' build argument 'cmake_target' from command line to 'None'
[0.533s] Level 5:colcon.colcon_core.verb:set package 'controller_2023_launch_a' build argument 'cmake_target_skip_unavailable' from command line to 'False'
[0.533s] Level 5:colcon.colcon_core.verb:set package 'controller_2023_launch_a' build argument 'cmake_clean_cache' from command line to 'False'
[0.533s] Level 5:colcon.colcon_core.verb:set package 'controller_2023_launch_a' build argument 'cmake_clean_first' from command line to 'False'
[0.533s] Level 5:colcon.colcon_core.verb:set package 'controller_2023_launch_a' build argument 'cmake_force_configure' from command line to 'False'
[0.533s] Level 5:colcon.colcon_core.verb:set package 'controller_2023_launch_a' build argument 'ament_cmake_args' from command line to 'None'
[0.533s] Level 5:colcon.colcon_core.verb:set package 'controller_2023_launch_a' build argument 'catkin_cmake_args' from command line to 'None'
[0.533s] Level 5:colcon.colcon_core.verb:set package 'controller_2023_launch_a' build argument 'catkin_skip_building_tests' from command line to 'False'
[0.533s] DEBUG:colcon.colcon_core.verb:Building package 'controller_2023_launch_a' with the following arguments: {'ament_cmake_args': None, 'build_base': '/home/ubuntu/git/daniel_ws/2023_controller_a/build/controller_2023_launch_a', 'cargo_args': ['--release'], 'catkin_cmake_args': None, 'catkin_skip_building_tests': False, 'clean_build': False, 'cmake_args': None, 'cmake_clean_cache': False, 'cmake_clean_first': False, 'cmake_force_configure': False, 'cmake_target': None, 'cmake_target_skip_unavailable': False, 'install_base': '/home/ubuntu/git/daniel_ws/2023_controller_a/install/controller_2023_launch_a', 'lookup_in_workspace': False, 'merge_install': False, 'path': '/home/ubuntu/git/daniel_ws/2023_controller_a/src/controller_2023_launch_a', 'symlink_install': False, 'test_result_base': None}
[0.538s] Level 5:colcon.colcon_core.verb:set package 'drobo_interfaces' build argument 'lookup_in_workspace' from command line to 'False'
[0.538s] Level 5:colcon.colcon_core.verb:set package 'drobo_interfaces' build argument 'cargo_args' from command line to '['--release']'
[0.538s] Level 5:colcon.colcon_core.verb:set package 'drobo_interfaces' build argument 'clean_build' from command line to 'False'
[0.538s] Level 5:colcon.colcon_core.verb:set package 'drobo_interfaces' build argument 'cmake_args' from command line to 'None'
[0.538s] Level 5:colcon.colcon_core.verb:set package 'drobo_interfaces' build argument 'cmake_target' from command line to 'None'
[0.538s] Level 5:colcon.colcon_core.verb:set package 'drobo_interfaces' build argument 'cmake_target_skip_unavailable' from command line to 'False'
[0.538s] Level 5:colcon.colcon_core.verb:set package 'drobo_interfaces' build argument 'cmake_clean_cache' from command line to 'False'
[0.538s] Level 5:colcon.colcon_core.verb:set package 'drobo_interfaces' build argument 'cmake_clean_first' from command line to 'False'
[0.538s] Level 5:colcon.colcon_core.verb:set package 'drobo_interfaces' build argument 'cmake_force_configure' from command line to 'False'
[0.538s] Level 5:colcon.colcon_core.verb:set package 'drobo_interfaces' build argument 'ament_cmake_args' from command line to 'None'
[0.538s] Level 5:colcon.colcon_core.verb:set package 'drobo_interfaces' build argument 'catkin_cmake_args' from command line to 'None'
[0.538s] Level 5:colcon.colcon_core.verb:set package 'drobo_interfaces' build argument 'catkin_skip_building_tests' from command line to 'False'
[0.538s] DEBUG:colcon.colcon_core.verb:Building package 'drobo_interfaces' with the following arguments: {'ament_cmake_args': None, 'build_base': '/home/ubuntu/git/daniel_ws/2023_controller_a/build/drobo_interfaces', 'cargo_args': ['--release'], 'catkin_cmake_args': None, 'catkin_skip_building_tests': False, 'clean_build': False, 'cmake_args': None, 'cmake_clean_cache': False, 'cmake_clean_first': False, 'cmake_force_configure': False, 'cmake_target': None, 'cmake_target_skip_unavailable': False, 'install_base': '/home/ubuntu/git/daniel_ws/2023_controller_a/install/drobo_interfaces', 'lookup_in_workspace': False, 'merge_install': False, 'path': '/home/ubuntu/git/daniel_ws/2023_controller_a/src/drobo_interfaces', 'symlink_install': False, 'test_result_base': None}
[0.544s] Level 5:colcon.colcon_core.verb:set package 'controller_2023_a' build argument 'lookup_in_workspace' from command line to 'False'
[0.544s] Level 5:colcon.colcon_core.verb:set package 'controller_2023_a' build argument 'cargo_args' from command line to '['--release']'
[0.544s] Level 5:colcon.colcon_core.verb:set package 'controller_2023_a' build argument 'clean_build' from command line to 'False'
[0.544s] Level 5:colcon.colcon_core.verb:set package 'controller_2023_a' build argument 'cmake_args' from command line to 'None'
[0.544s] Level 5:colcon.colcon_core.verb:set package 'controller_2023_a' build argument 'cmake_target' from command line to 'None'
[0.544s] Level 5:colcon.colcon_core.verb:set package 'controller_2023_a' build argument 'cmake_target_skip_unavailable' from command line to 'False'
[0.544s] Level 5:colcon.colcon_core.verb:set package 'controller_2023_a' build argument 'cmake_clean_cache' from command line to 'False'
[0.544s] Level 5:colcon.colcon_core.verb:set package 'controller_2023_a' build argument 'cmake_clean_first' from command line to 'False'
[0.544s] Level 5:colcon.colcon_core.verb:set package 'controller_2023_a' build argument 'cmake_force_configure' from command line to 'False'
[0.544s] Level 5:colcon.colcon_core.verb:set package 'controller_2023_a' build argument 'ament_cmake_args' from command line to 'None'
[0.544s] Level 5:colcon.colcon_core.verb:set package 'controller_2023_a' build argument 'catkin_cmake_args' from command line to 'None'
[0.544s] Level 5:colcon.colcon_core.verb:set package 'controller_2023_a' build argument 'catkin_skip_building_tests' from command line to 'False'
[0.544s] DEBUG:colcon.colcon_core.verb:Building package 'controller_2023_a' with the following arguments: {'ament_cmake_args': None, 'build_base': '/home/ubuntu/git/daniel_ws/2023_controller_a/build/controller_2023_a', 'cargo_args': ['--release'], 'catkin_cmake_args': None, 'catkin_skip_building_tests': False, 'clean_build': False, 'cmake_args': None, 'cmake_clean_cache': False, 'cmake_clean_first': False, 'cmake_force_configure': False, 'cmake_target': None, 'cmake_target_skip_unavailable': False, 'install_base': '/home/ubuntu/git/daniel_ws/2023_controller_a/install/controller_2023_a', 'lookup_in_workspace': False, 'merge_install': False, 'path': '/home/ubuntu/git/daniel_ws/2023_controller_a/src/controller_2023_a', 'symlink_install': False, 'test_result_base': None}
[0.549s] Level 5:colcon.colcon_core.verb:set package 'omni_control' build argument 'lookup_in_workspace' from command line to 'False'
[0.549s] Level 5:colcon.colcon_core.verb:set package 'omni_control' build argument 'cargo_args' from command line to '['--release']'
[0.549s] Level 5:colcon.colcon_core.verb:set package 'omni_control' build argument 'clean_build' from command line to 'False'
[0.550s] Level 5:colcon.colcon_core.verb:set package 'omni_control' build argument 'cmake_args' from command line to 'None'
[0.550s] Level 5:colcon.colcon_core.verb:set package 'omni_control' build argument 'cmake_target' from command line to 'None'
[0.550s] Level 5:colcon.colcon_core.verb:set package 'omni_control' build argument 'cmake_target_skip_unavailable' from command line to 'False'
[0.550s] Level 5:colcon.colcon_core.verb:set package 'omni_control' build argument 'cmake_clean_cache' from command line to 'False'
[0.550s] Level 5:colcon.colcon_core.verb:set package 'omni_control' build argument 'cmake_clean_first' from command line to 'False'
[0.550s] Level 5:colcon.colcon_core.verb:set package 'omni_control' build argument 'cmake_force_configure' from command line to 'False'
[0.550s] Level 5:colcon.colcon_core.verb:set package 'omni_control' build argument 'ament_cmake_args' from command line to 'None'
[0.550s] Level 5:colcon.colcon_core.verb:set package 'omni_control' build argument 'catkin_cmake_args' from command line to 'None'
[0.550s] Level 5:colcon.colcon_core.verb:set package 'omni_control' build argument 'catkin_skip_building_tests' from command line to 'False'
[0.550s] DEBUG:colcon.colcon_core.verb:Building package 'omni_control' with the following arguments: {'ament_cmake_args': None, 'build_base': '/home/ubuntu/git/daniel_ws/2023_controller_a/build/omni_control', 'cargo_args': ['--release'], 'catkin_cmake_args': None, 'catkin_skip_building_tests': False, 'clean_build': False, 'cmake_args': None, 'cmake_clean_cache': False, 'cmake_clean_first': False, 'cmake_force_configure': False, 'cmake_target': None, 'cmake_target_skip_unavailable': False, 'install_base': '/home/ubuntu/git/daniel_ws/2023_controller_a/install/omni_control', 'lookup_in_workspace': False, 'merge_install': False, 'path': '/home/ubuntu/git/daniel_ws/2023_controller_a/src/omni_control', 'symlink_install': False, 'test_result_base': None}
[0.555s] INFO:colcon.colcon_core.executor:Executing jobs using 'parallel' executor
[0.561s] DEBUG:colcon.colcon_parallel_executor.executor.parallel:run_until_complete
[0.561s] INFO:colcon.colcon_ros.task.ament_cmake.build:Building ROS package in '/home/ubuntu/git/daniel_ws/2023_controller_a/src/drobo_interfaces' with build type 'ament_cmake'
[0.561s] INFO:colcon.colcon_cmake.task.cmake.build:Building CMake package in '/home/ubuntu/git/daniel_ws/2023_controller_a/src/drobo_interfaces'
[0.569s] INFO:colcon.colcon_core.plugin_system:Skipping extension 'colcon_core.shell.bat': Not used on non-Windows systems
[0.569s] INFO:colcon.colcon_core.shell:Skip shell extension 'powershell' for command environment: Not usable outside of PowerShell
[0.569s] DEBUG:colcon.colcon_core.shell:Skip shell extension 'dsv' for command environment
[0.591s] INFO:colcon.colcon_ros.task.ament_cmake.build:Building ROS package in '/home/ubuntu/git/daniel_ws/2023_controller_a/src/controller_2023_launch_a' with build type 'ament_cmake'
[0.591s] INFO:colcon.colcon_cmake.task.cmake.build:Building CMake package in '/home/ubuntu/git/daniel_ws/2023_controller_a/src/controller_2023_launch_a'
[0.597s] INFO:colcon.colcon_core.shell:Skip shell extension 'powershell' for command environment: Not usable outside of PowerShell
[0.597s] DEBUG:colcon.colcon_core.shell:Skip shell extension 'dsv' for command environment
[0.617s] DEBUG:colcon.colcon_core.event_handler.log_command:Invoking command in '/home/ubuntu/git/daniel_ws/2023_controller_a/build/drobo_interfaces': CMAKE_PREFIX_PATH=${CMAKE_PREFIX_PATH}:/home/ubuntu/git/daniel_ws/2023_controller_a/install/omni_control:/home/ubuntu/git/daniel_ws/2023_controller_a/install/controller_2023_a:/opt/ros/humble /usr/bin/cmake --build /home/ubuntu/git/daniel_ws/2023_controller_a/build/drobo_interfaces -- -j8 -l8
[0.619s] DEBUG:colcon.colcon_core.event_handler.log_command:Invoking command in '/home/ubuntu/git/daniel_ws/2023_controller_a/build/controller_2023_launch_a': CMAKE_PREFIX_PATH=${CMAKE_PREFIX_PATH}:/home/ubuntu/git/daniel_ws/2023_controller_a/install/omni_control:/home/ubuntu/git/daniel_ws/2023_controller_a/install/controller_2023_a:/opt/ros/humble /usr/bin/cmake --build /home/ubuntu/git/daniel_ws/2023_controller_a/build/controller_2023_launch_a -- -j8 -l8
[0.657s] DEBUG:colcon.colcon_core.event_handler.log_command:Invoked command in '/home/ubuntu/git/daniel_ws/2023_controller_a/build/controller_2023_launch_a' returned '0': CMAKE_PREFIX_PATH=${CMAKE_PREFIX_PATH}:/home/ubuntu/git/daniel_ws/2023_controller_a/install/omni_control:/home/ubuntu/git/daniel_ws/2023_controller_a/install/controller_2023_a:/opt/ros/humble /usr/bin/cmake --build /home/ubuntu/git/daniel_ws/2023_controller_a/build/controller_2023_launch_a -- -j8 -l8
[0.676s] DEBUG:colcon.colcon_core.event_handler.log_command:Invoking command in '/home/ubuntu/git/daniel_ws/2023_controller_a/build/controller_2023_launch_a': CMAKE_PREFIX_PATH=${CMAKE_PREFIX_PATH}:/home/ubuntu/git/daniel_ws/2023_controller_a/install/omni_control:/home/ubuntu/git/daniel_ws/2023_controller_a/install/controller_2023_a:/opt/ros/humble /usr/bin/cmake --install /home/ubuntu/git/daniel_ws/2023_controller_a/build/controller_2023_launch_a
[0.687s] Level 1:colcon.colcon_core.environment:create_environment_scripts_only(controller_2023_launch_a)
[0.687s] DEBUG:colcon.colcon_core.event_handler.log_command:Invoked command in '/home/ubuntu/git/daniel_ws/2023_controller_a/build/controller_2023_launch_a' returned '0': CMAKE_PREFIX_PATH=${CMAKE_PREFIX_PATH}:/home/ubuntu/git/daniel_ws/2023_controller_a/install/omni_control:/home/ubuntu/git/daniel_ws/2023_controller_a/install/controller_2023_a:/opt/ros/humble /usr/bin/cmake --install /home/ubuntu/git/daniel_ws/2023_controller_a/build/controller_2023_launch_a
[0.694s] Level 1:colcon.colcon_core.environment:checking '/home/ubuntu/git/daniel_ws/2023_controller_a/install/controller_2023_launch_a' for CMake module files
[0.695s] Level 1:colcon.colcon_core.environment:checking '/home/ubuntu/git/daniel_ws/2023_controller_a/install/controller_2023_launch_a' for CMake config files
[0.695s] Level 1:colcon.colcon_core.shell:create_environment_hook('controller_2023_launch_a', 'cmake_prefix_path')
[0.701s] INFO:colcon.colcon_core.shell:Creating environment hook '/home/ubuntu/git/daniel_ws/2023_controller_a/install/controller_2023_launch_a/share/controller_2023_launch_a/hook/cmake_prefix_path.ps1'
[0.701s] INFO:colcon.colcon_core.shell:Creating environment descriptor '/home/ubuntu/git/daniel_ws/2023_controller_a/install/controller_2023_launch_a/share/controller_2023_launch_a/hook/cmake_prefix_path.dsv'
[0.701s] INFO:colcon.colcon_core.shell:Creating environment hook '/home/ubuntu/git/daniel_ws/2023_controller_a/install/controller_2023_launch_a/share/controller_2023_launch_a/hook/cmake_prefix_path.sh'
[0.701s] Level 1:colcon.colcon_core.environment:checking '/home/ubuntu/git/daniel_ws/2023_controller_a/install/controller_2023_launch_a/bin'
[0.701s] Level 1:colcon.colcon_core.environment:checking '/home/ubuntu/git/daniel_ws/2023_controller_a/install/controller_2023_launch_a/lib/pkgconfig/controller_2023_launch_a.pc'
[0.702s] Level 1:colcon.colcon_core.environment:checking '/home/ubuntu/git/daniel_ws/2023_controller_a/install/controller_2023_launch_a/lib/python3.10/site-packages'
[0.702s] Level 1:colcon.colcon_core.environment:checking '/home/ubuntu/git/daniel_ws/2023_controller_a/install/controller_2023_launch_a/bin'
[0.708s] INFO:colcon.colcon_core.shell:Creating package script '/home/ubuntu/git/daniel_ws/2023_controller_a/install/controller_2023_launch_a/share/controller_2023_launch_a/package.ps1'
[0.708s] INFO:colcon.colcon_core.shell:Creating package descriptor '/home/ubuntu/git/daniel_ws/2023_controller_a/install/controller_2023_launch_a/share/controller_2023_launch_a/package.dsv'
[0.708s] INFO:colcon.colcon_core.shell:Creating package script '/home/ubuntu/git/daniel_ws/2023_controller_a/install/controller_2023_launch_a/share/controller_2023_launch_a/package.sh'
[0.708s] INFO:colcon.colcon_core.shell:Creating package script '/home/ubuntu/git/daniel_ws/2023_controller_a/install/controller_2023_launch_a/share/controller_2023_launch_a/package.bash'
[0.709s] INFO:colcon.colcon_core.shell:Creating package script '/home/ubuntu/git/daniel_ws/2023_controller_a/install/controller_2023_launch_a/share/controller_2023_launch_a/package.zsh'
[0.709s] Level 1:colcon.colcon_core.environment:create_file_with_runtime_dependencies(/home/ubuntu/git/daniel_ws/2023_controller_a/install/controller_2023_launch_a/share/colcon-core/packages/controller_2023_launch_a)
[0.726s] Level 1:colcon.colcon_core.environment:create_environment_scripts_only(controller_2023_launch_a)
[0.732s] Level 1:colcon.colcon_core.environment:checking '/home/ubuntu/git/daniel_ws/2023_controller_a/install/controller_2023_launch_a' for CMake module files
[0.732s] Level 1:colcon.colcon_core.environment:checking '/home/ubuntu/git/daniel_ws/2023_controller_a/install/controller_2023_launch_a' for CMake config files
[0.733s] Level 1:colcon.colcon_core.shell:create_environment_hook('controller_2023_launch_a', 'cmake_prefix_path')
[0.739s] INFO:colcon.colcon_core.shell:Creating environment hook '/home/ubuntu/git/daniel_ws/2023_controller_a/install/controller_2023_launch_a/share/controller_2023_launch_a/hook/cmake_prefix_path.ps1'
[0.739s] INFO:colcon.colcon_core.shell:Creating environment descriptor '/home/ubuntu/git/daniel_ws/2023_controller_a/install/controller_2023_launch_a/share/controller_2023_launch_a/hook/cmake_prefix_path.dsv'
[0.739s] INFO:colcon.colcon_core.shell:Creating environment hook '/home/ubuntu/git/daniel_ws/2023_controller_a/install/controller_2023_launch_a/share/controller_2023_launch_a/hook/cmake_prefix_path.sh'
[0.739s] Level 1:colcon.colcon_core.environment:checking '/home/ubuntu/git/daniel_ws/2023_controller_a/install/controller_2023_launch_a/bin'
[0.739s] Level 1:colcon.colcon_core.environment:checking '/home/ubuntu/git/daniel_ws/2023_controller_a/install/controller_2023_launch_a/lib/pkgconfig/controller_2023_launch_a.pc'
[0.739s] Level 1:colcon.colcon_core.environment:checking '/home/ubuntu/git/daniel_ws/2023_controller_a/install/controller_2023_launch_a/lib/python3.10/site-packages'
[0.740s] Level 1:colcon.colcon_core.environment:checking '/home/ubuntu/git/daniel_ws/2023_controller_a/install/controller_2023_launch_a/bin'
[0.745s] INFO:colcon.colcon_core.shell:Creating package script '/home/ubuntu/git/daniel_ws/2023_controller_a/install/controller_2023_launch_a/share/controller_2023_launch_a/package.ps1'
[0.746s] INFO:colcon.colcon_core.shell:Creating package descriptor '/home/ubuntu/git/daniel_ws/2023_controller_a/install/controller_2023_launch_a/share/controller_2023_launch_a/package.dsv'
[0.746s] INFO:colcon.colcon_core.shell:Creating package script '/home/ubuntu/git/daniel_ws/2023_controller_a/install/controller_2023_launch_a/share/controller_2023_launch_a/package.sh'
[0.746s] INFO:colcon.colcon_core.shell:Creating package script '/home/ubuntu/git/daniel_ws/2023_controller_a/install/controller_2023_launch_a/share/controller_2023_launch_a/package.bash'
[0.746s] INFO:colcon.colcon_core.shell:Creating package script '/home/ubuntu/git/daniel_ws/2023_controller_a/install/controller_2023_launch_a/share/controller_2023_launch_a/package.zsh'
[0.746s] Level 1:colcon.colcon_core.environment:create_file_with_runtime_dependencies(/home/ubuntu/git/daniel_ws/2023_controller_a/install/controller_2023_launch_a/share/colcon-core/packages/controller_2023_launch_a)
[0.807s] DEBUG:colcon.colcon_core.event_handler.log_command:Invoked command in '/home/ubuntu/git/daniel_ws/2023_controller_a/build/drobo_interfaces' returned '0': CMAKE_PREFIX_PATH=${CMAKE_PREFIX_PATH}:/home/ubuntu/git/daniel_ws/2023_controller_a/install/omni_control:/home/ubuntu/git/daniel_ws/2023_controller_a/install/controller_2023_a:/opt/ros/humble /usr/bin/cmake --build /home/ubuntu/git/daniel_ws/2023_controller_a/build/drobo_interfaces -- -j8 -l8
[0.880s] DEBUG:colcon.colcon_core.event_handler.log_command:Invoking command in '/home/ubuntu/git/daniel_ws/2023_controller_a/build/drobo_interfaces': CMAKE_PREFIX_PATH=${CMAKE_PREFIX_PATH}:/home/ubuntu/git/daniel_ws/2023_controller_a/install/omni_control:/home/ubuntu/git/daniel_ws/2023_controller_a/install/controller_2023_a:/opt/ros/humble /usr/bin/cmake --install /home/ubuntu/git/daniel_ws/2023_controller_a/build/drobo_interfaces
[0.941s] Level 1:colcon.colcon_core.environment:create_environment_scripts_only(drobo_interfaces)
[0.941s] DEBUG:colcon.colcon_core.event_handler.log_command:Invoked command in '/home/ubuntu/git/daniel_ws/2023_controller_a/build/drobo_interfaces' returned '0': CMAKE_PREFIX_PATH=${CMAKE_PREFIX_PATH}:/home/ubuntu/git/daniel_ws/2023_controller_a/install/omni_control:/home/ubuntu/git/daniel_ws/2023_controller_a/install/controller_2023_a:/opt/ros/humble /usr/bin/cmake --install /home/ubuntu/git/daniel_ws/2023_controller_a/build/drobo_interfaces
[0.948s] Level 1:colcon.colcon_core.environment:checking '/home/ubuntu/git/daniel_ws/2023_controller_a/install/drobo_interfaces' for CMake module files
[0.948s] Level 1:colcon.colcon_core.environment:checking '/home/ubuntu/git/daniel_ws/2023_controller_a/install/drobo_interfaces' for CMake config files
[0.948s] Level 1:colcon.colcon_core.shell:create_environment_hook('drobo_interfaces', 'cmake_prefix_path')
[0.954s] INFO:colcon.colcon_core.shell:Creating environment hook '/home/ubuntu/git/daniel_ws/2023_controller_a/install/drobo_interfaces/share/drobo_interfaces/hook/cmake_prefix_path.ps1'
[0.954s] INFO:colcon.colcon_core.shell:Creating environment descriptor '/home/ubuntu/git/daniel_ws/2023_controller_a/install/drobo_interfaces/share/drobo_interfaces/hook/cmake_prefix_path.dsv'
[0.954s] INFO:colcon.colcon_core.shell:Creating environment hook '/home/ubuntu/git/daniel_ws/2023_controller_a/install/drobo_interfaces/share/drobo_interfaces/hook/cmake_prefix_path.sh'
[0.954s] Level 1:colcon.colcon_core.environment:checking '/home/ubuntu/git/daniel_ws/2023_controller_a/install/drobo_interfaces/lib'
[0.954s] Level 1:colcon.colcon_core.shell:create_environment_hook('drobo_interfaces', 'ld_library_path_lib')
[0.960s] INFO:colcon.colcon_core.shell:Creating environment hook '/home/ubuntu/git/daniel_ws/2023_controller_a/install/drobo_interfaces/share/drobo_interfaces/hook/ld_library_path_lib.ps1'
[0.960s] INFO:colcon.colcon_core.shell:Creating environment descriptor '/home/ubuntu/git/daniel_ws/2023_controller_a/install/drobo_interfaces/share/drobo_interfaces/hook/ld_library_path_lib.dsv'
[0.960s] INFO:colcon.colcon_core.shell:Creating environment hook '/home/ubuntu/git/daniel_ws/2023_controller_a/install/drobo_interfaces/share/drobo_interfaces/hook/ld_library_path_lib.sh'
[0.960s] Level 1:colcon.colcon_core.environment:checking '/home/ubuntu/git/daniel_ws/2023_controller_a/install/drobo_interfaces/bin'
[0.960s] Level 1:colcon.colcon_core.environment:checking '/home/ubuntu/git/daniel_ws/2023_controller_a/install/drobo_interfaces/lib/pkgconfig/drobo_interfaces.pc'
[0.960s] Level 1:colcon.colcon_core.environment:checking '/home/ubuntu/git/daniel_ws/2023_controller_a/install/drobo_interfaces/lib/python3.10/site-packages'
[0.960s] Level 1:colcon.colcon_core.environment:checking '/home/ubuntu/git/daniel_ws/2023_controller_a/install/drobo_interfaces/bin'
[0.966s] INFO:colcon.colcon_core.shell:Creating package script '/home/ubuntu/git/daniel_ws/2023_controller_a/install/drobo_interfaces/share/drobo_interfaces/package.ps1'
[0.966s] INFO:colcon.colcon_core.shell:Creating package descriptor '/home/ubuntu/git/daniel_ws/2023_controller_a/install/drobo_interfaces/share/drobo_interfaces/package.dsv'
[0.967s] INFO:colcon.colcon_core.shell:Creating package script '/home/ubuntu/git/daniel_ws/2023_controller_a/install/drobo_interfaces/share/drobo_interfaces/package.sh'
[0.967s] INFO:colcon.colcon_core.shell:Creating package script '/home/ubuntu/git/daniel_ws/2023_controller_a/install/drobo_interfaces/share/drobo_interfaces/package.bash'
[0.967s] INFO:colcon.colcon_core.shell:Creating package script '/home/ubuntu/git/daniel_ws/2023_controller_a/install/drobo_interfaces/share/drobo_interfaces/package.zsh'
[0.967s] Level 1:colcon.colcon_core.environment:create_file_with_runtime_dependencies(/home/ubuntu/git/daniel_ws/2023_controller_a/install/drobo_interfaces/share/colcon-core/packages/drobo_interfaces)
[1.063s] Level 1:colcon.colcon_core.environment:create_environment_scripts_only(drobo_interfaces)
[1.070s] Level 1:colcon.colcon_core.environment:checking '/home/ubuntu/git/daniel_ws/2023_controller_a/install/drobo_interfaces' for CMake module files
[1.070s] Level 1:colcon.colcon_core.environment:checking '/home/ubuntu/git/daniel_ws/2023_controller_a/install/drobo_interfaces' for CMake config files
[1.071s] Level 1:colcon.colcon_core.shell:create_environment_hook('drobo_interfaces', 'cmake_prefix_path')
[1.076s] INFO:colcon.colcon_core.shell:Creating environment hook '/home/ubuntu/git/daniel_ws/2023_controller_a/install/drobo_interfaces/share/drobo_interfaces/hook/cmake_prefix_path.ps1'
[1.077s] INFO:colcon.colcon_core.shell:Creating environment descriptor '/home/ubuntu/git/daniel_ws/2023_controller_a/install/drobo_interfaces/share/drobo_interfaces/hook/cmake_prefix_path.dsv'
[1.077s] INFO:colcon.colcon_core.shell:Creating environment hook '/home/ubuntu/git/daniel_ws/2023_controller_a/install/drobo_interfaces/share/drobo_interfaces/hook/cmake_prefix_path.sh'
[1.077s] Level 1:colcon.colcon_core.environment:checking '/home/ubuntu/git/daniel_ws/2023_controller_a/install/drobo_interfaces/lib'
[1.077s] Level 1:colcon.colcon_core.shell:create_environment_hook('drobo_interfaces', 'ld_library_path_lib')
[1.082s] INFO:colcon.colcon_core.shell:Creating environment hook '/home/ubuntu/git/daniel_ws/2023_controller_a/install/drobo_interfaces/share/drobo_interfaces/hook/ld_library_path_lib.ps1'
[1.083s] INFO:colcon.colcon_core.shell:Creating environment descriptor '/home/ubuntu/git/daniel_ws/2023_controller_a/install/drobo_interfaces/share/drobo_interfaces/hook/ld_library_path_lib.dsv'
[1.083s] INFO:colcon.colcon_core.shell:Creating environment hook '/home/ubuntu/git/daniel_ws/2023_controller_a/install/drobo_interfaces/share/drobo_interfaces/hook/ld_library_path_lib.sh'
[1.083s] Level 1:colcon.colcon_core.environment:checking '/home/ubuntu/git/daniel_ws/2023_controller_a/install/drobo_interfaces/bin'
[1.083s] Level 1:colcon.colcon_core.environment:checking '/home/ubuntu/git/daniel_ws/2023_controller_a/install/drobo_interfaces/lib/pkgconfig/drobo_interfaces.pc'
[1.083s] Level 1:colcon.colcon_core.environment:checking '/home/ubuntu/git/daniel_ws/2023_controller_a/install/drobo_interfaces/lib/python3.10/site-packages'
[1.083s] Level 1:colcon.colcon_core.environment:checking '/home/ubuntu/git/daniel_ws/2023_controller_a/install/drobo_interfaces/bin'
[1.089s] INFO:colcon.colcon_core.shell:Creating package script '/home/ubuntu/git/daniel_ws/2023_controller_a/install/drobo_interfaces/share/drobo_interfaces/package.ps1'
[1.089s] INFO:colcon.colcon_core.shell:Creating package descriptor '/home/ubuntu/git/daniel_ws/2023_controller_a/install/drobo_interfaces/share/drobo_interfaces/package.dsv'
[1.089s] INFO:colcon.colcon_core.shell:Creating package script '/home/ubuntu/git/daniel_ws/2023_controller_a/install/drobo_interfaces/share/drobo_interfaces/package.sh'
[1.089s] INFO:colcon.colcon_core.shell:Creating package script '/home/ubuntu/git/daniel_ws/2023_controller_a/install/drobo_interfaces/share/drobo_interfaces/package.bash'
[1.089s] INFO:colcon.colcon_core.shell:Creating package script '/home/ubuntu/git/daniel_ws/2023_controller_a/install/drobo_interfaces/share/drobo_interfaces/package.zsh'
[1.089s] Level 1:colcon.colcon_core.environment:create_file_with_runtime_dependencies(/home/ubuntu/git/daniel_ws/2023_controller_a/install/drobo_interfaces/share/colcon-core/packages/drobo_interfaces)
[1.089s] INFO:colcon.colcon_cargo.task.cargo.build:Building Cargo package in '/home/ubuntu/git/daniel_ws/2023_controller_a/src/controller_2023_a'
[1.095s] INFO:colcon.colcon_core.shell:Skip shell extension 'powershell' for command environment: Not usable outside of PowerShell
[1.095s] DEBUG:colcon.colcon_core.shell:Skip shell extension 'dsv' for command environment
[1.114s] INFO:colcon.colcon_cargo.task.cargo.build:Building Cargo package in '/home/ubuntu/git/daniel_ws/2023_controller_a/src/omni_control'
[1.119s] INFO:colcon.colcon_core.shell:Skip shell extension 'powershell' for command environment: Not usable outside of PowerShell
[1.119s] DEBUG:colcon.colcon_core.shell:Skip shell extension 'dsv' for command environment
[1.139s] Level 1:colcon.colcon_core.shell:create_environment_hook('controller_2023_a', 'ament_prefix_path')
[1.144s] INFO:colcon.colcon_core.shell:Creating environment hook '/home/ubuntu/git/daniel_ws/2023_controller_a/install/controller_2023_a/share/controller_2023_a/hook/ament_prefix_path.ps1'
[1.145s] INFO:colcon.colcon_core.shell:Creating environment descriptor '/home/ubuntu/git/daniel_ws/2023_controller_a/install/controller_2023_a/share/controller_2023_a/hook/ament_prefix_path.dsv'
[1.145s] INFO:colcon.colcon_core.shell:Creating environment hook '/home/ubuntu/git/daniel_ws/2023_controller_a/install/controller_2023_a/share/controller_2023_a/hook/ament_prefix_path.sh'
[1.146s] DEBUG:colcon.colcon_core.event_handler.log_command:Invoking command in 'src/controller_2023_a': /home/ubuntu/.cargo/bin/cargo ament-build --install-base /home/ubuntu/git/daniel_ws/2023_controller_a/install/controller_2023_a -- --manifest-path /home/ubuntu/git/daniel_ws/2023_controller_a/src/controller_2023_a/Cargo.toml --target-dir /home/ubuntu/git/daniel_ws/2023_controller_a/build/controller_2023_a --quiet --release
[1.146s] Level 1:colcon.colcon_core.shell:create_environment_hook('omni_control', 'ament_prefix_path')
[1.152s] INFO:colcon.colcon_core.shell:Creating environment hook '/home/ubuntu/git/daniel_ws/2023_controller_a/install/omni_control/share/omni_control/hook/ament_prefix_path.ps1'
[1.152s] INFO:colcon.colcon_core.shell:Creating environment descriptor '/home/ubuntu/git/daniel_ws/2023_controller_a/install/omni_control/share/omni_control/hook/ament_prefix_path.dsv'
[1.152s] INFO:colcon.colcon_core.shell:Creating environment hook '/home/ubuntu/git/daniel_ws/2023_controller_a/install/omni_control/share/omni_control/hook/ament_prefix_path.sh'
[1.153s] DEBUG:colcon.colcon_core.event_handler.log_command:Invoking command in 'src/omni_control': /home/ubuntu/.cargo/bin/cargo ament-build --install-base /home/ubuntu/git/daniel_ws/2023_controller_a/install/omni_control -- --manifest-path /home/ubuntu/git/daniel_ws/2023_controller_a/src/omni_control/Cargo.toml --target-dir /home/ubuntu/git/daniel_ws/2023_controller_a/build/omni_control --quiet --release
[1.231s] Level 1:colcon.colcon_core.environment:create_environment_scripts_only(omni_control)
[1.231s] DEBUG:colcon.colcon_core.event_handler.log_command:Invoked command in 'src/omni_control' returned '0': /home/ubuntu/.cargo/bin/cargo ament-build --install-base /home/ubuntu/git/daniel_ws/2023_controller_a/install/omni_control -- --manifest-path /home/ubuntu/git/daniel_ws/2023_controller_a/src/omni_control/Cargo.toml --target-dir /home/ubuntu/git/daniel_ws/2023_controller_a/build/omni_control --quiet --release
[1.237s] Level 1:colcon.colcon_core.environment:checking '/home/ubuntu/git/daniel_ws/2023_controller_a/install/omni_control' for CMake module files
[1.237s] Level 1:colcon.colcon_core.environment:checking '/home/ubuntu/git/daniel_ws/2023_controller_a/install/omni_control' for CMake config files
[1.238s] Level 1:colcon.colcon_core.environment:checking '/home/ubuntu/git/daniel_ws/2023_controller_a/install/omni_control/lib'
[1.238s] Level 1:colcon.colcon_core.environment:checking '/home/ubuntu/git/daniel_ws/2023_controller_a/install/omni_control/bin'
[1.238s] Level 1:colcon.colcon_core.environment:checking '/home/ubuntu/git/daniel_ws/2023_controller_a/install/omni_control/lib/pkgconfig/omni_control.pc'
[1.238s] Level 1:colcon.colcon_core.environment:checking '/home/ubuntu/git/daniel_ws/2023_controller_a/install/omni_control/lib/python3.10/site-packages'
[1.238s] Level 1:colcon.colcon_core.environment:checking '/home/ubuntu/git/daniel_ws/2023_controller_a/install/omni_control/bin'
[1.244s] INFO:colcon.colcon_core.shell:Creating package script '/home/ubuntu/git/daniel_ws/2023_controller_a/install/omni_control/share/omni_control/package.ps1'
[1.244s] INFO:colcon.colcon_core.shell:Creating package descriptor '/home/ubuntu/git/daniel_ws/2023_controller_a/install/omni_control/share/omni_control/package.dsv'
[1.244s] INFO:colcon.colcon_core.shell:Creating package script '/home/ubuntu/git/daniel_ws/2023_controller_a/install/omni_control/share/omni_control/package.sh'
[1.244s] INFO:colcon.colcon_core.shell:Creating package script '/home/ubuntu/git/daniel_ws/2023_controller_a/install/omni_control/share/omni_control/package.bash'
[1.245s] INFO:colcon.colcon_core.shell:Creating package script '/home/ubuntu/git/daniel_ws/2023_controller_a/install/omni_control/share/omni_control/package.zsh'
[1.245s] Level 1:colcon.colcon_core.environment:create_file_with_runtime_dependencies(/home/ubuntu/git/daniel_ws/2023_controller_a/install/omni_control/share/colcon-core/packages/omni_control)
[1.656s] Level 1:colcon.colcon_core.environment:create_environment_scripts_only(controller_2023_a)
[1.657s] DEBUG:colcon.colcon_core.event_handler.log_command:Invoked command in 'src/controller_2023_a' returned '0': /home/ubuntu/.cargo/bin/cargo ament-build --install-base /home/ubuntu/git/daniel_ws/2023_controller_a/install/controller_2023_a -- --manifest-path /home/ubuntu/git/daniel_ws/2023_controller_a/src/controller_2023_a/Cargo.toml --target-dir /home/ubuntu/git/daniel_ws/2023_controller_a/build/controller_2023_a --quiet --release
[1.666s] Level 1:colcon.colcon_core.environment:checking '/home/ubuntu/git/daniel_ws/2023_controller_a/install/controller_2023_a' for CMake module files
[1.667s] Level 1:colcon.colcon_core.environment:checking '/home/ubuntu/git/daniel_ws/2023_controller_a/install/controller_2023_a' for CMake config files
[1.667s] Level 1:colcon.colcon_core.environment:checking '/home/ubuntu/git/daniel_ws/2023_controller_a/install/controller_2023_a/lib'
[1.667s] Level 1:colcon.colcon_core.environment:checking '/home/ubuntu/git/daniel_ws/2023_controller_a/install/controller_2023_a/bin'
[1.667s] Level 1:colcon.colcon_core.environment:checking '/home/ubuntu/git/daniel_ws/2023_controller_a/install/controller_2023_a/lib/pkgconfig/controller_2023_a.pc'
[1.667s] Level 1:colcon.colcon_core.environment:checking '/home/ubuntu/git/daniel_ws/2023_controller_a/install/controller_2023_a/lib/python3.10/site-packages'
[1.667s] Level 1:colcon.colcon_core.environment:checking '/home/ubuntu/git/daniel_ws/2023_controller_a/install/controller_2023_a/bin'
[1.674s] INFO:colcon.colcon_core.shell:Creating package script '/home/ubuntu/git/daniel_ws/2023_controller_a/install/controller_2023_a/share/controller_2023_a/package.ps1'
[1.675s] INFO:colcon.colcon_core.shell:Creating package descriptor '/home/ubuntu/git/daniel_ws/2023_controller_a/install/controller_2023_a/share/controller_2023_a/package.dsv'
[1.675s] INFO:colcon.colcon_core.shell:Creating package script '/home/ubuntu/git/daniel_ws/2023_controller_a/install/controller_2023_a/share/controller_2023_a/package.sh'
[1.675s] INFO:colcon.colcon_core.shell:Creating package script '/home/ubuntu/git/daniel_ws/2023_controller_a/install/controller_2023_a/share/controller_2023_a/package.bash'
[1.675s] INFO:colcon.colcon_core.shell:Creating package script '/home/ubuntu/git/daniel_ws/2023_controller_a/install/controller_2023_a/share/controller_2023_a/package.zsh'
[1.675s] Level 1:colcon.colcon_core.environment:create_file_with_runtime_dependencies(/home/ubuntu/git/daniel_ws/2023_controller_a/install/controller_2023_a/share/colcon-core/packages/controller_2023_a)
[1.675s] DEBUG:colcon.colcon_parallel_executor.executor.parallel:closing loop
[1.675s] DEBUG:colcon.colcon_parallel_executor.executor.parallel:loop closed
[1.675s] DEBUG:colcon.colcon_parallel_executor.executor.parallel:run_until_complete finished with '0'
[1.675s] DEBUG:colcon.colcon_core.event_reactor:joining thread
[1.683s] INFO:colcon.colcon_core.plugin_system:Skipping extension 'colcon_notification.desktop_notification.terminal_notifier': Not used on non-Darwin systems
[1.683s] INFO:colcon.colcon_core.plugin_system:Skipping extension 'colcon_notification.desktop_notification.win32': Not used on non-Windows systems
[1.684s] INFO:colcon.colcon_notification.desktop_notification:Sending desktop notification using 'notify2'
[1.696s] DEBUG:colcon.colcon_core.event_reactor:joined thread
[1.706s] INFO:colcon.colcon_core.shell:Creating prefix script '/home/ubuntu/git/daniel_ws/2023_controller_a/install/local_setup.ps1'
[1.707s] INFO:colcon.colcon_core.shell:Creating prefix util module '/home/ubuntu/git/daniel_ws/2023_controller_a/install/_local_setup_util_ps1.py'
[1.708s] INFO:colcon.colcon_core.shell:Creating prefix chain script '/home/ubuntu/git/daniel_ws/2023_controller_a/install/setup.ps1'
[1.714s] INFO:colcon.colcon_core.shell:Creating prefix script '/home/ubuntu/git/daniel_ws/2023_controller_a/install/local_setup.sh'
[1.714s] INFO:colcon.colcon_core.shell:Creating prefix util module '/home/ubuntu/git/daniel_ws/2023_controller_a/install/_local_setup_util_sh.py'
[1.715s] INFO:colcon.colcon_core.shell:Creating prefix chain script '/home/ubuntu/git/daniel_ws/2023_controller_a/install/setup.sh'
[1.720s] INFO:colcon.colcon_core.shell:Creating prefix script '/home/ubuntu/git/daniel_ws/2023_controller_a/install/local_setup.bash'
[1.721s] INFO:colcon.colcon_core.shell:Creating prefix chain script '/home/ubuntu/git/daniel_ws/2023_controller_a/install/setup.bash'
[1.727s] INFO:colcon.colcon_core.shell:Creating prefix script '/home/ubuntu/git/daniel_ws/2023_controller_a/install/local_setup.zsh'
[1.727s] INFO:colcon.colcon_core.shell:Creating prefix chain script '/home/ubuntu/git/daniel_ws/2023_controller_a/install/setup.zsh'
