[0.057s] Invoking command in 'src/controller_2023_a': /home/ubuntu/.cargo/bin/cargo ament-build --install-base /home/ubuntu/git/daniel_ws/2023_controller_a/install/controller_2023_a -- --manifest-path /home/ubuntu/git/daniel_ws/2023_controller_a/src/controller_2023_a/Cargo.toml --target-dir /home/ubuntu/git/daniel_ws/2023_controller_a/build/controller_2023_a --quiet --release
[0.119s] [0m[1m[33mwarning[0m[0m[1m: unused imports: `RecvResult`, `pr_fatal`, `pr_info`, `self`, `service::client::Client`, `std_msgs`[0m
[0.119s] [0m  [0m[0m[1m[38;5;12m--> [0m[0msrc/main.rs:9:43[0m
[0.120s] [0m   [0m[0m[1m[38;5;12m|[0m
[0.121s] [0m[1m[38;5;12m9[0m[0m  [0m[0m[1m[38;5;12m|[0m[0m [0m[0m    msg::common_interfaces::{sensor_msgs, std_msgs},[0m
[0.121s] [0m   [0m[0m[1m[38;5;12m| [0m[0m                                          [0m[0m[1m[33m^^^^^^^^[0m
[0.121s] [0m[1m[38;5;12m10[0m[0m [0m[0m[1m[38;5;12m|[0m[0m [0m[0m    pr_fatal, pr_info,[0m
[0.121s] [0m   [0m[0m[1m[38;5;12m| [0m[0m    [0m[0m[1m[33m^^^^^^^^[0m[0m  [0m[0m[1m[33m^^^^^^^[0m
[0.121s] [0m[1m[38;5;12m11[0m[0m [0m[0m[1m[38;5;12m|[0m[0m [0m[0m    selector::Selector,[0m
[0.121s] [0m[1m[38;5;12m12[0m[0m [0m[0m[1m[38;5;12m|[0m[0m [0m[0m    service::client::Client,[0m
[0.121s] [0m   [0m[0m[1m[38;5;12m| [0m[0m    [0m[0m[1m[33m^^^^^^^^^^^^^^^^^^^^^^^[0m
[0.121s] [0m[1m[38;5;12m13[0m[0m [0m[0m[1m[38;5;12m|[0m[0m [0m[0m    topic::{publisher::{self, Publisher}, subscriber::Subscriber},[0m
[0.121s] [0m   [0m[0m[1m[38;5;12m| [0m[0m                        [0m[0m[1m[33m^^^^[0m
[0.121s] [0m[1m[38;5;12m14[0m[0m [0m[0m[1m[38;5;12m|[0m[0m [0m[0m    RecvResult,[0m
[0.121s] [0m   [0m[0m[1m[38;5;12m| [0m[0m    [0m[0m[1m[33m^^^^^^^^^^[0m
[0.121s] [0m   [0m[0m[1m[38;5;12m|[0m
[0.121s] [0m   [0m[0m[1m[38;5;12m= [0m[0m[1mnote[0m[0m: `#[warn(unused_imports)]` on by default[0m
[0.121s] 
[0.121s] [0m[1m[33mwarning[0m[0m[1m: unused import: `time::Duration`[0m
[0.121s] [0m  [0m[0m[1m[38;5;12m--> [0m[0msrc/main.rs:16:19[0m
[0.121s] [0m   [0m[0m[1m[38;5;12m|[0m
[0.121s] [0m[1m[38;5;12m16[0m[0m [0m[0m[1m[38;5;12m|[0m[0m [0m[0muse std::{rc::Rc, time::Duration};[0m
[0.121s] [0m   [0m[0m[1m[38;5;12m| [0m[0m                  [0m[0m[1m[33m^^^^^^^^^^^^^^[0m
[0.121s] 
[0.121s] [0m[1m[33mwarning[0m[0m[1m: unused import: `safe_drive::node::Node`[0m
[0.121s] [0m  [0m[0m[1m[38;5;12m--> [0m[0msrc/main.rs:18:5[0m
[0.121s] [0m   [0m[0m[1m[38;5;12m|[0m
[0.121s] [0m[1m[38;5;12m18[0m[0m [0m[0m[1m[38;5;12m|[0m[0m [0m[0muse safe_drive::node::Node;[0m
[0.121s] [0m   [0m[0m[1m[38;5;12m| [0m[0m    [0m[0m[1m[33m^^^^^^^^^^^^^^^^^^^^^^[0m
[0.121s] 
[0.121s] [0m[1m[33mwarning[0m[0m[1m: unused variable: `logger`[0m
[0.121s] [0m  [0m[0m[1m[38;5;12m--> [0m[0msrc/main.rs:62:9[0m
[0.121s] [0m   [0m[0m[1m[38;5;12m|[0m
[0.121s] [0m[1m[38;5;12m62[0m[0m [0m[0m[1m[38;5;12m|[0m[0m [0m[0m    let logger = Rc::new(Logger::new("controller_2023"));[0m
[0.122s] [0m   [0m[0m[1m[38;5;12m| [0m[0m        [0m[0m[1m[33m^^^^^^[0m[0m [0m[0m[1m[33mhelp: if this is intentional, prefix it with an underscore: `_logger`[0m
[0.122s] [0m   [0m[0m[1m[38;5;12m|[0m
[0.122s] [0m   [0m[0m[1m[38;5;12m= [0m[0m[1mnote[0m[0m: `#[warn(unused_variables)]` on by default[0m
[0.122s] 
[0.122s] [0m[1m[33mwarning[0m[0m[1m: unused variable: `publisher`[0m
[0.122s] [0m  [0m[0m[1m[38;5;12m--> [0m[0msrc/main.rs:59:5[0m
[0.122s] [0m   [0m[0m[1m[38;5;12m|[0m
[0.122s] [0m[1m[38;5;12m59[0m[0m [0m[0m[1m[38;5;12m|[0m[0m [0m[0m    publisher:Publisher<MdLibMsg>[0m
[0.122s] [0m   [0m[0m[1m[38;5;12m| [0m[0m    [0m[0m[1m[33m^^^^^^^^^[0m[0m [0m[0m[1m[33mhelp: if this is intentional, prefix it with an underscore: `_publisher`[0m
[0.122s] 
[0.122s] [0m[1m[33mwarning[0m[0m[1m: function `send_pwm` is never used[0m
[0.122s] [0m   [0m[0m[1m[38;5;12m--> [0m[0msrc/main.rs:132:4[0m
[0.122s] [0m    [0m[0m[1m[38;5;12m|[0m
[0.122s] [0m[1m[38;5;12m132[0m[0m [0m[0m[1m[38;5;12m|[0m[0m [0m[0mfn send_pwm(_address:u32, _semi_id:u32,_phase:bool,_power:u32,publisher:&Publisher<MdLibMsg>){[0m
[0.122s] [0m    [0m[0m[1m[38;5;12m| [0m[0m   [0m[0m[1m[33m^^^^^^^^[0m
[0.122s] [0m    [0m[0m[1m[38;5;12m|[0m
[0.122s] [0m    [0m[0m[1m[38;5;12m= [0m[0m[1mnote[0m[0m: `#[warn(dead_code)]` on by default[0m
[0.122s] 
[0.122s] [0m[1m[33mwarning[0m[0m[1m: multiple methods are never used[0m
[0.122s] [0m  [0m[0m[1m[38;5;12m--> [0m[0msrc/p9n_interface.rs:16:12[0m
[0.122s] [0m   [0m[0m[1m[38;5;12m|[0m
[0.122s] [0m[1m[38;5;12m9[0m[0m  [0m[0m[1m[38;5;12m|[0m[0m [0m[0mimpl PlaystationInterface {[0m
[0.122s] [0m   [0m[0m[1m[38;5;12m| [0m[0m[1m[38;5;12m-------------------------[0m[0m [0m[0m[1m[38;5;12mmethods in this implementation[0m
[0.122s] [0m[1m[38;5;12m...[0m
[0.122s] [0m[1m[38;5;12m16[0m[0m [0m[0m[1m[38;5;12m|[0m[0m [0m[0m    pub fn pressed_start(&self) -> bool {[0m
[0.122s] [0m   [0m[0m[1m[38;5;12m| [0m[0m           [0m[0m[1m[33m^^^^^^^^^^^^^[0m
[0.122s] [0m[1m[38;5;12m...[0m
[0.122s] [0m[1m[38;5;12m19[0m[0m [0m[0m[1m[38;5;12m|[0m[0m [0m[0m    pub fn pressed_l1(&self) -> bool {[0m
[0.122s] [0m   [0m[0m[1m[38;5;12m| [0m[0m           [0m[0m[1m[33m^^^^^^^^^^[0m
[0.122s] [0m[1m[38;5;12m...[0m
[0.122s] [0m[1m[38;5;12m22[0m[0m [0m[0m[1m[38;5;12m|[0m[0m [0m[0m    pub fn pressed_r1(&self) -> bool {[0m
[0.122s] [0m   [0m[0m[1m[38;5;12m| [0m[0m           [0m[0m[1m[33m^^^^^^^^^^[0m
[0.122s] [0m[1m[38;5;12m...[0m
[0.123s] [0m[1m[38;5;12m25[0m[0m [0m[0m[1m[38;5;12m|[0m[0m [0m[0m    pub fn pressed_l2(&self) -> bool {[0m
[0.123s] [0m   [0m[0m[1m[38;5;12m| [0m[0m           [0m[0m[1m[33m^^^^^^^^^^[0m
[0.123s] [0m[1m[38;5;12m...[0m
[0.123s] [0m[1m[38;5;12m31[0m[0m [0m[0m[1m[38;5;12m|[0m[0m [0m[0m    pub fn pressed_dpad_left(&self) -> bool {[0m
[0.123s] [0m   [0m[0m[1m[38;5;12m| [0m[0m           [0m[0m[1m[33m^^^^^^^^^^^^^^^^^[0m
[0.123s] [0m[1m[38;5;12m...[0m
[0.123s] [0m[1m[38;5;12m34[0m[0m [0m[0m[1m[38;5;12m|[0m[0m [0m[0m    pub fn pressed_dpad_up(&self) -> bool {[0m
[0.123s] [0m   [0m[0m[1m[38;5;12m| [0m[0m           [0m[0m[1m[33m^^^^^^^^^^^^^^^[0m
[0.123s] [0m[1m[38;5;12m...[0m
[0.123s] [0m[1m[38;5;12m37[0m[0m [0m[0m[1m[38;5;12m|[0m[0m [0m[0m    pub fn pressed_dpad_right(&self) -> bool {[0m
[0.123s] [0m   [0m[0m[1m[38;5;12m| [0m[0m           [0m[0m[1m[33m^^^^^^^^^^^^^^^^^^[0m
[0.123s] [0m[1m[38;5;12m...[0m
[0.123s] [0m[1m[38;5;12m40[0m[0m [0m[0m[1m[38;5;12m|[0m[0m [0m[0m    pub fn pressed_l2_analog(&self) -> f32 {[0m
[0.123s] [0m   [0m[0m[1m[38;5;12m| [0m[0m           [0m[0m[1m[33m^^^^^^^^^^^^^^^^^[0m
[0.123s] [0m[1m[38;5;12m...[0m
[0.123s] [0m[1m[38;5;12m43[0m[0m [0m[0m[1m[38;5;12m|[0m[0m [0m[0m    pub fn pressed_r2_analog(&self) -> f32 {[0m
[0.123s] [0m   [0m[0m[1m[38;5;12m| [0m[0m           [0m[0m[1m[33m^^^^^^^^^^^^^^^^^[0m
[0.123s] 
[0.123s] [0m[1m[33mwarning[0m[0m[1m: constant `STICK_LX` is never used[0m
[0.123s] [0m [0m[0m[1m[38;5;12m--> [0m[0msrc/ps5_dualsense.rs:3:15[0m
[0.123s] [0m  [0m[0m[1m[38;5;12m|[0m
[0.123s] [0m[1m[38;5;12m3[0m[0m [0m[0m[1m[38;5;12m|[0m[0m [0m[0m    pub const STICK_LX: usize = 0;[0m
[0.123s] [0m  [0m[0m[1m[38;5;12m| [0m[0m              [0m[0m[1m[33m^^^^^^^^[0m
[0.123s] 
[0.123s] [0m[1m[33mwarning[0m[0m[1m: constant `STICK_LY` is never used[0m
[0.123s] [0m [0m[0m[1m[38;5;12m--> [0m[0msrc/ps5_dualsense.rs:4:15[0m
[0.123s] [0m  [0m[0m[1m[38;5;12m|[0m
[0.123s] [0m[1m[38;5;12m4[0m[0m [0m[0m[1m[38;5;12m|[0m[0m [0m[0m    pub const STICK_LY: usize = 1;[0m
[0.124s] [0m  [0m[0m[1m[38;5;12m| [0m[0m              [0m[0m[1m[33m^^^^^^^^[0m
[0.124s] 
[0.124s] [0m[1m[33mwarning[0m[0m[1m: constant `L2` is never used[0m
[0.124s] [0m [0m[0m[1m[38;5;12m--> [0m[0msrc/ps5_dualsense.rs:5:15[0m
[0.124s] [0m  [0m[0m[1m[38;5;12m|[0m
[0.124s] [0m[1m[38;5;12m5[0m[0m [0m[0m[1m[38;5;12m|[0m[0m [0m[0m    pub const L2: usize = 2;[0m
[0.124s] [0m  [0m[0m[1m[38;5;12m| [0m[0m              [0m[0m[1m[33m^^[0m
[0.124s] 
[0.124s] [0m[1m[33mwarning[0m[0m[1m: constant `STICK_RX` is never used[0m
[0.124s] [0m [0m[0m[1m[38;5;12m--> [0m[0msrc/ps5_dualsense.rs:6:15[0m
[0.124s] [0m  [0m[0m[1m[38;5;12m|[0m
[0.124s] [0m[1m[38;5;12m6[0m[0m [0m[0m[1m[38;5;12m|[0m[0m [0m[0m    pub const STICK_RX: usize = 3;[0m
[0.124s] [0m  [0m[0m[1m[38;5;12m| [0m[0m              [0m[0m[1m[33m^^^^^^^^[0m
[0.124s] 
[0.124s] [0m[1m[33mwarning[0m[0m[1m: constant `STICK_RY` is never used[0m
[0.124s] [0m [0m[0m[1m[38;5;12m--> [0m[0msrc/ps5_dualsense.rs:7:15[0m
[0.124s] [0m  [0m[0m[1m[38;5;12m|[0m
[0.124s] [0m[1m[38;5;12m7[0m[0m [0m[0m[1m[38;5;12m|[0m[0m [0m[0m    pub const STICK_RY: usize = 4;[0m
[0.124s] [0m  [0m[0m[1m[38;5;12m| [0m[0m              [0m[0m[1m[33m^^^^^^^^[0m
[0.124s] 
[0.124s] [0m[1m[33mwarning[0m[0m[1m: constant `R2` is never used[0m
[0.124s] [0m [0m[0m[1m[38;5;12m--> [0m[0msrc/ps5_dualsense.rs:8:15[0m
[0.124s] [0m  [0m[0m[1m[38;5;12m|[0m
[0.124s] [0m[1m[38;5;12m8[0m[0m [0m[0m[1m[38;5;12m|[0m[0m [0m[0m    pub const R2: usize = 5;[0m
[0.124s] [0m  [0m[0m[1m[38;5;12m| [0m[0m              [0m[0m[1m[33m^^[0m
[0.124s] 
[0.124s] [0m[1m[33mwarning[0m[0m[1m: constant `DPAD_X` is never used[0m
[0.124s] [0m [0m[0m[1m[38;5;12m--> [0m[0msrc/ps5_dualsense.rs:9:15[0m
[0.124s] [0m  [0m[0m[1m[38;5;12m|[0m
[0.124s] [0m[1m[38;5;12m9[0m[0m [0m[0m[1m[38;5;12m|[0m[0m [0m[0m    pub const DPAD_X: usize = 6;[0m
[0.124s] [0m  [0m[0m[1m[38;5;12m| [0m[0m              [0m[0m[1m[33m^^^^^^[0m
[0.124s] 
[0.124s] [0m[1m[33mwarning[0m[0m[1m: constant `DPAD_Y` is never used[0m
[0.124s] [0m  [0m[0m[1m[38;5;12m--> [0m[0msrc/ps5_dualsense.rs:10:15[0m
[0.124s] [0m   [0m[0m[1m[38;5;12m|[0m
[0.124s] [0m[1m[38;5;12m10[0m[0m [0m[0m[1m[38;5;12m|[0m[0m [0m[0m    pub const DPAD_Y: usize = 7;[0m
[0.125s] [0m   [0m[0m[1m[38;5;12m| [0m[0m              [0m[0m[1m[33m^^^^^^[0m
[0.125s] 
[0.125s] [0m[1m[33mwarning[0m[0m[1m: constant `CROSS` is never used[0m
[0.125s] [0m  [0m[0m[1m[38;5;12m--> [0m[0msrc/ps5_dualsense.rs:13:15[0m
[0.125s] [0m   [0m[0m[1m[38;5;12m|[0m
[0.125s] [0m[1m[38;5;12m13[0m[0m [0m[0m[1m[38;5;12m|[0m[0m [0m[0m    pub const CROSS: usize = 0;[0m
[0.125s] [0m   [0m[0m[1m[38;5;12m| [0m[0m              [0m[0m[1m[33m^^^^^[0m
[0.125s] 
[0.125s] [0m[1m[33mwarning[0m[0m[1m: constant `CIRCLE` is never used[0m
[0.125s] [0m  [0m[0m[1m[38;5;12m--> [0m[0msrc/ps5_dualsense.rs:14:15[0m
[0.125s] [0m   [0m[0m[1m[38;5;12m|[0m
[0.125s] [0m[1m[38;5;12m14[0m[0m [0m[0m[1m[38;5;12m|[0m[0m [0m[0m    pub const CIRCLE: usize = 1;[0m
[0.125s] [0m   [0m[0m[1m[38;5;12m| [0m[0m              [0m[0m[1m[33m^^^^^^[0m
[0.125s] 
[0.125s] [0m[1m[33mwarning[0m[0m[1m: constant `TRIANGLE` is never used[0m
[0.125s] [0m  [0m[0m[1m[38;5;12m--> [0m[0msrc/ps5_dualsense.rs:15:15[0m
[0.125s] [0m   [0m[0m[1m[38;5;12m|[0m
[0.125s] [0m[1m[38;5;12m15[0m[0m [0m[0m[1m[38;5;12m|[0m[0m [0m[0m    pub const TRIANGLE: usize = 2;[0m
[0.125s] [0m   [0m[0m[1m[38;5;12m| [0m[0m              [0m[0m[1m[33m^^^^^^^^[0m
[0.125s] 
[0.125s] [0m[1m[33mwarning[0m[0m[1m: constant `SQUARE` is never used[0m
[0.125s] [0m  [0m[0m[1m[38;5;12m--> [0m[0msrc/ps5_dualsense.rs:16:15[0m
[0.125s] [0m   [0m[0m[1m[38;5;12m|[0m
[0.125s] [0m[1m[38;5;12m16[0m[0m [0m[0m[1m[38;5;12m|[0m[0m [0m[0m    pub const SQUARE: usize = 3;[0m
[0.125s] [0m   [0m[0m[1m[38;5;12m| [0m[0m              [0m[0m[1m[33m^^^^^^[0m
[0.125s] 
[0.125s] [0m[1m[33mwarning[0m[0m[1m: constant `L1` is never used[0m
[0.125s] [0m  [0m[0m[1m[38;5;12m--> [0m[0msrc/ps5_dualsense.rs:17:15[0m
[0.125s] [0m   [0m[0m[1m[38;5;12m|[0m
[0.125s] [0m[1m[38;5;12m17[0m[0m [0m[0m[1m[38;5;12m|[0m[0m [0m[0m    pub const L1: usize = 4;[0m
[0.125s] [0m   [0m[0m[1m[38;5;12m| [0m[0m              [0m[0m[1m[33m^^[0m
[0.125s] 
[0.125s] [0m[1m[33mwarning[0m[0m[1m: constant `R1` is never used[0m
[0.125s] [0m  [0m[0m[1m[38;5;12m--> [0m[0msrc/ps5_dualsense.rs:18:15[0m
[0.125s] [0m   [0m[0m[1m[38;5;12m|[0m
[0.125s] [0m[1m[38;5;12m18[0m[0m [0m[0m[1m[38;5;12m|[0m[0m [0m[0m    pub const R1: usize = 5;[0m
[0.125s] [0m   [0m[0m[1m[38;5;12m| [0m[0m              [0m[0m[1m[33m^^[0m
[0.125s] 
[0.126s] [0m[1m[33mwarning[0m[0m[1m: constant `L2` is never used[0m
[0.126s] [0m  [0m[0m[1m[38;5;12m--> [0m[0msrc/ps5_dualsense.rs:19:15[0m
[0.126s] [0m   [0m[0m[1m[38;5;12m|[0m
[0.126s] [0m[1m[38;5;12m19[0m[0m [0m[0m[1m[38;5;12m|[0m[0m [0m[0m    pub const L2: usize = 6;[0m
[0.126s] [0m   [0m[0m[1m[38;5;12m| [0m[0m              [0m[0m[1m[33m^^[0m
[0.126s] 
[0.126s] [0m[1m[33mwarning[0m[0m[1m: constant `SELECT` is never used[0m
[0.126s] [0m  [0m[0m[1m[38;5;12m--> [0m[0msrc/ps5_dualsense.rs:21:15[0m
[0.126s] [0m   [0m[0m[1m[38;5;12m|[0m
[0.126s] [0m[1m[38;5;12m21[0m[0m [0m[0m[1m[38;5;12m|[0m[0m [0m[0m    pub const SELECT: usize = 8;[0m
[0.126s] [0m   [0m[0m[1m[38;5;12m| [0m[0m              [0m[0m[1m[33m^^^^^^[0m
[0.126s] 
[0.126s] [0m[1m[33mwarning[0m[0m[1m: constant `START` is never used[0m
[0.126s] [0m  [0m[0m[1m[38;5;12m--> [0m[0msrc/ps5_dualsense.rs:22:15[0m
[0.126s] [0m   [0m[0m[1m[38;5;12m|[0m
[0.126s] [0m[1m[38;5;12m22[0m[0m [0m[0m[1m[38;5;12m|[0m[0m [0m[0m    pub const START: usize = 9;[0m
[0.126s] [0m   [0m[0m[1m[38;5;12m| [0m[0m              [0m[0m[1m[33m^^^^^[0m
[0.126s] 
[0.126s] [0m[1m[33mwarning[0m[0m[1m: constant `PS` is never used[0m
[0.126s] [0m  [0m[0m[1m[38;5;12m--> [0m[0msrc/ps5_dualsense.rs:23:15[0m
[0.126s] [0m   [0m[0m[1m[38;5;12m|[0m
[0.126s] [0m[1m[38;5;12m23[0m[0m [0m[0m[1m[38;5;12m|[0m[0m [0m[0m    pub const PS: usize = 10;[0m
[0.126s] [0m   [0m[0m[1m[38;5;12m| [0m[0m              [0m[0m[1m[33m^^[0m
[0.126s] 
[0.126s] [0m[1m[33mwarning[0m[0m[1m: constant `STICK_L_PUSH` is never used[0m
[0.126s] [0m  [0m[0m[1m[38;5;12m--> [0m[0msrc/ps5_dualsense.rs:24:15[0m
[0.126s] [0m   [0m[0m[1m[38;5;12m|[0m
[0.126s] [0m[1m[38;5;12m24[0m[0m [0m[0m[1m[38;5;12m|[0m[0m [0m[0m    pub const STICK_L_PUSH: usize = 11;[0m
[0.126s] [0m   [0m[0m[1m[38;5;12m| [0m[0m              [0m[0m[1m[33m^^^^^^^^^^^^[0m
[0.126s] 
[0.126s] [0m[1m[33mwarning[0m[0m[1m: constant `STICK_R_PUSH` is never used[0m
[0.126s] [0m  [0m[0m[1m[38;5;12m--> [0m[0msrc/ps5_dualsense.rs:25:15[0m
[0.126s] [0m   [0m[0m[1m[38;5;12m|[0m
[0.126s] [0m[1m[38;5;12m25[0m[0m [0m[0m[1m[38;5;12m|[0m[0m [0m[0m    pub const STICK_R_PUSH: usize = 12;[0m
[0.126s] [0m   [0m[0m[1m[38;5;12m| [0m[0m              [0m[0m[1m[33m^^^^^^^^^^^^[0m
[0.126s] 
[0.126s] [0m[1m[33mwarning[0m[0m[1m: module `DualsenseState` should have a snake case name[0m
[0.126s] [0m  [0m[0m[1m[38;5;12m--> [0m[0msrc/main.rs:20:9[0m
[0.127s] [0m   [0m[0m[1m[38;5;12m|[0m
[0.127s] [0m[1m[38;5;12m20[0m[0m [0m[0m[1m[38;5;12m|[0m[0m [0m[0mpub mod DualsenseState {[0m
[0.127s] [0m   [0m[0m[1m[38;5;12m| [0m[0m        [0m[0m[1m[33m^^^^^^^^^^^^^^[0m[0m [0m[0m[1m[33mhelp: convert the identifier to snake case: `dualsense_state`[0m
[0.127s] [0m   [0m[0m[1m[38;5;12m|[0m
[0.127s] [0m   [0m[0m[1m[38;5;12m= [0m[0m[1mnote[0m[0m: `#[warn(non_snake_case)]` on by default[0m
[0.127s] 
[0.127s] [0m[1m[33mwarning[0m[0m[1m: module `BUTTONS_DUALSENSE` should have a snake case name[0m
[0.127s] [0m  [0m[0m[1m[38;5;12m--> [0m[0msrc/ps5_dualsense.rs:12:9[0m
[0.127s] [0m   [0m[0m[1m[38;5;12m|[0m
[0.127s] [0m[1m[38;5;12m12[0m[0m [0m[0m[1m[38;5;12m|[0m[0m [0m[0mpub mod BUTTONS_DUALSENSE {[0m
[0.127s] [0m   [0m[0m[1m[38;5;12m| [0m[0m        [0m[0m[1m[33m^^^^^^^^^^^^^^^^^[0m[0m [0m[0m[1m[33mhelp: convert the identifier to snake case: `buttons_dualsense`[0m
[0.127s] 
[0.127s] Invoked command in 'src/controller_2023_a' returned '0': /home/ubuntu/.cargo/bin/cargo ament-build --install-base /home/ubuntu/git/daniel_ws/2023_controller_a/install/controller_2023_a -- --manifest-path /home/ubuntu/git/daniel_ws/2023_controller_a/src/controller_2023_a/Cargo.toml --target-dir /home/ubuntu/git/daniel_ws/2023_controller_a/build/controller_2023_a --quiet --release
