[0.024s] Invoking command in '/home/ubuntu/git/daniel_ws/2023_controller_a/build/controller_2023_launch_a': CMAKE_PREFIX_PATH=/opt/ros/humble /usr/bin/cmake /home/ubuntu/git/daniel_ws/2023_controller_a/src/controller_2023_launch_a -DCMAKE_INSTALL_PREFIX=/home/ubuntu/git/daniel_ws/2023_controller_a/install/controller_2023_launch_a
[0.090s] -- The C compiler identification is GNU 11.4.0
[0.173s] -- The CXX compiler identification is GNU 11.4.0
[0.179s] -- Detecting C compiler ABI info
[0.226s] -- Detecting C compiler ABI info - done
[0.239s] -- Check for working C compiler: /usr/bin/cc - skipped
[0.240s] -- Detecting C compile features
[0.240s] -- Detecting C compile features - done
[0.244s] -- Detecting CXX compiler ABI info
[0.322s] -- Detecting CXX compiler ABI info - done
[0.333s] -- Check for working CXX compiler: /usr/bin/c++ - skipped
[0.334s] -- Detecting CXX compile features
[0.334s] -- Detecting CXX compile features - done
[0.337s] -- Found ament_cmake: 1.3.7 (/opt/ros/humble/share/ament_cmake/cmake)
[0.515s] -- Found Python3: /usr/bin/python3.10 (found version "3.10.12") found components: Interpreter 
[0.594s] -- Found ament_lint_auto: 0.12.10 (/opt/ros/humble/share/ament_lint_auto/cmake)
[0.669s] -- Added test 'lint_cmake' to check CMake code style
[0.670s] -- Added test 'xmllint' to check XML markup files
[0.672s] -- Configuring done
[0.675s] -- Generating done
[0.677s] -- Build files have been written to: /home/ubuntu/git/daniel_ws/2023_controller_a/build/controller_2023_launch_a
[0.681s] Invoked command in '/home/ubuntu/git/daniel_ws/2023_controller_a/build/controller_2023_launch_a' returned '0': CMAKE_PREFIX_PATH=/opt/ros/humble /usr/bin/cmake /home/ubuntu/git/daniel_ws/2023_controller_a/src/controller_2023_launch_a -DCMAKE_INSTALL_PREFIX=/home/ubuntu/git/daniel_ws/2023_controller_a/install/controller_2023_launch_a
[0.683s] Invoking command in '/home/ubuntu/git/daniel_ws/2023_controller_a/build/controller_2023_launch_a': CMAKE_PREFIX_PATH=/opt/ros/humble /usr/bin/cmake --build /home/ubuntu/git/daniel_ws/2023_controller_a/build/controller_2023_launch_a -- -j8 -l8
[0.707s] Invoked command in '/home/ubuntu/git/daniel_ws/2023_controller_a/build/controller_2023_launch_a' returned '0': CMAKE_PREFIX_PATH=/opt/ros/humble /usr/bin/cmake --build /home/ubuntu/git/daniel_ws/2023_controller_a/build/controller_2023_launch_a -- -j8 -l8
[0.734s] Invoking command in '/home/ubuntu/git/daniel_ws/2023_controller_a/build/controller_2023_launch_a': CMAKE_PREFIX_PATH=/opt/ros/humble /usr/bin/cmake --install /home/ubuntu/git/daniel_ws/2023_controller_a/build/controller_2023_launch_a
[0.742s] -- Install configuration: ""
[0.742s] -- Installing: /home/ubuntu/git/daniel_ws/2023_controller_a/install/controller_2023_launch_a/share/controller_2023_launch_a//launch
[0.742s] -- Installing: /home/ubuntu/git/daniel_ws/2023_controller_a/install/controller_2023_launch_a/share/controller_2023_launch_a//launch/controller_2023_launch_a.launch.xml
[0.742s] -- Installing: /home/ubuntu/git/daniel_ws/2023_controller_a/install/controller_2023_launch_a/share/ament_index/resource_index/package_run_dependencies/controller_2023_launch_a
[0.742s] -- Installing: /home/ubuntu/git/daniel_ws/2023_controller_a/install/controller_2023_launch_a/share/ament_index/resource_index/parent_prefix_path/controller_2023_launch_a
[0.743s] -- Installing: /home/ubuntu/git/daniel_ws/2023_controller_a/install/controller_2023_launch_a/share/controller_2023_launch_a/environment/ament_prefix_path.sh
[0.743s] -- Installing: /home/ubuntu/git/daniel_ws/2023_controller_a/install/controller_2023_launch_a/share/controller_2023_launch_a/environment/ament_prefix_path.dsv
[0.743s] -- Installing: /home/ubuntu/git/daniel_ws/2023_controller_a/install/controller_2023_launch_a/share/controller_2023_launch_a/environment/path.sh
[0.743s] -- Installing: /home/ubuntu/git/daniel_ws/2023_controller_a/install/controller_2023_launch_a/share/controller_2023_launch_a/environment/path.dsv
[0.743s] -- Installing: /home/ubuntu/git/daniel_ws/2023_controller_a/install/controller_2023_launch_a/share/controller_2023_launch_a/local_setup.bash
[0.743s] -- Installing: /home/ubuntu/git/daniel_ws/2023_controller_a/install/controller_2023_launch_a/share/controller_2023_launch_a/local_setup.sh
[0.743s] -- Installing: /home/ubuntu/git/daniel_ws/2023_controller_a/install/controller_2023_launch_a/share/controller_2023_launch_a/local_setup.zsh
[0.743s] -- Installing: /home/ubuntu/git/daniel_ws/2023_controller_a/install/controller_2023_launch_a/share/controller_2023_launch_a/local_setup.dsv
[0.744s] -- Installing: /home/ubuntu/git/daniel_ws/2023_controller_a/install/controller_2023_launch_a/share/controller_2023_launch_a/package.dsv
[0.744s] -- Installing: /home/ubuntu/git/daniel_ws/2023_controller_a/install/controller_2023_launch_a/share/ament_index/resource_index/packages/controller_2023_launch_a
[0.744s] -- Installing: /home/ubuntu/git/daniel_ws/2023_controller_a/install/controller_2023_launch_a/share/controller_2023_launch_a/cmake/controller_2023_launch_aConfig.cmake
[0.744s] -- Installing: /home/ubuntu/git/daniel_ws/2023_controller_a/install/controller_2023_launch_a/share/controller_2023_launch_a/cmake/controller_2023_launch_aConfig-version.cmake
[0.744s] -- Installing: /home/ubuntu/git/daniel_ws/2023_controller_a/install/controller_2023_launch_a/share/controller_2023_launch_a/package.xml
[0.746s] Invoked command in '/home/ubuntu/git/daniel_ws/2023_controller_a/build/controller_2023_launch_a' returned '0': CMAKE_PREFIX_PATH=/opt/ros/humble /usr/bin/cmake --install /home/ubuntu/git/daniel_ws/2023_controller_a/build/controller_2023_launch_a
