[0.000000] (-) TimerEvent: {}
[0.000736] (controller_2023_launch_a) JobQueued: {'identifier': 'controller_2023_launch_a', 'dependencies': OrderedDict()}
[0.000875] (drobo_interfaces) JobQueued: {'identifier': 'drobo_interfaces', 'dependencies': OrderedDict()}
[0.001051] (controller_2023_a) JobQueued: {'identifier': 'controller_2023_a', 'dependencies': OrderedDict([('drobo_interfaces', '/home/ubuntu/git/daniel_ws/2023_controller_a/install/drobo_interfaces')])}
[0.001208] (omni_control) JobQueued: {'identifier': 'omni_control', 'dependencies': OrderedDict([('drobo_interfaces', '/home/ubuntu/git/daniel_ws/2023_controller_a/install/drobo_interfaces')])}
[0.001625] (drobo_interfaces) JobStarted: {'identifier': 'drobo_interfaces'}
[0.029196] (controller_2023_launch_a) JobStarted: {'identifier': 'controller_2023_launch_a'}
[0.054713] (drobo_interfaces) JobProgress: {'identifier': 'drobo_interfaces', 'progress': 'cmake'}
[0.054992] (drobo_interfaces) JobProgress: {'identifier': 'drobo_interfaces', 'progress': 'build'}
[0.055311] (drobo_interfaces) Command: {'cmd': ['/usr/bin/cmake', '--build', '/home/ubuntu/git/daniel_ws/2023_controller_a/build/drobo_interfaces', '--', '-j8', '-l8'], 'cwd': '/home/ubuntu/git/daniel_ws/2023_controller_a/build/drobo_interfaces', 'env': OrderedDict([('USER', 'daniel_ezomo'), ('XDG_SESSION_TYPE', 'wayland'), ('SHLVL', '1'), ('LD_LIBRARY_PATH', '/home/ubuntu/git/daniel_ws/2023_controller_a/install/drobo_interfaces/lib:/opt/ros/humble/opt/rviz_ogre_vendor/lib:/opt/ros/humble/lib/aarch64-linux-gnu:/opt/ros/humble/lib'), ('OLDPWD', '/home/ubuntu/git/daniel_ws'), ('HOME', '/home/ubuntu'), ('DESKTOP_SESSION', 'ubuntu'), ('GTK_MODULES', 'gail:atk-bridge'), ('GNOME_SHELL_SESSION_MODE', 'ubuntu'), ('ROS_PYTHON_VERSION', '3'), ('SYSTEMD_EXEC_PID', '1927'), ('DBUS_SESSION_BUS_ADDRESS', 'unix:path=/run/user/1000/bus'), ('P9K_TTY', 'old'), ('COLORTERM', 'truecolor'), ('ZPFX', '/home/ubuntu/.local/share/zinit/polaris'), ('WAYLAND_DISPLAY', 'wayland-0'), ('ROS_DISTRO', 'humble'), ('COLCON_PREFIX_PATH', '/home/ubuntu/git/daniel_ws/2023_controller_a/install'), ('LOGNAME', 'daniel_ezomo'), ('_', '/usr/bin/colcon'), ('_P9K_SSH_TTY', '/dev/pts/0'), ('XDG_SESSION_CLASS', 'user'), ('ROS_VERSION', '2'), ('USERNAME', 'daniel_ezomo'), ('TERM', 'xterm-256color'), ('GNOME_DESKTOP_SESSION_ID', 'this-is-deprecated'), ('ROS_LOCALHOST_ONLY', '0'), ('ZSH_CACHE_DIR', '/home/ubuntu/.cache/zinit'), ('PMSPEC', '0uUpiPsf'), ('PATH', '/opt/ros/humble/bin:/home/ubuntu/.local/share/zinit/polaris/bin:/home/ubuntu/.cargo/bin:/usr/local/sbin:/usr/local/bin:/usr/sbin:/usr/bin:/sbin:/bin:/usr/games:/usr/local/games:/snap/bin:/snap/bin'), ('SESSION_MANAGER', 'local/ezomo:@/tmp/.ICE-unix/1909,unix/ezomo:/tmp/.ICE-unix/1909'), ('GNOME_TERMINAL_SCREEN', '/org/gnome/Terminal/screen/48a602dd_19c0_4514_9e12_2f5b92e85767'), ('XDG_MENU_PREFIX', 'gnome-'), ('GNOME_SETUP_DISPLAY', ':1'), ('XDG_RUNTIME_DIR', '/run/user/1000'), ('DISPLAY', ':0'), ('XDG_CURRENT_DESKTOP', 'ubuntu:GNOME'), ('LANG', 'en_US.UTF-8'), ('XDG_SESSION_DESKTOP', 'ubuntu'), ('GNOME_TERMINAL_SERVICE', ':1.123'), ('XMODIFIERS', '@im=ibus'), ('XAUTHORITY', '/run/user/1000/.mutter-Xwaylandauth.D5AUI2'), ('SSH_AUTH_SOCK', '/run/user/1000/keyring/ssh'), ('SSH_AGENT_LAUNCHER', 'gnome-keyring'), ('AMENT_PREFIX_PATH', '/home/ubuntu/git/daniel_ws/2023_controller_a/install/omni_control:/home/ubuntu/git/daniel_ws/2023_controller_a/install/controller_2023_a:/home/ubuntu/git/daniel_ws/2023_controller_a/install/drobo_interfaces:/home/ubuntu/git/daniel_ws/2023_controller_a/install/controller_2023_launch_a:/opt/ros/humble'), ('SHELL', '/usr/bin/zsh'), ('QT_ACCESSIBILITY', '1'), ('GDMSESSION', 'ubuntu'), ('P9K_SSH', '0'), ('QT_IM_MODULE', 'ibus'), ('LC_ALL', 'en_US.UTF-8'), ('PWD', '/home/ubuntu/git/daniel_ws/2023_controller_a/build/drobo_interfaces'), ('XDG_DATA_DIRS', '/usr/local/share/:/usr/share/:/var/lib/snapd/desktop'), ('_P9K_TTY', '/dev/pts/0'), ('PYTHONPATH', '/home/ubuntu/git/daniel_ws/2023_controller_a/install/drobo_interfaces/local/lib/python3.10/dist-packages:/opt/ros/humble/lib/python3.10/site-packages:/opt/ros/humble/local/lib/python3.10/dist-packages'), ('COLCON', '1'), ('VTE_VERSION', '6800'), ('CMAKE_PREFIX_PATH', '/home/ubuntu/git/daniel_ws/2023_controller_a/install/drobo_interfaces:/home/ubuntu/git/daniel_ws/2023_controller_a/install/controller_2023_launch_a:/home/ubuntu/git/daniel_ws/2023_controller_a/install/omni_control:/home/ubuntu/git/daniel_ws/2023_controller_a/install/controller_2023_a:/opt/ros/humble')]), 'shell': False}
[0.057415] (controller_2023_launch_a) JobProgress: {'identifier': 'controller_2023_launch_a', 'progress': 'cmake'}
[0.057669] (controller_2023_launch_a) JobProgress: {'identifier': 'controller_2023_launch_a', 'progress': 'build'}
[0.057833] (controller_2023_launch_a) Command: {'cmd': ['/usr/bin/cmake', '--build', '/home/ubuntu/git/daniel_ws/2023_controller_a/build/controller_2023_launch_a', '--', '-j8', '-l8'], 'cwd': '/home/ubuntu/git/daniel_ws/2023_controller_a/build/controller_2023_launch_a', 'env': OrderedDict([('USER', 'daniel_ezomo'), ('XDG_SESSION_TYPE', 'wayland'), ('SHLVL', '1'), ('LD_LIBRARY_PATH', '/home/ubuntu/git/daniel_ws/2023_controller_a/install/drobo_interfaces/lib:/opt/ros/humble/opt/rviz_ogre_vendor/lib:/opt/ros/humble/lib/aarch64-linux-gnu:/opt/ros/humble/lib'), ('OLDPWD', '/home/ubuntu/git/daniel_ws'), ('HOME', '/home/ubuntu'), ('DESKTOP_SESSION', 'ubuntu'), ('GTK_MODULES', 'gail:atk-bridge'), ('GNOME_SHELL_SESSION_MODE', 'ubuntu'), ('ROS_PYTHON_VERSION', '3'), ('SYSTEMD_EXEC_PID', '1927'), ('DBUS_SESSION_BUS_ADDRESS', 'unix:path=/run/user/1000/bus'), ('P9K_TTY', 'old'), ('COLORTERM', 'truecolor'), ('ZPFX', '/home/ubuntu/.local/share/zinit/polaris'), ('WAYLAND_DISPLAY', 'wayland-0'), ('ROS_DISTRO', 'humble'), ('COLCON_PREFIX_PATH', '/home/ubuntu/git/daniel_ws/2023_controller_a/install'), ('LOGNAME', 'daniel_ezomo'), ('_', '/usr/bin/colcon'), ('_P9K_SSH_TTY', '/dev/pts/0'), ('XDG_SESSION_CLASS', 'user'), ('ROS_VERSION', '2'), ('USERNAME', 'daniel_ezomo'), ('TERM', 'xterm-256color'), ('GNOME_DESKTOP_SESSION_ID', 'this-is-deprecated'), ('ROS_LOCALHOST_ONLY', '0'), ('ZSH_CACHE_DIR', '/home/ubuntu/.cache/zinit'), ('PMSPEC', '0uUpiPsf'), ('PATH', '/opt/ros/humble/bin:/home/ubuntu/.local/share/zinit/polaris/bin:/home/ubuntu/.cargo/bin:/usr/local/sbin:/usr/local/bin:/usr/sbin:/usr/bin:/sbin:/bin:/usr/games:/usr/local/games:/snap/bin:/snap/bin'), ('SESSION_MANAGER', 'local/ezomo:@/tmp/.ICE-unix/1909,unix/ezomo:/tmp/.ICE-unix/1909'), ('GNOME_TERMINAL_SCREEN', '/org/gnome/Terminal/screen/48a602dd_19c0_4514_9e12_2f5b92e85767'), ('XDG_MENU_PREFIX', 'gnome-'), ('GNOME_SETUP_DISPLAY', ':1'), ('XDG_RUNTIME_DIR', '/run/user/1000'), ('DISPLAY', ':0'), ('XDG_CURRENT_DESKTOP', 'ubuntu:GNOME'), ('LANG', 'en_US.UTF-8'), ('XDG_SESSION_DESKTOP', 'ubuntu'), ('GNOME_TERMINAL_SERVICE', ':1.123'), ('XMODIFIERS', '@im=ibus'), ('XAUTHORITY', '/run/user/1000/.mutter-Xwaylandauth.D5AUI2'), ('SSH_AUTH_SOCK', '/run/user/1000/keyring/ssh'), ('SSH_AGENT_LAUNCHER', 'gnome-keyring'), ('AMENT_PREFIX_PATH', '/home/ubuntu/git/daniel_ws/2023_controller_a/install/omni_control:/home/ubuntu/git/daniel_ws/2023_controller_a/install/controller_2023_a:/home/ubuntu/git/daniel_ws/2023_controller_a/install/drobo_interfaces:/home/ubuntu/git/daniel_ws/2023_controller_a/install/controller_2023_launch_a:/opt/ros/humble'), ('SHELL', '/usr/bin/zsh'), ('QT_ACCESSIBILITY', '1'), ('GDMSESSION', 'ubuntu'), ('P9K_SSH', '0'), ('QT_IM_MODULE', 'ibus'), ('LC_ALL', 'en_US.UTF-8'), ('PWD', '/home/ubuntu/git/daniel_ws/2023_controller_a/build/controller_2023_launch_a'), ('XDG_DATA_DIRS', '/usr/local/share/:/usr/share/:/var/lib/snapd/desktop'), ('_P9K_TTY', '/dev/pts/0'), ('PYTHONPATH', '/home/ubuntu/git/daniel_ws/2023_controller_a/install/drobo_interfaces/local/lib/python3.10/dist-packages:/opt/ros/humble/lib/python3.10/site-packages:/opt/ros/humble/local/lib/python3.10/dist-packages'), ('COLCON', '1'), ('VTE_VERSION', '6800'), ('CMAKE_PREFIX_PATH', '/home/ubuntu/git/daniel_ws/2023_controller_a/install/drobo_interfaces:/home/ubuntu/git/daniel_ws/2023_controller_a/install/controller_2023_launch_a:/home/ubuntu/git/daniel_ws/2023_controller_a/install/omni_control:/home/ubuntu/git/daniel_ws/2023_controller_a/install/controller_2023_a:/opt/ros/humble')]), 'shell': False}
[0.085445] (controller_2023_launch_a) CommandEnded: {'returncode': 0}
[0.090026] (drobo_interfaces) StdoutLine: {'line': b'[  0%] Built target ament_cmake_python_copy_drobo_interfaces\n'}
[0.094771] (controller_2023_launch_a) JobProgress: {'identifier': 'controller_2023_launch_a', 'progress': 'install'}
[0.097042] (drobo_interfaces) StdoutLine: {'line': b'[  2%] Built target drobo_interfaces__cpp\n'}
[0.098702] (controller_2023_launch_a) Command: {'cmd': ['/usr/bin/cmake', '--install', '/home/ubuntu/git/daniel_ws/2023_controller_a/build/controller_2023_launch_a'], 'cwd': '/home/ubuntu/git/daniel_ws/2023_controller_a/build/controller_2023_launch_a', 'env': OrderedDict([('USER', 'daniel_ezomo'), ('XDG_SESSION_TYPE', 'wayland'), ('SHLVL', '1'), ('LD_LIBRARY_PATH', '/home/ubuntu/git/daniel_ws/2023_controller_a/install/drobo_interfaces/lib:/opt/ros/humble/opt/rviz_ogre_vendor/lib:/opt/ros/humble/lib/aarch64-linux-gnu:/opt/ros/humble/lib'), ('OLDPWD', '/home/ubuntu/git/daniel_ws'), ('HOME', '/home/ubuntu'), ('DESKTOP_SESSION', 'ubuntu'), ('GTK_MODULES', 'gail:atk-bridge'), ('GNOME_SHELL_SESSION_MODE', 'ubuntu'), ('ROS_PYTHON_VERSION', '3'), ('SYSTEMD_EXEC_PID', '1927'), ('DBUS_SESSION_BUS_ADDRESS', 'unix:path=/run/user/1000/bus'), ('P9K_TTY', 'old'), ('COLORTERM', 'truecolor'), ('ZPFX', '/home/ubuntu/.local/share/zinit/polaris'), ('WAYLAND_DISPLAY', 'wayland-0'), ('ROS_DISTRO', 'humble'), ('COLCON_PREFIX_PATH', '/home/ubuntu/git/daniel_ws/2023_controller_a/install'), ('LOGNAME', 'daniel_ezomo'), ('_', '/usr/bin/colcon'), ('_P9K_SSH_TTY', '/dev/pts/0'), ('XDG_SESSION_CLASS', 'user'), ('ROS_VERSION', '2'), ('USERNAME', 'daniel_ezomo'), ('TERM', 'xterm-256color'), ('GNOME_DESKTOP_SESSION_ID', 'this-is-deprecated'), ('ROS_LOCALHOST_ONLY', '0'), ('ZSH_CACHE_DIR', '/home/ubuntu/.cache/zinit'), ('PMSPEC', '0uUpiPsf'), ('PATH', '/opt/ros/humble/bin:/home/ubuntu/.local/share/zinit/polaris/bin:/home/ubuntu/.cargo/bin:/usr/local/sbin:/usr/local/bin:/usr/sbin:/usr/bin:/sbin:/bin:/usr/games:/usr/local/games:/snap/bin:/snap/bin'), ('SESSION_MANAGER', 'local/ezomo:@/tmp/.ICE-unix/1909,unix/ezomo:/tmp/.ICE-unix/1909'), ('GNOME_TERMINAL_SCREEN', '/org/gnome/Terminal/screen/48a602dd_19c0_4514_9e12_2f5b92e85767'), ('XDG_MENU_PREFIX', 'gnome-'), ('GNOME_SETUP_DISPLAY', ':1'), ('XDG_RUNTIME_DIR', '/run/user/1000'), ('DISPLAY', ':0'), ('XDG_CURRENT_DESKTOP', 'ubuntu:GNOME'), ('LANG', 'en_US.UTF-8'), ('XDG_SESSION_DESKTOP', 'ubuntu'), ('GNOME_TERMINAL_SERVICE', ':1.123'), ('XMODIFIERS', '@im=ibus'), ('XAUTHORITY', '/run/user/1000/.mutter-Xwaylandauth.D5AUI2'), ('SSH_AUTH_SOCK', '/run/user/1000/keyring/ssh'), ('SSH_AGENT_LAUNCHER', 'gnome-keyring'), ('AMENT_PREFIX_PATH', '/home/ubuntu/git/daniel_ws/2023_controller_a/install/omni_control:/home/ubuntu/git/daniel_ws/2023_controller_a/install/controller_2023_a:/home/ubuntu/git/daniel_ws/2023_controller_a/install/drobo_interfaces:/home/ubuntu/git/daniel_ws/2023_controller_a/install/controller_2023_launch_a:/opt/ros/humble'), ('SHELL', '/usr/bin/zsh'), ('QT_ACCESSIBILITY', '1'), ('GDMSESSION', 'ubuntu'), ('P9K_SSH', '0'), ('QT_IM_MODULE', 'ibus'), ('LC_ALL', 'en_US.UTF-8'), ('PWD', '/home/ubuntu/git/daniel_ws/2023_controller_a/build/controller_2023_launch_a'), ('XDG_DATA_DIRS', '/usr/local/share/:/usr/share/:/var/lib/snapd/desktop'), ('_P9K_TTY', '/dev/pts/0'), ('PYTHONPATH', '/home/ubuntu/git/daniel_ws/2023_controller_a/install/drobo_interfaces/local/lib/python3.10/dist-packages:/opt/ros/humble/lib/python3.10/site-packages:/opt/ros/humble/local/lib/python3.10/dist-packages'), ('COLCON', '1'), ('VTE_VERSION', '6800'), ('CMAKE_PREFIX_PATH', '/home/ubuntu/git/daniel_ws/2023_controller_a/install/drobo_interfaces:/home/ubuntu/git/daniel_ws/2023_controller_a/install/controller_2023_launch_a:/home/ubuntu/git/daniel_ws/2023_controller_a/install/omni_control:/home/ubuntu/git/daniel_ws/2023_controller_a/install/controller_2023_a:/opt/ros/humble')]), 'shell': False}
[0.099591] (-) TimerEvent: {}
[0.101045] (drobo_interfaces) StdoutLine: {'line': b'[ 12%] Built target drobo_interfaces__rosidl_generator_c\n'}
[0.102952] (controller_2023_launch_a) StdoutLine: {'line': b'-- Install configuration: ""\n'}
[0.103061] (controller_2023_launch_a) StdoutLine: {'line': b'-- Up-to-date: /home/ubuntu/git/daniel_ws/2023_controller_a/install/controller_2023_launch_a/share/controller_2023_launch_a//launch\n'}
[0.103275] (controller_2023_launch_a) StdoutLine: {'line': b'-- Up-to-date: /home/ubuntu/git/daniel_ws/2023_controller_a/install/controller_2023_launch_a/share/controller_2023_launch_a//launch/controller_2023_launch_a.launch.xml\n'}
[0.103322] (controller_2023_launch_a) StdoutLine: {'line': b'-- Up-to-date: /home/ubuntu/git/daniel_ws/2023_controller_a/install/controller_2023_launch_a/share/ament_index/resource_index/package_run_dependencies/controller_2023_launch_a\n'}
[0.103356] (controller_2023_launch_a) StdoutLine: {'line': b'-- Up-to-date: /home/ubuntu/git/daniel_ws/2023_controller_a/install/controller_2023_launch_a/share/ament_index/resource_index/parent_prefix_path/controller_2023_launch_a\n'}
[0.103388] (controller_2023_launch_a) StdoutLine: {'line': b'-- Up-to-date: /home/ubuntu/git/daniel_ws/2023_controller_a/install/controller_2023_launch_a/share/controller_2023_launch_a/environment/ament_prefix_path.sh\n'}
[0.103420] (controller_2023_launch_a) StdoutLine: {'line': b'-- Up-to-date: /home/ubuntu/git/daniel_ws/2023_controller_a/install/controller_2023_launch_a/share/controller_2023_launch_a/environment/ament_prefix_path.dsv\n'}
[0.103483] (controller_2023_launch_a) StdoutLine: {'line': b'-- Up-to-date: /home/ubuntu/git/daniel_ws/2023_controller_a/install/controller_2023_launch_a/share/controller_2023_launch_a/environment/path.sh\n'}
[0.103516] (controller_2023_launch_a) StdoutLine: {'line': b'-- Up-to-date: /home/ubuntu/git/daniel_ws/2023_controller_a/install/controller_2023_launch_a/share/controller_2023_launch_a/environment/path.dsv\n'}
[0.103547] (controller_2023_launch_a) StdoutLine: {'line': b'-- Up-to-date: /home/ubuntu/git/daniel_ws/2023_controller_a/install/controller_2023_launch_a/share/controller_2023_launch_a/local_setup.bash\n'}
[0.103577] (controller_2023_launch_a) StdoutLine: {'line': b'-- Up-to-date: /home/ubuntu/git/daniel_ws/2023_controller_a/install/controller_2023_launch_a/share/controller_2023_launch_a/local_setup.sh\n'}
[0.103607] (controller_2023_launch_a) StdoutLine: {'line': b'-- Up-to-date: /home/ubuntu/git/daniel_ws/2023_controller_a/install/controller_2023_launch_a/share/controller_2023_launch_a/local_setup.zsh\n'}
[0.103637] (controller_2023_launch_a) StdoutLine: {'line': b'-- Up-to-date: /home/ubuntu/git/daniel_ws/2023_controller_a/install/controller_2023_launch_a/share/controller_2023_launch_a/local_setup.dsv\n'}
[0.103670] (controller_2023_launch_a) StdoutLine: {'line': b'-- Installing: /home/ubuntu/git/daniel_ws/2023_controller_a/install/controller_2023_launch_a/share/controller_2023_launch_a/package.dsv\n'}
[0.103700] (controller_2023_launch_a) StdoutLine: {'line': b'-- Up-to-date: /home/ubuntu/git/daniel_ws/2023_controller_a/install/controller_2023_launch_a/share/ament_index/resource_index/packages/controller_2023_launch_a\n'}
[0.103731] (controller_2023_launch_a) StdoutLine: {'line': b'-- Up-to-date: /home/ubuntu/git/daniel_ws/2023_controller_a/install/controller_2023_launch_a/share/controller_2023_launch_a/cmake/controller_2023_launch_aConfig.cmake\n'}
[0.103761] (controller_2023_launch_a) StdoutLine: {'line': b'-- Up-to-date: /home/ubuntu/git/daniel_ws/2023_controller_a/install/controller_2023_launch_a/share/controller_2023_launch_a/cmake/controller_2023_launch_aConfig-version.cmake\n'}
[0.103792] (controller_2023_launch_a) StdoutLine: {'line': b'-- Up-to-date: /home/ubuntu/git/daniel_ws/2023_controller_a/install/controller_2023_launch_a/share/controller_2023_launch_a/package.xml\n'}
[0.104435] (controller_2023_launch_a) CommandEnded: {'returncode': 0}
[0.109763] (drobo_interfaces) StdoutLine: {'line': b'[ 34%] Built target drobo_interfaces__rosidl_typesupport_introspection_cpp\n'}
[0.109855] (drobo_interfaces) StdoutLine: {'line': b'[ 34%] Built target drobo_interfaces__rosidl_typesupport_fastrtps_cpp\n'}
[0.113197] (drobo_interfaces) StdoutLine: {'line': b'[ 44%] Built target drobo_interfaces__rosidl_typesupport_introspection_c\n'}
[0.113430] (drobo_interfaces) StdoutLine: {'line': b'[ 55%] Built target drobo_interfaces__rosidl_typesupport_cpp\n'}
[0.118854] (drobo_interfaces) StdoutLine: {'line': b'[ 65%] Built target drobo_interfaces__rosidl_typesupport_c\n'}
[0.124117] (drobo_interfaces) StdoutLine: {'line': b'[ 76%] Built target drobo_interfaces__rosidl_typesupport_fastrtps_c\n'}
[0.136823] (drobo_interfaces) StdoutLine: {'line': b'[ 76%] Built target drobo_interfaces\n'}
[0.155966] (drobo_interfaces) StdoutLine: {'line': b'[ 78%] Built target drobo_interfaces__py\n'}
[0.174691] (controller_2023_launch_a) JobEnded: {'identifier': 'controller_2023_launch_a', 'rc': 0}
[0.185268] (drobo_interfaces) StdoutLine: {'line': b'[ 87%] Built target drobo_interfaces__rosidl_generator_py\n'}
[0.196199] (drobo_interfaces) StdoutLine: {'line': b'[ 91%] Built target drobo_interfaces__rosidl_typesupport_c__pyext\n'}
[0.199653] (-) TimerEvent: {}
[0.202509] (drobo_interfaces) StdoutLine: {'line': b'[ 95%] Built target drobo_interfaces__rosidl_typesupport_introspection_c__pyext\n'}
[0.207372] (drobo_interfaces) StdoutLine: {'line': b'[100%] Built target drobo_interfaces__rosidl_typesupport_fastrtps_c__pyext\n'}
[0.234083] (drobo_interfaces) StdoutLine: {'line': b'running egg_info\n'}
[0.234537] (drobo_interfaces) StdoutLine: {'line': b'writing drobo_interfaces.egg-info/PKG-INFO\n'}
[0.234838] (drobo_interfaces) StdoutLine: {'line': b'writing dependency_links to drobo_interfaces.egg-info/dependency_links.txt\n'}
[0.235110] (drobo_interfaces) StdoutLine: {'line': b'writing top-level names to drobo_interfaces.egg-info/top_level.txt\n'}
[0.235431] (drobo_interfaces) StdoutLine: {'line': b"reading manifest file 'drobo_interfaces.egg-info/SOURCES.txt'\n"}
[0.235775] (drobo_interfaces) StdoutLine: {'line': b"writing manifest file 'drobo_interfaces.egg-info/SOURCES.txt'\n"}
[0.248714] (drobo_interfaces) StdoutLine: {'line': b'[100%] Built target ament_cmake_python_build_drobo_interfaces_egg\n'}
[0.253573] (drobo_interfaces) CommandEnded: {'returncode': 0}
[0.299778] (-) TimerEvent: {}
[0.337144] (drobo_interfaces) JobProgress: {'identifier': 'drobo_interfaces', 'progress': 'install'}
[0.337511] (drobo_interfaces) Command: {'cmd': ['/usr/bin/cmake', '--install', '/home/ubuntu/git/daniel_ws/2023_controller_a/build/drobo_interfaces'], 'cwd': '/home/ubuntu/git/daniel_ws/2023_controller_a/build/drobo_interfaces', 'env': OrderedDict([('USER', 'daniel_ezomo'), ('XDG_SESSION_TYPE', 'wayland'), ('SHLVL', '1'), ('LD_LIBRARY_PATH', '/home/ubuntu/git/daniel_ws/2023_controller_a/install/drobo_interfaces/lib:/opt/ros/humble/opt/rviz_ogre_vendor/lib:/opt/ros/humble/lib/aarch64-linux-gnu:/opt/ros/humble/lib'), ('OLDPWD', '/home/ubuntu/git/daniel_ws'), ('HOME', '/home/ubuntu'), ('DESKTOP_SESSION', 'ubuntu'), ('GTK_MODULES', 'gail:atk-bridge'), ('GNOME_SHELL_SESSION_MODE', 'ubuntu'), ('ROS_PYTHON_VERSION', '3'), ('SYSTEMD_EXEC_PID', '1927'), ('DBUS_SESSION_BUS_ADDRESS', 'unix:path=/run/user/1000/bus'), ('P9K_TTY', 'old'), ('COLORTERM', 'truecolor'), ('ZPFX', '/home/ubuntu/.local/share/zinit/polaris'), ('WAYLAND_DISPLAY', 'wayland-0'), ('ROS_DISTRO', 'humble'), ('COLCON_PREFIX_PATH', '/home/ubuntu/git/daniel_ws/2023_controller_a/install'), ('LOGNAME', 'daniel_ezomo'), ('_', '/usr/bin/colcon'), ('_P9K_SSH_TTY', '/dev/pts/0'), ('XDG_SESSION_CLASS', 'user'), ('ROS_VERSION', '2'), ('USERNAME', 'daniel_ezomo'), ('TERM', 'xterm-256color'), ('GNOME_DESKTOP_SESSION_ID', 'this-is-deprecated'), ('ROS_LOCALHOST_ONLY', '0'), ('ZSH_CACHE_DIR', '/home/ubuntu/.cache/zinit'), ('PMSPEC', '0uUpiPsf'), ('PATH', '/opt/ros/humble/bin:/home/ubuntu/.local/share/zinit/polaris/bin:/home/ubuntu/.cargo/bin:/usr/local/sbin:/usr/local/bin:/usr/sbin:/usr/bin:/sbin:/bin:/usr/games:/usr/local/games:/snap/bin:/snap/bin'), ('SESSION_MANAGER', 'local/ezomo:@/tmp/.ICE-unix/1909,unix/ezomo:/tmp/.ICE-unix/1909'), ('GNOME_TERMINAL_SCREEN', '/org/gnome/Terminal/screen/48a602dd_19c0_4514_9e12_2f5b92e85767'), ('XDG_MENU_PREFIX', 'gnome-'), ('GNOME_SETUP_DISPLAY', ':1'), ('XDG_RUNTIME_DIR', '/run/user/1000'), ('DISPLAY', ':0'), ('XDG_CURRENT_DESKTOP', 'ubuntu:GNOME'), ('LANG', 'en_US.UTF-8'), ('XDG_SESSION_DESKTOP', 'ubuntu'), ('GNOME_TERMINAL_SERVICE', ':1.123'), ('XMODIFIERS', '@im=ibus'), ('XAUTHORITY', '/run/user/1000/.mutter-Xwaylandauth.D5AUI2'), ('SSH_AUTH_SOCK', '/run/user/1000/keyring/ssh'), ('SSH_AGENT_LAUNCHER', 'gnome-keyring'), ('AMENT_PREFIX_PATH', '/home/ubuntu/git/daniel_ws/2023_controller_a/install/omni_control:/home/ubuntu/git/daniel_ws/2023_controller_a/install/controller_2023_a:/home/ubuntu/git/daniel_ws/2023_controller_a/install/drobo_interfaces:/home/ubuntu/git/daniel_ws/2023_controller_a/install/controller_2023_launch_a:/opt/ros/humble'), ('SHELL', '/usr/bin/zsh'), ('QT_ACCESSIBILITY', '1'), ('GDMSESSION', 'ubuntu'), ('P9K_SSH', '0'), ('QT_IM_MODULE', 'ibus'), ('LC_ALL', 'en_US.UTF-8'), ('PWD', '/home/ubuntu/git/daniel_ws/2023_controller_a/build/drobo_interfaces'), ('XDG_DATA_DIRS', '/usr/local/share/:/usr/share/:/var/lib/snapd/desktop'), ('_P9K_TTY', '/dev/pts/0'), ('PYTHONPATH', '/home/ubuntu/git/daniel_ws/2023_controller_a/install/drobo_interfaces/local/lib/python3.10/dist-packages:/opt/ros/humble/lib/python3.10/site-packages:/opt/ros/humble/local/lib/python3.10/dist-packages'), ('COLCON', '1'), ('VTE_VERSION', '6800'), ('CMAKE_PREFIX_PATH', '/home/ubuntu/git/daniel_ws/2023_controller_a/install/drobo_interfaces:/home/ubuntu/git/daniel_ws/2023_controller_a/install/controller_2023_launch_a:/home/ubuntu/git/daniel_ws/2023_controller_a/install/omni_control:/home/ubuntu/git/daniel_ws/2023_controller_a/install/controller_2023_a:/opt/ros/humble')]), 'shell': False}
[0.346727] (drobo_interfaces) StdoutLine: {'line': b'-- Install configuration: ""\n'}
[0.346805] (drobo_interfaces) StdoutLine: {'line': b'-- Up-to-date: /home/ubuntu/git/daniel_ws/2023_controller_a/install/drobo_interfaces/share/ament_index/resource_index/rosidl_interfaces/drobo_interfaces\n'}
[0.346866] (drobo_interfaces) StdoutLine: {'line': b'-- Up-to-date: /home/ubuntu/git/daniel_ws/2023_controller_a/install/drobo_interfaces/include/drobo_interfaces/drobo_interfaces\n'}
[0.346921] (drobo_interfaces) StdoutLine: {'line': b'-- Up-to-date: /home/ubuntu/git/daniel_ws/2023_controller_a/install/drobo_interfaces/include/drobo_interfaces/drobo_interfaces/msg\n'}
[0.346981] (drobo_interfaces) StdoutLine: {'line': b'-- Up-to-date: /home/ubuntu/git/daniel_ws/2023_controller_a/install/drobo_interfaces/include/drobo_interfaces/drobo_interfaces/msg/rosidl_generator_c__visibility_control.h\n'}
[0.347023] (drobo_interfaces) StdoutLine: {'line': b'-- Up-to-date: /home/ubuntu/git/daniel_ws/2023_controller_a/install/drobo_interfaces/include/drobo_interfaces/drobo_interfaces/msg/sd_lib_msg.h\n'}
[0.347087] (drobo_interfaces) StdoutLine: {'line': b'-- Up-to-date: /home/ubuntu/git/daniel_ws/2023_controller_a/install/drobo_interfaces/include/drobo_interfaces/drobo_interfaces/msg/detail\n'}
[0.347128] (drobo_interfaces) StdoutLine: {'line': b'-- Up-to-date: /home/ubuntu/git/daniel_ws/2023_controller_a/install/drobo_interfaces/include/drobo_interfaces/drobo_interfaces/msg/detail/sd_lib_msg__functions.c\n'}
[0.347169] (drobo_interfaces) StdoutLine: {'line': b'-- Up-to-date: /home/ubuntu/git/daniel_ws/2023_controller_a/install/drobo_interfaces/include/drobo_interfaces/drobo_interfaces/msg/detail/sd_lib_msg__functions.h\n'}
[0.347209] (drobo_interfaces) StdoutLine: {'line': b'-- Up-to-date: /home/ubuntu/git/daniel_ws/2023_controller_a/install/drobo_interfaces/include/drobo_interfaces/drobo_interfaces/msg/detail/md_lib_msg__struct.h\n'}
[0.347260] (drobo_interfaces) StdoutLine: {'line': b'-- Up-to-date: /home/ubuntu/git/daniel_ws/2023_controller_a/install/drobo_interfaces/include/drobo_interfaces/drobo_interfaces/msg/detail/md_lib_msg__type_support.h\n'}
[0.347338] (drobo_interfaces) StdoutLine: {'line': b'-- Up-to-date: /home/ubuntu/git/daniel_ws/2023_controller_a/install/drobo_interfaces/include/drobo_interfaces/drobo_interfaces/msg/detail/md_lib_msg__functions.h\n'}
[0.347379] (drobo_interfaces) StdoutLine: {'line': b'-- Up-to-date: /home/ubuntu/git/daniel_ws/2023_controller_a/install/drobo_interfaces/include/drobo_interfaces/drobo_interfaces/msg/detail/sd_lib_msg__type_support.h\n'}
[0.347418] (drobo_interfaces) StdoutLine: {'line': b'-- Up-to-date: /home/ubuntu/git/daniel_ws/2023_controller_a/install/drobo_interfaces/include/drobo_interfaces/drobo_interfaces/msg/detail/sd_lib_msg__struct.h\n'}
[0.347458] (drobo_interfaces) StdoutLine: {'line': b'-- Up-to-date: /home/ubuntu/git/daniel_ws/2023_controller_a/install/drobo_interfaces/include/drobo_interfaces/drobo_interfaces/msg/detail/md_lib_msg__functions.c\n'}
[0.347498] (drobo_interfaces) StdoutLine: {'line': b'-- Up-to-date: /home/ubuntu/git/daniel_ws/2023_controller_a/install/drobo_interfaces/include/drobo_interfaces/drobo_interfaces/msg/md_lib_msg.h\n'}
[0.347537] (drobo_interfaces) StdoutLine: {'line': b'-- Up-to-date: /home/ubuntu/git/daniel_ws/2023_controller_a/install/drobo_interfaces/include/drobo_interfaces/drobo_interfaces/srv\n'}
[0.347576] (drobo_interfaces) StdoutLine: {'line': b'-- Up-to-date: /home/ubuntu/git/daniel_ws/2023_controller_a/install/drobo_interfaces/include/drobo_interfaces/drobo_interfaces/srv/solenoid_state_srv.h\n'}
[0.347615] (drobo_interfaces) StdoutLine: {'line': b'-- Up-to-date: /home/ubuntu/git/daniel_ws/2023_controller_a/install/drobo_interfaces/include/drobo_interfaces/drobo_interfaces/srv/detail\n'}
[0.347667] (drobo_interfaces) StdoutLine: {'line': b'-- Up-to-date: /home/ubuntu/git/daniel_ws/2023_controller_a/install/drobo_interfaces/include/drobo_interfaces/drobo_interfaces/srv/detail/solenoid_state_srv__functions.c\n'}
[0.347763] (drobo_interfaces) StdoutLine: {'line': b'-- Up-to-date: /home/ubuntu/git/daniel_ws/2023_controller_a/install/drobo_interfaces/include/drobo_interfaces/drobo_interfaces/srv/detail/solenoid_state_srv__struct.h\n'}
[0.347930] (drobo_interfaces) StdoutLine: {'line': b'-- Up-to-date: /home/ubuntu/git/daniel_ws/2023_controller_a/install/drobo_interfaces/include/drobo_interfaces/drobo_interfaces/srv/detail/solenoid_state_srv__functions.h\n'}
[0.348026] (drobo_interfaces) StdoutLine: {'line': b'-- Up-to-date: /home/ubuntu/git/daniel_ws/2023_controller_a/install/drobo_interfaces/include/drobo_interfaces/drobo_interfaces/srv/detail/solenoid_state_srv__type_support.h\n'}
[0.348119] (drobo_interfaces) StdoutLine: {'line': b'-- Up-to-date: /home/ubuntu/git/daniel_ws/2023_controller_a/install/drobo_interfaces/share/drobo_interfaces/environment/library_path.sh\n'}
[0.348211] (drobo_interfaces) StdoutLine: {'line': b'-- Up-to-date: /home/ubuntu/git/daniel_ws/2023_controller_a/install/drobo_interfaces/share/drobo_interfaces/environment/library_path.dsv\n'}
[0.348302] (drobo_interfaces) StdoutLine: {'line': b'-- Up-to-date: /home/ubuntu/git/daniel_ws/2023_controller_a/install/drobo_interfaces/lib/libdrobo_interfaces__rosidl_generator_c.so\n'}
[0.348394] (drobo_interfaces) StdoutLine: {'line': b'-- Up-to-date: /home/ubuntu/git/daniel_ws/2023_controller_a/install/drobo_interfaces/include/drobo_interfaces/drobo_interfaces\n'}
[0.348486] (drobo_interfaces) StdoutLine: {'line': b'-- Up-to-date: /home/ubuntu/git/daniel_ws/2023_controller_a/install/drobo_interfaces/include/drobo_interfaces/drobo_interfaces/msg\n'}
[0.348580] (drobo_interfaces) StdoutLine: {'line': b'-- Up-to-date: /home/ubuntu/git/daniel_ws/2023_controller_a/install/drobo_interfaces/include/drobo_interfaces/drobo_interfaces/msg/rosidl_typesupport_fastrtps_c__visibility_control.h\n'}
[0.348723] (drobo_interfaces) StdoutLine: {'line': b'-- Up-to-date: /home/ubuntu/git/daniel_ws/2023_controller_a/install/drobo_interfaces/include/drobo_interfaces/drobo_interfaces/msg/detail\n'}
[0.348930] (drobo_interfaces) StdoutLine: {'line': b'-- Up-to-date: /home/ubuntu/git/daniel_ws/2023_controller_a/install/drobo_interfaces/include/drobo_interfaces/drobo_interfaces/msg/detail/md_lib_msg__rosidl_typesupport_fastrtps_c.h\n'}
[0.349021] (drobo_interfaces) StdoutLine: {'line': b'-- Up-to-date: /home/ubuntu/git/daniel_ws/2023_controller_a/install/drobo_interfaces/include/drobo_interfaces/drobo_interfaces/msg/detail/sd_lib_msg__rosidl_typesupport_fastrtps_c.h\n'}
[0.349108] (drobo_interfaces) StdoutLine: {'line': b'-- Up-to-date: /home/ubuntu/git/daniel_ws/2023_controller_a/install/drobo_interfaces/include/drobo_interfaces/drobo_interfaces/srv\n'}
[0.349200] (drobo_interfaces) StdoutLine: {'line': b'-- Up-to-date: /home/ubuntu/git/daniel_ws/2023_controller_a/install/drobo_interfaces/include/drobo_interfaces/drobo_interfaces/srv/detail\n'}
[0.349293] (drobo_interfaces) StdoutLine: {'line': b'-- Up-to-date: /home/ubuntu/git/daniel_ws/2023_controller_a/install/drobo_interfaces/include/drobo_interfaces/drobo_interfaces/srv/detail/solenoid_state_srv__rosidl_typesupport_fastrtps_c.h\n'}
[0.349387] (drobo_interfaces) StdoutLine: {'line': b'-- Up-to-date: /home/ubuntu/git/daniel_ws/2023_controller_a/install/drobo_interfaces/lib/libdrobo_interfaces__rosidl_typesupport_fastrtps_c.so\n'}
[0.349480] (drobo_interfaces) StdoutLine: {'line': b'-- Up-to-date: /home/ubuntu/git/daniel_ws/2023_controller_a/install/drobo_interfaces/include/drobo_interfaces/drobo_interfaces\n'}
[0.349668] (drobo_interfaces) StdoutLine: {'line': b'-- Up-to-date: /home/ubuntu/git/daniel_ws/2023_controller_a/install/drobo_interfaces/include/drobo_interfaces/drobo_interfaces/msg\n'}
[0.349763] (drobo_interfaces) StdoutLine: {'line': b'-- Up-to-date: /home/ubuntu/git/daniel_ws/2023_controller_a/install/drobo_interfaces/include/drobo_interfaces/drobo_interfaces/msg/rosidl_typesupport_introspection_c__visibility_control.h\n'}
[0.349857] (drobo_interfaces) StdoutLine: {'line': b'-- Up-to-date: /home/ubuntu/git/daniel_ws/2023_controller_a/install/drobo_interfaces/include/drobo_interfaces/drobo_interfaces/msg/detail\n'}
[0.349950] (drobo_interfaces) StdoutLine: {'line': b'-- Up-to-date: /home/ubuntu/git/daniel_ws/2023_controller_a/install/drobo_interfaces/include/drobo_interfaces/drobo_interfaces/msg/detail/md_lib_msg__rosidl_typesupport_introspection_c.h\n'}
[0.350044] (drobo_interfaces) StdoutLine: {'line': b'-- Up-to-date: /home/ubuntu/git/daniel_ws/2023_controller_a/install/drobo_interfaces/include/drobo_interfaces/drobo_interfaces/msg/detail/sd_lib_msg__type_support.c\n'}
[0.350157] (drobo_interfaces) StdoutLine: {'line': b'-- Up-to-date: /home/ubuntu/git/daniel_ws/2023_controller_a/install/drobo_interfaces/include/drobo_interfaces/drobo_interfaces/msg/detail/md_lib_msg__type_support.c\n'}
[0.350251] (drobo_interfaces) StdoutLine: {'line': b'-- Up-to-date: /home/ubuntu/git/daniel_ws/2023_controller_a/install/drobo_interfaces/include/drobo_interfaces/drobo_interfaces/msg/detail/sd_lib_msg__rosidl_typesupport_introspection_c.h\n'}
[0.350345] (drobo_interfaces) StdoutLine: {'line': b'-- Up-to-date: /home/ubuntu/git/daniel_ws/2023_controller_a/install/drobo_interfaces/include/drobo_interfaces/drobo_interfaces/srv\n'}
[0.350438] (drobo_interfaces) StdoutLine: {'line': b'-- Up-to-date: /home/ubuntu/git/daniel_ws/2023_controller_a/install/drobo_interfaces/include/drobo_interfaces/drobo_interfaces/srv/detail\n'}
[0.350534] (drobo_interfaces) StdoutLine: {'line': b'-- Up-to-date: /home/ubuntu/git/daniel_ws/2023_controller_a/install/drobo_interfaces/include/drobo_interfaces/drobo_interfaces/srv/detail/solenoid_state_srv__type_support.c\n'}
[0.350627] (drobo_interfaces) StdoutLine: {'line': b'-- Up-to-date: /home/ubuntu/git/daniel_ws/2023_controller_a/install/drobo_interfaces/include/drobo_interfaces/drobo_interfaces/srv/detail/solenoid_state_srv__rosidl_typesupport_introspection_c.h\n'}
[0.350721] (drobo_interfaces) StdoutLine: {'line': b'-- Up-to-date: /home/ubuntu/git/daniel_ws/2023_controller_a/install/drobo_interfaces/lib/libdrobo_interfaces__rosidl_typesupport_introspection_c.so\n'}
[0.350813] (drobo_interfaces) StdoutLine: {'line': b'-- Up-to-date: /home/ubuntu/git/daniel_ws/2023_controller_a/install/drobo_interfaces/lib/libdrobo_interfaces__rosidl_typesupport_c.so\n'}
[0.350922] (drobo_interfaces) StdoutLine: {'line': b'-- Up-to-date: /home/ubuntu/git/daniel_ws/2023_controller_a/install/drobo_interfaces/include/drobo_interfaces/drobo_interfaces\n'}
[0.351014] (drobo_interfaces) StdoutLine: {'line': b'-- Up-to-date: /home/ubuntu/git/daniel_ws/2023_controller_a/install/drobo_interfaces/include/drobo_interfaces/drobo_interfaces/msg\n'}
[0.351105] (drobo_interfaces) StdoutLine: {'line': b'-- Up-to-date: /home/ubuntu/git/daniel_ws/2023_controller_a/install/drobo_interfaces/include/drobo_interfaces/drobo_interfaces/msg/detail\n'}
[0.351211] (drobo_interfaces) StdoutLine: {'line': b'-- Up-to-date: /home/ubuntu/git/daniel_ws/2023_controller_a/install/drobo_interfaces/include/drobo_interfaces/drobo_interfaces/msg/detail/md_lib_msg__struct.hpp\n'}
[0.351304] (drobo_interfaces) StdoutLine: {'line': b'-- Up-to-date: /home/ubuntu/git/daniel_ws/2023_controller_a/install/drobo_interfaces/include/drobo_interfaces/drobo_interfaces/msg/detail/md_lib_msg__traits.hpp\n'}
[0.351396] (drobo_interfaces) StdoutLine: {'line': b'-- Up-to-date: /home/ubuntu/git/daniel_ws/2023_controller_a/install/drobo_interfaces/include/drobo_interfaces/drobo_interfaces/msg/detail/sd_lib_msg__builder.hpp\n'}
[0.351490] (drobo_interfaces) StdoutLine: {'line': b'-- Up-to-date: /home/ubuntu/git/daniel_ws/2023_controller_a/install/drobo_interfaces/include/drobo_interfaces/drobo_interfaces/msg/detail/sd_lib_msg__traits.hpp\n'}
[0.351583] (drobo_interfaces) StdoutLine: {'line': b'-- Up-to-date: /home/ubuntu/git/daniel_ws/2023_controller_a/install/drobo_interfaces/include/drobo_interfaces/drobo_interfaces/msg/detail/sd_lib_msg__struct.hpp\n'}
[0.351675] (drobo_interfaces) StdoutLine: {'line': b'-- Up-to-date: /home/ubuntu/git/daniel_ws/2023_controller_a/install/drobo_interfaces/include/drobo_interfaces/drobo_interfaces/msg/detail/md_lib_msg__builder.hpp\n'}
[0.351770] (drobo_interfaces) StdoutLine: {'line': b'-- Up-to-date: /home/ubuntu/git/daniel_ws/2023_controller_a/install/drobo_interfaces/include/drobo_interfaces/drobo_interfaces/msg/md_lib_msg.hpp\n'}
[0.351864] (drobo_interfaces) StdoutLine: {'line': b'-- Up-to-date: /home/ubuntu/git/daniel_ws/2023_controller_a/install/drobo_interfaces/include/drobo_interfaces/drobo_interfaces/msg/sd_lib_msg.hpp\n'}
[0.351956] (drobo_interfaces) StdoutLine: {'line': b'-- Up-to-date: /home/ubuntu/git/daniel_ws/2023_controller_a/install/drobo_interfaces/include/drobo_interfaces/drobo_interfaces/srv\n'}
[0.352049] (drobo_interfaces) StdoutLine: {'line': b'-- Up-to-date: /home/ubuntu/git/daniel_ws/2023_controller_a/install/drobo_interfaces/include/drobo_interfaces/drobo_interfaces/srv/solenoid_state_srv.hpp\n'}
[0.352141] (drobo_interfaces) StdoutLine: {'line': b'-- Up-to-date: /home/ubuntu/git/daniel_ws/2023_controller_a/install/drobo_interfaces/include/drobo_interfaces/drobo_interfaces/srv/detail\n'}
[0.352234] (drobo_interfaces) StdoutLine: {'line': b'-- Up-to-date: /home/ubuntu/git/daniel_ws/2023_controller_a/install/drobo_interfaces/include/drobo_interfaces/drobo_interfaces/srv/detail/solenoid_state_srv__builder.hpp\n'}
[0.352456] (drobo_interfaces) StdoutLine: {'line': b'-- Up-to-date: /home/ubuntu/git/daniel_ws/2023_controller_a/install/drobo_interfaces/include/drobo_interfaces/drobo_interfaces/srv/detail/solenoid_state_srv__traits.hpp\n'}
[0.352551] (drobo_interfaces) StdoutLine: {'line': b'-- Up-to-date: /home/ubuntu/git/daniel_ws/2023_controller_a/install/drobo_interfaces/include/drobo_interfaces/drobo_interfaces/srv/detail/solenoid_state_srv__struct.hpp\n'}
[0.352796] (drobo_interfaces) StdoutLine: {'line': b'-- Up-to-date: /home/ubuntu/git/daniel_ws/2023_controller_a/install/drobo_interfaces/include/drobo_interfaces/drobo_interfaces\n'}
[0.352903] (drobo_interfaces) StdoutLine: {'line': b'-- Up-to-date: /home/ubuntu/git/daniel_ws/2023_controller_a/install/drobo_interfaces/include/drobo_interfaces/drobo_interfaces/msg\n'}
[0.352999] (drobo_interfaces) StdoutLine: {'line': b'-- Up-to-date: /home/ubuntu/git/daniel_ws/2023_controller_a/install/drobo_interfaces/include/drobo_interfaces/drobo_interfaces/msg/rosidl_typesupport_fastrtps_cpp__visibility_control.h\n'}
[0.353096] (drobo_interfaces) StdoutLine: {'line': b'-- Up-to-date: /home/ubuntu/git/daniel_ws/2023_controller_a/install/drobo_interfaces/include/drobo_interfaces/drobo_interfaces/msg/detail\n'}
[0.353192] (drobo_interfaces) StdoutLine: {'line': b'-- Up-to-date: /home/ubuntu/git/daniel_ws/2023_controller_a/install/drobo_interfaces/include/drobo_interfaces/drobo_interfaces/msg/detail/sd_lib_msg__rosidl_typesupport_fastrtps_cpp.hpp\n'}
[0.353288] (drobo_interfaces) StdoutLine: {'line': b'-- Up-to-date: /home/ubuntu/git/daniel_ws/2023_controller_a/install/drobo_interfaces/include/drobo_interfaces/drobo_interfaces/msg/detail/dds_fastrtps\n'}
[0.353387] (drobo_interfaces) StdoutLine: {'line': b'-- Up-to-date: /home/ubuntu/git/daniel_ws/2023_controller_a/install/drobo_interfaces/include/drobo_interfaces/drobo_interfaces/msg/detail/md_lib_msg__rosidl_typesupport_fastrtps_cpp.hpp\n'}
[0.353483] (drobo_interfaces) StdoutLine: {'line': b'-- Up-to-date: /home/ubuntu/git/daniel_ws/2023_controller_a/install/drobo_interfaces/include/drobo_interfaces/drobo_interfaces/srv\n'}
[0.353579] (drobo_interfaces) StdoutLine: {'line': b'-- Up-to-date: /home/ubuntu/git/daniel_ws/2023_controller_a/install/drobo_interfaces/include/drobo_interfaces/drobo_interfaces/srv/detail\n'}
[0.353673] (drobo_interfaces) StdoutLine: {'line': b'-- Up-to-date: /home/ubuntu/git/daniel_ws/2023_controller_a/install/drobo_interfaces/include/drobo_interfaces/drobo_interfaces/srv/detail/solenoid_state_srv__rosidl_typesupport_fastrtps_cpp.hpp\n'}
[0.353770] (drobo_interfaces) StdoutLine: {'line': b'-- Up-to-date: /home/ubuntu/git/daniel_ws/2023_controller_a/install/drobo_interfaces/include/drobo_interfaces/drobo_interfaces/srv/detail/dds_fastrtps\n'}
[0.353867] (drobo_interfaces) StdoutLine: {'line': b'-- Up-to-date: /home/ubuntu/git/daniel_ws/2023_controller_a/install/drobo_interfaces/lib/libdrobo_interfaces__rosidl_typesupport_fastrtps_cpp.so\n'}
[0.353964] (drobo_interfaces) StdoutLine: {'line': b'-- Up-to-date: /home/ubuntu/git/daniel_ws/2023_controller_a/install/drobo_interfaces/include/drobo_interfaces/drobo_interfaces\n'}
[0.354062] (drobo_interfaces) StdoutLine: {'line': b'-- Up-to-date: /home/ubuntu/git/daniel_ws/2023_controller_a/install/drobo_interfaces/include/drobo_interfaces/drobo_interfaces/msg\n'}
[0.354158] (drobo_interfaces) StdoutLine: {'line': b'-- Up-to-date: /home/ubuntu/git/daniel_ws/2023_controller_a/install/drobo_interfaces/include/drobo_interfaces/drobo_interfaces/msg/detail\n'}
[0.354254] (drobo_interfaces) StdoutLine: {'line': b'-- Up-to-date: /home/ubuntu/git/daniel_ws/2023_controller_a/install/drobo_interfaces/include/drobo_interfaces/drobo_interfaces/msg/detail/md_lib_msg__type_support.cpp\n'}
[0.354351] (drobo_interfaces) StdoutLine: {'line': b'-- Up-to-date: /home/ubuntu/git/daniel_ws/2023_controller_a/install/drobo_interfaces/include/drobo_interfaces/drobo_interfaces/msg/detail/sd_lib_msg__type_support.cpp\n'}
[0.354446] (drobo_interfaces) StdoutLine: {'line': b'-- Up-to-date: /home/ubuntu/git/daniel_ws/2023_controller_a/install/drobo_interfaces/include/drobo_interfaces/drobo_interfaces/msg/detail/sd_lib_msg__rosidl_typesupport_introspection_cpp.hpp\n'}
[0.354718] (drobo_interfaces) StdoutLine: {'line': b'-- Up-to-date: /home/ubuntu/git/daniel_ws/2023_controller_a/install/drobo_interfaces/include/drobo_interfaces/drobo_interfaces/msg/detail/md_lib_msg__rosidl_typesupport_introspection_cpp.hpp\n'}
[0.354807] (drobo_interfaces) StdoutLine: {'line': b'-- Up-to-date: /home/ubuntu/git/daniel_ws/2023_controller_a/install/drobo_interfaces/include/drobo_interfaces/drobo_interfaces/srv\n'}
[0.354894] (drobo_interfaces) StdoutLine: {'line': b'-- Up-to-date: /home/ubuntu/git/daniel_ws/2023_controller_a/install/drobo_interfaces/include/drobo_interfaces/drobo_interfaces/srv/detail\n'}
[0.354980] (drobo_interfaces) StdoutLine: {'line': b'-- Up-to-date: /home/ubuntu/git/daniel_ws/2023_controller_a/install/drobo_interfaces/include/drobo_interfaces/drobo_interfaces/srv/detail/solenoid_state_srv__rosidl_typesupport_introspection_cpp.hpp\n'}
[0.355069] (drobo_interfaces) StdoutLine: {'line': b'-- Up-to-date: /home/ubuntu/git/daniel_ws/2023_controller_a/install/drobo_interfaces/include/drobo_interfaces/drobo_interfaces/srv/detail/solenoid_state_srv__type_support.cpp\n'}
[0.355157] (drobo_interfaces) StdoutLine: {'line': b'-- Up-to-date: /home/ubuntu/git/daniel_ws/2023_controller_a/install/drobo_interfaces/lib/libdrobo_interfaces__rosidl_typesupport_introspection_cpp.so\n'}
[0.355244] (drobo_interfaces) StdoutLine: {'line': b'-- Up-to-date: /home/ubuntu/git/daniel_ws/2023_controller_a/install/drobo_interfaces/lib/libdrobo_interfaces__rosidl_typesupport_cpp.so\n'}
[0.355331] (drobo_interfaces) StdoutLine: {'line': b'-- Up-to-date: /home/ubuntu/git/daniel_ws/2023_controller_a/install/drobo_interfaces/share/drobo_interfaces/environment/pythonpath.sh\n'}
[0.355418] (drobo_interfaces) StdoutLine: {'line': b'-- Up-to-date: /home/ubuntu/git/daniel_ws/2023_controller_a/install/drobo_interfaces/share/drobo_interfaces/environment/pythonpath.dsv\n'}
[0.355504] (drobo_interfaces) StdoutLine: {'line': b'-- Up-to-date: /home/ubuntu/git/daniel_ws/2023_controller_a/install/drobo_interfaces/local/lib/python3.10/dist-packages/drobo_interfaces-0.0.0-py3.10.egg-info\n'}
[0.355591] (drobo_interfaces) StdoutLine: {'line': b'-- Installing: /home/ubuntu/git/daniel_ws/2023_controller_a/install/drobo_interfaces/local/lib/python3.10/dist-packages/drobo_interfaces-0.0.0-py3.10.egg-info/PKG-INFO\n'}
[0.355680] (drobo_interfaces) StdoutLine: {'line': b'-- Installing: /home/ubuntu/git/daniel_ws/2023_controller_a/install/drobo_interfaces/local/lib/python3.10/dist-packages/drobo_interfaces-0.0.0-py3.10.egg-info/SOURCES.txt\n'}
[0.355766] (drobo_interfaces) StdoutLine: {'line': b'-- Installing: /home/ubuntu/git/daniel_ws/2023_controller_a/install/drobo_interfaces/local/lib/python3.10/dist-packages/drobo_interfaces-0.0.0-py3.10.egg-info/top_level.txt\n'}
[0.355852] (drobo_interfaces) StdoutLine: {'line': b'-- Installing: /home/ubuntu/git/daniel_ws/2023_controller_a/install/drobo_interfaces/local/lib/python3.10/dist-packages/drobo_interfaces-0.0.0-py3.10.egg-info/dependency_links.txt\n'}
[0.355952] (drobo_interfaces) StdoutLine: {'line': b'-- Up-to-date: /home/ubuntu/git/daniel_ws/2023_controller_a/install/drobo_interfaces/local/lib/python3.10/dist-packages/drobo_interfaces\n'}
[0.356038] (drobo_interfaces) StdoutLine: {'line': b'-- Up-to-date: /home/ubuntu/git/daniel_ws/2023_controller_a/install/drobo_interfaces/local/lib/python3.10/dist-packages/drobo_interfaces/drobo_interfaces_s__rosidl_typesupport_c.cpython-310-aarch64-linux-gnu.so\n'}
[0.356128] (drobo_interfaces) StdoutLine: {'line': b'-- Up-to-date: /home/ubuntu/git/daniel_ws/2023_controller_a/install/drobo_interfaces/local/lib/python3.10/dist-packages/drobo_interfaces/drobo_interfaces_s__rosidl_typesupport_fastrtps_c.cpython-310-aarch64-linux-gnu.so\n'}
[0.356218] (drobo_interfaces) StdoutLine: {'line': b'-- Up-to-date: /home/ubuntu/git/daniel_ws/2023_controller_a/install/drobo_interfaces/local/lib/python3.10/dist-packages/drobo_interfaces/_drobo_interfaces_s.ep.rosidl_typesupport_introspection_c.c\n'}
[0.356304] (drobo_interfaces) StdoutLine: {'line': b'-- Up-to-date: /home/ubuntu/git/daniel_ws/2023_controller_a/install/drobo_interfaces/local/lib/python3.10/dist-packages/drobo_interfaces/drobo_interfaces_s__rosidl_typesupport_introspection_c.cpython-310-aarch64-linux-gnu.so\n'}
[0.356392] (drobo_interfaces) StdoutLine: {'line': b'-- Up-to-date: /home/ubuntu/git/daniel_ws/2023_controller_a/install/drobo_interfaces/local/lib/python3.10/dist-packages/drobo_interfaces/_drobo_interfaces_s.ep.rosidl_typesupport_c.c\n'}
[0.356478] (drobo_interfaces) StdoutLine: {'line': b'-- Up-to-date: /home/ubuntu/git/daniel_ws/2023_controller_a/install/drobo_interfaces/local/lib/python3.10/dist-packages/drobo_interfaces/msg\n'}
[0.356565] (drobo_interfaces) StdoutLine: {'line': b'-- Up-to-date: /home/ubuntu/git/daniel_ws/2023_controller_a/install/drobo_interfaces/local/lib/python3.10/dist-packages/drobo_interfaces/msg/_sd_lib_msg.py\n'}
[0.356659] (drobo_interfaces) StdoutLine: {'line': b'-- Up-to-date: /home/ubuntu/git/daniel_ws/2023_controller_a/install/drobo_interfaces/local/lib/python3.10/dist-packages/drobo_interfaces/msg/_md_lib_msg.py\n'}
[0.356750] (drobo_interfaces) StdoutLine: {'line': b'-- Up-to-date: /home/ubuntu/git/daniel_ws/2023_controller_a/install/drobo_interfaces/local/lib/python3.10/dist-packages/drobo_interfaces/msg/__init__.py\n'}
[0.356836] (drobo_interfaces) StdoutLine: {'line': b'-- Up-to-date: /home/ubuntu/git/daniel_ws/2023_controller_a/install/drobo_interfaces/local/lib/python3.10/dist-packages/drobo_interfaces/msg/_md_lib_msg_s.c\n'}
[0.356923] (drobo_interfaces) StdoutLine: {'line': b'-- Up-to-date: /home/ubuntu/git/daniel_ws/2023_controller_a/install/drobo_interfaces/local/lib/python3.10/dist-packages/drobo_interfaces/msg/_sd_lib_msg_s.c\n'}
[0.357009] (drobo_interfaces) StdoutLine: {'line': b'-- Up-to-date: /home/ubuntu/git/daniel_ws/2023_controller_a/install/drobo_interfaces/local/lib/python3.10/dist-packages/drobo_interfaces/__init__.py\n'}
[0.357094] (drobo_interfaces) StdoutLine: {'line': b'-- Up-to-date: /home/ubuntu/git/daniel_ws/2023_controller_a/install/drobo_interfaces/local/lib/python3.10/dist-packages/drobo_interfaces/libdrobo_interfaces__rosidl_generator_py.so\n'}
[0.357181] (drobo_interfaces) StdoutLine: {'line': b'-- Up-to-date: /home/ubuntu/git/daniel_ws/2023_controller_a/install/drobo_interfaces/local/lib/python3.10/dist-packages/drobo_interfaces/_drobo_interfaces_s.ep.rosidl_typesupport_fastrtps_c.c\n'}
[0.357267] (drobo_interfaces) StdoutLine: {'line': b'-- Up-to-date: /home/ubuntu/git/daniel_ws/2023_controller_a/install/drobo_interfaces/local/lib/python3.10/dist-packages/drobo_interfaces/srv\n'}
[0.357354] (drobo_interfaces) StdoutLine: {'line': b'-- Up-to-date: /home/ubuntu/git/daniel_ws/2023_controller_a/install/drobo_interfaces/local/lib/python3.10/dist-packages/drobo_interfaces/srv/_solenoid_state_srv_s.c\n'}
[0.357441] (drobo_interfaces) StdoutLine: {'line': b'-- Up-to-date: /home/ubuntu/git/daniel_ws/2023_controller_a/install/drobo_interfaces/local/lib/python3.10/dist-packages/drobo_interfaces/srv/__init__.py\n'}
[0.357527] (drobo_interfaces) StdoutLine: {'line': b'-- Up-to-date: /home/ubuntu/git/daniel_ws/2023_controller_a/install/drobo_interfaces/local/lib/python3.10/dist-packages/drobo_interfaces/srv/_solenoid_state_srv.py\n'}
[0.374086] (drobo_interfaces) StdoutLine: {'line': b"Listing '/home/ubuntu/git/daniel_ws/2023_controller_a/install/drobo_interfaces/local/lib/python3.10/dist-packages/drobo_interfaces'...\n"}
[0.374123] (drobo_interfaces) StdoutLine: {'line': b"Listing '/home/ubuntu/git/daniel_ws/2023_controller_a/install/drobo_interfaces/local/lib/python3.10/dist-packages/drobo_interfaces/msg'...\n"}
[0.374147] (drobo_interfaces) StdoutLine: {'line': b"Listing '/home/ubuntu/git/daniel_ws/2023_controller_a/install/drobo_interfaces/local/lib/python3.10/dist-packages/drobo_interfaces/srv'...\n"}
[0.376304] (drobo_interfaces) StdoutLine: {'line': b'-- Up-to-date: /home/ubuntu/git/daniel_ws/2023_controller_a/install/drobo_interfaces/local/lib/python3.10/dist-packages/drobo_interfaces/drobo_interfaces_s__rosidl_typesupport_fastrtps_c.cpython-310-aarch64-linux-gnu.so\n'}
[0.376453] (drobo_interfaces) StdoutLine: {'line': b'-- Up-to-date: /home/ubuntu/git/daniel_ws/2023_controller_a/install/drobo_interfaces/local/lib/python3.10/dist-packages/drobo_interfaces/drobo_interfaces_s__rosidl_typesupport_introspection_c.cpython-310-aarch64-linux-gnu.so\n'}
[0.376611] (drobo_interfaces) StdoutLine: {'line': b'-- Up-to-date: /home/ubuntu/git/daniel_ws/2023_controller_a/install/drobo_interfaces/local/lib/python3.10/dist-packages/drobo_interfaces/drobo_interfaces_s__rosidl_typesupport_c.cpython-310-aarch64-linux-gnu.so\n'}
[0.376738] (drobo_interfaces) StdoutLine: {'line': b'-- Up-to-date: /home/ubuntu/git/daniel_ws/2023_controller_a/install/drobo_interfaces/lib/libdrobo_interfaces__rosidl_generator_py.so\n'}
[0.376813] (drobo_interfaces) StdoutLine: {'line': b'-- Up-to-date: /home/ubuntu/git/daniel_ws/2023_controller_a/install/drobo_interfaces/share/drobo_interfaces/msg/MdLibMsg.idl\n'}
[0.376941] (drobo_interfaces) StdoutLine: {'line': b'-- Up-to-date: /home/ubuntu/git/daniel_ws/2023_controller_a/install/drobo_interfaces/share/drobo_interfaces/msg/SdLibMsg.idl\n'}
[0.377082] (drobo_interfaces) StdoutLine: {'line': b'-- Up-to-date: /home/ubuntu/git/daniel_ws/2023_controller_a/install/drobo_interfaces/share/drobo_interfaces/srv/SolenoidStateSrv.idl\n'}
[0.377110] (drobo_interfaces) StdoutLine: {'line': b'-- Up-to-date: /home/ubuntu/git/daniel_ws/2023_controller_a/install/drobo_interfaces/share/drobo_interfaces/msg/MdLibMsg.msg\n'}
[0.377315] (drobo_interfaces) StdoutLine: {'line': b'-- Up-to-date: /home/ubuntu/git/daniel_ws/2023_controller_a/install/drobo_interfaces/share/drobo_interfaces/msg/SdLibMsg.msg\n'}
[0.377342] (drobo_interfaces) StdoutLine: {'line': b'-- Up-to-date: /home/ubuntu/git/daniel_ws/2023_controller_a/install/drobo_interfaces/share/drobo_interfaces/srv/SolenoidStateSrv.srv\n'}
[0.377431] (drobo_interfaces) StdoutLine: {'line': b'-- Up-to-date: /home/ubuntu/git/daniel_ws/2023_controller_a/install/drobo_interfaces/share/drobo_interfaces/srv/SolenoidStateSrv_Request.msg\n'}
[0.377540] (drobo_interfaces) StdoutLine: {'line': b'-- Up-to-date: /home/ubuntu/git/daniel_ws/2023_controller_a/install/drobo_interfaces/share/drobo_interfaces/srv/SolenoidStateSrv_Response.msg\n'}
[0.377637] (drobo_interfaces) StdoutLine: {'line': b'-- Up-to-date: /home/ubuntu/git/daniel_ws/2023_controller_a/install/drobo_interfaces/share/ament_index/resource_index/package_run_dependencies/drobo_interfaces\n'}
[0.377667] (drobo_interfaces) StdoutLine: {'line': b'-- Up-to-date: /home/ubuntu/git/daniel_ws/2023_controller_a/install/drobo_interfaces/share/ament_index/resource_index/parent_prefix_path/drobo_interfaces\n'}
[0.377694] (drobo_interfaces) StdoutLine: {'line': b'-- Up-to-date: /home/ubuntu/git/daniel_ws/2023_controller_a/install/drobo_interfaces/share/drobo_interfaces/environment/ament_prefix_path.sh\n'}
[0.377913] (drobo_interfaces) StdoutLine: {'line': b'-- Up-to-date: /home/ubuntu/git/daniel_ws/2023_controller_a/install/drobo_interfaces/share/drobo_interfaces/environment/ament_prefix_path.dsv\n'}
[0.378026] (drobo_interfaces) StdoutLine: {'line': b'-- Up-to-date: /home/ubuntu/git/daniel_ws/2023_controller_a/install/drobo_interfaces/share/drobo_interfaces/environment/path.sh\n'}
[0.378050] (drobo_interfaces) StdoutLine: {'line': b'-- Up-to-date: /home/ubuntu/git/daniel_ws/2023_controller_a/install/drobo_interfaces/share/drobo_interfaces/environment/path.dsv\n'}
[0.378075] (drobo_interfaces) StdoutLine: {'line': b'-- Up-to-date: /home/ubuntu/git/daniel_ws/2023_controller_a/install/drobo_interfaces/share/drobo_interfaces/local_setup.bash\n'}
[0.378099] (drobo_interfaces) StdoutLine: {'line': b'-- Up-to-date: /home/ubuntu/git/daniel_ws/2023_controller_a/install/drobo_interfaces/share/drobo_interfaces/local_setup.sh\n'}
[0.378123] (drobo_interfaces) StdoutLine: {'line': b'-- Up-to-date: /home/ubuntu/git/daniel_ws/2023_controller_a/install/drobo_interfaces/share/drobo_interfaces/local_setup.zsh\n'}
[0.378147] (drobo_interfaces) StdoutLine: {'line': b'-- Up-to-date: /home/ubuntu/git/daniel_ws/2023_controller_a/install/drobo_interfaces/share/drobo_interfaces/local_setup.dsv\n'}
[0.378171] (drobo_interfaces) StdoutLine: {'line': b'-- Installing: /home/ubuntu/git/daniel_ws/2023_controller_a/install/drobo_interfaces/share/drobo_interfaces/package.dsv\n'}
[0.378196] (drobo_interfaces) StdoutLine: {'line': b'-- Up-to-date: /home/ubuntu/git/daniel_ws/2023_controller_a/install/drobo_interfaces/share/ament_index/resource_index/packages/drobo_interfaces\n'}
[0.378221] (drobo_interfaces) StdoutLine: {'line': b'-- Up-to-date: /home/ubuntu/git/daniel_ws/2023_controller_a/install/drobo_interfaces/share/drobo_interfaces/cmake/export_drobo_interfaces__rosidl_generator_cExport.cmake\n'}
[0.378245] (drobo_interfaces) StdoutLine: {'line': b'-- Up-to-date: /home/ubuntu/git/daniel_ws/2023_controller_a/install/drobo_interfaces/share/drobo_interfaces/cmake/export_drobo_interfaces__rosidl_generator_cExport-noconfig.cmake\n'}
[0.378271] (drobo_interfaces) StdoutLine: {'line': b'-- Up-to-date: /home/ubuntu/git/daniel_ws/2023_controller_a/install/drobo_interfaces/share/drobo_interfaces/cmake/export_drobo_interfaces__rosidl_typesupport_fastrtps_cExport.cmake\n'}
[0.378295] (drobo_interfaces) StdoutLine: {'line': b'-- Up-to-date: /home/ubuntu/git/daniel_ws/2023_controller_a/install/drobo_interfaces/share/drobo_interfaces/cmake/export_drobo_interfaces__rosidl_typesupport_fastrtps_cExport-noconfig.cmake\n'}
[0.378319] (drobo_interfaces) StdoutLine: {'line': b'-- Up-to-date: /home/ubuntu/git/daniel_ws/2023_controller_a/install/drobo_interfaces/share/drobo_interfaces/cmake/drobo_interfaces__rosidl_typesupport_introspection_cExport.cmake\n'}
[0.378344] (drobo_interfaces) StdoutLine: {'line': b'-- Up-to-date: /home/ubuntu/git/daniel_ws/2023_controller_a/install/drobo_interfaces/share/drobo_interfaces/cmake/drobo_interfaces__rosidl_typesupport_introspection_cExport-noconfig.cmake\n'}
[0.378369] (drobo_interfaces) StdoutLine: {'line': b'-- Up-to-date: /home/ubuntu/git/daniel_ws/2023_controller_a/install/drobo_interfaces/share/drobo_interfaces/cmake/drobo_interfaces__rosidl_typesupport_cExport.cmake\n'}
[0.378393] (drobo_interfaces) StdoutLine: {'line': b'-- Up-to-date: /home/ubuntu/git/daniel_ws/2023_controller_a/install/drobo_interfaces/share/drobo_interfaces/cmake/drobo_interfaces__rosidl_typesupport_cExport-noconfig.cmake\n'}
[0.378417] (drobo_interfaces) StdoutLine: {'line': b'-- Up-to-date: /home/ubuntu/git/daniel_ws/2023_controller_a/install/drobo_interfaces/share/drobo_interfaces/cmake/export_drobo_interfaces__rosidl_generator_cppExport.cmake\n'}
[0.378442] (drobo_interfaces) StdoutLine: {'line': b'-- Up-to-date: /home/ubuntu/git/daniel_ws/2023_controller_a/install/drobo_interfaces/share/drobo_interfaces/cmake/export_drobo_interfaces__rosidl_typesupport_fastrtps_cppExport.cmake\n'}
[0.378466] (drobo_interfaces) StdoutLine: {'line': b'-- Up-to-date: /home/ubuntu/git/daniel_ws/2023_controller_a/install/drobo_interfaces/share/drobo_interfaces/cmake/export_drobo_interfaces__rosidl_typesupport_fastrtps_cppExport-noconfig.cmake\n'}
[0.378490] (drobo_interfaces) StdoutLine: {'line': b'-- Up-to-date: /home/ubuntu/git/daniel_ws/2023_controller_a/install/drobo_interfaces/share/drobo_interfaces/cmake/drobo_interfaces__rosidl_typesupport_introspection_cppExport.cmake\n'}
[0.378514] (drobo_interfaces) StdoutLine: {'line': b'-- Up-to-date: /home/ubuntu/git/daniel_ws/2023_controller_a/install/drobo_interfaces/share/drobo_interfaces/cmake/drobo_interfaces__rosidl_typesupport_introspection_cppExport-noconfig.cmake\n'}
[0.378540] (drobo_interfaces) StdoutLine: {'line': b'-- Up-to-date: /home/ubuntu/git/daniel_ws/2023_controller_a/install/drobo_interfaces/share/drobo_interfaces/cmake/drobo_interfaces__rosidl_typesupport_cppExport.cmake\n'}
[0.378566] (drobo_interfaces) StdoutLine: {'line': b'-- Up-to-date: /home/ubuntu/git/daniel_ws/2023_controller_a/install/drobo_interfaces/share/drobo_interfaces/cmake/drobo_interfaces__rosidl_typesupport_cppExport-noconfig.cmake\n'}
[0.378604] (drobo_interfaces) StdoutLine: {'line': b'-- Up-to-date: /home/ubuntu/git/daniel_ws/2023_controller_a/install/drobo_interfaces/share/drobo_interfaces/cmake/export_drobo_interfaces__rosidl_generator_pyExport.cmake\n'}
[0.378630] (drobo_interfaces) StdoutLine: {'line': b'-- Up-to-date: /home/ubuntu/git/daniel_ws/2023_controller_a/install/drobo_interfaces/share/drobo_interfaces/cmake/export_drobo_interfaces__rosidl_generator_pyExport-noconfig.cmake\n'}
[0.378655] (drobo_interfaces) StdoutLine: {'line': b'-- Up-to-date: /home/ubuntu/git/daniel_ws/2023_controller_a/install/drobo_interfaces/share/drobo_interfaces/cmake/rosidl_cmake-extras.cmake\n'}
[0.378681] (drobo_interfaces) StdoutLine: {'line': b'-- Up-to-date: /home/ubuntu/git/daniel_ws/2023_controller_a/install/drobo_interfaces/share/drobo_interfaces/cmake/ament_cmake_export_include_directories-extras.cmake\n'}
[0.378707] (drobo_interfaces) StdoutLine: {'line': b'-- Up-to-date: /home/ubuntu/git/daniel_ws/2023_controller_a/install/drobo_interfaces/share/drobo_interfaces/cmake/ament_cmake_export_libraries-extras.cmake\n'}
[0.378733] (drobo_interfaces) StdoutLine: {'line': b'-- Up-to-date: /home/ubuntu/git/daniel_ws/2023_controller_a/install/drobo_interfaces/share/drobo_interfaces/cmake/ament_cmake_export_targets-extras.cmake\n'}
[0.378759] (drobo_interfaces) StdoutLine: {'line': b'-- Up-to-date: /home/ubuntu/git/daniel_ws/2023_controller_a/install/drobo_interfaces/share/drobo_interfaces/cmake/rosidl_cmake_export_typesupport_targets-extras.cmake\n'}
[0.378784] (drobo_interfaces) StdoutLine: {'line': b'-- Up-to-date: /home/ubuntu/git/daniel_ws/2023_controller_a/install/drobo_interfaces/share/drobo_interfaces/cmake/ament_cmake_export_dependencies-extras.cmake\n'}
[0.378810] (drobo_interfaces) StdoutLine: {'line': b'-- Up-to-date: /home/ubuntu/git/daniel_ws/2023_controller_a/install/drobo_interfaces/share/drobo_interfaces/cmake/rosidl_cmake_export_typesupport_libraries-extras.cmake\n'}
[0.378835] (drobo_interfaces) StdoutLine: {'line': b'-- Up-to-date: /home/ubuntu/git/daniel_ws/2023_controller_a/install/drobo_interfaces/share/drobo_interfaces/cmake/drobo_interfacesConfig.cmake\n'}
[0.378860] (drobo_interfaces) StdoutLine: {'line': b'-- Up-to-date: /home/ubuntu/git/daniel_ws/2023_controller_a/install/drobo_interfaces/share/drobo_interfaces/cmake/drobo_interfacesConfig-version.cmake\n'}
[0.378886] (drobo_interfaces) StdoutLine: {'line': b'-- Up-to-date: /home/ubuntu/git/daniel_ws/2023_controller_a/install/drobo_interfaces/share/drobo_interfaces/package.xml\n'}
[0.379378] (drobo_interfaces) CommandEnded: {'returncode': 0}
[0.399859] (-) TimerEvent: {}
[0.500226] (-) TimerEvent: {}
[0.507192] (drobo_interfaces) JobEnded: {'identifier': 'drobo_interfaces', 'rc': 0}
[0.509392] (controller_2023_a) JobStarted: {'identifier': 'controller_2023_a'}
[0.531813] (omni_control) JobStarted: {'identifier': 'omni_control'}
[0.555905] (controller_2023_a) JobProgress: {'identifier': 'controller_2023_a', 'progress': 'prepare'}
[0.562560] (controller_2023_a) JobProgress: {'identifier': 'controller_2023_a', 'progress': 'build'}
[0.562584] (controller_2023_a) Command: {'cmd': ['/home/ubuntu/.cargo/bin/cargo', 'ament-build', '--install-base', '/home/ubuntu/git/daniel_ws/2023_controller_a/install/controller_2023_a', '--', '--manifest-path', '/home/ubuntu/git/daniel_ws/2023_controller_a/src/controller_2023_a/Cargo.toml', '--target-dir', '/home/ubuntu/git/daniel_ws/2023_controller_a/build/controller_2023_a', '--quiet', '--release'], 'cwd': PosixPath('src/controller_2023_a'), 'env': OrderedDict([('USER', 'daniel_ezomo'), ('XDG_SESSION_TYPE', 'wayland'), ('SHLVL', '1'), ('LD_LIBRARY_PATH', '/home/ubuntu/git/daniel_ws/2023_controller_a/install/drobo_interfaces/lib:/opt/ros/humble/opt/rviz_ogre_vendor/lib:/opt/ros/humble/lib/aarch64-linux-gnu:/opt/ros/humble/lib'), ('OLDPWD', '/home/ubuntu/git/daniel_ws'), ('HOME', '/home/ubuntu'), ('DESKTOP_SESSION', 'ubuntu'), ('GTK_MODULES', 'gail:atk-bridge'), ('GNOME_SHELL_SESSION_MODE', 'ubuntu'), ('ROS_PYTHON_VERSION', '3'), ('SYSTEMD_EXEC_PID', '1927'), ('DBUS_SESSION_BUS_ADDRESS', 'unix:path=/run/user/1000/bus'), ('P9K_TTY', 'old'), ('COLORTERM', 'truecolor'), ('ZPFX', '/home/ubuntu/.local/share/zinit/polaris'), ('WAYLAND_DISPLAY', 'wayland-0'), ('ROS_DISTRO', 'humble'), ('COLCON_PREFIX_PATH', '/home/ubuntu/git/daniel_ws/2023_controller_a/install'), ('LOGNAME', 'daniel_ezomo'), ('_', '/usr/bin/colcon'), ('_P9K_SSH_TTY', '/dev/pts/0'), ('XDG_SESSION_CLASS', 'user'), ('ROS_VERSION', '2'), ('USERNAME', 'daniel_ezomo'), ('TERM', 'xterm-256color'), ('GNOME_DESKTOP_SESSION_ID', 'this-is-deprecated'), ('ROS_LOCALHOST_ONLY', '0'), ('ZSH_CACHE_DIR', '/home/ubuntu/.cache/zinit'), ('PMSPEC', '0uUpiPsf'), ('PATH', '/opt/ros/humble/bin:/home/ubuntu/.local/share/zinit/polaris/bin:/home/ubuntu/.cargo/bin:/usr/local/sbin:/usr/local/bin:/usr/sbin:/usr/bin:/sbin:/bin:/usr/games:/usr/local/games:/snap/bin:/snap/bin'), ('SESSION_MANAGER', 'local/ezomo:@/tmp/.ICE-unix/1909,unix/ezomo:/tmp/.ICE-unix/1909'), ('GNOME_TERMINAL_SCREEN', '/org/gnome/Terminal/screen/48a602dd_19c0_4514_9e12_2f5b92e85767'), ('XDG_MENU_PREFIX', 'gnome-'), ('GNOME_SETUP_DISPLAY', ':1'), ('XDG_RUNTIME_DIR', '/run/user/1000'), ('DISPLAY', ':0'), ('XDG_CURRENT_DESKTOP', 'ubuntu:GNOME'), ('LANG', 'en_US.UTF-8'), ('XDG_SESSION_DESKTOP', 'ubuntu'), ('GNOME_TERMINAL_SERVICE', ':1.123'), ('XMODIFIERS', '@im=ibus'), ('XAUTHORITY', '/run/user/1000/.mutter-Xwaylandauth.D5AUI2'), ('SSH_AUTH_SOCK', '/run/user/1000/keyring/ssh'), ('SSH_AGENT_LAUNCHER', 'gnome-keyring'), ('AMENT_PREFIX_PATH', '/home/ubuntu/git/daniel_ws/2023_controller_a/install/omni_control:/home/ubuntu/git/daniel_ws/2023_controller_a/install/controller_2023_a:/home/ubuntu/git/daniel_ws/2023_controller_a/install/drobo_interfaces:/home/ubuntu/git/daniel_ws/2023_controller_a/install/controller_2023_launch_a:/opt/ros/humble'), ('SHELL', '/usr/bin/zsh'), ('QT_ACCESSIBILITY', '1'), ('GDMSESSION', 'ubuntu'), ('P9K_SSH', '0'), ('QT_IM_MODULE', 'ibus'), ('LC_ALL', 'en_US.UTF-8'), ('PWD', '/home/ubuntu/git/daniel_ws/2023_controller_a/build/controller_2023_a'), ('XDG_DATA_DIRS', '/usr/local/share/:/usr/share/:/var/lib/snapd/desktop'), ('_P9K_TTY', '/dev/pts/0'), ('PYTHONPATH', '/home/ubuntu/git/daniel_ws/2023_controller_a/install/drobo_interfaces/local/lib/python3.10/dist-packages:/opt/ros/humble/lib/python3.10/site-packages:/opt/ros/humble/local/lib/python3.10/dist-packages'), ('COLCON', '1'), ('VTE_VERSION', '6800'), ('CMAKE_PREFIX_PATH', '/home/ubuntu/git/daniel_ws/2023_controller_a/install/drobo_interfaces:/home/ubuntu/git/daniel_ws/2023_controller_a/install/controller_2023_launch_a')]), 'shell': False}
[0.564706] (omni_control) JobProgress: {'identifier': 'omni_control', 'progress': 'prepare'}
[0.574292] (omni_control) JobProgress: {'identifier': 'omni_control', 'progress': 'build'}
[0.574648] (omni_control) Command: {'cmd': ['/home/ubuntu/.cargo/bin/cargo', 'ament-build', '--install-base', '/home/ubuntu/git/daniel_ws/2023_controller_a/install/omni_control', '--', '--manifest-path', '/home/ubuntu/git/daniel_ws/2023_controller_a/src/omni_control/Cargo.toml', '--target-dir', '/home/ubuntu/git/daniel_ws/2023_controller_a/build/omni_control', '--quiet', '--release'], 'cwd': PosixPath('src/omni_control'), 'env': OrderedDict([('USER', 'daniel_ezomo'), ('XDG_SESSION_TYPE', 'wayland'), ('SHLVL', '1'), ('LD_LIBRARY_PATH', '/home/ubuntu/git/daniel_ws/2023_controller_a/install/drobo_interfaces/lib:/opt/ros/humble/opt/rviz_ogre_vendor/lib:/opt/ros/humble/lib/aarch64-linux-gnu:/opt/ros/humble/lib'), ('OLDPWD', '/home/ubuntu/git/daniel_ws'), ('HOME', '/home/ubuntu'), ('DESKTOP_SESSION', 'ubuntu'), ('GTK_MODULES', 'gail:atk-bridge'), ('GNOME_SHELL_SESSION_MODE', 'ubuntu'), ('ROS_PYTHON_VERSION', '3'), ('SYSTEMD_EXEC_PID', '1927'), ('DBUS_SESSION_BUS_ADDRESS', 'unix:path=/run/user/1000/bus'), ('P9K_TTY', 'old'), ('COLORTERM', 'truecolor'), ('ZPFX', '/home/ubuntu/.local/share/zinit/polaris'), ('WAYLAND_DISPLAY', 'wayland-0'), ('ROS_DISTRO', 'humble'), ('COLCON_PREFIX_PATH', '/home/ubuntu/git/daniel_ws/2023_controller_a/install'), ('LOGNAME', 'daniel_ezomo'), ('_', '/usr/bin/colcon'), ('_P9K_SSH_TTY', '/dev/pts/0'), ('XDG_SESSION_CLASS', 'user'), ('ROS_VERSION', '2'), ('USERNAME', 'daniel_ezomo'), ('TERM', 'xterm-256color'), ('GNOME_DESKTOP_SESSION_ID', 'this-is-deprecated'), ('ROS_LOCALHOST_ONLY', '0'), ('ZSH_CACHE_DIR', '/home/ubuntu/.cache/zinit'), ('PMSPEC', '0uUpiPsf'), ('PATH', '/opt/ros/humble/bin:/home/ubuntu/.local/share/zinit/polaris/bin:/home/ubuntu/.cargo/bin:/usr/local/sbin:/usr/local/bin:/usr/sbin:/usr/bin:/sbin:/bin:/usr/games:/usr/local/games:/snap/bin:/snap/bin'), ('SESSION_MANAGER', 'local/ezomo:@/tmp/.ICE-unix/1909,unix/ezomo:/tmp/.ICE-unix/1909'), ('GNOME_TERMINAL_SCREEN', '/org/gnome/Terminal/screen/48a602dd_19c0_4514_9e12_2f5b92e85767'), ('XDG_MENU_PREFIX', 'gnome-'), ('GNOME_SETUP_DISPLAY', ':1'), ('XDG_RUNTIME_DIR', '/run/user/1000'), ('DISPLAY', ':0'), ('XDG_CURRENT_DESKTOP', 'ubuntu:GNOME'), ('LANG', 'en_US.UTF-8'), ('XDG_SESSION_DESKTOP', 'ubuntu'), ('GNOME_TERMINAL_SERVICE', ':1.123'), ('XMODIFIERS', '@im=ibus'), ('XAUTHORITY', '/run/user/1000/.mutter-Xwaylandauth.D5AUI2'), ('SSH_AUTH_SOCK', '/run/user/1000/keyring/ssh'), ('SSH_AGENT_LAUNCHER', 'gnome-keyring'), ('AMENT_PREFIX_PATH', '/home/ubuntu/git/daniel_ws/2023_controller_a/install/omni_control:/home/ubuntu/git/daniel_ws/2023_controller_a/install/controller_2023_a:/home/ubuntu/git/daniel_ws/2023_controller_a/install/drobo_interfaces:/home/ubuntu/git/daniel_ws/2023_controller_a/install/controller_2023_launch_a:/opt/ros/humble'), ('SHELL', '/usr/bin/zsh'), ('QT_ACCESSIBILITY', '1'), ('GDMSESSION', 'ubuntu'), ('P9K_SSH', '0'), ('QT_IM_MODULE', 'ibus'), ('LC_ALL', 'en_US.UTF-8'), ('PWD', '/home/ubuntu/git/daniel_ws/2023_controller_a/build/omni_control'), ('XDG_DATA_DIRS', '/usr/local/share/:/usr/share/:/var/lib/snapd/desktop'), ('_P9K_TTY', '/dev/pts/0'), ('PYTHONPATH', '/home/ubuntu/git/daniel_ws/2023_controller_a/install/drobo_interfaces/local/lib/python3.10/dist-packages:/opt/ros/humble/lib/python3.10/site-packages:/opt/ros/humble/local/lib/python3.10/dist-packages'), ('COLCON', '1'), ('VTE_VERSION', '6800'), ('CMAKE_PREFIX_PATH', '/home/ubuntu/git/daniel_ws/2023_controller_a/install/drobo_interfaces:/home/ubuntu/git/daniel_ws/2023_controller_a/install/controller_2023_launch_a')]), 'shell': False}
[0.600272] (-) TimerEvent: {}
[0.627316] (controller_2023_a) StderrLine: {'line': b'\x1b[0m\x1b[1m\x1b[33mwarning\x1b[0m\x1b[0m\x1b[1m: unused imports: `RecvResult`, `pr_fatal`, `pr_info`, `self`, `service::client::Client`, `std_msgs`\x1b[0m\n'}
[0.627625] (controller_2023_a) StderrLine: {'line': b'\x1b[0m  \x1b[0m\x1b[0m\x1b[1m\x1b[38;5;12m--> \x1b[0m\x1b[0msrc/main.rs:9:43\x1b[0m\n'}
[0.627654] (controller_2023_a) StderrLine: {'line': b'\x1b[0m   \x1b[0m\x1b[0m\x1b[1m\x1b[38;5;12m|\x1b[0m\n'}
[0.627680] (controller_2023_a) StderrLine: {'line': b'\x1b[0m\x1b[1m\x1b[38;5;12m9\x1b[0m\x1b[0m  \x1b[0m\x1b[0m\x1b[1m\x1b[38;5;12m|\x1b[0m\x1b[0m \x1b[0m\x1b[0m    msg::common_interfaces::{sensor_msgs, std_msgs},\x1b[0m\n'}
[0.627705] (controller_2023_a) StderrLine: {'line': b'\x1b[0m   \x1b[0m\x1b[0m\x1b[1m\x1b[38;5;12m| \x1b[0m\x1b[0m                                          \x1b[0m\x1b[0m\x1b[1m\x1b[33m^^^^^^^^\x1b[0m\n'}
[0.627730] (controller_2023_a) StderrLine: {'line': b'\x1b[0m\x1b[1m\x1b[38;5;12m10\x1b[0m\x1b[0m \x1b[0m\x1b[0m\x1b[1m\x1b[38;5;12m|\x1b[0m\x1b[0m \x1b[0m\x1b[0m    pr_fatal, pr_info,\x1b[0m\n'}
[0.627754] (controller_2023_a) StderrLine: {'line': b'\x1b[0m   \x1b[0m\x1b[0m\x1b[1m\x1b[38;5;12m| \x1b[0m\x1b[0m    \x1b[0m\x1b[0m\x1b[1m\x1b[33m^^^^^^^^\x1b[0m\x1b[0m  \x1b[0m\x1b[0m\x1b[1m\x1b[33m^^^^^^^\x1b[0m\n'}
[0.627778] (controller_2023_a) StderrLine: {'line': b'\x1b[0m\x1b[1m\x1b[38;5;12m11\x1b[0m\x1b[0m \x1b[0m\x1b[0m\x1b[1m\x1b[38;5;12m|\x1b[0m\x1b[0m \x1b[0m\x1b[0m    selector::Selector,\x1b[0m\n'}
[0.627802] (controller_2023_a) StderrLine: {'line': b'\x1b[0m\x1b[1m\x1b[38;5;12m12\x1b[0m\x1b[0m \x1b[0m\x1b[0m\x1b[1m\x1b[38;5;12m|\x1b[0m\x1b[0m \x1b[0m\x1b[0m    service::client::Client,\x1b[0m\n'}
[0.627826] (controller_2023_a) StderrLine: {'line': b'\x1b[0m   \x1b[0m\x1b[0m\x1b[1m\x1b[38;5;12m| \x1b[0m\x1b[0m    \x1b[0m\x1b[0m\x1b[1m\x1b[33m^^^^^^^^^^^^^^^^^^^^^^^\x1b[0m\n'}
[0.627850] (controller_2023_a) StderrLine: {'line': b'\x1b[0m\x1b[1m\x1b[38;5;12m13\x1b[0m\x1b[0m \x1b[0m\x1b[0m\x1b[1m\x1b[38;5;12m|\x1b[0m\x1b[0m \x1b[0m\x1b[0m    topic::{publisher::{self, Publisher}, subscriber::Subscriber},\x1b[0m\n'}
[0.627875] (controller_2023_a) StderrLine: {'line': b'\x1b[0m   \x1b[0m\x1b[0m\x1b[1m\x1b[38;5;12m| \x1b[0m\x1b[0m                        \x1b[0m\x1b[0m\x1b[1m\x1b[33m^^^^\x1b[0m\n'}
[0.627898] (controller_2023_a) StderrLine: {'line': b'\x1b[0m\x1b[1m\x1b[38;5;12m14\x1b[0m\x1b[0m \x1b[0m\x1b[0m\x1b[1m\x1b[38;5;12m|\x1b[0m\x1b[0m \x1b[0m\x1b[0m    RecvResult,\x1b[0m\n'}
[0.627921] (controller_2023_a) StderrLine: {'line': b'\x1b[0m   \x1b[0m\x1b[0m\x1b[1m\x1b[38;5;12m| \x1b[0m\x1b[0m    \x1b[0m\x1b[0m\x1b[1m\x1b[33m^^^^^^^^^^\x1b[0m\n'}
[0.627945] (controller_2023_a) StderrLine: {'line': b'\x1b[0m   \x1b[0m\x1b[0m\x1b[1m\x1b[38;5;12m|\x1b[0m\n'}
[0.627969] (controller_2023_a) StderrLine: {'line': b'\x1b[0m   \x1b[0m\x1b[0m\x1b[1m\x1b[38;5;12m= \x1b[0m\x1b[0m\x1b[1mnote\x1b[0m\x1b[0m: `#[warn(unused_imports)]` on by default\x1b[0m\n'}
[0.627993] (controller_2023_a) StderrLine: {'line': b'\n'}
[0.628017] (controller_2023_a) StderrLine: {'line': b'\x1b[0m\x1b[1m\x1b[33mwarning\x1b[0m\x1b[0m\x1b[1m: unused import: `time::Duration`\x1b[0m\n'}
[0.628041] (controller_2023_a) StderrLine: {'line': b'\x1b[0m  \x1b[0m\x1b[0m\x1b[1m\x1b[38;5;12m--> \x1b[0m\x1b[0msrc/main.rs:16:19\x1b[0m\n'}
[0.628064] (controller_2023_a) StderrLine: {'line': b'\x1b[0m   \x1b[0m\x1b[0m\x1b[1m\x1b[38;5;12m|\x1b[0m\n'}
[0.628088] (controller_2023_a) StderrLine: {'line': b'\x1b[0m\x1b[1m\x1b[38;5;12m16\x1b[0m\x1b[0m \x1b[0m\x1b[0m\x1b[1m\x1b[38;5;12m|\x1b[0m\x1b[0m \x1b[0m\x1b[0muse std::{rc::Rc, time::Duration};\x1b[0m\n'}
[0.628112] (controller_2023_a) StderrLine: {'line': b'\x1b[0m   \x1b[0m\x1b[0m\x1b[1m\x1b[38;5;12m| \x1b[0m\x1b[0m                  \x1b[0m\x1b[0m\x1b[1m\x1b[33m^^^^^^^^^^^^^^\x1b[0m\n'}
[0.628135] (controller_2023_a) StderrLine: {'line': b'\n'}
[0.628158] (controller_2023_a) StderrLine: {'line': b'\x1b[0m\x1b[1m\x1b[33mwarning\x1b[0m\x1b[0m\x1b[1m: unused import: `safe_drive::node::Node`\x1b[0m\n'}
[0.628182] (controller_2023_a) StderrLine: {'line': b'\x1b[0m  \x1b[0m\x1b[0m\x1b[1m\x1b[38;5;12m--> \x1b[0m\x1b[0msrc/main.rs:18:5\x1b[0m\n'}
[0.628205] (controller_2023_a) StderrLine: {'line': b'\x1b[0m   \x1b[0m\x1b[0m\x1b[1m\x1b[38;5;12m|\x1b[0m\n'}
[0.628228] (controller_2023_a) StderrLine: {'line': b'\x1b[0m\x1b[1m\x1b[38;5;12m18\x1b[0m\x1b[0m \x1b[0m\x1b[0m\x1b[1m\x1b[38;5;12m|\x1b[0m\x1b[0m \x1b[0m\x1b[0muse safe_drive::node::Node;\x1b[0m\n'}
[0.628252] (controller_2023_a) StderrLine: {'line': b'\x1b[0m   \x1b[0m\x1b[0m\x1b[1m\x1b[38;5;12m| \x1b[0m\x1b[0m    \x1b[0m\x1b[0m\x1b[1m\x1b[33m^^^^^^^^^^^^^^^^^^^^^^\x1b[0m\n'}
[0.628276] (controller_2023_a) StderrLine: {'line': b'\n'}
[0.628299] (controller_2023_a) StderrLine: {'line': b'\x1b[0m\x1b[1m\x1b[33mwarning\x1b[0m\x1b[0m\x1b[1m: unused variable: `logger`\x1b[0m\n'}
[0.628322] (controller_2023_a) StderrLine: {'line': b'\x1b[0m  \x1b[0m\x1b[0m\x1b[1m\x1b[38;5;12m--> \x1b[0m\x1b[0msrc/main.rs:62:9\x1b[0m\n'}
[0.628345] (controller_2023_a) StderrLine: {'line': b'\x1b[0m   \x1b[0m\x1b[0m\x1b[1m\x1b[38;5;12m|\x1b[0m\n'}
[0.628368] (controller_2023_a) StderrLine: {'line': b'\x1b[0m\x1b[1m\x1b[38;5;12m62\x1b[0m\x1b[0m \x1b[0m\x1b[0m\x1b[1m\x1b[38;5;12m|\x1b[0m\x1b[0m \x1b[0m\x1b[0m    let logger = Rc::new(Logger::new("controller_2023"));\x1b[0m\n'}
[0.628392] (controller_2023_a) StderrLine: {'line': b'\x1b[0m   \x1b[0m\x1b[0m\x1b[1m\x1b[38;5;12m| \x1b[0m\x1b[0m        \x1b[0m\x1b[0m\x1b[1m\x1b[33m^^^^^^\x1b[0m\x1b[0m \x1b[0m\x1b[0m\x1b[1m\x1b[33mhelp: if this is intentional, prefix it with an underscore: `_logger`\x1b[0m\n'}
[0.628417] (controller_2023_a) StderrLine: {'line': b'\x1b[0m   \x1b[0m\x1b[0m\x1b[1m\x1b[38;5;12m|\x1b[0m\n'}
[0.628441] (controller_2023_a) StderrLine: {'line': b'\x1b[0m   \x1b[0m\x1b[0m\x1b[1m\x1b[38;5;12m= \x1b[0m\x1b[0m\x1b[1mnote\x1b[0m\x1b[0m: `#[warn(unused_variables)]` on by default\x1b[0m\n'}
[0.628464] (controller_2023_a) StderrLine: {'line': b'\n'}
[0.628488] (controller_2023_a) StderrLine: {'line': b'\x1b[0m\x1b[1m\x1b[33mwarning\x1b[0m\x1b[0m\x1b[1m: multiple methods are never used\x1b[0m\n'}
[0.628512] (controller_2023_a) StderrLine: {'line': b'\x1b[0m  \x1b[0m\x1b[0m\x1b[1m\x1b[38;5;12m--> \x1b[0m\x1b[0msrc/p9n_interface.rs:16:12\x1b[0m\n'}
[0.628536] (controller_2023_a) StderrLine: {'line': b'\x1b[0m   \x1b[0m\x1b[0m\x1b[1m\x1b[38;5;12m|\x1b[0m\n'}
[0.628559] (controller_2023_a) StderrLine: {'line': b'\x1b[0m\x1b[1m\x1b[38;5;12m9\x1b[0m\x1b[0m  \x1b[0m\x1b[0m\x1b[1m\x1b[38;5;12m|\x1b[0m\x1b[0m \x1b[0m\x1b[0mimpl PlaystationInterface {\x1b[0m\n'}
[0.628583] (controller_2023_a) StderrLine: {'line': b'\x1b[0m   \x1b[0m\x1b[0m\x1b[1m\x1b[38;5;12m| \x1b[0m\x1b[0m\x1b[1m\x1b[38;5;12m-------------------------\x1b[0m\x1b[0m \x1b[0m\x1b[0m\x1b[1m\x1b[38;5;12mmethods in this implementation\x1b[0m\n'}
[0.628609] (controller_2023_a) StderrLine: {'line': b'\x1b[0m\x1b[1m\x1b[38;5;12m...\x1b[0m\n'}
[0.628638] (controller_2023_a) StderrLine: {'line': b'\x1b[0m\x1b[1m\x1b[38;5;12m16\x1b[0m\x1b[0m \x1b[0m\x1b[0m\x1b[1m\x1b[38;5;12m|\x1b[0m\x1b[0m \x1b[0m\x1b[0m    pub fn pressed_start(&self) -> bool {\x1b[0m\n'}
[0.628664] (controller_2023_a) StderrLine: {'line': b'\x1b[0m   \x1b[0m\x1b[0m\x1b[1m\x1b[38;5;12m| \x1b[0m\x1b[0m           \x1b[0m\x1b[0m\x1b[1m\x1b[33m^^^^^^^^^^^^^\x1b[0m\n'}
[0.628688] (controller_2023_a) StderrLine: {'line': b'\x1b[0m\x1b[1m\x1b[38;5;12m...\x1b[0m\n'}
[0.628712] (controller_2023_a) StderrLine: {'line': b'\x1b[0m\x1b[1m\x1b[38;5;12m19\x1b[0m\x1b[0m \x1b[0m\x1b[0m\x1b[1m\x1b[38;5;12m|\x1b[0m\x1b[0m \x1b[0m\x1b[0m    pub fn pressed_l1(&self) -> bool {\x1b[0m\n'}
[0.628736] (controller_2023_a) StderrLine: {'line': b'\x1b[0m   \x1b[0m\x1b[0m\x1b[1m\x1b[38;5;12m| \x1b[0m\x1b[0m           \x1b[0m\x1b[0m\x1b[1m\x1b[33m^^^^^^^^^^\x1b[0m\n'}
[0.628760] (controller_2023_a) StderrLine: {'line': b'\x1b[0m\x1b[1m\x1b[38;5;12m...\x1b[0m\n'}
[0.628783] (controller_2023_a) StderrLine: {'line': b'\x1b[0m\x1b[1m\x1b[38;5;12m22\x1b[0m\x1b[0m \x1b[0m\x1b[0m\x1b[1m\x1b[38;5;12m|\x1b[0m\x1b[0m \x1b[0m\x1b[0m    pub fn pressed_r1(&self) -> bool {\x1b[0m\n'}
[0.628807] (controller_2023_a) StderrLine: {'line': b'\x1b[0m   \x1b[0m\x1b[0m\x1b[1m\x1b[38;5;12m| \x1b[0m\x1b[0m           \x1b[0m\x1b[0m\x1b[1m\x1b[33m^^^^^^^^^^\x1b[0m\n'}
[0.628831] (controller_2023_a) StderrLine: {'line': b'\x1b[0m\x1b[1m\x1b[38;5;12m...\x1b[0m\n'}
[0.628854] (controller_2023_a) StderrLine: {'line': b'\x1b[0m\x1b[1m\x1b[38;5;12m25\x1b[0m\x1b[0m \x1b[0m\x1b[0m\x1b[1m\x1b[38;5;12m|\x1b[0m\x1b[0m \x1b[0m\x1b[0m    pub fn pressed_l2(&self) -> bool {\x1b[0m\n'}
[0.628879] (controller_2023_a) StderrLine: {'line': b'\x1b[0m   \x1b[0m\x1b[0m\x1b[1m\x1b[38;5;12m| \x1b[0m\x1b[0m           \x1b[0m\x1b[0m\x1b[1m\x1b[33m^^^^^^^^^^\x1b[0m\n'}
[0.628903] (controller_2023_a) StderrLine: {'line': b'\x1b[0m\x1b[1m\x1b[38;5;12m...\x1b[0m\n'}
[0.628927] (controller_2023_a) StderrLine: {'line': b'\x1b[0m\x1b[1m\x1b[38;5;12m31\x1b[0m\x1b[0m \x1b[0m\x1b[0m\x1b[1m\x1b[38;5;12m|\x1b[0m\x1b[0m \x1b[0m\x1b[0m    pub fn pressed_dpad_left(&self) -> bool {\x1b[0m\n'}
[0.628951] (controller_2023_a) StderrLine: {'line': b'\x1b[0m   \x1b[0m\x1b[0m\x1b[1m\x1b[38;5;12m| \x1b[0m\x1b[0m           \x1b[0m\x1b[0m\x1b[1m\x1b[33m^^^^^^^^^^^^^^^^^\x1b[0m\n'}
[0.628975] (controller_2023_a) StderrLine: {'line': b'\x1b[0m\x1b[1m\x1b[38;5;12m...\x1b[0m\n'}
[0.628998] (controller_2023_a) StderrLine: {'line': b'\x1b[0m\x1b[1m\x1b[38;5;12m34\x1b[0m\x1b[0m \x1b[0m\x1b[0m\x1b[1m\x1b[38;5;12m|\x1b[0m\x1b[0m \x1b[0m\x1b[0m    pub fn pressed_dpad_up(&self) -> bool {\x1b[0m\n'}
[0.629022] (controller_2023_a) StderrLine: {'line': b'\x1b[0m   \x1b[0m\x1b[0m\x1b[1m\x1b[38;5;12m| \x1b[0m\x1b[0m           \x1b[0m\x1b[0m\x1b[1m\x1b[33m^^^^^^^^^^^^^^^\x1b[0m\n'}
[0.629046] (controller_2023_a) StderrLine: {'line': b'\x1b[0m\x1b[1m\x1b[38;5;12m...\x1b[0m\n'}
[0.629070] (controller_2023_a) StderrLine: {'line': b'\x1b[0m\x1b[1m\x1b[38;5;12m37\x1b[0m\x1b[0m \x1b[0m\x1b[0m\x1b[1m\x1b[38;5;12m|\x1b[0m\x1b[0m \x1b[0m\x1b[0m    pub fn pressed_dpad_right(&self) -> bool {\x1b[0m\n'}
[0.629093] (controller_2023_a) StderrLine: {'line': b'\x1b[0m   \x1b[0m\x1b[0m\x1b[1m\x1b[38;5;12m| \x1b[0m\x1b[0m           \x1b[0m\x1b[0m\x1b[1m\x1b[33m^^^^^^^^^^^^^^^^^^\x1b[0m\n'}
[0.629118] (controller_2023_a) StderrLine: {'line': b'\x1b[0m\x1b[1m\x1b[38;5;12m...\x1b[0m\n'}
[0.629141] (controller_2023_a) StderrLine: {'line': b'\x1b[0m\x1b[1m\x1b[38;5;12m40\x1b[0m\x1b[0m \x1b[0m\x1b[0m\x1b[1m\x1b[38;5;12m|\x1b[0m\x1b[0m \x1b[0m\x1b[0m    pub fn pressed_l2_analog(&self) -> f32 {\x1b[0m\n'}
[0.629165] (controller_2023_a) StderrLine: {'line': b'\x1b[0m   \x1b[0m\x1b[0m\x1b[1m\x1b[38;5;12m| \x1b[0m\x1b[0m           \x1b[0m\x1b[0m\x1b[1m\x1b[33m^^^^^^^^^^^^^^^^^\x1b[0m\n'}
[0.629188] (controller_2023_a) StderrLine: {'line': b'\x1b[0m\x1b[1m\x1b[38;5;12m...\x1b[0m\n'}
[0.629212] (controller_2023_a) StderrLine: {'line': b'\x1b[0m\x1b[1m\x1b[38;5;12m43\x1b[0m\x1b[0m \x1b[0m\x1b[0m\x1b[1m\x1b[38;5;12m|\x1b[0m\x1b[0m \x1b[0m\x1b[0m    pub fn pressed_r2_analog(&self) -> f32 {\x1b[0m\n'}
[0.629235] (controller_2023_a) StderrLine: {'line': b'\x1b[0m   \x1b[0m\x1b[0m\x1b[1m\x1b[38;5;12m| \x1b[0m\x1b[0m           \x1b[0m\x1b[0m\x1b[1m\x1b[33m^^^^^^^^^^^^^^^^^\x1b[0m\n'}
[0.629258] (controller_2023_a) StderrLine: {'line': b'\x1b[0m   \x1b[0m\x1b[0m\x1b[1m\x1b[38;5;12m|\x1b[0m\n'}
[0.629334] (controller_2023_a) StderrLine: {'line': b'\x1b[0m   \x1b[0m\x1b[0m\x1b[1m\x1b[38;5;12m= \x1b[0m\x1b[0m\x1b[1mnote\x1b[0m\x1b[0m: `#[warn(dead_code)]` on by default\x1b[0m\n'}
[0.629403] (controller_2023_a) StderrLine: {'line': b'\n'}
[0.629429] (controller_2023_a) StderrLine: {'line': b'\x1b[0m\x1b[1m\x1b[33mwarning\x1b[0m\x1b[0m\x1b[1m: constant `STICK_LX` is never used\x1b[0m\n'}
[0.629456] (controller_2023_a) StderrLine: {'line': b'\x1b[0m \x1b[0m\x1b[0m\x1b[1m\x1b[38;5;12m--> \x1b[0m\x1b[0msrc/ps5_dualsense.rs:3:15\x1b[0m\n'}
[0.629482] (controller_2023_a) StderrLine: {'line': b'\x1b[0m  \x1b[0m\x1b[0m\x1b[1m\x1b[38;5;12m|\x1b[0m\n'}
[0.629507] (controller_2023_a) StderrLine: {'line': b'\x1b[0m\x1b[1m\x1b[38;5;12m3\x1b[0m\x1b[0m \x1b[0m\x1b[0m\x1b[1m\x1b[38;5;12m|\x1b[0m\x1b[0m \x1b[0m\x1b[0m    pub const STICK_LX: usize = 0;\x1b[0m\n'}
[0.629533] (controller_2023_a) StderrLine: {'line': b'\x1b[0m  \x1b[0m\x1b[0m\x1b[1m\x1b[38;5;12m| \x1b[0m\x1b[0m              \x1b[0m\x1b[0m\x1b[1m\x1b[33m^^^^^^^^\x1b[0m\n'}
[0.629559] (controller_2023_a) StderrLine: {'line': b'\n'}
[0.629585] (controller_2023_a) StderrLine: {'line': b'\x1b[0m\x1b[1m\x1b[33mwarning\x1b[0m\x1b[0m\x1b[1m: constant `STICK_LY` is never used\x1b[0m\n'}
[0.629611] (controller_2023_a) StderrLine: {'line': b'\x1b[0m \x1b[0m\x1b[0m\x1b[1m\x1b[38;5;12m--> \x1b[0m\x1b[0msrc/ps5_dualsense.rs:4:15\x1b[0m\n'}
[0.629636] (controller_2023_a) StderrLine: {'line': b'\x1b[0m  \x1b[0m\x1b[0m\x1b[1m\x1b[38;5;12m|\x1b[0m\n'}
[0.629662] (controller_2023_a) StderrLine: {'line': b'\x1b[0m\x1b[1m\x1b[38;5;12m4\x1b[0m\x1b[0m \x1b[0m\x1b[0m\x1b[1m\x1b[38;5;12m|\x1b[0m\x1b[0m \x1b[0m\x1b[0m    pub const STICK_LY: usize = 1;\x1b[0m\n'}
[0.629688] (controller_2023_a) StderrLine: {'line': b'\x1b[0m  \x1b[0m\x1b[0m\x1b[1m\x1b[38;5;12m| \x1b[0m\x1b[0m              \x1b[0m\x1b[0m\x1b[1m\x1b[33m^^^^^^^^\x1b[0m\n'}
[0.629714] (controller_2023_a) StderrLine: {'line': b'\n'}
[0.629739] (controller_2023_a) StderrLine: {'line': b'\x1b[0m\x1b[1m\x1b[33mwarning\x1b[0m\x1b[0m\x1b[1m: constant `L2` is never used\x1b[0m\n'}
[0.629765] (controller_2023_a) StderrLine: {'line': b'\x1b[0m \x1b[0m\x1b[0m\x1b[1m\x1b[38;5;12m--> \x1b[0m\x1b[0msrc/ps5_dualsense.rs:5:15\x1b[0m\n'}
[0.629790] (controller_2023_a) StderrLine: {'line': b'\x1b[0m  \x1b[0m\x1b[0m\x1b[1m\x1b[38;5;12m|\x1b[0m\n'}
[0.629816] (controller_2023_a) StderrLine: {'line': b'\x1b[0m\x1b[1m\x1b[38;5;12m5\x1b[0m\x1b[0m \x1b[0m\x1b[0m\x1b[1m\x1b[38;5;12m|\x1b[0m\x1b[0m \x1b[0m\x1b[0m    pub const L2: usize = 2;\x1b[0m\n'}
[0.629841] (controller_2023_a) StderrLine: {'line': b'\x1b[0m  \x1b[0m\x1b[0m\x1b[1m\x1b[38;5;12m| \x1b[0m\x1b[0m              \x1b[0m\x1b[0m\x1b[1m\x1b[33m^^\x1b[0m\n'}
[0.629867] (controller_2023_a) StderrLine: {'line': b'\n'}
[0.629892] (controller_2023_a) StderrLine: {'line': b'\x1b[0m\x1b[1m\x1b[33mwarning\x1b[0m\x1b[0m\x1b[1m: constant `STICK_RX` is never used\x1b[0m\n'}
[0.629917] (controller_2023_a) StderrLine: {'line': b'\x1b[0m \x1b[0m\x1b[0m\x1b[1m\x1b[38;5;12m--> \x1b[0m\x1b[0msrc/ps5_dualsense.rs:6:15\x1b[0m\n'}
[0.629943] (controller_2023_a) StderrLine: {'line': b'\x1b[0m  \x1b[0m\x1b[0m\x1b[1m\x1b[38;5;12m|\x1b[0m\n'}
[0.629968] (controller_2023_a) StderrLine: {'line': b'\x1b[0m\x1b[1m\x1b[38;5;12m6\x1b[0m\x1b[0m \x1b[0m\x1b[0m\x1b[1m\x1b[38;5;12m|\x1b[0m\x1b[0m \x1b[0m\x1b[0m    pub const STICK_RX: usize = 3;\x1b[0m\n'}
[0.629994] (controller_2023_a) StderrLine: {'line': b'\x1b[0m  \x1b[0m\x1b[0m\x1b[1m\x1b[38;5;12m| \x1b[0m\x1b[0m              \x1b[0m\x1b[0m\x1b[1m\x1b[33m^^^^^^^^\x1b[0m\n'}
[0.630051] (controller_2023_a) StderrLine: {'line': b'\n'}
[0.630078] (controller_2023_a) StderrLine: {'line': b'\x1b[0m\x1b[1m\x1b[33mwarning\x1b[0m\x1b[0m\x1b[1m: constant `STICK_RY` is never used\x1b[0m\n'}
[0.630104] (controller_2023_a) StderrLine: {'line': b'\x1b[0m \x1b[0m\x1b[0m\x1b[1m\x1b[38;5;12m--> \x1b[0m\x1b[0msrc/ps5_dualsense.rs:7:15\x1b[0m\n'}
[0.630129] (controller_2023_a) StderrLine: {'line': b'\x1b[0m  \x1b[0m\x1b[0m\x1b[1m\x1b[38;5;12m|\x1b[0m\n'}
[0.630154] (controller_2023_a) StderrLine: {'line': b'\x1b[0m\x1b[1m\x1b[38;5;12m7\x1b[0m\x1b[0m \x1b[0m\x1b[0m\x1b[1m\x1b[38;5;12m|\x1b[0m\x1b[0m \x1b[0m\x1b[0m    pub const STICK_RY: usize = 4;\x1b[0m\n'}
[0.630180] (controller_2023_a) StderrLine: {'line': b'\x1b[0m  \x1b[0m\x1b[0m\x1b[1m\x1b[38;5;12m| \x1b[0m\x1b[0m              \x1b[0m\x1b[0m\x1b[1m\x1b[33m^^^^^^^^\x1b[0m\n'}
[0.630205] (controller_2023_a) StderrLine: {'line': b'\n'}
[0.630231] (controller_2023_a) StderrLine: {'line': b'\x1b[0m\x1b[1m\x1b[33mwarning\x1b[0m\x1b[0m\x1b[1m: constant `R2` is never used\x1b[0m\n'}
[0.630256] (controller_2023_a) StderrLine: {'line': b'\x1b[0m \x1b[0m\x1b[0m\x1b[1m\x1b[38;5;12m--> \x1b[0m\x1b[0msrc/ps5_dualsense.rs:8:15\x1b[0m\n'}
[0.630281] (controller_2023_a) StderrLine: {'line': b'\x1b[0m  \x1b[0m\x1b[0m\x1b[1m\x1b[38;5;12m|\x1b[0m\n'}
[0.630306] (controller_2023_a) StderrLine: {'line': b'\x1b[0m\x1b[1m\x1b[38;5;12m8\x1b[0m\x1b[0m \x1b[0m\x1b[0m\x1b[1m\x1b[38;5;12m|\x1b[0m\x1b[0m \x1b[0m\x1b[0m    pub const R2: usize = 5;\x1b[0m\n'}
[0.630332] (controller_2023_a) StderrLine: {'line': b'\x1b[0m  \x1b[0m\x1b[0m\x1b[1m\x1b[38;5;12m| \x1b[0m\x1b[0m              \x1b[0m\x1b[0m\x1b[1m\x1b[33m^^\x1b[0m\n'}
[0.630357] (controller_2023_a) StderrLine: {'line': b'\n'}
[0.630382] (controller_2023_a) StderrLine: {'line': b'\x1b[0m\x1b[1m\x1b[33mwarning\x1b[0m\x1b[0m\x1b[1m: constant `DPAD_X` is never used\x1b[0m\n'}
[0.630407] (controller_2023_a) StderrLine: {'line': b'\x1b[0m \x1b[0m\x1b[0m\x1b[1m\x1b[38;5;12m--> \x1b[0m\x1b[0msrc/ps5_dualsense.rs:9:15\x1b[0m\n'}
[0.630433] (controller_2023_a) StderrLine: {'line': b'\x1b[0m  \x1b[0m\x1b[0m\x1b[1m\x1b[38;5;12m|\x1b[0m\n'}
[0.630458] (controller_2023_a) StderrLine: {'line': b'\x1b[0m\x1b[1m\x1b[38;5;12m9\x1b[0m\x1b[0m \x1b[0m\x1b[0m\x1b[1m\x1b[38;5;12m|\x1b[0m\x1b[0m \x1b[0m\x1b[0m    pub const DPAD_X: usize = 6;\x1b[0m\n'}
[0.630484] (controller_2023_a) StderrLine: {'line': b'\x1b[0m  \x1b[0m\x1b[0m\x1b[1m\x1b[38;5;12m| \x1b[0m\x1b[0m              \x1b[0m\x1b[0m\x1b[1m\x1b[33m^^^^^^\x1b[0m\n'}
[0.630509] (controller_2023_a) StderrLine: {'line': b'\n'}
[0.630534] (controller_2023_a) StderrLine: {'line': b'\x1b[0m\x1b[1m\x1b[33mwarning\x1b[0m\x1b[0m\x1b[1m: constant `DPAD_Y` is never used\x1b[0m\n'}
[0.630559] (controller_2023_a) StderrLine: {'line': b'\x1b[0m  \x1b[0m\x1b[0m\x1b[1m\x1b[38;5;12m--> \x1b[0m\x1b[0msrc/ps5_dualsense.rs:10:15\x1b[0m\n'}
[0.630584] (controller_2023_a) StderrLine: {'line': b'\x1b[0m   \x1b[0m\x1b[0m\x1b[1m\x1b[38;5;12m|\x1b[0m\n'}
[0.630609] (controller_2023_a) StderrLine: {'line': b'\x1b[0m\x1b[1m\x1b[38;5;12m10\x1b[0m\x1b[0m \x1b[0m\x1b[0m\x1b[1m\x1b[38;5;12m|\x1b[0m\x1b[0m \x1b[0m\x1b[0m    pub const DPAD_Y: usize = 7;\x1b[0m\n'}
[0.630635] (controller_2023_a) StderrLine: {'line': b'\x1b[0m   \x1b[0m\x1b[0m\x1b[1m\x1b[38;5;12m| \x1b[0m\x1b[0m              \x1b[0m\x1b[0m\x1b[1m\x1b[33m^^^^^^\x1b[0m\n'}
[0.630663] (controller_2023_a) StderrLine: {'line': b'\n'}
[0.630692] (controller_2023_a) StderrLine: {'line': b'\x1b[0m\x1b[1m\x1b[33mwarning\x1b[0m\x1b[0m\x1b[1m: constant `CROSS` is never used\x1b[0m\n'}
[0.630721] (controller_2023_a) StderrLine: {'line': b'\x1b[0m  \x1b[0m\x1b[0m\x1b[1m\x1b[38;5;12m--> \x1b[0m\x1b[0msrc/ps5_dualsense.rs:13:15\x1b[0m\n'}
[0.630749] (controller_2023_a) StderrLine: {'line': b'\x1b[0m   \x1b[0m\x1b[0m\x1b[1m\x1b[38;5;12m|\x1b[0m\n'}
[0.630778] (controller_2023_a) StderrLine: {'line': b'\x1b[0m\x1b[1m\x1b[38;5;12m13\x1b[0m\x1b[0m \x1b[0m\x1b[0m\x1b[1m\x1b[38;5;12m|\x1b[0m\x1b[0m \x1b[0m\x1b[0m    pub const CROSS: usize = 0;\x1b[0m\n'}
[0.630807] (controller_2023_a) StderrLine: {'line': b'\x1b[0m   \x1b[0m\x1b[0m\x1b[1m\x1b[38;5;12m| \x1b[0m\x1b[0m              \x1b[0m\x1b[0m\x1b[1m\x1b[33m^^^^^\x1b[0m\n'}
[0.630837] (controller_2023_a) StderrLine: {'line': b'\n'}
[0.630865] (controller_2023_a) StderrLine: {'line': b'\x1b[0m\x1b[1m\x1b[33mwarning\x1b[0m\x1b[0m\x1b[1m: constant `CIRCLE` is never used\x1b[0m\n'}
[0.630894] (controller_2023_a) StderrLine: {'line': b'\x1b[0m  \x1b[0m\x1b[0m\x1b[1m\x1b[38;5;12m--> \x1b[0m\x1b[0msrc/ps5_dualsense.rs:14:15\x1b[0m\n'}
[0.630923] (controller_2023_a) StderrLine: {'line': b'\x1b[0m   \x1b[0m\x1b[0m\x1b[1m\x1b[38;5;12m|\x1b[0m\n'}
[0.630952] (controller_2023_a) StderrLine: {'line': b'\x1b[0m\x1b[1m\x1b[38;5;12m14\x1b[0m\x1b[0m \x1b[0m\x1b[0m\x1b[1m\x1b[38;5;12m|\x1b[0m\x1b[0m \x1b[0m\x1b[0m    pub const CIRCLE: usize = 1;\x1b[0m\n'}
[0.630981] (controller_2023_a) StderrLine: {'line': b'\x1b[0m   \x1b[0m\x1b[0m\x1b[1m\x1b[38;5;12m| \x1b[0m\x1b[0m              \x1b[0m\x1b[0m\x1b[1m\x1b[33m^^^^^^\x1b[0m\n'}
[0.631010] (controller_2023_a) StderrLine: {'line': b'\n'}
[0.631039] (controller_2023_a) StderrLine: {'line': b'\x1b[0m\x1b[1m\x1b[33mwarning\x1b[0m\x1b[0m\x1b[1m: constant `TRIANGLE` is never used\x1b[0m\n'}
[0.631068] (controller_2023_a) StderrLine: {'line': b'\x1b[0m  \x1b[0m\x1b[0m\x1b[1m\x1b[38;5;12m--> \x1b[0m\x1b[0msrc/ps5_dualsense.rs:15:15\x1b[0m\n'}
[0.631097] (controller_2023_a) StderrLine: {'line': b'\x1b[0m   \x1b[0m\x1b[0m\x1b[1m\x1b[38;5;12m|\x1b[0m\n'}
[0.631126] (controller_2023_a) StderrLine: {'line': b'\x1b[0m\x1b[1m\x1b[38;5;12m15\x1b[0m\x1b[0m \x1b[0m\x1b[0m\x1b[1m\x1b[38;5;12m|\x1b[0m\x1b[0m \x1b[0m\x1b[0m    pub const TRIANGLE: usize = 2;\x1b[0m\n'}
[0.631155] (controller_2023_a) StderrLine: {'line': b'\x1b[0m   \x1b[0m\x1b[0m\x1b[1m\x1b[38;5;12m| \x1b[0m\x1b[0m              \x1b[0m\x1b[0m\x1b[1m\x1b[33m^^^^^^^^\x1b[0m\n'}
[0.631183] (controller_2023_a) StderrLine: {'line': b'\n'}
[0.631213] (controller_2023_a) StderrLine: {'line': b'\x1b[0m\x1b[1m\x1b[33mwarning\x1b[0m\x1b[0m\x1b[1m: constant `SQUARE` is never used\x1b[0m\n'}
[0.631241] (controller_2023_a) StderrLine: {'line': b'\x1b[0m  \x1b[0m\x1b[0m\x1b[1m\x1b[38;5;12m--> \x1b[0m\x1b[0msrc/ps5_dualsense.rs:16:15\x1b[0m\n'}
[0.631270] (controller_2023_a) StderrLine: {'line': b'\x1b[0m   \x1b[0m\x1b[0m\x1b[1m\x1b[38;5;12m|\x1b[0m\n'}
[0.631299] (controller_2023_a) StderrLine: {'line': b'\x1b[0m\x1b[1m\x1b[38;5;12m16\x1b[0m\x1b[0m \x1b[0m\x1b[0m\x1b[1m\x1b[38;5;12m|\x1b[0m\x1b[0m \x1b[0m\x1b[0m    pub const SQUARE: usize = 3;\x1b[0m\n'}
[0.631328] (controller_2023_a) StderrLine: {'line': b'\x1b[0m   \x1b[0m\x1b[0m\x1b[1m\x1b[38;5;12m| \x1b[0m\x1b[0m              \x1b[0m\x1b[0m\x1b[1m\x1b[33m^^^^^^\x1b[0m\n'}
[0.631357] (controller_2023_a) StderrLine: {'line': b'\n'}
[0.631385] (controller_2023_a) StderrLine: {'line': b'\x1b[0m\x1b[1m\x1b[33mwarning\x1b[0m\x1b[0m\x1b[1m: constant `L1` is never used\x1b[0m\n'}
[0.631414] (controller_2023_a) StderrLine: {'line': b'\x1b[0m  \x1b[0m\x1b[0m\x1b[1m\x1b[38;5;12m--> \x1b[0m\x1b[0msrc/ps5_dualsense.rs:17:15\x1b[0m\n'}
[0.631443] (controller_2023_a) StderrLine: {'line': b'\x1b[0m   \x1b[0m\x1b[0m\x1b[1m\x1b[38;5;12m|\x1b[0m\n'}
[0.631471] (controller_2023_a) StderrLine: {'line': b'\x1b[0m\x1b[1m\x1b[38;5;12m17\x1b[0m\x1b[0m \x1b[0m\x1b[0m\x1b[1m\x1b[38;5;12m|\x1b[0m\x1b[0m \x1b[0m\x1b[0m    pub const L1: usize = 4;\x1b[0m\n'}
[0.631501] (controller_2023_a) StderrLine: {'line': b'\x1b[0m   \x1b[0m\x1b[0m\x1b[1m\x1b[38;5;12m| \x1b[0m\x1b[0m              \x1b[0m\x1b[0m\x1b[1m\x1b[33m^^\x1b[0m\n'}
[0.631531] (controller_2023_a) StderrLine: {'line': b'\n'}
[0.631559] (controller_2023_a) StderrLine: {'line': b'\x1b[0m\x1b[1m\x1b[33mwarning\x1b[0m\x1b[0m\x1b[1m: constant `R1` is never used\x1b[0m\n'}
[0.631588] (controller_2023_a) StderrLine: {'line': b'\x1b[0m  \x1b[0m\x1b[0m\x1b[1m\x1b[38;5;12m--> \x1b[0m\x1b[0msrc/ps5_dualsense.rs:18:15\x1b[0m\n'}
[0.631617] (controller_2023_a) StderrLine: {'line': b'\x1b[0m   \x1b[0m\x1b[0m\x1b[1m\x1b[38;5;12m|\x1b[0m\n'}
[0.631646] (controller_2023_a) StderrLine: {'line': b'\x1b[0m\x1b[1m\x1b[38;5;12m18\x1b[0m\x1b[0m \x1b[0m\x1b[0m\x1b[1m\x1b[38;5;12m|\x1b[0m\x1b[0m \x1b[0m\x1b[0m    pub const R1: usize = 5;\x1b[0m\n'}
[0.631675] (controller_2023_a) StderrLine: {'line': b'\x1b[0m   \x1b[0m\x1b[0m\x1b[1m\x1b[38;5;12m| \x1b[0m\x1b[0m              \x1b[0m\x1b[0m\x1b[1m\x1b[33m^^\x1b[0m\n'}
[0.631704] (controller_2023_a) StderrLine: {'line': b'\n'}
[0.631733] (controller_2023_a) StderrLine: {'line': b'\x1b[0m\x1b[1m\x1b[33mwarning\x1b[0m\x1b[0m\x1b[1m: constant `L2` is never used\x1b[0m\n'}
[0.631761] (controller_2023_a) StderrLine: {'line': b'\x1b[0m  \x1b[0m\x1b[0m\x1b[1m\x1b[38;5;12m--> \x1b[0m\x1b[0msrc/ps5_dualsense.rs:19:15\x1b[0m\n'}
[0.631789] (controller_2023_a) StderrLine: {'line': b'\x1b[0m   \x1b[0m\x1b[0m\x1b[1m\x1b[38;5;12m|\x1b[0m\n'}
[0.631818] (controller_2023_a) StderrLine: {'line': b'\x1b[0m\x1b[1m\x1b[38;5;12m19\x1b[0m\x1b[0m \x1b[0m\x1b[0m\x1b[1m\x1b[38;5;12m|\x1b[0m\x1b[0m \x1b[0m\x1b[0m    pub const L2: usize = 6;\x1b[0m\n'}
[0.631846] (controller_2023_a) StderrLine: {'line': b'\x1b[0m   \x1b[0m\x1b[0m\x1b[1m\x1b[38;5;12m| \x1b[0m\x1b[0m              \x1b[0m\x1b[0m\x1b[1m\x1b[33m^^\x1b[0m\n'}
[0.631874] (controller_2023_a) StderrLine: {'line': b'\n'}
[0.631903] (controller_2023_a) StderrLine: {'line': b'\x1b[0m\x1b[1m\x1b[33mwarning\x1b[0m\x1b[0m\x1b[1m: constant `SELECT` is never used\x1b[0m\n'}
[0.631931] (controller_2023_a) StderrLine: {'line': b'\x1b[0m  \x1b[0m\x1b[0m\x1b[1m\x1b[38;5;12m--> \x1b[0m\x1b[0msrc/ps5_dualsense.rs:21:15\x1b[0m\n'}
[0.631959] (controller_2023_a) StderrLine: {'line': b'\x1b[0m   \x1b[0m\x1b[0m\x1b[1m\x1b[38;5;12m|\x1b[0m\n'}
[0.631987] (controller_2023_a) StderrLine: {'line': b'\x1b[0m\x1b[1m\x1b[38;5;12m21\x1b[0m\x1b[0m \x1b[0m\x1b[0m\x1b[1m\x1b[38;5;12m|\x1b[0m\x1b[0m \x1b[0m\x1b[0m    pub const SELECT: usize = 8;\x1b[0m\n'}
[0.632016] (controller_2023_a) StderrLine: {'line': b'\x1b[0m   \x1b[0m\x1b[0m\x1b[1m\x1b[38;5;12m| \x1b[0m\x1b[0m              \x1b[0m\x1b[0m\x1b[1m\x1b[33m^^^^^^\x1b[0m\n'}
[0.632044] (controller_2023_a) StderrLine: {'line': b'\n'}
[0.632072] (controller_2023_a) StderrLine: {'line': b'\x1b[0m\x1b[1m\x1b[33mwarning\x1b[0m\x1b[0m\x1b[1m: constant `START` is never used\x1b[0m\n'}
[0.632100] (controller_2023_a) StderrLine: {'line': b'\x1b[0m  \x1b[0m\x1b[0m\x1b[1m\x1b[38;5;12m--> \x1b[0m\x1b[0msrc/ps5_dualsense.rs:22:15\x1b[0m\n'}
[0.632129] (controller_2023_a) StderrLine: {'line': b'\x1b[0m   \x1b[0m\x1b[0m\x1b[1m\x1b[38;5;12m|\x1b[0m\n'}
[0.632157] (controller_2023_a) StderrLine: {'line': b'\x1b[0m\x1b[1m\x1b[38;5;12m22\x1b[0m\x1b[0m \x1b[0m\x1b[0m\x1b[1m\x1b[38;5;12m|\x1b[0m\x1b[0m \x1b[0m\x1b[0m    pub const START: usize = 9;\x1b[0m\n'}
[0.632185] (controller_2023_a) StderrLine: {'line': b'\x1b[0m   \x1b[0m\x1b[0m\x1b[1m\x1b[38;5;12m| \x1b[0m\x1b[0m              \x1b[0m\x1b[0m\x1b[1m\x1b[33m^^^^^\x1b[0m\n'}
[0.632214] (controller_2023_a) StderrLine: {'line': b'\n'}
[0.632242] (controller_2023_a) StderrLine: {'line': b'\x1b[0m\x1b[1m\x1b[33mwarning\x1b[0m\x1b[0m\x1b[1m: constant `PS` is never used\x1b[0m\n'}
[0.632270] (controller_2023_a) StderrLine: {'line': b'\x1b[0m  \x1b[0m\x1b[0m\x1b[1m\x1b[38;5;12m--> \x1b[0m\x1b[0msrc/ps5_dualsense.rs:23:15\x1b[0m\n'}
[0.632298] (controller_2023_a) StderrLine: {'line': b'\x1b[0m   \x1b[0m\x1b[0m\x1b[1m\x1b[38;5;12m|\x1b[0m\n'}
[0.632326] (controller_2023_a) StderrLine: {'line': b'\x1b[0m\x1b[1m\x1b[38;5;12m23\x1b[0m\x1b[0m \x1b[0m\x1b[0m\x1b[1m\x1b[38;5;12m|\x1b[0m\x1b[0m \x1b[0m\x1b[0m    pub const PS: usize = 10;\x1b[0m\n'}
[0.632355] (controller_2023_a) StderrLine: {'line': b'\x1b[0m   \x1b[0m\x1b[0m\x1b[1m\x1b[38;5;12m| \x1b[0m\x1b[0m              \x1b[0m\x1b[0m\x1b[1m\x1b[33m^^\x1b[0m\n'}
[0.632383] (controller_2023_a) StderrLine: {'line': b'\n'}
[0.632411] (controller_2023_a) StderrLine: {'line': b'\x1b[0m\x1b[1m\x1b[33mwarning\x1b[0m\x1b[0m\x1b[1m: constant `STICK_L_PUSH` is never used\x1b[0m\n'}
[0.632439] (controller_2023_a) StderrLine: {'line': b'\x1b[0m  \x1b[0m\x1b[0m\x1b[1m\x1b[38;5;12m--> \x1b[0m\x1b[0msrc/ps5_dualsense.rs:24:15\x1b[0m\n'}
[0.632467] (controller_2023_a) StderrLine: {'line': b'\x1b[0m   \x1b[0m\x1b[0m\x1b[1m\x1b[38;5;12m|\x1b[0m\n'}
[0.632495] (controller_2023_a) StderrLine: {'line': b'\x1b[0m\x1b[1m\x1b[38;5;12m24\x1b[0m\x1b[0m \x1b[0m\x1b[0m\x1b[1m\x1b[38;5;12m|\x1b[0m\x1b[0m \x1b[0m\x1b[0m    pub const STICK_L_PUSH: usize = 11;\x1b[0m\n'}
[0.632524] (controller_2023_a) StderrLine: {'line': b'\x1b[0m   \x1b[0m\x1b[0m\x1b[1m\x1b[38;5;12m| \x1b[0m\x1b[0m              \x1b[0m\x1b[0m\x1b[1m\x1b[33m^^^^^^^^^^^^\x1b[0m\n'}
[0.632552] (controller_2023_a) StderrLine: {'line': b'\n'}
[0.632580] (controller_2023_a) StderrLine: {'line': b'\x1b[0m\x1b[1m\x1b[33mwarning\x1b[0m\x1b[0m\x1b[1m: constant `STICK_R_PUSH` is never used\x1b[0m\n'}
[0.632609] (controller_2023_a) StderrLine: {'line': b'\x1b[0m  \x1b[0m\x1b[0m\x1b[1m\x1b[38;5;12m--> \x1b[0m\x1b[0msrc/ps5_dualsense.rs:25:15\x1b[0m\n'}
[0.632641] (controller_2023_a) StderrLine: {'line': b'\x1b[0m   \x1b[0m\x1b[0m\x1b[1m\x1b[38;5;12m|\x1b[0m\n'}
[0.632670] (controller_2023_a) StderrLine: {'line': b'\x1b[0m\x1b[1m\x1b[38;5;12m25\x1b[0m\x1b[0m \x1b[0m\x1b[0m\x1b[1m\x1b[38;5;12m|\x1b[0m\x1b[0m \x1b[0m\x1b[0m    pub const STICK_R_PUSH: usize = 12;\x1b[0m\n'}
[0.632699] (controller_2023_a) StderrLine: {'line': b'\x1b[0m   \x1b[0m\x1b[0m\x1b[1m\x1b[38;5;12m| \x1b[0m\x1b[0m              \x1b[0m\x1b[0m\x1b[1m\x1b[33m^^^^^^^^^^^^\x1b[0m\n'}
[0.632727] (controller_2023_a) StderrLine: {'line': b'\n'}
[0.632755] (controller_2023_a) StderrLine: {'line': b'\x1b[0m\x1b[1m\x1b[33mwarning\x1b[0m\x1b[0m\x1b[1m: module `DualsenseState` should have a snake case name\x1b[0m\n'}
[0.632784] (controller_2023_a) StderrLine: {'line': b'\x1b[0m  \x1b[0m\x1b[0m\x1b[1m\x1b[38;5;12m--> \x1b[0m\x1b[0msrc/main.rs:20:9\x1b[0m\n'}
[0.632812] (controller_2023_a) StderrLine: {'line': b'\x1b[0m   \x1b[0m\x1b[0m\x1b[1m\x1b[38;5;12m|\x1b[0m\n'}
[0.632840] (controller_2023_a) StderrLine: {'line': b'\x1b[0m\x1b[1m\x1b[38;5;12m20\x1b[0m\x1b[0m \x1b[0m\x1b[0m\x1b[1m\x1b[38;5;12m|\x1b[0m\x1b[0m \x1b[0m\x1b[0mpub mod DualsenseState {\x1b[0m\n'}
[0.632868] (controller_2023_a) StderrLine: {'line': b'\x1b[0m   \x1b[0m\x1b[0m\x1b[1m\x1b[38;5;12m| \x1b[0m\x1b[0m        \x1b[0m\x1b[0m\x1b[1m\x1b[33m^^^^^^^^^^^^^^\x1b[0m\x1b[0m \x1b[0m\x1b[0m\x1b[1m\x1b[33mhelp: convert the identifier to snake case: `dualsense_state`\x1b[0m\n'}
[0.632897] (controller_2023_a) StderrLine: {'line': b'\x1b[0m   \x1b[0m\x1b[0m\x1b[1m\x1b[38;5;12m|\x1b[0m\n'}
[0.632925] (controller_2023_a) StderrLine: {'line': b'\x1b[0m   \x1b[0m\x1b[0m\x1b[1m\x1b[38;5;12m= \x1b[0m\x1b[0m\x1b[1mnote\x1b[0m\x1b[0m: `#[warn(non_snake_case)]` on by default\x1b[0m\n'}
[0.632953] (controller_2023_a) StderrLine: {'line': b'\n'}
[0.632981] (controller_2023_a) StderrLine: {'line': b'\x1b[0m\x1b[1m\x1b[33mwarning\x1b[0m\x1b[0m\x1b[1m: module `BUTTONS_DUALSENSE` should have a snake case name\x1b[0m\n'}
[0.633010] (controller_2023_a) StderrLine: {'line': b'\x1b[0m  \x1b[0m\x1b[0m\x1b[1m\x1b[38;5;12m--> \x1b[0m\x1b[0msrc/ps5_dualsense.rs:12:9\x1b[0m\n'}
[0.633038] (controller_2023_a) StderrLine: {'line': b'\x1b[0m   \x1b[0m\x1b[0m\x1b[1m\x1b[38;5;12m|\x1b[0m\n'}
[0.633065] (controller_2023_a) StderrLine: {'line': b'\x1b[0m\x1b[1m\x1b[38;5;12m12\x1b[0m\x1b[0m \x1b[0m\x1b[0m\x1b[1m\x1b[38;5;12m|\x1b[0m\x1b[0m \x1b[0m\x1b[0mpub mod BUTTONS_DUALSENSE {\x1b[0m\n'}
[0.633094] (controller_2023_a) StderrLine: {'line': b'\x1b[0m   \x1b[0m\x1b[0m\x1b[1m\x1b[38;5;12m| \x1b[0m\x1b[0m        \x1b[0m\x1b[0m\x1b[1m\x1b[33m^^^^^^^^^^^^^^^^^\x1b[0m\x1b[0m \x1b[0m\x1b[0m\x1b[1m\x1b[33mhelp: convert the identifier to snake case: `buttons_dualsense`\x1b[0m\n'}
[0.633123] (controller_2023_a) StderrLine: {'line': b'\n'}
[0.633550] (controller_2023_a) CommandEnded: {'returncode': 0}
[0.648722] (controller_2023_a) JobEnded: {'identifier': 'controller_2023_a', 'rc': 0}
[0.683572] (omni_control) CommandEnded: {'returncode': 0}
[0.697418] (omni_control) JobEnded: {'identifier': 'omni_control', 'rc': 0}
[0.697714] (-) EventReactorShutdown: {}
