[0.000000] (-) TimerEvent: {}
[0.001027] (controller_2023_launch_a) JobQueued: {'identifier': 'controller_2023_launch_a', 'dependencies': OrderedDict()}
[0.001382] (drobo_interfaces) JobQueued: {'identifier': 'drobo_interfaces', 'dependencies': OrderedDict()}
[0.001569] (controller_2023_a) JobQueued: {'identifier': 'controller_2023_a', 'dependencies': OrderedDict([('drobo_interfaces', '/home/ubuntu/git/daniel_ws/2023_controller_a/install/drobo_interfaces')])}
[0.001813] (omni_control) JobQueued: {'identifier': 'omni_control', 'dependencies': OrderedDict([('drobo_interfaces', '/home/ubuntu/git/daniel_ws/2023_controller_a/install/drobo_interfaces')])}
[0.002090] (drobo_interfaces) JobStarted: {'identifier': 'drobo_interfaces'}
[0.028685] (controller_2023_launch_a) JobStarted: {'identifier': 'controller_2023_launch_a'}
[0.052167] (drobo_interfaces) JobProgress: {'identifier': 'drobo_interfaces', 'progress': 'cmake'}
[0.053049] (drobo_interfaces) JobProgress: {'identifier': 'drobo_interfaces', 'progress': 'build'}
[0.053478] (drobo_interfaces) Command: {'cmd': ['/usr/bin/cmake', '--build', '/home/ubuntu/git/daniel_ws/2023_controller_a/build/drobo_interfaces', '--', '-j8', '-l8'], 'cwd': '/home/ubuntu/git/daniel_ws/2023_controller_a/build/drobo_interfaces', 'env': OrderedDict([('USER', 'daniel_ezomo'), ('XDG_SESSION_TYPE', 'wayland'), ('SHLVL', '1'), ('LD_LIBRARY_PATH', '/opt/ros/humble/opt/rviz_ogre_vendor/lib:/opt/ros/humble/lib/aarch64-linux-gnu:/opt/ros/humble/lib'), ('OLDPWD', '/home/ubuntu/git/daniel_ws'), ('HOME', '/home/ubuntu'), ('DESKTOP_SESSION', 'ubuntu'), ('GTK_MODULES', 'gail:atk-bridge'), ('GNOME_SHELL_SESSION_MODE', 'ubuntu'), ('ROS_PYTHON_VERSION', '3'), ('SYSTEMD_EXEC_PID', '1927'), ('DBUS_SESSION_BUS_ADDRESS', 'unix:path=/run/user/1000/bus'), ('P9K_TTY', 'old'), ('COLORTERM', 'truecolor'), ('ZPFX', '/home/ubuntu/.local/share/zinit/polaris'), ('WAYLAND_DISPLAY', 'wayland-0'), ('ROS_DISTRO', 'humble'), ('LOGNAME', 'daniel_ezomo'), ('_', '/usr/bin/colcon'), ('_P9K_SSH_TTY', '/dev/pts/0'), ('XDG_SESSION_CLASS', 'user'), ('ROS_VERSION', '2'), ('USERNAME', 'daniel_ezomo'), ('TERM', 'xterm-256color'), ('GNOME_DESKTOP_SESSION_ID', 'this-is-deprecated'), ('ROS_LOCALHOST_ONLY', '0'), ('ZSH_CACHE_DIR', '/home/ubuntu/.cache/zinit'), ('PMSPEC', '0uUpiPsf'), ('PATH', '/opt/ros/humble/bin:/home/ubuntu/.local/share/zinit/polaris/bin:/home/ubuntu/.cargo/bin:/usr/local/sbin:/usr/local/bin:/usr/sbin:/usr/bin:/sbin:/bin:/usr/games:/usr/local/games:/snap/bin:/snap/bin'), ('SESSION_MANAGER', 'local/ezomo:@/tmp/.ICE-unix/1909,unix/ezomo:/tmp/.ICE-unix/1909'), ('GNOME_TERMINAL_SCREEN', '/org/gnome/Terminal/screen/48a602dd_19c0_4514_9e12_2f5b92e85767'), ('XDG_MENU_PREFIX', 'gnome-'), ('GNOME_SETUP_DISPLAY', ':1'), ('XDG_RUNTIME_DIR', '/run/user/1000'), ('DISPLAY', ':0'), ('XDG_CURRENT_DESKTOP', 'ubuntu:GNOME'), ('LANG', 'en_US.UTF-8'), ('XDG_SESSION_DESKTOP', 'ubuntu'), ('GNOME_TERMINAL_SERVICE', ':1.123'), ('XMODIFIERS', '@im=ibus'), ('XAUTHORITY', '/run/user/1000/.mutter-Xwaylandauth.D5AUI2'), ('SSH_AUTH_SOCK', '/run/user/1000/keyring/ssh'), ('SSH_AGENT_LAUNCHER', 'gnome-keyring'), ('AMENT_PREFIX_PATH', '/opt/ros/humble'), ('SHELL', '/usr/bin/zsh'), ('QT_ACCESSIBILITY', '1'), ('GDMSESSION', 'ubuntu'), ('P9K_SSH', '0'), ('QT_IM_MODULE', 'ibus'), ('LC_ALL', 'en_US.UTF-8'), ('PWD', '/home/ubuntu/git/daniel_ws/2023_controller_a/build/drobo_interfaces'), ('XDG_DATA_DIRS', '/usr/local/share/:/usr/share/:/var/lib/snapd/desktop'), ('_P9K_TTY', '/dev/pts/0'), ('PYTHONPATH', '/opt/ros/humble/lib/python3.10/site-packages:/opt/ros/humble/local/lib/python3.10/dist-packages'), ('COLCON', '1'), ('VTE_VERSION', '6800'), ('CMAKE_PREFIX_PATH', '/opt/ros/humble')]), 'shell': False}
[0.056489] (controller_2023_launch_a) JobProgress: {'identifier': 'controller_2023_launch_a', 'progress': 'cmake'}
[0.057128] (controller_2023_launch_a) JobProgress: {'identifier': 'controller_2023_launch_a', 'progress': 'build'}
[0.057588] (controller_2023_launch_a) Command: {'cmd': ['/usr/bin/cmake', '--build', '/home/ubuntu/git/daniel_ws/2023_controller_a/build/controller_2023_launch_a', '--', '-j8', '-l8'], 'cwd': '/home/ubuntu/git/daniel_ws/2023_controller_a/build/controller_2023_launch_a', 'env': OrderedDict([('USER', 'daniel_ezomo'), ('XDG_SESSION_TYPE', 'wayland'), ('SHLVL', '1'), ('LD_LIBRARY_PATH', '/opt/ros/humble/opt/rviz_ogre_vendor/lib:/opt/ros/humble/lib/aarch64-linux-gnu:/opt/ros/humble/lib'), ('OLDPWD', '/home/ubuntu/git/daniel_ws'), ('HOME', '/home/ubuntu'), ('DESKTOP_SESSION', 'ubuntu'), ('GTK_MODULES', 'gail:atk-bridge'), ('GNOME_SHELL_SESSION_MODE', 'ubuntu'), ('ROS_PYTHON_VERSION', '3'), ('SYSTEMD_EXEC_PID', '1927'), ('DBUS_SESSION_BUS_ADDRESS', 'unix:path=/run/user/1000/bus'), ('P9K_TTY', 'old'), ('COLORTERM', 'truecolor'), ('ZPFX', '/home/ubuntu/.local/share/zinit/polaris'), ('WAYLAND_DISPLAY', 'wayland-0'), ('ROS_DISTRO', 'humble'), ('LOGNAME', 'daniel_ezomo'), ('_', '/usr/bin/colcon'), ('_P9K_SSH_TTY', '/dev/pts/0'), ('XDG_SESSION_CLASS', 'user'), ('ROS_VERSION', '2'), ('USERNAME', 'daniel_ezomo'), ('TERM', 'xterm-256color'), ('GNOME_DESKTOP_SESSION_ID', 'this-is-deprecated'), ('ROS_LOCALHOST_ONLY', '0'), ('ZSH_CACHE_DIR', '/home/ubuntu/.cache/zinit'), ('PMSPEC', '0uUpiPsf'), ('PATH', '/opt/ros/humble/bin:/home/ubuntu/.local/share/zinit/polaris/bin:/home/ubuntu/.cargo/bin:/usr/local/sbin:/usr/local/bin:/usr/sbin:/usr/bin:/sbin:/bin:/usr/games:/usr/local/games:/snap/bin:/snap/bin'), ('SESSION_MANAGER', 'local/ezomo:@/tmp/.ICE-unix/1909,unix/ezomo:/tmp/.ICE-unix/1909'), ('GNOME_TERMINAL_SCREEN', '/org/gnome/Terminal/screen/48a602dd_19c0_4514_9e12_2f5b92e85767'), ('XDG_MENU_PREFIX', 'gnome-'), ('GNOME_SETUP_DISPLAY', ':1'), ('XDG_RUNTIME_DIR', '/run/user/1000'), ('DISPLAY', ':0'), ('XDG_CURRENT_DESKTOP', 'ubuntu:GNOME'), ('LANG', 'en_US.UTF-8'), ('XDG_SESSION_DESKTOP', 'ubuntu'), ('GNOME_TERMINAL_SERVICE', ':1.123'), ('XMODIFIERS', '@im=ibus'), ('XAUTHORITY', '/run/user/1000/.mutter-Xwaylandauth.D5AUI2'), ('SSH_AUTH_SOCK', '/run/user/1000/keyring/ssh'), ('SSH_AGENT_LAUNCHER', 'gnome-keyring'), ('AMENT_PREFIX_PATH', '/opt/ros/humble'), ('SHELL', '/usr/bin/zsh'), ('QT_ACCESSIBILITY', '1'), ('GDMSESSION', 'ubuntu'), ('P9K_SSH', '0'), ('QT_IM_MODULE', 'ibus'), ('LC_ALL', 'en_US.UTF-8'), ('PWD', '/home/ubuntu/git/daniel_ws/2023_controller_a/build/controller_2023_launch_a'), ('XDG_DATA_DIRS', '/usr/local/share/:/usr/share/:/var/lib/snapd/desktop'), ('_P9K_TTY', '/dev/pts/0'), ('PYTHONPATH', '/opt/ros/humble/lib/python3.10/site-packages:/opt/ros/humble/local/lib/python3.10/dist-packages'), ('COLCON', '1'), ('VTE_VERSION', '6800'), ('CMAKE_PREFIX_PATH', '/opt/ros/humble')]), 'shell': False}
[0.093013] (controller_2023_launch_a) CommandEnded: {'returncode': 0}
[0.099653] (-) TimerEvent: {}
[0.105626] (controller_2023_launch_a) JobProgress: {'identifier': 'controller_2023_launch_a', 'progress': 'install'}
[0.114654] (controller_2023_launch_a) Command: {'cmd': ['/usr/bin/cmake', '--install', '/home/ubuntu/git/daniel_ws/2023_controller_a/build/controller_2023_launch_a'], 'cwd': '/home/ubuntu/git/daniel_ws/2023_controller_a/build/controller_2023_launch_a', 'env': OrderedDict([('USER', 'daniel_ezomo'), ('XDG_SESSION_TYPE', 'wayland'), ('SHLVL', '1'), ('LD_LIBRARY_PATH', '/opt/ros/humble/opt/rviz_ogre_vendor/lib:/opt/ros/humble/lib/aarch64-linux-gnu:/opt/ros/humble/lib'), ('OLDPWD', '/home/ubuntu/git/daniel_ws'), ('HOME', '/home/ubuntu'), ('DESKTOP_SESSION', 'ubuntu'), ('GTK_MODULES', 'gail:atk-bridge'), ('GNOME_SHELL_SESSION_MODE', 'ubuntu'), ('ROS_PYTHON_VERSION', '3'), ('SYSTEMD_EXEC_PID', '1927'), ('DBUS_SESSION_BUS_ADDRESS', 'unix:path=/run/user/1000/bus'), ('P9K_TTY', 'old'), ('COLORTERM', 'truecolor'), ('ZPFX', '/home/ubuntu/.local/share/zinit/polaris'), ('WAYLAND_DISPLAY', 'wayland-0'), ('ROS_DISTRO', 'humble'), ('LOGNAME', 'daniel_ezomo'), ('_', '/usr/bin/colcon'), ('_P9K_SSH_TTY', '/dev/pts/0'), ('XDG_SESSION_CLASS', 'user'), ('ROS_VERSION', '2'), ('USERNAME', 'daniel_ezomo'), ('TERM', 'xterm-256color'), ('GNOME_DESKTOP_SESSION_ID', 'this-is-deprecated'), ('ROS_LOCALHOST_ONLY', '0'), ('ZSH_CACHE_DIR', '/home/ubuntu/.cache/zinit'), ('PMSPEC', '0uUpiPsf'), ('PATH', '/opt/ros/humble/bin:/home/ubuntu/.local/share/zinit/polaris/bin:/home/ubuntu/.cargo/bin:/usr/local/sbin:/usr/local/bin:/usr/sbin:/usr/bin:/sbin:/bin:/usr/games:/usr/local/games:/snap/bin:/snap/bin'), ('SESSION_MANAGER', 'local/ezomo:@/tmp/.ICE-unix/1909,unix/ezomo:/tmp/.ICE-unix/1909'), ('GNOME_TERMINAL_SCREEN', '/org/gnome/Terminal/screen/48a602dd_19c0_4514_9e12_2f5b92e85767'), ('XDG_MENU_PREFIX', 'gnome-'), ('GNOME_SETUP_DISPLAY', ':1'), ('XDG_RUNTIME_DIR', '/run/user/1000'), ('DISPLAY', ':0'), ('XDG_CURRENT_DESKTOP', 'ubuntu:GNOME'), ('LANG', 'en_US.UTF-8'), ('XDG_SESSION_DESKTOP', 'ubuntu'), ('GNOME_TERMINAL_SERVICE', ':1.123'), ('XMODIFIERS', '@im=ibus'), ('XAUTHORITY', '/run/user/1000/.mutter-Xwaylandauth.D5AUI2'), ('SSH_AUTH_SOCK', '/run/user/1000/keyring/ssh'), ('SSH_AGENT_LAUNCHER', 'gnome-keyring'), ('AMENT_PREFIX_PATH', '/opt/ros/humble'), ('SHELL', '/usr/bin/zsh'), ('QT_ACCESSIBILITY', '1'), ('GDMSESSION', 'ubuntu'), ('P9K_SSH', '0'), ('QT_IM_MODULE', 'ibus'), ('LC_ALL', 'en_US.UTF-8'), ('PWD', '/home/ubuntu/git/daniel_ws/2023_controller_a/build/controller_2023_launch_a'), ('XDG_DATA_DIRS', '/usr/local/share/:/usr/share/:/var/lib/snapd/desktop'), ('_P9K_TTY', '/dev/pts/0'), ('PYTHONPATH', '/opt/ros/humble/lib/python3.10/site-packages:/opt/ros/humble/local/lib/python3.10/dist-packages'), ('COLCON', '1'), ('VTE_VERSION', '6800'), ('CMAKE_PREFIX_PATH', '/opt/ros/humble')]), 'shell': False}
[0.117266] (drobo_interfaces) StdoutLine: {'line': b'[  2%] Built target drobo_interfaces__cpp\n'}
[0.119830] (drobo_interfaces) StdoutLine: {'line': b'[  2%] Built target ament_cmake_python_copy_drobo_interfaces\n'}
[0.120657] (drobo_interfaces) StdoutLine: {'line': b'[ 12%] Built target drobo_interfaces__rosidl_generator_c\n'}
[0.121487] (controller_2023_launch_a) StdoutLine: {'line': b'-- Install configuration: ""\n'}
[0.122094] (controller_2023_launch_a) StdoutLine: {'line': b'-- Up-to-date: /home/ubuntu/git/daniel_ws/2023_controller_a/install/controller_2023_launch_a/share/controller_2023_launch_a//launch\n'}
[0.122209] (controller_2023_launch_a) StdoutLine: {'line': b'-- Up-to-date: /home/ubuntu/git/daniel_ws/2023_controller_a/install/controller_2023_launch_a/share/controller_2023_launch_a//launch/controller_2023_launch_a.launch.xml\n'}
[0.122481] (controller_2023_launch_a) StdoutLine: {'line': b'-- Up-to-date: /home/ubuntu/git/daniel_ws/2023_controller_a/install/controller_2023_launch_a/share/ament_index/resource_index/package_run_dependencies/controller_2023_launch_a\n'}
[0.123220] (controller_2023_launch_a) StdoutLine: {'line': b'-- Up-to-date: /home/ubuntu/git/daniel_ws/2023_controller_a/install/controller_2023_launch_a/share/ament_index/resource_index/parent_prefix_path/controller_2023_launch_a\n'}
[0.123433] (controller_2023_launch_a) StdoutLine: {'line': b'-- Up-to-date: /home/ubuntu/git/daniel_ws/2023_controller_a/install/controller_2023_launch_a/share/controller_2023_launch_a/environment/ament_prefix_path.sh\n'}
[0.123473] (controller_2023_launch_a) StdoutLine: {'line': b'-- Up-to-date: /home/ubuntu/git/daniel_ws/2023_controller_a/install/controller_2023_launch_a/share/controller_2023_launch_a/environment/ament_prefix_path.dsv\n'}
[0.123509] (controller_2023_launch_a) StdoutLine: {'line': b'-- Up-to-date: /home/ubuntu/git/daniel_ws/2023_controller_a/install/controller_2023_launch_a/share/controller_2023_launch_a/environment/path.sh\n'}
[0.123544] (controller_2023_launch_a) StdoutLine: {'line': b'-- Up-to-date: /home/ubuntu/git/daniel_ws/2023_controller_a/install/controller_2023_launch_a/share/controller_2023_launch_a/environment/path.dsv\n'}
[0.123579] (controller_2023_launch_a) StdoutLine: {'line': b'-- Up-to-date: /home/ubuntu/git/daniel_ws/2023_controller_a/install/controller_2023_launch_a/share/controller_2023_launch_a/local_setup.bash\n'}
[0.123612] (controller_2023_launch_a) StdoutLine: {'line': b'-- Up-to-date: /home/ubuntu/git/daniel_ws/2023_controller_a/install/controller_2023_launch_a/share/controller_2023_launch_a/local_setup.sh\n'}
[0.123646] (controller_2023_launch_a) StdoutLine: {'line': b'-- Up-to-date: /home/ubuntu/git/daniel_ws/2023_controller_a/install/controller_2023_launch_a/share/controller_2023_launch_a/local_setup.zsh\n'}
[0.123680] (controller_2023_launch_a) StdoutLine: {'line': b'-- Up-to-date: /home/ubuntu/git/daniel_ws/2023_controller_a/install/controller_2023_launch_a/share/controller_2023_launch_a/local_setup.dsv\n'}
[0.123714] (controller_2023_launch_a) StdoutLine: {'line': b'-- Installing: /home/ubuntu/git/daniel_ws/2023_controller_a/install/controller_2023_launch_a/share/controller_2023_launch_a/package.dsv\n'}
[0.123768] (controller_2023_launch_a) StdoutLine: {'line': b'-- Up-to-date: /home/ubuntu/git/daniel_ws/2023_controller_a/install/controller_2023_launch_a/share/ament_index/resource_index/packages/controller_2023_launch_a\n'}
[0.123819] (controller_2023_launch_a) StdoutLine: {'line': b'-- Up-to-date: /home/ubuntu/git/daniel_ws/2023_controller_a/install/controller_2023_launch_a/share/controller_2023_launch_a/cmake/controller_2023_launch_aConfig.cmake\n'}
[0.123935] (controller_2023_launch_a) StdoutLine: {'line': b'-- Up-to-date: /home/ubuntu/git/daniel_ws/2023_controller_a/install/controller_2023_launch_a/share/controller_2023_launch_a/cmake/controller_2023_launch_aConfig-version.cmake\n'}
[0.124156] (controller_2023_launch_a) StdoutLine: {'line': b'-- Up-to-date: /home/ubuntu/git/daniel_ws/2023_controller_a/install/controller_2023_launch_a/share/controller_2023_launch_a/package.xml\n'}
[0.125423] (controller_2023_launch_a) CommandEnded: {'returncode': 0}
[0.135685] (drobo_interfaces) StdoutLine: {'line': b'[ 23%] Built target drobo_interfaces__rosidl_typesupport_introspection_cpp\n'}
[0.137104] (drobo_interfaces) StdoutLine: {'line': b'[ 34%] Built target drobo_interfaces__rosidl_typesupport_fastrtps_cpp\n'}
[0.138158] (drobo_interfaces) StdoutLine: {'line': b'[ 44%] Built target drobo_interfaces__rosidl_typesupport_introspection_c\n'}
[0.138869] (drobo_interfaces) StdoutLine: {'line': b'[ 55%] Built target drobo_interfaces__rosidl_typesupport_c\n'}
[0.140246] (drobo_interfaces) StdoutLine: {'line': b'[ 65%] Built target drobo_interfaces__rosidl_typesupport_cpp\n'}
[0.147696] (drobo_interfaces) StdoutLine: {'line': b'[ 76%] Built target drobo_interfaces__rosidl_typesupport_fastrtps_c\n'}
[0.165254] (drobo_interfaces) StdoutLine: {'line': b'[ 76%] Built target drobo_interfaces\n'}
[0.184410] (drobo_interfaces) StdoutLine: {'line': b'[ 78%] Built target drobo_interfaces__py\n'}
[0.196300] (controller_2023_launch_a) JobEnded: {'identifier': 'controller_2023_launch_a', 'rc': 0}
[0.199736] (-) TimerEvent: {}
[0.214815] (drobo_interfaces) StdoutLine: {'line': b'[ 87%] Built target drobo_interfaces__rosidl_generator_py\n'}
[0.225573] (drobo_interfaces) StdoutLine: {'line': b'[ 91%] Built target drobo_interfaces__rosidl_typesupport_introspection_c__pyext\n'}
[0.235914] (drobo_interfaces) StdoutLine: {'line': b'running egg_info\n'}
[0.236223] (drobo_interfaces) StdoutLine: {'line': b'writing drobo_interfaces.egg-info/PKG-INFO\n'}
[0.236315] (drobo_interfaces) StdoutLine: {'line': b'writing dependency_links to drobo_interfaces.egg-info/dependency_links.txt\n'}
[0.236381] (drobo_interfaces) StdoutLine: {'line': b'writing top-level names to drobo_interfaces.egg-info/top_level.txt\n'}
[0.237000] (drobo_interfaces) StdoutLine: {'line': b'[ 95%] Built target drobo_interfaces__rosidl_typesupport_fastrtps_c__pyext\n'}
[0.237457] (drobo_interfaces) StdoutLine: {'line': b"reading manifest file 'drobo_interfaces.egg-info/SOURCES.txt'\n"}
[0.237920] (drobo_interfaces) StdoutLine: {'line': b"writing manifest file 'drobo_interfaces.egg-info/SOURCES.txt'\n"}
[0.238171] (drobo_interfaces) StdoutLine: {'line': b'[100%] Built target drobo_interfaces__rosidl_typesupport_c__pyext\n'}
[0.260180] (drobo_interfaces) StdoutLine: {'line': b'[100%] Built target ament_cmake_python_build_drobo_interfaces_egg\n'}
[0.273652] (drobo_interfaces) CommandEnded: {'returncode': 0}
[0.299816] (-) TimerEvent: {}
[0.343061] (drobo_interfaces) JobProgress: {'identifier': 'drobo_interfaces', 'progress': 'install'}
[0.343224] (drobo_interfaces) Command: {'cmd': ['/usr/bin/cmake', '--install', '/home/ubuntu/git/daniel_ws/2023_controller_a/build/drobo_interfaces'], 'cwd': '/home/ubuntu/git/daniel_ws/2023_controller_a/build/drobo_interfaces', 'env': OrderedDict([('USER', 'daniel_ezomo'), ('XDG_SESSION_TYPE', 'wayland'), ('SHLVL', '1'), ('LD_LIBRARY_PATH', '/opt/ros/humble/opt/rviz_ogre_vendor/lib:/opt/ros/humble/lib/aarch64-linux-gnu:/opt/ros/humble/lib'), ('OLDPWD', '/home/ubuntu/git/daniel_ws'), ('HOME', '/home/ubuntu'), ('DESKTOP_SESSION', 'ubuntu'), ('GTK_MODULES', 'gail:atk-bridge'), ('GNOME_SHELL_SESSION_MODE', 'ubuntu'), ('ROS_PYTHON_VERSION', '3'), ('SYSTEMD_EXEC_PID', '1927'), ('DBUS_SESSION_BUS_ADDRESS', 'unix:path=/run/user/1000/bus'), ('P9K_TTY', 'old'), ('COLORTERM', 'truecolor'), ('ZPFX', '/home/ubuntu/.local/share/zinit/polaris'), ('WAYLAND_DISPLAY', 'wayland-0'), ('ROS_DISTRO', 'humble'), ('LOGNAME', 'daniel_ezomo'), ('_', '/usr/bin/colcon'), ('_P9K_SSH_TTY', '/dev/pts/0'), ('XDG_SESSION_CLASS', 'user'), ('ROS_VERSION', '2'), ('USERNAME', 'daniel_ezomo'), ('TERM', 'xterm-256color'), ('GNOME_DESKTOP_SESSION_ID', 'this-is-deprecated'), ('ROS_LOCALHOST_ONLY', '0'), ('ZSH_CACHE_DIR', '/home/ubuntu/.cache/zinit'), ('PMSPEC', '0uUpiPsf'), ('PATH', '/opt/ros/humble/bin:/home/ubuntu/.local/share/zinit/polaris/bin:/home/ubuntu/.cargo/bin:/usr/local/sbin:/usr/local/bin:/usr/sbin:/usr/bin:/sbin:/bin:/usr/games:/usr/local/games:/snap/bin:/snap/bin'), ('SESSION_MANAGER', 'local/ezomo:@/tmp/.ICE-unix/1909,unix/ezomo:/tmp/.ICE-unix/1909'), ('GNOME_TERMINAL_SCREEN', '/org/gnome/Terminal/screen/48a602dd_19c0_4514_9e12_2f5b92e85767'), ('XDG_MENU_PREFIX', 'gnome-'), ('GNOME_SETUP_DISPLAY', ':1'), ('XDG_RUNTIME_DIR', '/run/user/1000'), ('DISPLAY', ':0'), ('XDG_CURRENT_DESKTOP', 'ubuntu:GNOME'), ('LANG', 'en_US.UTF-8'), ('XDG_SESSION_DESKTOP', 'ubuntu'), ('GNOME_TERMINAL_SERVICE', ':1.123'), ('XMODIFIERS', '@im=ibus'), ('XAUTHORITY', '/run/user/1000/.mutter-Xwaylandauth.D5AUI2'), ('SSH_AUTH_SOCK', '/run/user/1000/keyring/ssh'), ('SSH_AGENT_LAUNCHER', 'gnome-keyring'), ('AMENT_PREFIX_PATH', '/opt/ros/humble'), ('SHELL', '/usr/bin/zsh'), ('QT_ACCESSIBILITY', '1'), ('GDMSESSION', 'ubuntu'), ('P9K_SSH', '0'), ('QT_IM_MODULE', 'ibus'), ('LC_ALL', 'en_US.UTF-8'), ('PWD', '/home/ubuntu/git/daniel_ws/2023_controller_a/build/drobo_interfaces'), ('XDG_DATA_DIRS', '/usr/local/share/:/usr/share/:/var/lib/snapd/desktop'), ('_P9K_TTY', '/dev/pts/0'), ('PYTHONPATH', '/opt/ros/humble/lib/python3.10/site-packages:/opt/ros/humble/local/lib/python3.10/dist-packages'), ('COLCON', '1'), ('VTE_VERSION', '6800'), ('CMAKE_PREFIX_PATH', '/opt/ros/humble')]), 'shell': False}
[0.353937] (drobo_interfaces) StdoutLine: {'line': b'-- Install configuration: ""\n'}
[0.354214] (drobo_interfaces) StdoutLine: {'line': b'-- Up-to-date: /home/ubuntu/git/daniel_ws/2023_controller_a/install/drobo_interfaces/share/ament_index/resource_index/rosidl_interfaces/drobo_interfaces\n'}
[0.354329] (drobo_interfaces) StdoutLine: {'line': b'-- Up-to-date: /home/ubuntu/git/daniel_ws/2023_controller_a/install/drobo_interfaces/include/drobo_interfaces/drobo_interfaces\n'}
[0.354490] (drobo_interfaces) StdoutLine: {'line': b'-- Up-to-date: /home/ubuntu/git/daniel_ws/2023_controller_a/install/drobo_interfaces/include/drobo_interfaces/drobo_interfaces/msg\n'}
[0.354587] (drobo_interfaces) StdoutLine: {'line': b'-- Up-to-date: /home/ubuntu/git/daniel_ws/2023_controller_a/install/drobo_interfaces/include/drobo_interfaces/drobo_interfaces/msg/rosidl_generator_c__visibility_control.h\n'}
[0.354691] (drobo_interfaces) StdoutLine: {'line': b'-- Up-to-date: /home/ubuntu/git/daniel_ws/2023_controller_a/install/drobo_interfaces/include/drobo_interfaces/drobo_interfaces/msg/sd_lib_msg.h\n'}
[0.354799] (drobo_interfaces) StdoutLine: {'line': b'-- Up-to-date: /home/ubuntu/git/daniel_ws/2023_controller_a/install/drobo_interfaces/include/drobo_interfaces/drobo_interfaces/msg/detail\n'}
[0.354894] (drobo_interfaces) StdoutLine: {'line': b'-- Up-to-date: /home/ubuntu/git/daniel_ws/2023_controller_a/install/drobo_interfaces/include/drobo_interfaces/drobo_interfaces/msg/detail/sd_lib_msg__functions.c\n'}
[0.355053] (drobo_interfaces) StdoutLine: {'line': b'-- Up-to-date: /home/ubuntu/git/daniel_ws/2023_controller_a/install/drobo_interfaces/include/drobo_interfaces/drobo_interfaces/msg/detail/sd_lib_msg__functions.h\n'}
[0.355293] (drobo_interfaces) StdoutLine: {'line': b'-- Up-to-date: /home/ubuntu/git/daniel_ws/2023_controller_a/install/drobo_interfaces/include/drobo_interfaces/drobo_interfaces/msg/detail/md_lib_msg__struct.h\n'}
[0.355383] (drobo_interfaces) StdoutLine: {'line': b'-- Up-to-date: /home/ubuntu/git/daniel_ws/2023_controller_a/install/drobo_interfaces/include/drobo_interfaces/drobo_interfaces/msg/detail/md_lib_msg__type_support.h\n'}
[0.355466] (drobo_interfaces) StdoutLine: {'line': b'-- Up-to-date: /home/ubuntu/git/daniel_ws/2023_controller_a/install/drobo_interfaces/include/drobo_interfaces/drobo_interfaces/msg/detail/md_lib_msg__functions.h\n'}
[0.355558] (drobo_interfaces) StdoutLine: {'line': b'-- Up-to-date: /home/ubuntu/git/daniel_ws/2023_controller_a/install/drobo_interfaces/include/drobo_interfaces/drobo_interfaces/msg/detail/sd_lib_msg__type_support.h\n'}
[0.355652] (drobo_interfaces) StdoutLine: {'line': b'-- Up-to-date: /home/ubuntu/git/daniel_ws/2023_controller_a/install/drobo_interfaces/include/drobo_interfaces/drobo_interfaces/msg/detail/sd_lib_msg__struct.h\n'}
[0.355745] (drobo_interfaces) StdoutLine: {'line': b'-- Up-to-date: /home/ubuntu/git/daniel_ws/2023_controller_a/install/drobo_interfaces/include/drobo_interfaces/drobo_interfaces/msg/detail/md_lib_msg__functions.c\n'}
[0.355950] (drobo_interfaces) StdoutLine: {'line': b'-- Up-to-date: /home/ubuntu/git/daniel_ws/2023_controller_a/install/drobo_interfaces/include/drobo_interfaces/drobo_interfaces/msg/md_lib_msg.h\n'}
[0.356034] (drobo_interfaces) StdoutLine: {'line': b'-- Up-to-date: /home/ubuntu/git/daniel_ws/2023_controller_a/install/drobo_interfaces/include/drobo_interfaces/drobo_interfaces/srv\n'}
[0.356125] (drobo_interfaces) StdoutLine: {'line': b'-- Up-to-date: /home/ubuntu/git/daniel_ws/2023_controller_a/install/drobo_interfaces/include/drobo_interfaces/drobo_interfaces/srv/solenoid_state_srv.h\n'}
[0.356219] (drobo_interfaces) StdoutLine: {'line': b'-- Up-to-date: /home/ubuntu/git/daniel_ws/2023_controller_a/install/drobo_interfaces/include/drobo_interfaces/drobo_interfaces/srv/detail\n'}
[0.356313] (drobo_interfaces) StdoutLine: {'line': b'-- Up-to-date: /home/ubuntu/git/daniel_ws/2023_controller_a/install/drobo_interfaces/include/drobo_interfaces/drobo_interfaces/srv/detail/solenoid_state_srv__functions.c\n'}
[0.356423] (drobo_interfaces) StdoutLine: {'line': b'-- Up-to-date: /home/ubuntu/git/daniel_ws/2023_controller_a/install/drobo_interfaces/include/drobo_interfaces/drobo_interfaces/srv/detail/solenoid_state_srv__struct.h\n'}
[0.356515] (drobo_interfaces) StdoutLine: {'line': b'-- Up-to-date: /home/ubuntu/git/daniel_ws/2023_controller_a/install/drobo_interfaces/include/drobo_interfaces/drobo_interfaces/srv/detail/solenoid_state_srv__functions.h\n'}
[0.356650] (drobo_interfaces) StdoutLine: {'line': b'-- Up-to-date: /home/ubuntu/git/daniel_ws/2023_controller_a/install/drobo_interfaces/include/drobo_interfaces/drobo_interfaces/srv/detail/solenoid_state_srv__type_support.h\n'}
[0.356746] (drobo_interfaces) StdoutLine: {'line': b'-- Up-to-date: /home/ubuntu/git/daniel_ws/2023_controller_a/install/drobo_interfaces/share/drobo_interfaces/environment/library_path.sh\n'}
[0.356839] (drobo_interfaces) StdoutLine: {'line': b'-- Up-to-date: /home/ubuntu/git/daniel_ws/2023_controller_a/install/drobo_interfaces/share/drobo_interfaces/environment/library_path.dsv\n'}
[0.356938] (drobo_interfaces) StdoutLine: {'line': b'-- Up-to-date: /home/ubuntu/git/daniel_ws/2023_controller_a/install/drobo_interfaces/lib/libdrobo_interfaces__rosidl_generator_c.so\n'}
[0.357030] (drobo_interfaces) StdoutLine: {'line': b'-- Up-to-date: /home/ubuntu/git/daniel_ws/2023_controller_a/install/drobo_interfaces/include/drobo_interfaces/drobo_interfaces\n'}
[0.357122] (drobo_interfaces) StdoutLine: {'line': b'-- Up-to-date: /home/ubuntu/git/daniel_ws/2023_controller_a/install/drobo_interfaces/include/drobo_interfaces/drobo_interfaces/msg\n'}
[0.357232] (drobo_interfaces) StdoutLine: {'line': b'-- Up-to-date: /home/ubuntu/git/daniel_ws/2023_controller_a/install/drobo_interfaces/include/drobo_interfaces/drobo_interfaces/msg/rosidl_typesupport_fastrtps_c__visibility_control.h\n'}
[0.357327] (drobo_interfaces) StdoutLine: {'line': b'-- Up-to-date: /home/ubuntu/git/daniel_ws/2023_controller_a/install/drobo_interfaces/include/drobo_interfaces/drobo_interfaces/msg/detail\n'}
[0.357419] (drobo_interfaces) StdoutLine: {'line': b'-- Up-to-date: /home/ubuntu/git/daniel_ws/2023_controller_a/install/drobo_interfaces/include/drobo_interfaces/drobo_interfaces/msg/detail/md_lib_msg__rosidl_typesupport_fastrtps_c.h\n'}
[0.357513] (drobo_interfaces) StdoutLine: {'line': b'-- Up-to-date: /home/ubuntu/git/daniel_ws/2023_controller_a/install/drobo_interfaces/include/drobo_interfaces/drobo_interfaces/msg/detail/sd_lib_msg__rosidl_typesupport_fastrtps_c.h\n'}
[0.357605] (drobo_interfaces) StdoutLine: {'line': b'-- Up-to-date: /home/ubuntu/git/daniel_ws/2023_controller_a/install/drobo_interfaces/include/drobo_interfaces/drobo_interfaces/srv\n'}
[0.357716] (drobo_interfaces) StdoutLine: {'line': b'-- Up-to-date: /home/ubuntu/git/daniel_ws/2023_controller_a/install/drobo_interfaces/include/drobo_interfaces/drobo_interfaces/srv/detail\n'}
[0.357809] (drobo_interfaces) StdoutLine: {'line': b'-- Up-to-date: /home/ubuntu/git/daniel_ws/2023_controller_a/install/drobo_interfaces/include/drobo_interfaces/drobo_interfaces/srv/detail/solenoid_state_srv__rosidl_typesupport_fastrtps_c.h\n'}
[0.357903] (drobo_interfaces) StdoutLine: {'line': b'-- Up-to-date: /home/ubuntu/git/daniel_ws/2023_controller_a/install/drobo_interfaces/lib/libdrobo_interfaces__rosidl_typesupport_fastrtps_c.so\n'}
[0.358119] (drobo_interfaces) StdoutLine: {'line': b'-- Up-to-date: /home/ubuntu/git/daniel_ws/2023_controller_a/install/drobo_interfaces/include/drobo_interfaces/drobo_interfaces\n'}
[0.358218] (drobo_interfaces) StdoutLine: {'line': b'-- Up-to-date: /home/ubuntu/git/daniel_ws/2023_controller_a/install/drobo_interfaces/include/drobo_interfaces/drobo_interfaces/msg\n'}
[0.358318] (drobo_interfaces) StdoutLine: {'line': b'-- Up-to-date: /home/ubuntu/git/daniel_ws/2023_controller_a/install/drobo_interfaces/include/drobo_interfaces/drobo_interfaces/msg/rosidl_typesupport_introspection_c__visibility_control.h\n'}
[0.358417] (drobo_interfaces) StdoutLine: {'line': b'-- Up-to-date: /home/ubuntu/git/daniel_ws/2023_controller_a/install/drobo_interfaces/include/drobo_interfaces/drobo_interfaces/msg/detail\n'}
[0.358510] (drobo_interfaces) StdoutLine: {'line': b'-- Up-to-date: /home/ubuntu/git/daniel_ws/2023_controller_a/install/drobo_interfaces/include/drobo_interfaces/drobo_interfaces/msg/detail/md_lib_msg__rosidl_typesupport_introspection_c.h\n'}
[0.358601] (drobo_interfaces) StdoutLine: {'line': b'-- Up-to-date: /home/ubuntu/git/daniel_ws/2023_controller_a/install/drobo_interfaces/include/drobo_interfaces/drobo_interfaces/msg/detail/sd_lib_msg__type_support.c\n'}
[0.358926] (drobo_interfaces) StdoutLine: {'line': b'-- Up-to-date: /home/ubuntu/git/daniel_ws/2023_controller_a/install/drobo_interfaces/include/drobo_interfaces/drobo_interfaces/msg/detail/md_lib_msg__type_support.c\n'}
[0.359008] (drobo_interfaces) StdoutLine: {'line': b'-- Up-to-date: /home/ubuntu/git/daniel_ws/2023_controller_a/install/drobo_interfaces/include/drobo_interfaces/drobo_interfaces/msg/detail/sd_lib_msg__rosidl_typesupport_introspection_c.h\n'}
[0.359088] (drobo_interfaces) StdoutLine: {'line': b'-- Up-to-date: /home/ubuntu/git/daniel_ws/2023_controller_a/install/drobo_interfaces/include/drobo_interfaces/drobo_interfaces/srv\n'}
[0.359170] (drobo_interfaces) StdoutLine: {'line': b'-- Up-to-date: /home/ubuntu/git/daniel_ws/2023_controller_a/install/drobo_interfaces/include/drobo_interfaces/drobo_interfaces/srv/detail\n'}
[0.359264] (drobo_interfaces) StdoutLine: {'line': b'-- Up-to-date: /home/ubuntu/git/daniel_ws/2023_controller_a/install/drobo_interfaces/include/drobo_interfaces/drobo_interfaces/srv/detail/solenoid_state_srv__type_support.c\n'}
[0.359358] (drobo_interfaces) StdoutLine: {'line': b'-- Up-to-date: /home/ubuntu/git/daniel_ws/2023_controller_a/install/drobo_interfaces/include/drobo_interfaces/drobo_interfaces/srv/detail/solenoid_state_srv__rosidl_typesupport_introspection_c.h\n'}
[0.359458] (drobo_interfaces) StdoutLine: {'line': b'-- Up-to-date: /home/ubuntu/git/daniel_ws/2023_controller_a/install/drobo_interfaces/lib/libdrobo_interfaces__rosidl_typesupport_introspection_c.so\n'}
[0.359555] (drobo_interfaces) StdoutLine: {'line': b'-- Up-to-date: /home/ubuntu/git/daniel_ws/2023_controller_a/install/drobo_interfaces/lib/libdrobo_interfaces__rosidl_typesupport_c.so\n'}
[0.359647] (drobo_interfaces) StdoutLine: {'line': b'-- Up-to-date: /home/ubuntu/git/daniel_ws/2023_controller_a/install/drobo_interfaces/include/drobo_interfaces/drobo_interfaces\n'}
[0.359739] (drobo_interfaces) StdoutLine: {'line': b'-- Up-to-date: /home/ubuntu/git/daniel_ws/2023_controller_a/install/drobo_interfaces/include/drobo_interfaces/drobo_interfaces/msg\n'}
[0.359832] (drobo_interfaces) StdoutLine: {'line': b'-- Up-to-date: /home/ubuntu/git/daniel_ws/2023_controller_a/install/drobo_interfaces/include/drobo_interfaces/drobo_interfaces/msg/detail\n'}
[0.359932] (drobo_interfaces) StdoutLine: {'line': b'-- Up-to-date: /home/ubuntu/git/daniel_ws/2023_controller_a/install/drobo_interfaces/include/drobo_interfaces/drobo_interfaces/msg/detail/md_lib_msg__struct.hpp\n'}
[0.360023] (drobo_interfaces) StdoutLine: {'line': b'-- Up-to-date: /home/ubuntu/git/daniel_ws/2023_controller_a/install/drobo_interfaces/include/drobo_interfaces/drobo_interfaces/msg/detail/md_lib_msg__traits.hpp\n'}
[0.360117] (drobo_interfaces) StdoutLine: {'line': b'-- Up-to-date: /home/ubuntu/git/daniel_ws/2023_controller_a/install/drobo_interfaces/include/drobo_interfaces/drobo_interfaces/msg/detail/sd_lib_msg__builder.hpp\n'}
[0.360210] (drobo_interfaces) StdoutLine: {'line': b'-- Up-to-date: /home/ubuntu/git/daniel_ws/2023_controller_a/install/drobo_interfaces/include/drobo_interfaces/drobo_interfaces/msg/detail/sd_lib_msg__traits.hpp\n'}
[0.360303] (drobo_interfaces) StdoutLine: {'line': b'-- Up-to-date: /home/ubuntu/git/daniel_ws/2023_controller_a/install/drobo_interfaces/include/drobo_interfaces/drobo_interfaces/msg/detail/sd_lib_msg__struct.hpp\n'}
[0.360535] (drobo_interfaces) StdoutLine: {'line': b'-- Up-to-date: /home/ubuntu/git/daniel_ws/2023_controller_a/install/drobo_interfaces/include/drobo_interfaces/drobo_interfaces/msg/detail/md_lib_msg__builder.hpp\n'}
[0.360615] (drobo_interfaces) StdoutLine: {'line': b'-- Up-to-date: /home/ubuntu/git/daniel_ws/2023_controller_a/install/drobo_interfaces/include/drobo_interfaces/drobo_interfaces/msg/md_lib_msg.hpp\n'}
[0.360708] (drobo_interfaces) StdoutLine: {'line': b'-- Up-to-date: /home/ubuntu/git/daniel_ws/2023_controller_a/install/drobo_interfaces/include/drobo_interfaces/drobo_interfaces/msg/sd_lib_msg.hpp\n'}
[0.360806] (drobo_interfaces) StdoutLine: {'line': b'-- Up-to-date: /home/ubuntu/git/daniel_ws/2023_controller_a/install/drobo_interfaces/include/drobo_interfaces/drobo_interfaces/srv\n'}
[0.360899] (drobo_interfaces) StdoutLine: {'line': b'-- Up-to-date: /home/ubuntu/git/daniel_ws/2023_controller_a/install/drobo_interfaces/include/drobo_interfaces/drobo_interfaces/srv/solenoid_state_srv.hpp\n'}
[0.360993] (drobo_interfaces) StdoutLine: {'line': b'-- Up-to-date: /home/ubuntu/git/daniel_ws/2023_controller_a/install/drobo_interfaces/include/drobo_interfaces/drobo_interfaces/srv/detail\n'}
[0.361086] (drobo_interfaces) StdoutLine: {'line': b'-- Up-to-date: /home/ubuntu/git/daniel_ws/2023_controller_a/install/drobo_interfaces/include/drobo_interfaces/drobo_interfaces/srv/detail/solenoid_state_srv__builder.hpp\n'}
[0.361179] (drobo_interfaces) StdoutLine: {'line': b'-- Up-to-date: /home/ubuntu/git/daniel_ws/2023_controller_a/install/drobo_interfaces/include/drobo_interfaces/drobo_interfaces/srv/detail/solenoid_state_srv__traits.hpp\n'}
[0.361348] (drobo_interfaces) StdoutLine: {'line': b'-- Up-to-date: /home/ubuntu/git/daniel_ws/2023_controller_a/install/drobo_interfaces/include/drobo_interfaces/drobo_interfaces/srv/detail/solenoid_state_srv__struct.hpp\n'}
[0.361446] (drobo_interfaces) StdoutLine: {'line': b'-- Up-to-date: /home/ubuntu/git/daniel_ws/2023_controller_a/install/drobo_interfaces/include/drobo_interfaces/drobo_interfaces\n'}
[0.361540] (drobo_interfaces) StdoutLine: {'line': b'-- Up-to-date: /home/ubuntu/git/daniel_ws/2023_controller_a/install/drobo_interfaces/include/drobo_interfaces/drobo_interfaces/msg\n'}
[0.361639] (drobo_interfaces) StdoutLine: {'line': b'-- Up-to-date: /home/ubuntu/git/daniel_ws/2023_controller_a/install/drobo_interfaces/include/drobo_interfaces/drobo_interfaces/msg/rosidl_typesupport_fastrtps_cpp__visibility_control.h\n'}
[0.361733] (drobo_interfaces) StdoutLine: {'line': b'-- Up-to-date: /home/ubuntu/git/daniel_ws/2023_controller_a/install/drobo_interfaces/include/drobo_interfaces/drobo_interfaces/msg/detail\n'}
[0.361825] (drobo_interfaces) StdoutLine: {'line': b'-- Up-to-date: /home/ubuntu/git/daniel_ws/2023_controller_a/install/drobo_interfaces/include/drobo_interfaces/drobo_interfaces/msg/detail/sd_lib_msg__rosidl_typesupport_fastrtps_cpp.hpp\n'}
[0.361962] (drobo_interfaces) StdoutLine: {'line': b'-- Up-to-date: /home/ubuntu/git/daniel_ws/2023_controller_a/install/drobo_interfaces/include/drobo_interfaces/drobo_interfaces/msg/detail/dds_fastrtps\n'}
[0.362217] (drobo_interfaces) StdoutLine: {'line': b'-- Up-to-date: /home/ubuntu/git/daniel_ws/2023_controller_a/install/drobo_interfaces/include/drobo_interfaces/drobo_interfaces/msg/detail/md_lib_msg__rosidl_typesupport_fastrtps_cpp.hpp\n'}
[0.362299] (drobo_interfaces) StdoutLine: {'line': b'-- Up-to-date: /home/ubuntu/git/daniel_ws/2023_controller_a/install/drobo_interfaces/include/drobo_interfaces/drobo_interfaces/srv\n'}
[0.362378] (drobo_interfaces) StdoutLine: {'line': b'-- Up-to-date: /home/ubuntu/git/daniel_ws/2023_controller_a/install/drobo_interfaces/include/drobo_interfaces/drobo_interfaces/srv/detail\n'}
[0.362458] (drobo_interfaces) StdoutLine: {'line': b'-- Up-to-date: /home/ubuntu/git/daniel_ws/2023_controller_a/install/drobo_interfaces/include/drobo_interfaces/drobo_interfaces/srv/detail/solenoid_state_srv__rosidl_typesupport_fastrtps_cpp.hpp\n'}
[0.362539] (drobo_interfaces) StdoutLine: {'line': b'-- Up-to-date: /home/ubuntu/git/daniel_ws/2023_controller_a/install/drobo_interfaces/include/drobo_interfaces/drobo_interfaces/srv/detail/dds_fastrtps\n'}
[0.362618] (drobo_interfaces) StdoutLine: {'line': b'-- Up-to-date: /home/ubuntu/git/daniel_ws/2023_controller_a/install/drobo_interfaces/lib/libdrobo_interfaces__rosidl_typesupport_fastrtps_cpp.so\n'}
[0.362706] (drobo_interfaces) StdoutLine: {'line': b'-- Up-to-date: /home/ubuntu/git/daniel_ws/2023_controller_a/install/drobo_interfaces/include/drobo_interfaces/drobo_interfaces\n'}
[0.362788] (drobo_interfaces) StdoutLine: {'line': b'-- Up-to-date: /home/ubuntu/git/daniel_ws/2023_controller_a/install/drobo_interfaces/include/drobo_interfaces/drobo_interfaces/msg\n'}
[0.362867] (drobo_interfaces) StdoutLine: {'line': b'-- Up-to-date: /home/ubuntu/git/daniel_ws/2023_controller_a/install/drobo_interfaces/include/drobo_interfaces/drobo_interfaces/msg/detail\n'}
[0.362946] (drobo_interfaces) StdoutLine: {'line': b'-- Up-to-date: /home/ubuntu/git/daniel_ws/2023_controller_a/install/drobo_interfaces/include/drobo_interfaces/drobo_interfaces/msg/detail/md_lib_msg__type_support.cpp\n'}
[0.363027] (drobo_interfaces) StdoutLine: {'line': b'-- Up-to-date: /home/ubuntu/git/daniel_ws/2023_controller_a/install/drobo_interfaces/include/drobo_interfaces/drobo_interfaces/msg/detail/sd_lib_msg__type_support.cpp\n'}
[0.363106] (drobo_interfaces) StdoutLine: {'line': b'-- Up-to-date: /home/ubuntu/git/daniel_ws/2023_controller_a/install/drobo_interfaces/include/drobo_interfaces/drobo_interfaces/msg/detail/sd_lib_msg__rosidl_typesupport_introspection_cpp.hpp\n'}
[0.363186] (drobo_interfaces) StdoutLine: {'line': b'-- Up-to-date: /home/ubuntu/git/daniel_ws/2023_controller_a/install/drobo_interfaces/include/drobo_interfaces/drobo_interfaces/msg/detail/md_lib_msg__rosidl_typesupport_introspection_cpp.hpp\n'}
[0.363285] (drobo_interfaces) StdoutLine: {'line': b'-- Up-to-date: /home/ubuntu/git/daniel_ws/2023_controller_a/install/drobo_interfaces/include/drobo_interfaces/drobo_interfaces/srv\n'}
[0.363366] (drobo_interfaces) StdoutLine: {'line': b'-- Up-to-date: /home/ubuntu/git/daniel_ws/2023_controller_a/install/drobo_interfaces/include/drobo_interfaces/drobo_interfaces/srv/detail\n'}
[0.363451] (drobo_interfaces) StdoutLine: {'line': b'-- Up-to-date: /home/ubuntu/git/daniel_ws/2023_controller_a/install/drobo_interfaces/include/drobo_interfaces/drobo_interfaces/srv/detail/solenoid_state_srv__rosidl_typesupport_introspection_cpp.hpp\n'}
[0.363532] (drobo_interfaces) StdoutLine: {'line': b'-- Up-to-date: /home/ubuntu/git/daniel_ws/2023_controller_a/install/drobo_interfaces/include/drobo_interfaces/drobo_interfaces/srv/detail/solenoid_state_srv__type_support.cpp\n'}
[0.363610] (drobo_interfaces) StdoutLine: {'line': b'-- Up-to-date: /home/ubuntu/git/daniel_ws/2023_controller_a/install/drobo_interfaces/lib/libdrobo_interfaces__rosidl_typesupport_introspection_cpp.so\n'}
[0.363689] (drobo_interfaces) StdoutLine: {'line': b'-- Up-to-date: /home/ubuntu/git/daniel_ws/2023_controller_a/install/drobo_interfaces/lib/libdrobo_interfaces__rosidl_typesupport_cpp.so\n'}
[0.363768] (drobo_interfaces) StdoutLine: {'line': b'-- Up-to-date: /home/ubuntu/git/daniel_ws/2023_controller_a/install/drobo_interfaces/share/drobo_interfaces/environment/pythonpath.sh\n'}
[0.363847] (drobo_interfaces) StdoutLine: {'line': b'-- Up-to-date: /home/ubuntu/git/daniel_ws/2023_controller_a/install/drobo_interfaces/share/drobo_interfaces/environment/pythonpath.dsv\n'}
[0.363926] (drobo_interfaces) StdoutLine: {'line': b'-- Up-to-date: /home/ubuntu/git/daniel_ws/2023_controller_a/install/drobo_interfaces/local/lib/python3.10/dist-packages/drobo_interfaces-0.0.0-py3.10.egg-info\n'}
[0.364005] (drobo_interfaces) StdoutLine: {'line': b'-- Installing: /home/ubuntu/git/daniel_ws/2023_controller_a/install/drobo_interfaces/local/lib/python3.10/dist-packages/drobo_interfaces-0.0.0-py3.10.egg-info/PKG-INFO\n'}
[0.364084] (drobo_interfaces) StdoutLine: {'line': b'-- Installing: /home/ubuntu/git/daniel_ws/2023_controller_a/install/drobo_interfaces/local/lib/python3.10/dist-packages/drobo_interfaces-0.0.0-py3.10.egg-info/SOURCES.txt\n'}
[0.364163] (drobo_interfaces) StdoutLine: {'line': b'-- Installing: /home/ubuntu/git/daniel_ws/2023_controller_a/install/drobo_interfaces/local/lib/python3.10/dist-packages/drobo_interfaces-0.0.0-py3.10.egg-info/top_level.txt\n'}
[0.364242] (drobo_interfaces) StdoutLine: {'line': b'-- Installing: /home/ubuntu/git/daniel_ws/2023_controller_a/install/drobo_interfaces/local/lib/python3.10/dist-packages/drobo_interfaces-0.0.0-py3.10.egg-info/dependency_links.txt\n'}
[0.364331] (drobo_interfaces) StdoutLine: {'line': b'-- Up-to-date: /home/ubuntu/git/daniel_ws/2023_controller_a/install/drobo_interfaces/local/lib/python3.10/dist-packages/drobo_interfaces\n'}
[0.364426] (drobo_interfaces) StdoutLine: {'line': b'-- Up-to-date: /home/ubuntu/git/daniel_ws/2023_controller_a/install/drobo_interfaces/local/lib/python3.10/dist-packages/drobo_interfaces/drobo_interfaces_s__rosidl_typesupport_c.cpython-310-aarch64-linux-gnu.so\n'}
[0.364506] (drobo_interfaces) StdoutLine: {'line': b'-- Up-to-date: /home/ubuntu/git/daniel_ws/2023_controller_a/install/drobo_interfaces/local/lib/python3.10/dist-packages/drobo_interfaces/drobo_interfaces_s__rosidl_typesupport_fastrtps_c.cpython-310-aarch64-linux-gnu.so\n'}
[0.364587] (drobo_interfaces) StdoutLine: {'line': b'-- Up-to-date: /home/ubuntu/git/daniel_ws/2023_controller_a/install/drobo_interfaces/local/lib/python3.10/dist-packages/drobo_interfaces/_drobo_interfaces_s.ep.rosidl_typesupport_introspection_c.c\n'}
[0.364664] (drobo_interfaces) StdoutLine: {'line': b'-- Up-to-date: /home/ubuntu/git/daniel_ws/2023_controller_a/install/drobo_interfaces/local/lib/python3.10/dist-packages/drobo_interfaces/drobo_interfaces_s__rosidl_typesupport_introspection_c.cpython-310-aarch64-linux-gnu.so\n'}
[0.364745] (drobo_interfaces) StdoutLine: {'line': b'-- Up-to-date: /home/ubuntu/git/daniel_ws/2023_controller_a/install/drobo_interfaces/local/lib/python3.10/dist-packages/drobo_interfaces/_drobo_interfaces_s.ep.rosidl_typesupport_c.c\n'}
[0.364824] (drobo_interfaces) StdoutLine: {'line': b'-- Up-to-date: /home/ubuntu/git/daniel_ws/2023_controller_a/install/drobo_interfaces/local/lib/python3.10/dist-packages/drobo_interfaces/msg\n'}
[0.364902] (drobo_interfaces) StdoutLine: {'line': b'-- Up-to-date: /home/ubuntu/git/daniel_ws/2023_controller_a/install/drobo_interfaces/local/lib/python3.10/dist-packages/drobo_interfaces/msg/_sd_lib_msg.py\n'}
[0.364981] (drobo_interfaces) StdoutLine: {'line': b'-- Up-to-date: /home/ubuntu/git/daniel_ws/2023_controller_a/install/drobo_interfaces/local/lib/python3.10/dist-packages/drobo_interfaces/msg/_md_lib_msg.py\n'}
[0.365060] (drobo_interfaces) StdoutLine: {'line': b'-- Up-to-date: /home/ubuntu/git/daniel_ws/2023_controller_a/install/drobo_interfaces/local/lib/python3.10/dist-packages/drobo_interfaces/msg/__init__.py\n'}
[0.365138] (drobo_interfaces) StdoutLine: {'line': b'-- Up-to-date: /home/ubuntu/git/daniel_ws/2023_controller_a/install/drobo_interfaces/local/lib/python3.10/dist-packages/drobo_interfaces/msg/_md_lib_msg_s.c\n'}
[0.365216] (drobo_interfaces) StdoutLine: {'line': b'-- Up-to-date: /home/ubuntu/git/daniel_ws/2023_controller_a/install/drobo_interfaces/local/lib/python3.10/dist-packages/drobo_interfaces/msg/_sd_lib_msg_s.c\n'}
[0.365296] (drobo_interfaces) StdoutLine: {'line': b'-- Up-to-date: /home/ubuntu/git/daniel_ws/2023_controller_a/install/drobo_interfaces/local/lib/python3.10/dist-packages/drobo_interfaces/__init__.py\n'}
[0.365375] (drobo_interfaces) StdoutLine: {'line': b'-- Up-to-date: /home/ubuntu/git/daniel_ws/2023_controller_a/install/drobo_interfaces/local/lib/python3.10/dist-packages/drobo_interfaces/libdrobo_interfaces__rosidl_generator_py.so\n'}
[0.365454] (drobo_interfaces) StdoutLine: {'line': b'-- Up-to-date: /home/ubuntu/git/daniel_ws/2023_controller_a/install/drobo_interfaces/local/lib/python3.10/dist-packages/drobo_interfaces/_drobo_interfaces_s.ep.rosidl_typesupport_fastrtps_c.c\n'}
[0.365533] (drobo_interfaces) StdoutLine: {'line': b'-- Up-to-date: /home/ubuntu/git/daniel_ws/2023_controller_a/install/drobo_interfaces/local/lib/python3.10/dist-packages/drobo_interfaces/srv\n'}
[0.365612] (drobo_interfaces) StdoutLine: {'line': b'-- Up-to-date: /home/ubuntu/git/daniel_ws/2023_controller_a/install/drobo_interfaces/local/lib/python3.10/dist-packages/drobo_interfaces/srv/_solenoid_state_srv_s.c\n'}
[0.365690] (drobo_interfaces) StdoutLine: {'line': b'-- Up-to-date: /home/ubuntu/git/daniel_ws/2023_controller_a/install/drobo_interfaces/local/lib/python3.10/dist-packages/drobo_interfaces/srv/__init__.py\n'}
[0.365768] (drobo_interfaces) StdoutLine: {'line': b'-- Up-to-date: /home/ubuntu/git/daniel_ws/2023_controller_a/install/drobo_interfaces/local/lib/python3.10/dist-packages/drobo_interfaces/srv/_solenoid_state_srv.py\n'}
[0.381975] (drobo_interfaces) StdoutLine: {'line': b"Listing '/home/ubuntu/git/daniel_ws/2023_controller_a/install/drobo_interfaces/local/lib/python3.10/dist-packages/drobo_interfaces'...\n"}
[0.382268] (drobo_interfaces) StdoutLine: {'line': b"Listing '/home/ubuntu/git/daniel_ws/2023_controller_a/install/drobo_interfaces/local/lib/python3.10/dist-packages/drobo_interfaces/msg'...\n"}
[0.382539] (drobo_interfaces) StdoutLine: {'line': b"Listing '/home/ubuntu/git/daniel_ws/2023_controller_a/install/drobo_interfaces/local/lib/python3.10/dist-packages/drobo_interfaces/srv'...\n"}
[0.384176] (drobo_interfaces) StdoutLine: {'line': b'-- Up-to-date: /home/ubuntu/git/daniel_ws/2023_controller_a/install/drobo_interfaces/local/lib/python3.10/dist-packages/drobo_interfaces/drobo_interfaces_s__rosidl_typesupport_fastrtps_c.cpython-310-aarch64-linux-gnu.so\n'}
[0.384609] (drobo_interfaces) StdoutLine: {'line': b'-- Up-to-date: /home/ubuntu/git/daniel_ws/2023_controller_a/install/drobo_interfaces/local/lib/python3.10/dist-packages/drobo_interfaces/drobo_interfaces_s__rosidl_typesupport_introspection_c.cpython-310-aarch64-linux-gnu.so\n'}
[0.385153] (drobo_interfaces) StdoutLine: {'line': b'-- Up-to-date: /home/ubuntu/git/daniel_ws/2023_controller_a/install/drobo_interfaces/local/lib/python3.10/dist-packages/drobo_interfaces/drobo_interfaces_s__rosidl_typesupport_c.cpython-310-aarch64-linux-gnu.so\n'}
[0.385498] (drobo_interfaces) StdoutLine: {'line': b'-- Up-to-date: /home/ubuntu/git/daniel_ws/2023_controller_a/install/drobo_interfaces/lib/libdrobo_interfaces__rosidl_generator_py.so\n'}
[0.386064] (drobo_interfaces) StdoutLine: {'line': b'-- Up-to-date: /home/ubuntu/git/daniel_ws/2023_controller_a/install/drobo_interfaces/share/drobo_interfaces/msg/MdLibMsg.idl\n'}
[0.386640] (drobo_interfaces) StdoutLine: {'line': b'-- Up-to-date: /home/ubuntu/git/daniel_ws/2023_controller_a/install/drobo_interfaces/share/drobo_interfaces/msg/SdLibMsg.idl\n'}
[0.386992] (drobo_interfaces) StdoutLine: {'line': b'-- Up-to-date: /home/ubuntu/git/daniel_ws/2023_controller_a/install/drobo_interfaces/share/drobo_interfaces/srv/SolenoidStateSrv.idl\n'}
[0.387326] (drobo_interfaces) StdoutLine: {'line': b'-- Up-to-date: /home/ubuntu/git/daniel_ws/2023_controller_a/install/drobo_interfaces/share/drobo_interfaces/msg/MdLibMsg.msg\n'}
[0.387711] (drobo_interfaces) StdoutLine: {'line': b'-- Up-to-date: /home/ubuntu/git/daniel_ws/2023_controller_a/install/drobo_interfaces/share/drobo_interfaces/msg/SdLibMsg.msg\n'}
[0.388596] (drobo_interfaces) StdoutLine: {'line': b'-- Up-to-date: /home/ubuntu/git/daniel_ws/2023_controller_a/install/drobo_interfaces/share/drobo_interfaces/srv/SolenoidStateSrv.srv\n'}
[0.388988] (drobo_interfaces) StdoutLine: {'line': b'-- Up-to-date: /home/ubuntu/git/daniel_ws/2023_controller_a/install/drobo_interfaces/share/drobo_interfaces/srv/SolenoidStateSrv_Request.msg\n'}
[0.389675] (drobo_interfaces) StdoutLine: {'line': b'-- Up-to-date: /home/ubuntu/git/daniel_ws/2023_controller_a/install/drobo_interfaces/share/drobo_interfaces/srv/SolenoidStateSrv_Response.msg\n'}
[0.389937] (drobo_interfaces) StdoutLine: {'line': b'-- Up-to-date: /home/ubuntu/git/daniel_ws/2023_controller_a/install/drobo_interfaces/share/ament_index/resource_index/package_run_dependencies/drobo_interfaces\n'}
[0.390227] (drobo_interfaces) StdoutLine: {'line': b'-- Up-to-date: /home/ubuntu/git/daniel_ws/2023_controller_a/install/drobo_interfaces/share/ament_index/resource_index/parent_prefix_path/drobo_interfaces\n'}
[0.390511] (drobo_interfaces) StdoutLine: {'line': b'-- Up-to-date: /home/ubuntu/git/daniel_ws/2023_controller_a/install/drobo_interfaces/share/drobo_interfaces/environment/ament_prefix_path.sh\n'}
[0.390821] (drobo_interfaces) StdoutLine: {'line': b'-- Up-to-date: /home/ubuntu/git/daniel_ws/2023_controller_a/install/drobo_interfaces/share/drobo_interfaces/environment/ament_prefix_path.dsv\n'}
[0.391143] (drobo_interfaces) StdoutLine: {'line': b'-- Up-to-date: /home/ubuntu/git/daniel_ws/2023_controller_a/install/drobo_interfaces/share/drobo_interfaces/environment/path.sh\n'}
[0.391449] (drobo_interfaces) StdoutLine: {'line': b'-- Up-to-date: /home/ubuntu/git/daniel_ws/2023_controller_a/install/drobo_interfaces/share/drobo_interfaces/environment/path.dsv\n'}
[0.391736] (drobo_interfaces) StdoutLine: {'line': b'-- Up-to-date: /home/ubuntu/git/daniel_ws/2023_controller_a/install/drobo_interfaces/share/drobo_interfaces/local_setup.bash\n'}
[0.392034] (drobo_interfaces) StdoutLine: {'line': b'-- Up-to-date: /home/ubuntu/git/daniel_ws/2023_controller_a/install/drobo_interfaces/share/drobo_interfaces/local_setup.sh\n'}
[0.392392] (drobo_interfaces) StdoutLine: {'line': b'-- Up-to-date: /home/ubuntu/git/daniel_ws/2023_controller_a/install/drobo_interfaces/share/drobo_interfaces/local_setup.zsh\n'}
[0.392676] (drobo_interfaces) StdoutLine: {'line': b'-- Up-to-date: /home/ubuntu/git/daniel_ws/2023_controller_a/install/drobo_interfaces/share/drobo_interfaces/local_setup.dsv\n'}
[0.393008] (drobo_interfaces) StdoutLine: {'line': b'-- Installing: /home/ubuntu/git/daniel_ws/2023_controller_a/install/drobo_interfaces/share/drobo_interfaces/package.dsv\n'}
[0.393403] (drobo_interfaces) StdoutLine: {'line': b'-- Up-to-date: /home/ubuntu/git/daniel_ws/2023_controller_a/install/drobo_interfaces/share/ament_index/resource_index/packages/drobo_interfaces\n'}
[0.393726] (drobo_interfaces) StdoutLine: {'line': b'-- Up-to-date: /home/ubuntu/git/daniel_ws/2023_controller_a/install/drobo_interfaces/share/drobo_interfaces/cmake/export_drobo_interfaces__rosidl_generator_cExport.cmake\n'}
[0.393968] (drobo_interfaces) StdoutLine: {'line': b'-- Up-to-date: /home/ubuntu/git/daniel_ws/2023_controller_a/install/drobo_interfaces/share/drobo_interfaces/cmake/export_drobo_interfaces__rosidl_generator_cExport-noconfig.cmake\n'}
[0.394256] (drobo_interfaces) StdoutLine: {'line': b'-- Up-to-date: /home/ubuntu/git/daniel_ws/2023_controller_a/install/drobo_interfaces/share/drobo_interfaces/cmake/export_drobo_interfaces__rosidl_typesupport_fastrtps_cExport.cmake\n'}
[0.394560] (drobo_interfaces) StdoutLine: {'line': b'-- Up-to-date: /home/ubuntu/git/daniel_ws/2023_controller_a/install/drobo_interfaces/share/drobo_interfaces/cmake/export_drobo_interfaces__rosidl_typesupport_fastrtps_cExport-noconfig.cmake\n'}
[0.394801] (drobo_interfaces) StdoutLine: {'line': b'-- Up-to-date: /home/ubuntu/git/daniel_ws/2023_controller_a/install/drobo_interfaces/share/drobo_interfaces/cmake/drobo_interfaces__rosidl_typesupport_introspection_cExport.cmake\n'}
[0.395046] (drobo_interfaces) StdoutLine: {'line': b'-- Up-to-date: /home/ubuntu/git/daniel_ws/2023_controller_a/install/drobo_interfaces/share/drobo_interfaces/cmake/drobo_interfaces__rosidl_typesupport_introspection_cExport-noconfig.cmake\n'}
[0.395417] (drobo_interfaces) StdoutLine: {'line': b'-- Up-to-date: /home/ubuntu/git/daniel_ws/2023_controller_a/install/drobo_interfaces/share/drobo_interfaces/cmake/drobo_interfaces__rosidl_typesupport_cExport.cmake\n'}
[0.396015] (drobo_interfaces) StdoutLine: {'line': b'-- Up-to-date: /home/ubuntu/git/daniel_ws/2023_controller_a/install/drobo_interfaces/share/drobo_interfaces/cmake/drobo_interfaces__rosidl_typesupport_cExport-noconfig.cmake\n'}
[0.396645] (drobo_interfaces) StdoutLine: {'line': b'-- Up-to-date: /home/ubuntu/git/daniel_ws/2023_controller_a/install/drobo_interfaces/share/drobo_interfaces/cmake/export_drobo_interfaces__rosidl_generator_cppExport.cmake\n'}
[0.397023] (drobo_interfaces) StdoutLine: {'line': b'-- Up-to-date: /home/ubuntu/git/daniel_ws/2023_controller_a/install/drobo_interfaces/share/drobo_interfaces/cmake/export_drobo_interfaces__rosidl_typesupport_fastrtps_cppExport.cmake\n'}
[0.397361] (drobo_interfaces) StdoutLine: {'line': b'-- Up-to-date: /home/ubuntu/git/daniel_ws/2023_controller_a/install/drobo_interfaces/share/drobo_interfaces/cmake/export_drobo_interfaces__rosidl_typesupport_fastrtps_cppExport-noconfig.cmake\n'}
[0.397671] (drobo_interfaces) StdoutLine: {'line': b'-- Up-to-date: /home/ubuntu/git/daniel_ws/2023_controller_a/install/drobo_interfaces/share/drobo_interfaces/cmake/drobo_interfaces__rosidl_typesupport_introspection_cppExport.cmake\n'}
[0.398132] (drobo_interfaces) StdoutLine: {'line': b'-- Up-to-date: /home/ubuntu/git/daniel_ws/2023_controller_a/install/drobo_interfaces/share/drobo_interfaces/cmake/drobo_interfaces__rosidl_typesupport_introspection_cppExport-noconfig.cmake\n'}
[0.398599] (drobo_interfaces) StdoutLine: {'line': b'-- Up-to-date: /home/ubuntu/git/daniel_ws/2023_controller_a/install/drobo_interfaces/share/drobo_interfaces/cmake/drobo_interfaces__rosidl_typesupport_cppExport.cmake\n'}
[0.399108] (drobo_interfaces) StdoutLine: {'line': b'-- Up-to-date: /home/ubuntu/git/daniel_ws/2023_controller_a/install/drobo_interfaces/share/drobo_interfaces/cmake/drobo_interfaces__rosidl_typesupport_cppExport-noconfig.cmake\n'}
[0.399544] (drobo_interfaces) StdoutLine: {'line': b'-- Up-to-date: /home/ubuntu/git/daniel_ws/2023_controller_a/install/drobo_interfaces/share/drobo_interfaces/cmake/export_drobo_interfaces__rosidl_generator_pyExport.cmake\n'}
[0.400081] (-) TimerEvent: {}
[0.400300] (drobo_interfaces) StdoutLine: {'line': b'-- Up-to-date: /home/ubuntu/git/daniel_ws/2023_controller_a/install/drobo_interfaces/share/drobo_interfaces/cmake/export_drobo_interfaces__rosidl_generator_pyExport-noconfig.cmake\n'}
[0.400782] (drobo_interfaces) StdoutLine: {'line': b'-- Up-to-date: /home/ubuntu/git/daniel_ws/2023_controller_a/install/drobo_interfaces/share/drobo_interfaces/cmake/rosidl_cmake-extras.cmake\n'}
[0.400976] (drobo_interfaces) StdoutLine: {'line': b'-- Up-to-date: /home/ubuntu/git/daniel_ws/2023_controller_a/install/drobo_interfaces/share/drobo_interfaces/cmake/ament_cmake_export_include_directories-extras.cmake\n'}
[0.401241] (drobo_interfaces) StdoutLine: {'line': b'-- Up-to-date: /home/ubuntu/git/daniel_ws/2023_controller_a/install/drobo_interfaces/share/drobo_interfaces/cmake/ament_cmake_export_libraries-extras.cmake\n'}
[0.401472] (drobo_interfaces) StdoutLine: {'line': b'-- Up-to-date: /home/ubuntu/git/daniel_ws/2023_controller_a/install/drobo_interfaces/share/drobo_interfaces/cmake/ament_cmake_export_targets-extras.cmake\n'}
[0.401658] (drobo_interfaces) StdoutLine: {'line': b'-- Up-to-date: /home/ubuntu/git/daniel_ws/2023_controller_a/install/drobo_interfaces/share/drobo_interfaces/cmake/rosidl_cmake_export_typesupport_targets-extras.cmake\n'}
[0.401829] (drobo_interfaces) StdoutLine: {'line': b'-- Up-to-date: /home/ubuntu/git/daniel_ws/2023_controller_a/install/drobo_interfaces/share/drobo_interfaces/cmake/ament_cmake_export_dependencies-extras.cmake\n'}
[0.402208] (drobo_interfaces) StdoutLine: {'line': b'-- Up-to-date: /home/ubuntu/git/daniel_ws/2023_controller_a/install/drobo_interfaces/share/drobo_interfaces/cmake/rosidl_cmake_export_typesupport_libraries-extras.cmake\n'}
[0.402425] (drobo_interfaces) StdoutLine: {'line': b'-- Up-to-date: /home/ubuntu/git/daniel_ws/2023_controller_a/install/drobo_interfaces/share/drobo_interfaces/cmake/drobo_interfacesConfig.cmake\n'}
[0.402620] (drobo_interfaces) StdoutLine: {'line': b'-- Up-to-date: /home/ubuntu/git/daniel_ws/2023_controller_a/install/drobo_interfaces/share/drobo_interfaces/cmake/drobo_interfacesConfig-version.cmake\n'}
[0.402952] (drobo_interfaces) StdoutLine: {'line': b'-- Up-to-date: /home/ubuntu/git/daniel_ws/2023_controller_a/install/drobo_interfaces/share/drobo_interfaces/package.xml\n'}
[0.403152] (drobo_interfaces) CommandEnded: {'returncode': 0}
[0.500260] (-) TimerEvent: {}
[0.533356] (drobo_interfaces) JobEnded: {'identifier': 'drobo_interfaces', 'rc': 0}
[0.535726] (controller_2023_a) JobStarted: {'identifier': 'controller_2023_a'}
[0.552367] (omni_control) JobStarted: {'identifier': 'omni_control'}
[0.571686] (controller_2023_a) JobProgress: {'identifier': 'controller_2023_a', 'progress': 'prepare'}
[0.577991] (controller_2023_a) JobProgress: {'identifier': 'controller_2023_a', 'progress': 'build'}
[0.578003] (controller_2023_a) Command: {'cmd': ['/home/ubuntu/.cargo/bin/cargo', 'ament-build', '--install-base', '/home/ubuntu/git/daniel_ws/2023_controller_a/install/controller_2023_a', '--', '--manifest-path', '/home/ubuntu/git/daniel_ws/2023_controller_a/src/controller_2023_a/Cargo.toml', '--target-dir', '/home/ubuntu/git/daniel_ws/2023_controller_a/build/controller_2023_a', '--quiet', '--release'], 'cwd': PosixPath('src/controller_2023_a'), 'env': OrderedDict([('USER', 'daniel_ezomo'), ('XDG_SESSION_TYPE', 'wayland'), ('SHLVL', '1'), ('LD_LIBRARY_PATH', '/home/ubuntu/git/daniel_ws/2023_controller_a/install/drobo_interfaces/lib:/opt/ros/humble/opt/rviz_ogre_vendor/lib:/opt/ros/humble/lib/aarch64-linux-gnu:/opt/ros/humble/lib'), ('OLDPWD', '/home/ubuntu/git/daniel_ws'), ('HOME', '/home/ubuntu'), ('DESKTOP_SESSION', 'ubuntu'), ('GTK_MODULES', 'gail:atk-bridge'), ('GNOME_SHELL_SESSION_MODE', 'ubuntu'), ('ROS_PYTHON_VERSION', '3'), ('SYSTEMD_EXEC_PID', '1927'), ('DBUS_SESSION_BUS_ADDRESS', 'unix:path=/run/user/1000/bus'), ('P9K_TTY', 'old'), ('COLORTERM', 'truecolor'), ('ZPFX', '/home/ubuntu/.local/share/zinit/polaris'), ('WAYLAND_DISPLAY', 'wayland-0'), ('ROS_DISTRO', 'humble'), ('LOGNAME', 'daniel_ezomo'), ('_', '/usr/bin/colcon'), ('_P9K_SSH_TTY', '/dev/pts/0'), ('XDG_SESSION_CLASS', 'user'), ('ROS_VERSION', '2'), ('USERNAME', 'daniel_ezomo'), ('TERM', 'xterm-256color'), ('GNOME_DESKTOP_SESSION_ID', 'this-is-deprecated'), ('ROS_LOCALHOST_ONLY', '0'), ('ZSH_CACHE_DIR', '/home/ubuntu/.cache/zinit'), ('PMSPEC', '0uUpiPsf'), ('PATH', '/opt/ros/humble/bin:/home/ubuntu/.local/share/zinit/polaris/bin:/home/ubuntu/.cargo/bin:/usr/local/sbin:/usr/local/bin:/usr/sbin:/usr/bin:/sbin:/bin:/usr/games:/usr/local/games:/snap/bin:/snap/bin'), ('SESSION_MANAGER', 'local/ezomo:@/tmp/.ICE-unix/1909,unix/ezomo:/tmp/.ICE-unix/1909'), ('GNOME_TERMINAL_SCREEN', '/org/gnome/Terminal/screen/48a602dd_19c0_4514_9e12_2f5b92e85767'), ('XDG_MENU_PREFIX', 'gnome-'), ('GNOME_SETUP_DISPLAY', ':1'), ('XDG_RUNTIME_DIR', '/run/user/1000'), ('DISPLAY', ':0'), ('XDG_CURRENT_DESKTOP', 'ubuntu:GNOME'), ('LANG', 'en_US.UTF-8'), ('XDG_SESSION_DESKTOP', 'ubuntu'), ('GNOME_TERMINAL_SERVICE', ':1.123'), ('XMODIFIERS', '@im=ibus'), ('XAUTHORITY', '/run/user/1000/.mutter-Xwaylandauth.D5AUI2'), ('SSH_AUTH_SOCK', '/run/user/1000/keyring/ssh'), ('SSH_AGENT_LAUNCHER', 'gnome-keyring'), ('AMENT_PREFIX_PATH', '/home/ubuntu/git/daniel_ws/2023_controller_a/install/drobo_interfaces:/opt/ros/humble'), ('SHELL', '/usr/bin/zsh'), ('QT_ACCESSIBILITY', '1'), ('GDMSESSION', 'ubuntu'), ('P9K_SSH', '0'), ('QT_IM_MODULE', 'ibus'), ('LC_ALL', 'en_US.UTF-8'), ('PWD', '/home/ubuntu/git/daniel_ws/2023_controller_a/build/controller_2023_a'), ('XDG_DATA_DIRS', '/usr/local/share/:/usr/share/:/var/lib/snapd/desktop'), ('_P9K_TTY', '/dev/pts/0'), ('PYTHONPATH', '/home/ubuntu/git/daniel_ws/2023_controller_a/install/drobo_interfaces/local/lib/python3.10/dist-packages:/opt/ros/humble/lib/python3.10/site-packages:/opt/ros/humble/local/lib/python3.10/dist-packages'), ('COLCON', '1'), ('VTE_VERSION', '6800'), ('CMAKE_PREFIX_PATH', '/home/ubuntu/git/daniel_ws/2023_controller_a/install/drobo_interfaces')]), 'shell': False}
[0.580638] (omni_control) JobProgress: {'identifier': 'omni_control', 'progress': 'prepare'}
[0.587636] (omni_control) JobProgress: {'identifier': 'omni_control', 'progress': 'build'}
[0.587694] (omni_control) Command: {'cmd': ['/home/ubuntu/.cargo/bin/cargo', 'ament-build', '--install-base', '/home/ubuntu/git/daniel_ws/2023_controller_a/install/omni_control', '--', '--manifest-path', '/home/ubuntu/git/daniel_ws/2023_controller_a/src/omni_control/Cargo.toml', '--target-dir', '/home/ubuntu/git/daniel_ws/2023_controller_a/build/omni_control', '--quiet', '--release'], 'cwd': PosixPath('src/omni_control'), 'env': OrderedDict([('USER', 'daniel_ezomo'), ('XDG_SESSION_TYPE', 'wayland'), ('SHLVL', '1'), ('LD_LIBRARY_PATH', '/home/ubuntu/git/daniel_ws/2023_controller_a/install/drobo_interfaces/lib:/opt/ros/humble/opt/rviz_ogre_vendor/lib:/opt/ros/humble/lib/aarch64-linux-gnu:/opt/ros/humble/lib'), ('OLDPWD', '/home/ubuntu/git/daniel_ws'), ('HOME', '/home/ubuntu'), ('DESKTOP_SESSION', 'ubuntu'), ('GTK_MODULES', 'gail:atk-bridge'), ('GNOME_SHELL_SESSION_MODE', 'ubuntu'), ('ROS_PYTHON_VERSION', '3'), ('SYSTEMD_EXEC_PID', '1927'), ('DBUS_SESSION_BUS_ADDRESS', 'unix:path=/run/user/1000/bus'), ('P9K_TTY', 'old'), ('COLORTERM', 'truecolor'), ('ZPFX', '/home/ubuntu/.local/share/zinit/polaris'), ('WAYLAND_DISPLAY', 'wayland-0'), ('ROS_DISTRO', 'humble'), ('LOGNAME', 'daniel_ezomo'), ('_', '/usr/bin/colcon'), ('_P9K_SSH_TTY', '/dev/pts/0'), ('XDG_SESSION_CLASS', 'user'), ('ROS_VERSION', '2'), ('USERNAME', 'daniel_ezomo'), ('TERM', 'xterm-256color'), ('GNOME_DESKTOP_SESSION_ID', 'this-is-deprecated'), ('ROS_LOCALHOST_ONLY', '0'), ('ZSH_CACHE_DIR', '/home/ubuntu/.cache/zinit'), ('PMSPEC', '0uUpiPsf'), ('PATH', '/opt/ros/humble/bin:/home/ubuntu/.local/share/zinit/polaris/bin:/home/ubuntu/.cargo/bin:/usr/local/sbin:/usr/local/bin:/usr/sbin:/usr/bin:/sbin:/bin:/usr/games:/usr/local/games:/snap/bin:/snap/bin'), ('SESSION_MANAGER', 'local/ezomo:@/tmp/.ICE-unix/1909,unix/ezomo:/tmp/.ICE-unix/1909'), ('GNOME_TERMINAL_SCREEN', '/org/gnome/Terminal/screen/48a602dd_19c0_4514_9e12_2f5b92e85767'), ('XDG_MENU_PREFIX', 'gnome-'), ('GNOME_SETUP_DISPLAY', ':1'), ('XDG_RUNTIME_DIR', '/run/user/1000'), ('DISPLAY', ':0'), ('XDG_CURRENT_DESKTOP', 'ubuntu:GNOME'), ('LANG', 'en_US.UTF-8'), ('XDG_SESSION_DESKTOP', 'ubuntu'), ('GNOME_TERMINAL_SERVICE', ':1.123'), ('XMODIFIERS', '@im=ibus'), ('XAUTHORITY', '/run/user/1000/.mutter-Xwaylandauth.D5AUI2'), ('SSH_AUTH_SOCK', '/run/user/1000/keyring/ssh'), ('SSH_AGENT_LAUNCHER', 'gnome-keyring'), ('AMENT_PREFIX_PATH', '/home/ubuntu/git/daniel_ws/2023_controller_a/install/drobo_interfaces:/opt/ros/humble'), ('SHELL', '/usr/bin/zsh'), ('QT_ACCESSIBILITY', '1'), ('GDMSESSION', 'ubuntu'), ('P9K_SSH', '0'), ('QT_IM_MODULE', 'ibus'), ('LC_ALL', 'en_US.UTF-8'), ('PWD', '/home/ubuntu/git/daniel_ws/2023_controller_a/build/omni_control'), ('XDG_DATA_DIRS', '/usr/local/share/:/usr/share/:/var/lib/snapd/desktop'), ('_P9K_TTY', '/dev/pts/0'), ('PYTHONPATH', '/home/ubuntu/git/daniel_ws/2023_controller_a/install/drobo_interfaces/local/lib/python3.10/dist-packages:/opt/ros/humble/lib/python3.10/site-packages:/opt/ros/humble/local/lib/python3.10/dist-packages'), ('COLCON', '1'), ('VTE_VERSION', '6800'), ('CMAKE_PREFIX_PATH', '/home/ubuntu/git/daniel_ws/2023_controller_a/install/drobo_interfaces')]), 'shell': False}
[0.600324] (-) TimerEvent: {}
[0.700600] (-) TimerEvent: {}
[0.800819] (-) TimerEvent: {}
[0.901072] (-) TimerEvent: {}
[1.001363] (-) TimerEvent: {}
[1.101607] (-) TimerEvent: {}
[1.201796] (-) TimerEvent: {}
[1.237846] (controller_2023_a) StderrLine: {'line': b'\x1b[0m\x1b[1m\x1b[33mwarning\x1b[0m\x1b[0m\x1b[1m: unused imports: `RecvResult`, `pr_fatal`, `self`, `service::client::Client`, `std_msgs`\x1b[0m\n'}
[1.237965] (controller_2023_a) StderrLine: {'line': b'\x1b[0m  \x1b[0m\x1b[0m\x1b[1m\x1b[38;5;12m--> \x1b[0m\x1b[0msrc/main.rs:9:43\x1b[0m\n'}
[1.237996] (controller_2023_a) StderrLine: {'line': b'\x1b[0m   \x1b[0m\x1b[0m\x1b[1m\x1b[38;5;12m|\x1b[0m\n'}
[1.238022] (controller_2023_a) StderrLine: {'line': b'\x1b[0m\x1b[1m\x1b[38;5;12m9\x1b[0m\x1b[0m  \x1b[0m\x1b[0m\x1b[1m\x1b[38;5;12m|\x1b[0m\x1b[0m \x1b[0m\x1b[0m    msg::common_interfaces::{sensor_msgs, std_msgs},\x1b[0m\n'}
[1.238048] (controller_2023_a) StderrLine: {'line': b'\x1b[0m   \x1b[0m\x1b[0m\x1b[1m\x1b[38;5;12m| \x1b[0m\x1b[0m                                          \x1b[0m\x1b[0m\x1b[1m\x1b[33m^^^^^^^^\x1b[0m\n'}
[1.238072] (controller_2023_a) StderrLine: {'line': b'\x1b[0m\x1b[1m\x1b[38;5;12m10\x1b[0m\x1b[0m \x1b[0m\x1b[0m\x1b[1m\x1b[38;5;12m|\x1b[0m\x1b[0m \x1b[0m\x1b[0m    pr_fatal, pr_info,\x1b[0m\n'}
[1.238097] (controller_2023_a) StderrLine: {'line': b'\x1b[0m   \x1b[0m\x1b[0m\x1b[1m\x1b[38;5;12m| \x1b[0m\x1b[0m    \x1b[0m\x1b[0m\x1b[1m\x1b[33m^^^^^^^^\x1b[0m\n'}
[1.238121] (controller_2023_a) StderrLine: {'line': b'\x1b[0m\x1b[1m\x1b[38;5;12m11\x1b[0m\x1b[0m \x1b[0m\x1b[0m\x1b[1m\x1b[38;5;12m|\x1b[0m\x1b[0m \x1b[0m\x1b[0m    selector::Selector,\x1b[0m\n'}
[1.238145] (controller_2023_a) StderrLine: {'line': b'\x1b[0m\x1b[1m\x1b[38;5;12m12\x1b[0m\x1b[0m \x1b[0m\x1b[0m\x1b[1m\x1b[38;5;12m|\x1b[0m\x1b[0m \x1b[0m\x1b[0m    service::client::Client,\x1b[0m\n'}
[1.238168] (controller_2023_a) StderrLine: {'line': b'\x1b[0m   \x1b[0m\x1b[0m\x1b[1m\x1b[38;5;12m| \x1b[0m\x1b[0m    \x1b[0m\x1b[0m\x1b[1m\x1b[33m^^^^^^^^^^^^^^^^^^^^^^^\x1b[0m\n'}
[1.238192] (controller_2023_a) StderrLine: {'line': b'\x1b[0m\x1b[1m\x1b[38;5;12m13\x1b[0m\x1b[0m \x1b[0m\x1b[0m\x1b[1m\x1b[38;5;12m|\x1b[0m\x1b[0m \x1b[0m\x1b[0m    topic::{publisher::{self, Publisher}, subscriber::Subscriber},\x1b[0m\n'}
[1.238216] (controller_2023_a) StderrLine: {'line': b'\x1b[0m   \x1b[0m\x1b[0m\x1b[1m\x1b[38;5;12m| \x1b[0m\x1b[0m                        \x1b[0m\x1b[0m\x1b[1m\x1b[33m^^^^\x1b[0m\n'}
[1.238240] (controller_2023_a) StderrLine: {'line': b'\x1b[0m\x1b[1m\x1b[38;5;12m14\x1b[0m\x1b[0m \x1b[0m\x1b[0m\x1b[1m\x1b[38;5;12m|\x1b[0m\x1b[0m \x1b[0m\x1b[0m    RecvResult,\x1b[0m\n'}
[1.238263] (controller_2023_a) StderrLine: {'line': b'\x1b[0m   \x1b[0m\x1b[0m\x1b[1m\x1b[38;5;12m| \x1b[0m\x1b[0m    \x1b[0m\x1b[0m\x1b[1m\x1b[33m^^^^^^^^^^\x1b[0m\n'}
[1.238290] (controller_2023_a) StderrLine: {'line': b'\x1b[0m   \x1b[0m\x1b[0m\x1b[1m\x1b[38;5;12m|\x1b[0m\n'}
[1.238313] (controller_2023_a) StderrLine: {'line': b'\x1b[0m   \x1b[0m\x1b[0m\x1b[1m\x1b[38;5;12m= \x1b[0m\x1b[0m\x1b[1mnote\x1b[0m\x1b[0m: `#[warn(unused_imports)]` on by default\x1b[0m\n'}
[1.238337] (controller_2023_a) StderrLine: {'line': b'\n'}
[1.238361] (controller_2023_a) StderrLine: {'line': b'\x1b[0m\x1b[1m\x1b[33mwarning\x1b[0m\x1b[0m\x1b[1m: unused import: `time::Duration`\x1b[0m\n'}
[1.238384] (controller_2023_a) StderrLine: {'line': b'\x1b[0m  \x1b[0m\x1b[0m\x1b[1m\x1b[38;5;12m--> \x1b[0m\x1b[0msrc/main.rs:16:19\x1b[0m\n'}
[1.238407] (controller_2023_a) StderrLine: {'line': b'\x1b[0m   \x1b[0m\x1b[0m\x1b[1m\x1b[38;5;12m|\x1b[0m\n'}
[1.238430] (controller_2023_a) StderrLine: {'line': b'\x1b[0m\x1b[1m\x1b[38;5;12m16\x1b[0m\x1b[0m \x1b[0m\x1b[0m\x1b[1m\x1b[38;5;12m|\x1b[0m\x1b[0m \x1b[0m\x1b[0muse std::{rc::Rc, time::Duration};\x1b[0m\n'}
[1.238454] (controller_2023_a) StderrLine: {'line': b'\x1b[0m   \x1b[0m\x1b[0m\x1b[1m\x1b[38;5;12m| \x1b[0m\x1b[0m                  \x1b[0m\x1b[0m\x1b[1m\x1b[33m^^^^^^^^^^^^^^\x1b[0m\n'}
[1.238477] (controller_2023_a) StderrLine: {'line': b'\n'}
[1.238500] (controller_2023_a) StderrLine: {'line': b'\x1b[0m\x1b[1m\x1b[33mwarning\x1b[0m\x1b[0m\x1b[1m: unused import: `safe_drive::node::Node`\x1b[0m\n'}
[1.238524] (controller_2023_a) StderrLine: {'line': b'\x1b[0m  \x1b[0m\x1b[0m\x1b[1m\x1b[38;5;12m--> \x1b[0m\x1b[0msrc/main.rs:18:5\x1b[0m\n'}
[1.238547] (controller_2023_a) StderrLine: {'line': b'\x1b[0m   \x1b[0m\x1b[0m\x1b[1m\x1b[38;5;12m|\x1b[0m\n'}
[1.238570] (controller_2023_a) StderrLine: {'line': b'\x1b[0m\x1b[1m\x1b[38;5;12m18\x1b[0m\x1b[0m \x1b[0m\x1b[0m\x1b[1m\x1b[38;5;12m|\x1b[0m\x1b[0m \x1b[0m\x1b[0muse safe_drive::node::Node;\x1b[0m\n'}
[1.238593] (controller_2023_a) StderrLine: {'line': b'\x1b[0m   \x1b[0m\x1b[0m\x1b[1m\x1b[38;5;12m| \x1b[0m\x1b[0m    \x1b[0m\x1b[0m\x1b[1m\x1b[33m^^^^^^^^^^^^^^^^^^^^^^\x1b[0m\n'}
[1.238616] (controller_2023_a) StderrLine: {'line': b'\n'}
[1.270398] (controller_2023_a) StderrLine: {'line': b'\x1b[0m\x1b[1m\x1b[33mwarning\x1b[0m\x1b[0m\x1b[1m: unused variable: `publisher`\x1b[0m\n'}
[1.270518] (controller_2023_a) StderrLine: {'line': b'\x1b[0m  \x1b[0m\x1b[0m\x1b[1m\x1b[38;5;12m--> \x1b[0m\x1b[0msrc/main.rs:59:5\x1b[0m\n'}
[1.270550] (controller_2023_a) StderrLine: {'line': b'\x1b[0m   \x1b[0m\x1b[0m\x1b[1m\x1b[38;5;12m|\x1b[0m\n'}
[1.270576] (controller_2023_a) StderrLine: {'line': b'\x1b[0m\x1b[1m\x1b[38;5;12m59\x1b[0m\x1b[0m \x1b[0m\x1b[0m\x1b[1m\x1b[38;5;12m|\x1b[0m\x1b[0m \x1b[0m\x1b[0m    publisher:Publisher<MdLibMsg>\x1b[0m\n'}
[1.270603] (controller_2023_a) StderrLine: {'line': b'\x1b[0m   \x1b[0m\x1b[0m\x1b[1m\x1b[38;5;12m| \x1b[0m\x1b[0m    \x1b[0m\x1b[0m\x1b[1m\x1b[33m^^^^^^^^^\x1b[0m\x1b[0m \x1b[0m\x1b[0m\x1b[1m\x1b[33mhelp: if this is intentional, prefix it with an underscore: `_publisher`\x1b[0m\n'}
[1.270634] (controller_2023_a) StderrLine: {'line': b'\x1b[0m   \x1b[0m\x1b[0m\x1b[1m\x1b[38;5;12m|\x1b[0m\n'}
[1.270667] (controller_2023_a) StderrLine: {'line': b'\x1b[0m   \x1b[0m\x1b[0m\x1b[1m\x1b[38;5;12m= \x1b[0m\x1b[0m\x1b[1mnote\x1b[0m\x1b[0m: `#[warn(unused_variables)]` on by default\x1b[0m\n'}
[1.270691] (controller_2023_a) StderrLine: {'line': b'\n'}
[1.279327] (controller_2023_a) StderrLine: {'line': b'\x1b[0m\x1b[1m\x1b[33mwarning\x1b[0m\x1b[0m\x1b[1m: function `send_pwm` is never used\x1b[0m\n'}
[1.279802] (controller_2023_a) StderrLine: {'line': b'\x1b[0m   \x1b[0m\x1b[0m\x1b[1m\x1b[38;5;12m--> \x1b[0m\x1b[0msrc/main.rs:132:4\x1b[0m\n'}
[1.279893] (controller_2023_a) StderrLine: {'line': b'\x1b[0m    \x1b[0m\x1b[0m\x1b[1m\x1b[38;5;12m|\x1b[0m\n'}
[1.279977] (controller_2023_a) StderrLine: {'line': b'\x1b[0m\x1b[1m\x1b[38;5;12m132\x1b[0m\x1b[0m \x1b[0m\x1b[0m\x1b[1m\x1b[38;5;12m|\x1b[0m\x1b[0m \x1b[0m\x1b[0mfn send_pwm(_address:u32, _semi_id:u32,_phase:bool,_power:u32,publisher:&Publisher<MdLibMsg>){\x1b[0m\n'}
[1.280060] (controller_2023_a) StderrLine: {'line': b'\x1b[0m    \x1b[0m\x1b[0m\x1b[1m\x1b[38;5;12m| \x1b[0m\x1b[0m   \x1b[0m\x1b[0m\x1b[1m\x1b[33m^^^^^^^^\x1b[0m\n'}
[1.280139] (controller_2023_a) StderrLine: {'line': b'\x1b[0m    \x1b[0m\x1b[0m\x1b[1m\x1b[38;5;12m|\x1b[0m\n'}
[1.280215] (controller_2023_a) StderrLine: {'line': b'\x1b[0m    \x1b[0m\x1b[0m\x1b[1m\x1b[38;5;12m= \x1b[0m\x1b[0m\x1b[1mnote\x1b[0m\x1b[0m: `#[warn(dead_code)]` on by default\x1b[0m\n'}
[1.280296] (controller_2023_a) StderrLine: {'line': b'\n'}
[1.280373] (controller_2023_a) StderrLine: {'line': b'\x1b[0m\x1b[1m\x1b[33mwarning\x1b[0m\x1b[0m\x1b[1m: multiple methods are never used\x1b[0m\n'}
[1.280451] (controller_2023_a) StderrLine: {'line': b'\x1b[0m  \x1b[0m\x1b[0m\x1b[1m\x1b[38;5;12m--> \x1b[0m\x1b[0msrc/p9n_interface.rs:16:12\x1b[0m\n'}
[1.280526] (controller_2023_a) StderrLine: {'line': b'\x1b[0m   \x1b[0m\x1b[0m\x1b[1m\x1b[38;5;12m|\x1b[0m\n'}
[1.280603] (controller_2023_a) StderrLine: {'line': b'\x1b[0m\x1b[1m\x1b[38;5;12m9\x1b[0m\x1b[0m  \x1b[0m\x1b[0m\x1b[1m\x1b[38;5;12m|\x1b[0m\x1b[0m \x1b[0m\x1b[0mimpl PlaystationInterface {\x1b[0m\n'}
[1.280680] (controller_2023_a) StderrLine: {'line': b'\x1b[0m   \x1b[0m\x1b[0m\x1b[1m\x1b[38;5;12m| \x1b[0m\x1b[0m\x1b[1m\x1b[38;5;12m-------------------------\x1b[0m\x1b[0m \x1b[0m\x1b[0m\x1b[1m\x1b[38;5;12mmethods in this implementation\x1b[0m\n'}
[1.280759] (controller_2023_a) StderrLine: {'line': b'\x1b[0m\x1b[1m\x1b[38;5;12m...\x1b[0m\n'}
[1.280834] (controller_2023_a) StderrLine: {'line': b'\x1b[0m\x1b[1m\x1b[38;5;12m16\x1b[0m\x1b[0m \x1b[0m\x1b[0m\x1b[1m\x1b[38;5;12m|\x1b[0m\x1b[0m \x1b[0m\x1b[0m    pub fn pressed_start(&self) -> bool {\x1b[0m\n'}
[1.280912] (controller_2023_a) StderrLine: {'line': b'\x1b[0m   \x1b[0m\x1b[0m\x1b[1m\x1b[38;5;12m| \x1b[0m\x1b[0m           \x1b[0m\x1b[0m\x1b[1m\x1b[33m^^^^^^^^^^^^^\x1b[0m\n'}
[1.280988] (controller_2023_a) StderrLine: {'line': b'\x1b[0m\x1b[1m\x1b[38;5;12m...\x1b[0m\n'}
[1.281065] (controller_2023_a) StderrLine: {'line': b'\x1b[0m\x1b[1m\x1b[38;5;12m19\x1b[0m\x1b[0m \x1b[0m\x1b[0m\x1b[1m\x1b[38;5;12m|\x1b[0m\x1b[0m \x1b[0m\x1b[0m    pub fn pressed_l1(&self) -> bool {\x1b[0m\n'}
[1.281141] (controller_2023_a) StderrLine: {'line': b'\x1b[0m   \x1b[0m\x1b[0m\x1b[1m\x1b[38;5;12m| \x1b[0m\x1b[0m           \x1b[0m\x1b[0m\x1b[1m\x1b[33m^^^^^^^^^^\x1b[0m\n'}
[1.281222] (controller_2023_a) StderrLine: {'line': b'\x1b[0m\x1b[1m\x1b[38;5;12m...\x1b[0m\n'}
[1.281297] (controller_2023_a) StderrLine: {'line': b'\x1b[0m\x1b[1m\x1b[38;5;12m22\x1b[0m\x1b[0m \x1b[0m\x1b[0m\x1b[1m\x1b[38;5;12m|\x1b[0m\x1b[0m \x1b[0m\x1b[0m    pub fn pressed_r1(&self) -> bool {\x1b[0m\n'}
[1.281375] (controller_2023_a) StderrLine: {'line': b'\x1b[0m   \x1b[0m\x1b[0m\x1b[1m\x1b[38;5;12m| \x1b[0m\x1b[0m           \x1b[0m\x1b[0m\x1b[1m\x1b[33m^^^^^^^^^^\x1b[0m\n'}
[1.281450] (controller_2023_a) StderrLine: {'line': b'\x1b[0m\x1b[1m\x1b[38;5;12m...\x1b[0m\n'}
[1.281527] (controller_2023_a) StderrLine: {'line': b'\x1b[0m\x1b[1m\x1b[38;5;12m25\x1b[0m\x1b[0m \x1b[0m\x1b[0m\x1b[1m\x1b[38;5;12m|\x1b[0m\x1b[0m \x1b[0m\x1b[0m    pub fn pressed_l2(&self) -> bool {\x1b[0m\n'}
[1.281603] (controller_2023_a) StderrLine: {'line': b'\x1b[0m   \x1b[0m\x1b[0m\x1b[1m\x1b[38;5;12m| \x1b[0m\x1b[0m           \x1b[0m\x1b[0m\x1b[1m\x1b[33m^^^^^^^^^^\x1b[0m\n'}
[1.281680] (controller_2023_a) StderrLine: {'line': b'\x1b[0m\x1b[1m\x1b[38;5;12m...\x1b[0m\n'}
[1.281754] (controller_2023_a) StderrLine: {'line': b'\x1b[0m\x1b[1m\x1b[38;5;12m31\x1b[0m\x1b[0m \x1b[0m\x1b[0m\x1b[1m\x1b[38;5;12m|\x1b[0m\x1b[0m \x1b[0m\x1b[0m    pub fn pressed_dpad_left(&self) -> bool {\x1b[0m\n'}
[1.281832] (controller_2023_a) StderrLine: {'line': b'\x1b[0m   \x1b[0m\x1b[0m\x1b[1m\x1b[38;5;12m| \x1b[0m\x1b[0m           \x1b[0m\x1b[0m\x1b[1m\x1b[33m^^^^^^^^^^^^^^^^^\x1b[0m\n'}
[1.281909] (controller_2023_a) StderrLine: {'line': b'\x1b[0m\x1b[1m\x1b[38;5;12m...\x1b[0m\n'}
[1.281985] (controller_2023_a) StderrLine: {'line': b'\x1b[0m\x1b[1m\x1b[38;5;12m34\x1b[0m\x1b[0m \x1b[0m\x1b[0m\x1b[1m\x1b[38;5;12m|\x1b[0m\x1b[0m \x1b[0m\x1b[0m    pub fn pressed_dpad_up(&self) -> bool {\x1b[0m\n'}
[1.282063] (controller_2023_a) StderrLine: {'line': b'\x1b[0m   \x1b[0m\x1b[0m\x1b[1m\x1b[38;5;12m| \x1b[0m\x1b[0m           \x1b[0m\x1b[0m\x1b[1m\x1b[33m^^^^^^^^^^^^^^^\x1b[0m\n'}
[1.282141] (controller_2023_a) StderrLine: {'line': b'\x1b[0m\x1b[1m\x1b[38;5;12m...\x1b[0m\n'}
[1.282216] (controller_2023_a) StderrLine: {'line': b'\x1b[0m\x1b[1m\x1b[38;5;12m37\x1b[0m\x1b[0m \x1b[0m\x1b[0m\x1b[1m\x1b[38;5;12m|\x1b[0m\x1b[0m \x1b[0m\x1b[0m    pub fn pressed_dpad_right(&self) -> bool {\x1b[0m\n'}
[1.282293] (controller_2023_a) StderrLine: {'line': b'\x1b[0m   \x1b[0m\x1b[0m\x1b[1m\x1b[38;5;12m| \x1b[0m\x1b[0m           \x1b[0m\x1b[0m\x1b[1m\x1b[33m^^^^^^^^^^^^^^^^^^\x1b[0m\n'}
[1.282368] (controller_2023_a) StderrLine: {'line': b'\x1b[0m\x1b[1m\x1b[38;5;12m...\x1b[0m\n'}
[1.282445] (controller_2023_a) StderrLine: {'line': b'\x1b[0m\x1b[1m\x1b[38;5;12m40\x1b[0m\x1b[0m \x1b[0m\x1b[0m\x1b[1m\x1b[38;5;12m|\x1b[0m\x1b[0m \x1b[0m\x1b[0m    pub fn pressed_l2_analog(&self) -> f32 {\x1b[0m\n'}
[1.282521] (controller_2023_a) StderrLine: {'line': b'\x1b[0m   \x1b[0m\x1b[0m\x1b[1m\x1b[38;5;12m| \x1b[0m\x1b[0m           \x1b[0m\x1b[0m\x1b[1m\x1b[33m^^^^^^^^^^^^^^^^^\x1b[0m\n'}
[1.282598] (controller_2023_a) StderrLine: {'line': b'\x1b[0m\x1b[1m\x1b[38;5;12m...\x1b[0m\n'}
[1.282821] (controller_2023_a) StderrLine: {'line': b'\x1b[0m\x1b[1m\x1b[38;5;12m43\x1b[0m\x1b[0m \x1b[0m\x1b[0m\x1b[1m\x1b[38;5;12m|\x1b[0m\x1b[0m \x1b[0m\x1b[0m    pub fn pressed_r2_analog(&self) -> f32 {\x1b[0m\n'}
[1.282909] (controller_2023_a) StderrLine: {'line': b'\x1b[0m   \x1b[0m\x1b[0m\x1b[1m\x1b[38;5;12m| \x1b[0m\x1b[0m           \x1b[0m\x1b[0m\x1b[1m\x1b[33m^^^^^^^^^^^^^^^^^\x1b[0m\n'}
[1.282989] (controller_2023_a) StderrLine: {'line': b'\n'}
[1.283068] (controller_2023_a) StderrLine: {'line': b'\x1b[0m\x1b[1m\x1b[33mwarning\x1b[0m\x1b[0m\x1b[1m: constant `STICK_LX` is never used\x1b[0m\n'}
[1.283145] (controller_2023_a) StderrLine: {'line': b'\x1b[0m \x1b[0m\x1b[0m\x1b[1m\x1b[38;5;12m--> \x1b[0m\x1b[0msrc/ps5_dualsense.rs:3:15\x1b[0m\n'}
[1.283222] (controller_2023_a) StderrLine: {'line': b'\x1b[0m  \x1b[0m\x1b[0m\x1b[1m\x1b[38;5;12m|\x1b[0m\n'}
[1.283299] (controller_2023_a) StderrLine: {'line': b'\x1b[0m\x1b[1m\x1b[38;5;12m3\x1b[0m\x1b[0m \x1b[0m\x1b[0m\x1b[1m\x1b[38;5;12m|\x1b[0m\x1b[0m \x1b[0m\x1b[0m    pub const STICK_LX: usize = 0;\x1b[0m\n'}
[1.283378] (controller_2023_a) StderrLine: {'line': b'\x1b[0m  \x1b[0m\x1b[0m\x1b[1m\x1b[38;5;12m| \x1b[0m\x1b[0m              \x1b[0m\x1b[0m\x1b[1m\x1b[33m^^^^^^^^\x1b[0m\n'}
[1.283455] (controller_2023_a) StderrLine: {'line': b'\n'}
[1.283532] (controller_2023_a) StderrLine: {'line': b'\x1b[0m\x1b[1m\x1b[33mwarning\x1b[0m\x1b[0m\x1b[1m: constant `STICK_LY` is never used\x1b[0m\n'}
[1.283609] (controller_2023_a) StderrLine: {'line': b'\x1b[0m \x1b[0m\x1b[0m\x1b[1m\x1b[38;5;12m--> \x1b[0m\x1b[0msrc/ps5_dualsense.rs:4:15\x1b[0m\n'}
[1.283686] (controller_2023_a) StderrLine: {'line': b'\x1b[0m  \x1b[0m\x1b[0m\x1b[1m\x1b[38;5;12m|\x1b[0m\n'}
[1.283763] (controller_2023_a) StderrLine: {'line': b'\x1b[0m\x1b[1m\x1b[38;5;12m4\x1b[0m\x1b[0m \x1b[0m\x1b[0m\x1b[1m\x1b[38;5;12m|\x1b[0m\x1b[0m \x1b[0m\x1b[0m    pub const STICK_LY: usize = 1;\x1b[0m\n'}
[1.283841] (controller_2023_a) StderrLine: {'line': b'\x1b[0m  \x1b[0m\x1b[0m\x1b[1m\x1b[38;5;12m| \x1b[0m\x1b[0m              \x1b[0m\x1b[0m\x1b[1m\x1b[33m^^^^^^^^\x1b[0m\n'}
[1.283919] (controller_2023_a) StderrLine: {'line': b'\n'}
[1.283996] (controller_2023_a) StderrLine: {'line': b'\x1b[0m\x1b[1m\x1b[33mwarning\x1b[0m\x1b[0m\x1b[1m: constant `L2` is never used\x1b[0m\n'}
[1.284077] (controller_2023_a) StderrLine: {'line': b'\x1b[0m \x1b[0m\x1b[0m\x1b[1m\x1b[38;5;12m--> \x1b[0m\x1b[0msrc/ps5_dualsense.rs:5:15\x1b[0m\n'}
[1.284154] (controller_2023_a) StderrLine: {'line': b'\x1b[0m  \x1b[0m\x1b[0m\x1b[1m\x1b[38;5;12m|\x1b[0m\n'}
[1.284232] (controller_2023_a) StderrLine: {'line': b'\x1b[0m\x1b[1m\x1b[38;5;12m5\x1b[0m\x1b[0m \x1b[0m\x1b[0m\x1b[1m\x1b[38;5;12m|\x1b[0m\x1b[0m \x1b[0m\x1b[0m    pub const L2: usize = 2;\x1b[0m\n'}
[1.284313] (controller_2023_a) StderrLine: {'line': b'\x1b[0m  \x1b[0m\x1b[0m\x1b[1m\x1b[38;5;12m| \x1b[0m\x1b[0m              \x1b[0m\x1b[0m\x1b[1m\x1b[33m^^\x1b[0m\n'}
[1.284390] (controller_2023_a) StderrLine: {'line': b'\n'}
[1.284467] (controller_2023_a) StderrLine: {'line': b'\x1b[0m\x1b[1m\x1b[33mwarning\x1b[0m\x1b[0m\x1b[1m: constant `STICK_RX` is never used\x1b[0m\n'}
[1.284544] (controller_2023_a) StderrLine: {'line': b'\x1b[0m \x1b[0m\x1b[0m\x1b[1m\x1b[38;5;12m--> \x1b[0m\x1b[0msrc/ps5_dualsense.rs:6:15\x1b[0m\n'}
[1.284622] (controller_2023_a) StderrLine: {'line': b'\x1b[0m  \x1b[0m\x1b[0m\x1b[1m\x1b[38;5;12m|\x1b[0m\n'}
[1.284699] (controller_2023_a) StderrLine: {'line': b'\x1b[0m\x1b[1m\x1b[38;5;12m6\x1b[0m\x1b[0m \x1b[0m\x1b[0m\x1b[1m\x1b[38;5;12m|\x1b[0m\x1b[0m \x1b[0m\x1b[0m    pub const STICK_RX: usize = 3;\x1b[0m\n'}
[1.284776] (controller_2023_a) StderrLine: {'line': b'\x1b[0m  \x1b[0m\x1b[0m\x1b[1m\x1b[38;5;12m| \x1b[0m\x1b[0m              \x1b[0m\x1b[0m\x1b[1m\x1b[33m^^^^^^^^\x1b[0m\n'}
[1.284854] (controller_2023_a) StderrLine: {'line': b'\n'}
[1.284931] (controller_2023_a) StderrLine: {'line': b'\x1b[0m\x1b[1m\x1b[33mwarning\x1b[0m\x1b[0m\x1b[1m: constant `STICK_RY` is never used\x1b[0m\n'}
[1.285008] (controller_2023_a) StderrLine: {'line': b'\x1b[0m \x1b[0m\x1b[0m\x1b[1m\x1b[38;5;12m--> \x1b[0m\x1b[0msrc/ps5_dualsense.rs:7:15\x1b[0m\n'}
[1.285086] (controller_2023_a) StderrLine: {'line': b'\x1b[0m  \x1b[0m\x1b[0m\x1b[1m\x1b[38;5;12m|\x1b[0m\n'}
[1.285163] (controller_2023_a) StderrLine: {'line': b'\x1b[0m\x1b[1m\x1b[38;5;12m7\x1b[0m\x1b[0m \x1b[0m\x1b[0m\x1b[1m\x1b[38;5;12m|\x1b[0m\x1b[0m \x1b[0m\x1b[0m    pub const STICK_RY: usize = 4;\x1b[0m\n'}
[1.285241] (controller_2023_a) StderrLine: {'line': b'\x1b[0m  \x1b[0m\x1b[0m\x1b[1m\x1b[38;5;12m| \x1b[0m\x1b[0m              \x1b[0m\x1b[0m\x1b[1m\x1b[33m^^^^^^^^\x1b[0m\n'}
[1.285318] (controller_2023_a) StderrLine: {'line': b'\n'}
[1.285395] (controller_2023_a) StderrLine: {'line': b'\x1b[0m\x1b[1m\x1b[33mwarning\x1b[0m\x1b[0m\x1b[1m: constant `R2` is never used\x1b[0m\n'}
[1.285474] (controller_2023_a) StderrLine: {'line': b'\x1b[0m \x1b[0m\x1b[0m\x1b[1m\x1b[38;5;12m--> \x1b[0m\x1b[0msrc/ps5_dualsense.rs:8:15\x1b[0m\n'}
[1.285553] (controller_2023_a) StderrLine: {'line': b'\x1b[0m  \x1b[0m\x1b[0m\x1b[1m\x1b[38;5;12m|\x1b[0m\n'}
[1.285630] (controller_2023_a) StderrLine: {'line': b'\x1b[0m\x1b[1m\x1b[38;5;12m8\x1b[0m\x1b[0m \x1b[0m\x1b[0m\x1b[1m\x1b[38;5;12m|\x1b[0m\x1b[0m \x1b[0m\x1b[0m    pub const R2: usize = 5;\x1b[0m\n'}
[1.285707] (controller_2023_a) StderrLine: {'line': b'\x1b[0m  \x1b[0m\x1b[0m\x1b[1m\x1b[38;5;12m| \x1b[0m\x1b[0m              \x1b[0m\x1b[0m\x1b[1m\x1b[33m^^\x1b[0m\n'}
[1.285784] (controller_2023_a) StderrLine: {'line': b'\n'}
[1.285861] (controller_2023_a) StderrLine: {'line': b'\x1b[0m\x1b[1m\x1b[33mwarning\x1b[0m\x1b[0m\x1b[1m: constant `DPAD_X` is never used\x1b[0m\n'}
[1.285938] (controller_2023_a) StderrLine: {'line': b'\x1b[0m \x1b[0m\x1b[0m\x1b[1m\x1b[38;5;12m--> \x1b[0m\x1b[0msrc/ps5_dualsense.rs:9:15\x1b[0m\n'}
[1.286014] (controller_2023_a) StderrLine: {'line': b'\x1b[0m  \x1b[0m\x1b[0m\x1b[1m\x1b[38;5;12m|\x1b[0m\n'}
[1.286090] (controller_2023_a) StderrLine: {'line': b'\x1b[0m\x1b[1m\x1b[38;5;12m9\x1b[0m\x1b[0m \x1b[0m\x1b[0m\x1b[1m\x1b[38;5;12m|\x1b[0m\x1b[0m \x1b[0m\x1b[0m    pub const DPAD_X: usize = 6;\x1b[0m\n'}
[1.286171] (controller_2023_a) StderrLine: {'line': b'\x1b[0m  \x1b[0m\x1b[0m\x1b[1m\x1b[38;5;12m| \x1b[0m\x1b[0m              \x1b[0m\x1b[0m\x1b[1m\x1b[33m^^^^^^\x1b[0m\n'}
[1.286248] (controller_2023_a) StderrLine: {'line': b'\n'}
[1.286324] (controller_2023_a) StderrLine: {'line': b'\x1b[0m\x1b[1m\x1b[33mwarning\x1b[0m\x1b[0m\x1b[1m: constant `DPAD_Y` is never used\x1b[0m\n'}
[1.286402] (controller_2023_a) StderrLine: {'line': b'\x1b[0m  \x1b[0m\x1b[0m\x1b[1m\x1b[38;5;12m--> \x1b[0m\x1b[0msrc/ps5_dualsense.rs:10:15\x1b[0m\n'}
[1.286476] (controller_2023_a) StderrLine: {'line': b'\x1b[0m   \x1b[0m\x1b[0m\x1b[1m\x1b[38;5;12m|\x1b[0m\n'}
[1.286553] (controller_2023_a) StderrLine: {'line': b'\x1b[0m\x1b[1m\x1b[38;5;12m10\x1b[0m\x1b[0m \x1b[0m\x1b[0m\x1b[1m\x1b[38;5;12m|\x1b[0m\x1b[0m \x1b[0m\x1b[0m    pub const DPAD_Y: usize = 7;\x1b[0m\n'}
[1.286657] (controller_2023_a) StderrLine: {'line': b'\x1b[0m   \x1b[0m\x1b[0m\x1b[1m\x1b[38;5;12m| \x1b[0m\x1b[0m              \x1b[0m\x1b[0m\x1b[1m\x1b[33m^^^^^^\x1b[0m\n'}
[1.286740] (controller_2023_a) StderrLine: {'line': b'\n'}
[1.286817] (controller_2023_a) StderrLine: {'line': b'\x1b[0m\x1b[1m\x1b[33mwarning\x1b[0m\x1b[0m\x1b[1m: constant `CROSS` is never used\x1b[0m\n'}
[1.286894] (controller_2023_a) StderrLine: {'line': b'\x1b[0m  \x1b[0m\x1b[0m\x1b[1m\x1b[38;5;12m--> \x1b[0m\x1b[0msrc/ps5_dualsense.rs:13:15\x1b[0m\n'}
[1.286970] (controller_2023_a) StderrLine: {'line': b'\x1b[0m   \x1b[0m\x1b[0m\x1b[1m\x1b[38;5;12m|\x1b[0m\n'}
[1.287045] (controller_2023_a) StderrLine: {'line': b'\x1b[0m\x1b[1m\x1b[38;5;12m13\x1b[0m\x1b[0m \x1b[0m\x1b[0m\x1b[1m\x1b[38;5;12m|\x1b[0m\x1b[0m \x1b[0m\x1b[0m    pub const CROSS: usize = 0;\x1b[0m\n'}
[1.287122] (controller_2023_a) StderrLine: {'line': b'\x1b[0m   \x1b[0m\x1b[0m\x1b[1m\x1b[38;5;12m| \x1b[0m\x1b[0m              \x1b[0m\x1b[0m\x1b[1m\x1b[33m^^^^^\x1b[0m\n'}
[1.287197] (controller_2023_a) StderrLine: {'line': b'\n'}
[1.287273] (controller_2023_a) StderrLine: {'line': b'\x1b[0m\x1b[1m\x1b[33mwarning\x1b[0m\x1b[0m\x1b[1m: constant `CIRCLE` is never used\x1b[0m\n'}
[1.287348] (controller_2023_a) StderrLine: {'line': b'\x1b[0m  \x1b[0m\x1b[0m\x1b[1m\x1b[38;5;12m--> \x1b[0m\x1b[0msrc/ps5_dualsense.rs:14:15\x1b[0m\n'}
[1.287424] (controller_2023_a) StderrLine: {'line': b'\x1b[0m   \x1b[0m\x1b[0m\x1b[1m\x1b[38;5;12m|\x1b[0m\n'}
[1.287498] (controller_2023_a) StderrLine: {'line': b'\x1b[0m\x1b[1m\x1b[38;5;12m14\x1b[0m\x1b[0m \x1b[0m\x1b[0m\x1b[1m\x1b[38;5;12m|\x1b[0m\x1b[0m \x1b[0m\x1b[0m    pub const CIRCLE: usize = 1;\x1b[0m\n'}
[1.287575] (controller_2023_a) StderrLine: {'line': b'\x1b[0m   \x1b[0m\x1b[0m\x1b[1m\x1b[38;5;12m| \x1b[0m\x1b[0m              \x1b[0m\x1b[0m\x1b[1m\x1b[33m^^^^^^\x1b[0m\n'}
[1.287649] (controller_2023_a) StderrLine: {'line': b'\n'}
[1.287726] (controller_2023_a) StderrLine: {'line': b'\x1b[0m\x1b[1m\x1b[33mwarning\x1b[0m\x1b[0m\x1b[1m: constant `TRIANGLE` is never used\x1b[0m\n'}
[1.287801] (controller_2023_a) StderrLine: {'line': b'\x1b[0m  \x1b[0m\x1b[0m\x1b[1m\x1b[38;5;12m--> \x1b[0m\x1b[0msrc/ps5_dualsense.rs:15:15\x1b[0m\n'}
[1.287876] (controller_2023_a) StderrLine: {'line': b'\x1b[0m   \x1b[0m\x1b[0m\x1b[1m\x1b[38;5;12m|\x1b[0m\n'}
[1.287951] (controller_2023_a) StderrLine: {'line': b'\x1b[0m\x1b[1m\x1b[38;5;12m15\x1b[0m\x1b[0m \x1b[0m\x1b[0m\x1b[1m\x1b[38;5;12m|\x1b[0m\x1b[0m \x1b[0m\x1b[0m    pub const TRIANGLE: usize = 2;\x1b[0m\n'}
[1.288028] (controller_2023_a) StderrLine: {'line': b'\x1b[0m   \x1b[0m\x1b[0m\x1b[1m\x1b[38;5;12m| \x1b[0m\x1b[0m              \x1b[0m\x1b[0m\x1b[1m\x1b[33m^^^^^^^^\x1b[0m\n'}
[1.288103] (controller_2023_a) StderrLine: {'line': b'\n'}
[1.288179] (controller_2023_a) StderrLine: {'line': b'\x1b[0m\x1b[1m\x1b[33mwarning\x1b[0m\x1b[0m\x1b[1m: constant `SQUARE` is never used\x1b[0m\n'}
[1.288255] (controller_2023_a) StderrLine: {'line': b'\x1b[0m  \x1b[0m\x1b[0m\x1b[1m\x1b[38;5;12m--> \x1b[0m\x1b[0msrc/ps5_dualsense.rs:16:15\x1b[0m\n'}
[1.288331] (controller_2023_a) StderrLine: {'line': b'\x1b[0m   \x1b[0m\x1b[0m\x1b[1m\x1b[38;5;12m|\x1b[0m\n'}
[1.288406] (controller_2023_a) StderrLine: {'line': b'\x1b[0m\x1b[1m\x1b[38;5;12m16\x1b[0m\x1b[0m \x1b[0m\x1b[0m\x1b[1m\x1b[38;5;12m|\x1b[0m\x1b[0m \x1b[0m\x1b[0m    pub const SQUARE: usize = 3;\x1b[0m\n'}
[1.288483] (controller_2023_a) StderrLine: {'line': b'\x1b[0m   \x1b[0m\x1b[0m\x1b[1m\x1b[38;5;12m| \x1b[0m\x1b[0m              \x1b[0m\x1b[0m\x1b[1m\x1b[33m^^^^^^\x1b[0m\n'}
[1.288559] (controller_2023_a) StderrLine: {'line': b'\n'}
[1.288636] (controller_2023_a) StderrLine: {'line': b'\x1b[0m\x1b[1m\x1b[33mwarning\x1b[0m\x1b[0m\x1b[1m: constant `L1` is never used\x1b[0m\n'}
[1.288716] (controller_2023_a) StderrLine: {'line': b'\x1b[0m  \x1b[0m\x1b[0m\x1b[1m\x1b[38;5;12m--> \x1b[0m\x1b[0msrc/ps5_dualsense.rs:17:15\x1b[0m\n'}
[1.288795] (controller_2023_a) StderrLine: {'line': b'\x1b[0m   \x1b[0m\x1b[0m\x1b[1m\x1b[38;5;12m|\x1b[0m\n'}
[1.288870] (controller_2023_a) StderrLine: {'line': b'\x1b[0m\x1b[1m\x1b[38;5;12m17\x1b[0m\x1b[0m \x1b[0m\x1b[0m\x1b[1m\x1b[38;5;12m|\x1b[0m\x1b[0m \x1b[0m\x1b[0m    pub const L1: usize = 4;\x1b[0m\n'}
[1.288948] (controller_2023_a) StderrLine: {'line': b'\x1b[0m   \x1b[0m\x1b[0m\x1b[1m\x1b[38;5;12m| \x1b[0m\x1b[0m              \x1b[0m\x1b[0m\x1b[1m\x1b[33m^^\x1b[0m\n'}
[1.289023] (controller_2023_a) StderrLine: {'line': b'\n'}
[1.289098] (controller_2023_a) StderrLine: {'line': b'\x1b[0m\x1b[1m\x1b[33mwarning\x1b[0m\x1b[0m\x1b[1m: constant `R1` is never used\x1b[0m\n'}
[1.289174] (controller_2023_a) StderrLine: {'line': b'\x1b[0m  \x1b[0m\x1b[0m\x1b[1m\x1b[38;5;12m--> \x1b[0m\x1b[0msrc/ps5_dualsense.rs:18:15\x1b[0m\n'}
[1.289250] (controller_2023_a) StderrLine: {'line': b'\x1b[0m   \x1b[0m\x1b[0m\x1b[1m\x1b[38;5;12m|\x1b[0m\n'}
[1.289325] (controller_2023_a) StderrLine: {'line': b'\x1b[0m\x1b[1m\x1b[38;5;12m18\x1b[0m\x1b[0m \x1b[0m\x1b[0m\x1b[1m\x1b[38;5;12m|\x1b[0m\x1b[0m \x1b[0m\x1b[0m    pub const R1: usize = 5;\x1b[0m\n'}
[1.289402] (controller_2023_a) StderrLine: {'line': b'\x1b[0m   \x1b[0m\x1b[0m\x1b[1m\x1b[38;5;12m| \x1b[0m\x1b[0m              \x1b[0m\x1b[0m\x1b[1m\x1b[33m^^\x1b[0m\n'}
[1.289477] (controller_2023_a) StderrLine: {'line': b'\n'}
[1.289553] (controller_2023_a) StderrLine: {'line': b'\x1b[0m\x1b[1m\x1b[33mwarning\x1b[0m\x1b[0m\x1b[1m: constant `L2` is never used\x1b[0m\n'}
[1.289630] (controller_2023_a) StderrLine: {'line': b'\x1b[0m  \x1b[0m\x1b[0m\x1b[1m\x1b[38;5;12m--> \x1b[0m\x1b[0msrc/ps5_dualsense.rs:19:15\x1b[0m\n'}
[1.289706] (controller_2023_a) StderrLine: {'line': b'\x1b[0m   \x1b[0m\x1b[0m\x1b[1m\x1b[38;5;12m|\x1b[0m\n'}
[1.289780] (controller_2023_a) StderrLine: {'line': b'\x1b[0m\x1b[1m\x1b[38;5;12m19\x1b[0m\x1b[0m \x1b[0m\x1b[0m\x1b[1m\x1b[38;5;12m|\x1b[0m\x1b[0m \x1b[0m\x1b[0m    pub const L2: usize = 6;\x1b[0m\n'}
[1.289857] (controller_2023_a) StderrLine: {'line': b'\x1b[0m   \x1b[0m\x1b[0m\x1b[1m\x1b[38;5;12m| \x1b[0m\x1b[0m              \x1b[0m\x1b[0m\x1b[1m\x1b[33m^^\x1b[0m\n'}
[1.289932] (controller_2023_a) StderrLine: {'line': b'\n'}
[1.290007] (controller_2023_a) StderrLine: {'line': b'\x1b[0m\x1b[1m\x1b[33mwarning\x1b[0m\x1b[0m\x1b[1m: constant `SELECT` is never used\x1b[0m\n'}
[1.290083] (controller_2023_a) StderrLine: {'line': b'\x1b[0m  \x1b[0m\x1b[0m\x1b[1m\x1b[38;5;12m--> \x1b[0m\x1b[0msrc/ps5_dualsense.rs:21:15\x1b[0m\n'}
[1.290159] (controller_2023_a) StderrLine: {'line': b'\x1b[0m   \x1b[0m\x1b[0m\x1b[1m\x1b[38;5;12m|\x1b[0m\n'}
[1.290233] (controller_2023_a) StderrLine: {'line': b'\x1b[0m\x1b[1m\x1b[38;5;12m21\x1b[0m\x1b[0m \x1b[0m\x1b[0m\x1b[1m\x1b[38;5;12m|\x1b[0m\x1b[0m \x1b[0m\x1b[0m    pub const SELECT: usize = 8;\x1b[0m\n'}
[1.290310] (controller_2023_a) StderrLine: {'line': b'\x1b[0m   \x1b[0m\x1b[0m\x1b[1m\x1b[38;5;12m| \x1b[0m\x1b[0m              \x1b[0m\x1b[0m\x1b[1m\x1b[33m^^^^^^\x1b[0m\n'}
[1.290387] (controller_2023_a) StderrLine: {'line': b'\n'}
[1.290463] (controller_2023_a) StderrLine: {'line': b'\x1b[0m\x1b[1m\x1b[33mwarning\x1b[0m\x1b[0m\x1b[1m: constant `START` is never used\x1b[0m\n'}
[1.290538] (controller_2023_a) StderrLine: {'line': b'\x1b[0m  \x1b[0m\x1b[0m\x1b[1m\x1b[38;5;12m--> \x1b[0m\x1b[0msrc/ps5_dualsense.rs:22:15\x1b[0m\n'}
[1.290614] (controller_2023_a) StderrLine: {'line': b'\x1b[0m   \x1b[0m\x1b[0m\x1b[1m\x1b[38;5;12m|\x1b[0m\n'}
[1.290709] (controller_2023_a) StderrLine: {'line': b'\x1b[0m\x1b[1m\x1b[38;5;12m22\x1b[0m\x1b[0m \x1b[0m\x1b[0m\x1b[1m\x1b[38;5;12m|\x1b[0m\x1b[0m \x1b[0m\x1b[0m    pub const START: usize = 9;\x1b[0m\n'}
[1.290787] (controller_2023_a) StderrLine: {'line': b'\x1b[0m   \x1b[0m\x1b[0m\x1b[1m\x1b[38;5;12m| \x1b[0m\x1b[0m              \x1b[0m\x1b[0m\x1b[1m\x1b[33m^^^^^\x1b[0m\n'}
[1.290863] (controller_2023_a) StderrLine: {'line': b'\n'}
[1.290938] (controller_2023_a) StderrLine: {'line': b'\x1b[0m\x1b[1m\x1b[33mwarning\x1b[0m\x1b[0m\x1b[1m: constant `PS` is never used\x1b[0m\n'}
[1.291013] (controller_2023_a) StderrLine: {'line': b'\x1b[0m  \x1b[0m\x1b[0m\x1b[1m\x1b[38;5;12m--> \x1b[0m\x1b[0msrc/ps5_dualsense.rs:23:15\x1b[0m\n'}
[1.291093] (controller_2023_a) StderrLine: {'line': b'\x1b[0m   \x1b[0m\x1b[0m\x1b[1m\x1b[38;5;12m|\x1b[0m\n'}
[1.291167] (controller_2023_a) StderrLine: {'line': b'\x1b[0m\x1b[1m\x1b[38;5;12m23\x1b[0m\x1b[0m \x1b[0m\x1b[0m\x1b[1m\x1b[38;5;12m|\x1b[0m\x1b[0m \x1b[0m\x1b[0m    pub const PS: usize = 10;\x1b[0m\n'}
[1.291244] (controller_2023_a) StderrLine: {'line': b'\x1b[0m   \x1b[0m\x1b[0m\x1b[1m\x1b[38;5;12m| \x1b[0m\x1b[0m              \x1b[0m\x1b[0m\x1b[1m\x1b[33m^^\x1b[0m\n'}
[1.291319] (controller_2023_a) StderrLine: {'line': b'\n'}
[1.291395] (controller_2023_a) StderrLine: {'line': b'\x1b[0m\x1b[1m\x1b[33mwarning\x1b[0m\x1b[0m\x1b[1m: constant `STICK_L_PUSH` is never used\x1b[0m\n'}
[1.291474] (controller_2023_a) StderrLine: {'line': b'\x1b[0m  \x1b[0m\x1b[0m\x1b[1m\x1b[38;5;12m--> \x1b[0m\x1b[0msrc/ps5_dualsense.rs:24:15\x1b[0m\n'}
[1.291550] (controller_2023_a) StderrLine: {'line': b'\x1b[0m   \x1b[0m\x1b[0m\x1b[1m\x1b[38;5;12m|\x1b[0m\n'}
[1.291625] (controller_2023_a) StderrLine: {'line': b'\x1b[0m\x1b[1m\x1b[38;5;12m24\x1b[0m\x1b[0m \x1b[0m\x1b[0m\x1b[1m\x1b[38;5;12m|\x1b[0m\x1b[0m \x1b[0m\x1b[0m    pub const STICK_L_PUSH: usize = 11;\x1b[0m\n'}
[1.291702] (controller_2023_a) StderrLine: {'line': b'\x1b[0m   \x1b[0m\x1b[0m\x1b[1m\x1b[38;5;12m| \x1b[0m\x1b[0m              \x1b[0m\x1b[0m\x1b[1m\x1b[33m^^^^^^^^^^^^\x1b[0m\n'}
[1.291778] (controller_2023_a) StderrLine: {'line': b'\n'}
[1.291854] (controller_2023_a) StderrLine: {'line': b'\x1b[0m\x1b[1m\x1b[33mwarning\x1b[0m\x1b[0m\x1b[1m: constant `STICK_R_PUSH` is never used\x1b[0m\n'}
[1.291928] (controller_2023_a) StderrLine: {'line': b'\x1b[0m  \x1b[0m\x1b[0m\x1b[1m\x1b[38;5;12m--> \x1b[0m\x1b[0msrc/ps5_dualsense.rs:25:15\x1b[0m\n'}
[1.292004] (controller_2023_a) StderrLine: {'line': b'\x1b[0m   \x1b[0m\x1b[0m\x1b[1m\x1b[38;5;12m|\x1b[0m\n'}
[1.292078] (controller_2023_a) StderrLine: {'line': b'\x1b[0m\x1b[1m\x1b[38;5;12m25\x1b[0m\x1b[0m \x1b[0m\x1b[0m\x1b[1m\x1b[38;5;12m|\x1b[0m\x1b[0m \x1b[0m\x1b[0m    pub const STICK_R_PUSH: usize = 12;\x1b[0m\n'}
[1.292155] (controller_2023_a) StderrLine: {'line': b'\x1b[0m   \x1b[0m\x1b[0m\x1b[1m\x1b[38;5;12m| \x1b[0m\x1b[0m              \x1b[0m\x1b[0m\x1b[1m\x1b[33m^^^^^^^^^^^^\x1b[0m\n'}
[1.292230] (controller_2023_a) StderrLine: {'line': b'\n'}
[1.292306] (controller_2023_a) StderrLine: {'line': b'\x1b[0m\x1b[1m\x1b[33mwarning\x1b[0m\x1b[0m\x1b[1m: module `DualsenseState` should have a snake case name\x1b[0m\n'}
[1.292381] (controller_2023_a) StderrLine: {'line': b'\x1b[0m  \x1b[0m\x1b[0m\x1b[1m\x1b[38;5;12m--> \x1b[0m\x1b[0msrc/main.rs:20:9\x1b[0m\n'}
[1.292457] (controller_2023_a) StderrLine: {'line': b'\x1b[0m   \x1b[0m\x1b[0m\x1b[1m\x1b[38;5;12m|\x1b[0m\n'}
[1.292532] (controller_2023_a) StderrLine: {'line': b'\x1b[0m\x1b[1m\x1b[38;5;12m20\x1b[0m\x1b[0m \x1b[0m\x1b[0m\x1b[1m\x1b[38;5;12m|\x1b[0m\x1b[0m \x1b[0m\x1b[0mpub mod DualsenseState {\x1b[0m\n'}
[1.292609] (controller_2023_a) StderrLine: {'line': b'\x1b[0m   \x1b[0m\x1b[0m\x1b[1m\x1b[38;5;12m| \x1b[0m\x1b[0m        \x1b[0m\x1b[0m\x1b[1m\x1b[33m^^^^^^^^^^^^^^\x1b[0m\x1b[0m \x1b[0m\x1b[0m\x1b[1m\x1b[33mhelp: convert the identifier to snake case: `dualsense_state`\x1b[0m\n'}
[1.292687] (controller_2023_a) StderrLine: {'line': b'\x1b[0m   \x1b[0m\x1b[0m\x1b[1m\x1b[38;5;12m|\x1b[0m\n'}
[1.292763] (controller_2023_a) StderrLine: {'line': b'\x1b[0m   \x1b[0m\x1b[0m\x1b[1m\x1b[38;5;12m= \x1b[0m\x1b[0m\x1b[1mnote\x1b[0m\x1b[0m: `#[warn(non_snake_case)]` on by default\x1b[0m\n'}
[1.292839] (controller_2023_a) StderrLine: {'line': b'\n'}
[1.292914] (controller_2023_a) StderrLine: {'line': b'\x1b[0m\x1b[1m\x1b[33mwarning\x1b[0m\x1b[0m\x1b[1m: module `BUTTONS_DUALSENSE` should have a snake case name\x1b[0m\n'}
[1.292989] (controller_2023_a) StderrLine: {'line': b'\x1b[0m  \x1b[0m\x1b[0m\x1b[1m\x1b[38;5;12m--> \x1b[0m\x1b[0msrc/ps5_dualsense.rs:12:9\x1b[0m\n'}
[1.293079] (controller_2023_a) StderrLine: {'line': b'\x1b[0m   \x1b[0m\x1b[0m\x1b[1m\x1b[38;5;12m|\x1b[0m\n'}
[1.293157] (controller_2023_a) StderrLine: {'line': b'\x1b[0m\x1b[1m\x1b[38;5;12m12\x1b[0m\x1b[0m \x1b[0m\x1b[0m\x1b[1m\x1b[38;5;12m|\x1b[0m\x1b[0m \x1b[0m\x1b[0mpub mod BUTTONS_DUALSENSE {\x1b[0m\n'}
[1.293235] (controller_2023_a) StderrLine: {'line': b'\x1b[0m   \x1b[0m\x1b[0m\x1b[1m\x1b[38;5;12m| \x1b[0m\x1b[0m        \x1b[0m\x1b[0m\x1b[1m\x1b[33m^^^^^^^^^^^^^^^^^\x1b[0m\x1b[0m \x1b[0m\x1b[0m\x1b[1m\x1b[33mhelp: convert the identifier to snake case: `buttons_dualsense`\x1b[0m\n'}
[1.293312] (controller_2023_a) StderrLine: {'line': b'\n'}
[1.301913] (-) TimerEvent: {}
[1.402243] (-) TimerEvent: {}
[1.502468] (-) TimerEvent: {}
[1.602682] (-) TimerEvent: {}
[1.612045] (omni_control) CommandEnded: {'returncode': 0}
[1.626307] (omni_control) JobEnded: {'identifier': 'omni_control', 'rc': 0}
[1.675157] (controller_2023_a) CommandEnded: {'returncode': 0}
[1.694378] (controller_2023_a) JobEnded: {'identifier': 'controller_2023_a', 'rc': 0}
[1.694782] (-) EventReactorShutdown: {}
